#
# There is insufficient memory for the Java Runtime Environment to continue.
# Native memory allocation (mmap) failed to map 47972352 bytes for committing reserved memory.
# Possible reasons:
#   The system is out of physical RAM or swap space
#   In 32 bit mode, the process size limit was hit
# Possible solutions:
#   Reduce memory load on the system
#   Increase physical memory or swap space
#   Check if swap backing store is full
#   Use 64 bit Java on a 64 bit OS
#   Decrease Java heap size (-Xmx/-Xms)
#   Decrease number of Java threads
#   Decrease Java thread stack sizes (-Xss)
#   Set larger code cache with -XX:ReservedCodeCacheSize=
# This output file may be truncated or incomplete.
#
#  Out of Memory Error (os_linux.cpp:2673), pid=3759, tid=1671428928
#
# JRE version: Java(TM) SE Runtime Environment (8.0_40-b25) (build 1.8.0_40-b25)
# Java VM: Java HotSpot(TM) Server VM (25.40-b25 mixed mode linux-x86 )
# Failed to write core dump. Core dumps have been disabled. To enable core dumping, try "ulimit -c unlimited" before starting Java again
#

---------------  T H R E A D  ---------------

Current thread (0x63a81400):  VMThread [stack: 0x6397f000,0x63a00000] [id=3772]

Stack: [0x6397f000,0x63a00000],  sp=0x639fe910,  free space=510k
Native frames: (J=compiled Java code, j=interpreted, Vv=VM code, C=native code)
V  [libjvm.so+0x8c1fdf]  VMError::report_and_die()+0x16f
V  [libjvm.so+0x3864a5]  report_vm_out_of_memory(char const*, int, unsigned int, VMErrorType, char const*)+0x55
V  [libjvm.so+0x7468b6]  os::Linux::commit_memory_impl(char*, unsigned int, bool)+0xe6
V  [libjvm.so+0x746cd8]  os::pd_commit_memory(char*, unsigned int, unsigned int, bool)+0x28
V  [libjvm.so+0x7403fc]  os::commit_memory(char*, unsigned int, unsigned int, bool)+0x2c
V  [libjvm.so+0x7aa6a8]  PSVirtualSpace::expand_by(unsigned int)+0x48
V  [libjvm.so+0x79d6b1]  PSOldGen::expand(unsigned int)+0x141
V  [libjvm.so+0x79d77f]  PSOldGen::resize(unsigned int)+0x8f
V  [libjvm.so+0x7a42dc]  PSParallelCompact::invoke_no_policy(bool)+0x8ac
V  [libjvm.so+0x7a8d0d]  PSScavenge::invoke()+0x16d
V  [libjvm.so+0x767e9a]  ParallelScavengeHeap::failed_mem_allocate(unsigned int)+0x5a
V  [libjvm.so+0x8c38aa]  VM_ParallelGCFailedAllocation::doit()+0x7a
V  [libjvm.so+0x8ccac7]  VM_Operation::evaluate()+0x47
V  [libjvm.so+0x8caba3]  VMThread::evaluate_operation(VM_Operation*)+0xb3
V  [libjvm.so+0x8caf40]  VMThread::loop()+0x1b0
V  [libjvm.so+0x8cb3a5]  VMThread::run()+0x85
V  [libjvm.so+0x749159]  java_start(Thread*)+0x119
C  [libpthread.so.0+0x6d4c]  start_thread+0xcc

VM_Operation (0x62159434): ParallelGCFailedAllocation, mode: safepoint, requested by thread 0x0967d800


---------------  P R O C E S S  ---------------

Java Threads: ( => current thread )
  0x5fa15000 JavaThread "Stdin handler" [_thread_blocked, id=4351, stack(0x620bc000,0x6210d000)]
  0x0967d800 JavaThread "Daemon worker Thread 4" [_thread_blocked, id=4348, stack(0x6210d000,0x6215e000)]
  0x09683400 JavaThread "Cancel handler" [_thread_blocked, id=4347, stack(0x6215e000,0x621af000)]
  0x0967a800 JavaThread "Handler for socket connection from /127.0.0.1:43412 to /127.0.0.1:58069" [_thread_in_native, id=4346, stack(0x621af000,0x62200000)]
  0x62360000 JavaThread "Daemon Thread 4" [_thread_blocked, id=4345, stack(0x6242b000,0x6247c000)]
  0x6120fc00 JavaThread "File lock request listener" [_thread_in_native, id=3810, stack(0x60430000,0x60481000)]
  0x6234ac00 JavaThread "Incoming local TCP Connector on port 43412" [_thread_in_native, id=3794, stack(0x6247c000,0x624cd000)]
  0x63aaa800 JavaThread "Service Thread" daemon [_thread_blocked, id=3785, stack(0x6692e000,0x6697f000)]
  0x63aa7800 JavaThread "C1 CompilerThread2" daemon [_thread_blocked, id=3784, stack(0x632fe000,0x6337f000)]
  0x63aa6000 JavaThread "C2 CompilerThread1" daemon [_thread_blocked, id=3783, stack(0x6337f000,0x63400000)]
  0x63aa4400 JavaThread "C2 CompilerThread0" daemon [_thread_blocked, id=3782, stack(0x6377f000,0x63800000)]
  0x63aa2c00 JavaThread "Signal Dispatcher" daemon [_thread_blocked, id=3781, stack(0x66b2e000,0x66b7f000)]
  0x63a86000 JavaThread "Finalizer" daemon [_thread_blocked, id=3777, stack(0x66d2d000,0x66d7e000)]
  0x63a84800 JavaThread "Reference Handler" daemon [_thread_blocked, id=3774, stack(0xa700f000,0xa7060000)]
  0xb6607800 JavaThread "main" [_thread_blocked, id=3761, stack(0xb672b000,0xb677c000)]

Other Threads:
=>0x63a81400 VMThread [stack: 0x6397f000,0x63a00000] [id=3772]
  0x63aac000 WatcherThread [stack: 0x6327d000,0x632fe000] [id=3786]

VM state:at safepoint (normal execution)

VM Mutex/Monitor currently owned by a thread:  ([mutex/lock_event])
[0xb6604a40] ExpandHeap_lock - owner thread: 0x63a81400
[0xb6604f88] Threads_lock - owner thread: 0x63a81400
[0xb6605398] Heap_lock - owner thread: 0x0967d800

Heap:
 PSYoungGen      total 303616K, used 0K [0x91ac0000, 0xa7000000, 0xa7000000)
  eden space 279808K, 0% used [0x91ac0000,0x91ac0000,0xa2c00000)
  from space 23808K, 0% used [0xa2c00000,0xa2c00000,0xa4340000)
  to   space 37120K, 0% used [0xa4bc0000,0xa4bc0000,0xa7000000)
 ParOldGen       total 98304K, used 90447K [0x67000000, 0x6d000000, 0x91ac0000)
  object space 98304K, 92% used [0x67000000,0x6c853f90,0x6d000000)
 Metaspace       used 58496K, capacity 60077K, committed 60672K, reserved 60720K

Card table byte_map: [0x66dff000,0x67000000] byte_map_base: 0x66ac7000

Marking Bits: (ParMarkBitMap*) 0xb71986e0
 Begin Bits: [0x64600000, 0x65600000)
 End Bits:   [0x65600000, 0x66600000)

Polling page: 0xb7796000

CodeCache: size=245760Kb used=26493Kb max_used=26493Kb free=219266Kb
 bounds [0xa758e000, 0xa8fee000, 0xb658e000]
 total_blobs=8719 nmethods=8264 adapters=366
 compilation: enabled

Compilation events (10 events):
Event: 1713.068 Thread 0x63aa7800 10415       3       org.gradle.api.internal.DefaultDomainObjectCollection::add (10 bytes)
Event: 1713.069 Thread 0x63aa7800 nmethod 10415 0xa835f748 code [0xa835f8a0, 0xa835fc90]
Event: 1713.191 Thread 0x63aa7800 10416       1       com.android.build.gradle.internal.variant.BaseVariantData::getVariantConfiguration (5 bytes)
Event: 1713.191 Thread 0x63aa7800 nmethod 10416 0xa7c57c88 code [0xa7c57d80, 0xa7c57e20]
Event: 1713.192 Thread 0x63aa7800 10417       3       org.gradle.api.internal.DelegatingDomainObjectSet::size (10 bytes)
Event: 1713.192 Thread 0x63aa7800 nmethod 10417 0xa87804c8 code [0xa87805e0, 0xa878074c]
Event: 1713.192 Thread 0x63aa7800 10418       3       org.gradle.api.internal.CompositeDomainObjectSet::size (15 bytes)
Event: 1713.193 Thread 0x63aa7800 nmethod 10418 0xa7681b08 code [0xa7681ce0, 0xa7682404]
Event: 1713.193 Thread 0x63aa7800 10419       3       org.gradle.api.internal.artifacts.ResolverResults::getResolvedConfiguration (9 bytes)
Event: 1713.193 Thread 0x63aa7800 nmethod 10419 0xa8c9d688 code [0xa8c9d7c0, 0xa8c9d9ac]

GC Heap History (10 events):
Event: 910.338 GC heap after
Heap after GC invocations=27 (full 5):
 PSYoungGen      total 317440K, used 3658K [0x91ac0000, 0xa6cc0000, 0xa7000000)
  eden space 294400K, 0% used [0x91ac0000,0x91ac0000,0xa3a40000)
  from space 23040K, 15% used [0xa5000000,0xa5392bb0,0xa6680000)
  to   space 22272K, 0% used [0xa3a40000,0xa3a40000,0xa5000000)
 ParOldGen       total 96768K, used 67399K [0x67000000, 0x6ce80000, 0x91ac0000)
  object space 96768K, 69% used [0x67000000,0x6b1d1fa8,0x6ce80000)
 Metaspace       used 41922K, capacity 43209K, committed 43264K, reserved 43312K
}
Event: 915.097 GC heap before
{Heap before GC invocations=28 (full 5):
 PSYoungGen      total 317440K, used 235896K [0x91ac0000, 0xa6cc0000, 0xa7000000)
  eden space 294400K, 78% used [0x91ac0000,0x9fd8b7a0,0xa3a40000)
  from space 23040K, 15% used [0xa5000000,0xa5392bb0,0xa6680000)
  to   space 22272K, 0% used [0xa3a40000,0xa3a40000,0xa5000000)
 ParOldGen       total 96768K, used 67399K [0x67000000, 0x6ce80000, 0x91ac0000)
  object space 96768K, 69% used [0x67000000,0x6b1d1fa8,0x6ce80000)
 Metaspace       used 47954K, capacity 49445K, committed 49536K, reserved 50480K
Event: 915.156 GC heap after
Heap after GC invocations=28 (full 5):
 PSYoungGen      total 316672K, used 22269K [0x91ac0000, 0xa7000000, 0xa7000000)
  eden space 294400K, 0% used [0x91ac0000,0x91ac0000,0xa3a40000)
  from space 22272K, 99% used [0xa3a40000,0xa4fff5e0,0xa5000000)
  to   space 28672K, 0% used [0xa5400000,0xa5400000,0xa7000000)
 ParOldGen       total 96768K, used 74269K [0x67000000, 0x6ce80000, 0x91ac0000)
  object space 96768K, 76% used [0x67000000,0x6b887650,0x6ce80000)
 Metaspace       used 47954K, capacity 49445K, committed 49536K, reserved 50480K
}
Event: 915.156 GC heap before
{Heap before GC invocations=29 (full 6):
 PSYoungGen      total 316672K, used 22269K [0x91ac0000, 0xa7000000, 0xa7000000)
  eden space 294400K, 0% used [0x91ac0000,0x91ac0000,0xa3a40000)
  from space 22272K, 99% used [0xa3a40000,0xa4fff5e0,0xa5000000)
  to   space 28672K, 0% used [0xa5400000,0xa5400000,0xa7000000)
 ParOldGen       total 96768K, used 74269K [0x67000000, 0x6ce80000, 0x91ac0000)
  object space 96768K, 76% used [0x67000000,0x6b887650,0x6ce80000)
 Metaspace       used 47954K, capacity 49445K, committed 49536K, reserved 50480K
Event: 915.768 GC heap after
Heap after GC invocations=29 (full 6):
 PSYoungGen      total 316672K, used 0K [0x91ac0000, 0xa7000000, 0xa7000000)
  eden space 294400K, 0% used [0x91ac0000,0x91ac0000,0xa3a40000)
  from space 22272K, 0% used [0xa3a40000,0xa3a40000,0xa5000000)
  to   space 28672K, 0% used [0xa5400000,0xa5400000,0xa7000000)
 ParOldGen       total 96768K, used 79026K [0x67000000, 0x6ce80000, 0x91ac0000)
  object space 96768K, 81% used [0x67000000,0x6bd2ca60,0x6ce80000)
 Metaspace       used 47869K, capacity 49245K, committed 49536K, reserved 50480K
}
Event: 929.935 GC heap before
{Heap before GC invocations=30 (full 6):
 PSYoungGen      total 316672K, used 294400K [0x91ac0000, 0xa7000000, 0xa7000000)
  eden space 294400K, 100% used [0x91ac0000,0xa3a40000,0xa3a40000)
  from space 22272K, 0% used [0xa3a40000,0xa3a40000,0xa5000000)
  to   space 28672K, 0% used [0xa5400000,0xa5400000,0xa7000000)
 ParOldGen       total 96768K, used 79026K [0x67000000, 0x6ce80000, 0x91ac0000)
  object space 96768K, 81% used [0x67000000,0x6bd2ca60,0x6ce80000)
 Metaspace       used 53596K, capacity 55150K, committed 55168K, reserved 55600K
Event: 930.042 GC heap after
Heap after GC invocations=30 (full 6):
 PSYoungGen      total 308480K, used 28663K [0x91ac0000, 0xa7000000, 0xa7000000)
  eden space 279808K, 0% used [0x91ac0000,0x91ac0000,0xa2c00000)
  from space 28672K, 99% used [0xa5400000,0xa6ffdc90,0xa7000000)
  to   space 34816K, 0% used [0xa2c00000,0xa2c00000,0xa4e00000)
 ParOldGen       total 96768K, used 81701K [0x67000000, 0x6ce80000, 0x91ac0000)
  object space 96768K, 84% used [0x67000000,0x6bfc9750,0x6ce80000)
 Metaspace       used 53596K, capacity 55150K, committed 55168K, reserved 55600K
}
Event: 1713.196 GC heap before
{Heap before GC invocations=31 (full 6):
 PSYoungGen      total 308480K, used 308471K [0x91ac0000, 0xa7000000, 0xa7000000)
  eden space 279808K, 100% used [0x91ac0000,0xa2c00000,0xa2c00000)
  from space 28672K, 99% used [0xa5400000,0xa6ffdc90,0xa7000000)
  to   space 34816K, 0% used [0xa2c00000,0xa2c00000,0xa4e00000)
 ParOldGen       total 96768K, used 81701K [0x67000000, 0x6ce80000, 0x91ac0000)
  object space 96768K, 84% used [0x67000000,0x6bfc9750,0x6ce80000)
 Metaspace       used 58822K, capacity 60599K, committed 60672K, reserved 60720K
Event: 1713.249 GC heap after
Heap after GC invocations=31 (full 6):
 PSYoungGen      total 303616K, used 23765K [0x91ac0000, 0xa7000000, 0xa7000000)
  eden space 279808K, 0% used [0x91ac0000,0x91ac0000,0xa2c00000)
  from space 23808K, 99% used [0xa2c00000,0xa4335580,0xa4340000)
  to   space 37120K, 0% used [0xa4bc0000,0xa4bc0000,0xa7000000)
 ParOldGen       total 98304K, used 97937K [0x67000000, 0x6d000000, 0x91ac0000)
  object space 98304K, 99% used [0x67000000,0x6cfa46b8,0x6d000000)
 Metaspace       used 58822K, capacity 60599K, committed 60672K, reserved 60720K
}
Event: 1713.249 GC heap before
{Heap before GC invocations=32 (full 7):
 PSYoungGen      total 303616K, used 23765K [0x91ac0000, 0xa7000000, 0xa7000000)
  eden space 279808K, 0% used [0x91ac0000,0x91ac0000,0xa2c00000)
  from space 23808K, 99% used [0xa2c00000,0xa4335580,0xa4340000)
  to   space 37120K, 0% used [0xa4bc0000,0xa4bc0000,0xa7000000)
 ParOldGen       total 98304K, used 97937K [0x67000000, 0x6d000000, 0x91ac0000)
  object space 98304K, 99% used [0x67000000,0x6cfa46b8,0x6d000000)
 Metaspace       used 58822K, capacity 60599K, committed 60672K, reserved 60720K

Deoptimization events (10 events):
Event: 934.577 Thread 0x09683400 Uncommon trap: reason=bimorphic action=maybe_recompile pc=0xa8bbd900 method=java.lang.AbstractStringBuilder.append(Ljava/lang/CharSequence;II)Ljava/lang/AbstractStringBuilder; @ 116
Event: 1706.139 Thread 0x0967d800 Uncommon trap: reason=null_check action=make_not_entrant pc=0xa8eba720 method=org.codehaus.groovy.runtime.typehandling.DefaultTypeTransformation.castToType(Ljava/lang/Object;Ljava/lang/Class;)Ljava/lang/Object; @ 28
Event: 1706.181 Thread 0x0967d800 Uncommon trap: reason=null_check action=make_not_entrant pc=0xa8d64198 method=org.gradle.api.internal.AbstractClassGenerator.generateUnderLock(Ljava/lang/Class;)Ljava/lang/Class; @ 789
Event: 1707.027 Thread 0x0967d800 Uncommon trap: reason=array_check action=maybe_recompile pc=0xa8ddc058 method=java.util.TimSort.binarySort([Ljava/lang/Object;IIILjava/util/Comparator;)V @ 193
Event: 1707.135 Thread 0x0967d800 Uncommon trap: reason=array_check action=maybe_recompile pc=0xa8ddc058 method=java.util.TimSort.binarySort([Ljava/lang/Object;IIILjava/util/Comparator;)V @ 193
Event: 1708.804 Thread 0x0967d800 Uncommon trap: reason=array_check action=maybe_recompile pc=0xa7776e64 method=java.util.TimSort.binarySort([Ljava/lang/Object;IIILjava/util/Comparator;)V @ 215
Event: 1708.840 Thread 0x0967d800 Uncommon trap: reason=array_check action=maybe_recompile pc=0xa7776e64 method=java.util.TimSort.binarySort([Ljava/lang/Object;IIILjava/util/Comparator;)V @ 215
Event: 1709.502 Thread 0x0967d800 Uncommon trap: reason=null_check action=make_not_entrant pc=0xa81dfb18 method=java.beans.Introspector.isAssignable(Ljava/lang/Class;Ljava/lang/Class;)Z @ 23
Event: 1709.504 Thread 0x0967d800 Uncommon trap: reason=null_check action=make_not_entrant pc=0xa8f3580c method=java.beans.PropertyDescriptor.isAssignable(Ljava/lang/reflect/Method;Ljava/lang/reflect/Method;)Z @ 72
Event: 1710.448 Thread 0x0967d800 Uncommon trap: reason=null_check action=make_not_entrant pc=0xa8c8c838 method=java.beans.Introspector.isAssignable(Ljava/lang/Class;Ljava/lang/Class;)Z @ 23

Internal exceptions (10 events):
Event: 1712.806 Thread 0x0967d800 Exception <a 'java/lang/ClassNotFoundException': com/android/build/gradle/internal/variant/TestVariantDataBeanInfo> (0xa2580110) thrown at [/RE-WORK/workspace/8-2-build-linux-i586/jdk8u40/2855/hotspot/src/share/vm/classfile/systemDictionary.cpp, line 210]
Event: 1712.807 Thread 0x0967d800 Exception <a 'java/lang/ClassNotFoundException': com/android/build/gradle/internal/variant/TestVariantDataCustomizer> (0xa258e388) thrown at [/RE-WORK/workspace/8-2-build-linux-i586/jdk8u40/2855/hotspot/src/share/vm/classfile/systemDictionary.cpp, line 21
Event: 1712.833 Thread 0x0967d800 Exception <a 'java/lang/ClassNotFoundException': com/android/build/gradle/tasks/PreCompilationVerificationTask_DecoratedBeanInfo> (0xa2648218) thrown at [/RE-WORK/workspace/8-2-build-linux-i586/jdk8u40/2855/hotspot/src/share/vm/classfile/systemDictionary.
Event: 1712.833 Thread 0x0967d800 Exception <a 'java/lang/ClassNotFoundException': com/android/build/gradle/tasks/PreCompilationVerificationTaskBeanInfo> (0xa26573c8) thrown at [/RE-WORK/workspace/8-2-build-linux-i586/jdk8u40/2855/hotspot/src/share/vm/classfile/systemDictionary.cpp, line 
Event: 1712.834 Thread 0x0967d800 Exception <a 'java/lang/ClassNotFoundException': com/android/build/gradle/tasks/PreCompilationVerificationTaskCustomizer> (0xa2666af0) thrown at [/RE-WORK/workspace/8-2-build-linux-i586/jdk8u40/2855/hotspot/src/share/vm/classfile/systemDictionary.cpp, lin
Event: 1712.836 Thread 0x0967d800 Exception <a 'java/lang/ClassNotFoundException': com/android/build/gradle/tasks/PreCompilationVerificationTask_DecoratedCustomizer> (0xa26b2a40) thrown at [/RE-WORK/workspace/8-2-build-linux-i586/jdk8u40/2855/hotspot/src/share/vm/classfile/systemDictionar
Event: 1713.184 Thread 0x0967d800 Exception <a 'java/lang/ClassNotFoundException': com/android/build/gradle/tasks/Lint_DecoratedBeanInfo> (0xa2aef750) thrown at [/RE-WORK/workspace/8-2-build-linux-i586/jdk8u40/2855/hotspot/src/share/vm/classfile/systemDictionary.cpp, line 210]
Event: 1713.185 Thread 0x0967d800 Exception <a 'java/lang/ClassNotFoundException': com/android/build/gradle/tasks/LintBeanInfo> (0xa2afb7b0) thrown at [/RE-WORK/workspace/8-2-build-linux-i586/jdk8u40/2855/hotspot/src/share/vm/classfile/systemDictionary.cpp, line 210]
Event: 1713.185 Thread 0x0967d800 Exception <a 'java/lang/ClassNotFoundException': com/android/build/gradle/tasks/LintCustomizer> (0xa2b07d40) thrown at [/RE-WORK/workspace/8-2-build-linux-i586/jdk8u40/2855/hotspot/src/share/vm/classfile/systemDictionary.cpp, line 210]
Event: 1713.186 Thread 0x0967d800 Exception <a 'java/lang/ClassNotFoundException': com/android/build/gradle/tasks/Lint_DecoratedCustomizer> (0xa2b4c988) thrown at [/RE-WORK/workspace/8-2-build-linux-i586/jdk8u40/2855/hotspot/src/share/vm/classfile/systemDictionary.cpp, line 210]

Events (10 events):
Event: 1713.185 loading class com/android/build/gradle/tasks/LintCustomizer done
Event: 1713.185 loading class com/android/build/gradle/tasks/LintCustomizer
Event: 1713.185 loading class com/android/build/gradle/tasks/LintCustomizer done
Event: 1713.186 loading class com/android/build/gradle/tasks/Lint_DecoratedCustomizer
Event: 1713.186 loading class com/android/build/gradle/tasks/Lint_DecoratedCustomizer done
Event: 1713.186 loading class com/android/build/gradle/tasks/Lint_DecoratedCustomizer
Event: 1713.186 loading class com/android/build/gradle/tasks/Lint_DecoratedCustomizer done
Event: 1713.189 loading class groovy/runtime/metaclass/com/android/build/gradle/internal/TaskManager$_createLintVitalTask_closure100MetaClass
Event: 1713.189 loading class groovy/runtime/metaclass/com/android/build/gradle/internal/TaskManager$_createLintVitalTask_closure100MetaClass done
Event: 1713.195 Executing VM operation: ParallelGCFailedAllocation


Dynamic libraries:
08048000-08049000 r-xp 00000000 08:08 3559203    /usr/lib/jvm/java-8-oracle/bin/java
08049000-0804a000 rw-p 00000000 08:08 3559203    /usr/lib/jvm/java-8-oracle/bin/java
09675000-096a7000 rw-p 00000000 00:00 0          [heap]
58a00000-58ad1000 rw-p 00000000 00:00 0 
58ad1000-58b00000 ---p 00000000 00:00 0 
58c00000-58cff000 rw-p 00000000 00:00 0 
58cff000-58d00000 ---p 00000000 00:00 0 
58f00000-58ffd000 rw-p 00000000 00:00 0 
58ffd000-59000000 ---p 00000000 00:00 0 
59200000-592fa000 rw-p 00000000 00:00 0 
592fa000-59300000 ---p 00000000 00:00 0 
59400000-59500000 rw-p 00000000 00:00 0 
59500000-595fb000 rw-p 00000000 00:00 0 
595fb000-59600000 ---p 00000000 00:00 0 
59600000-59700000 rw-p 00000000 00:00 0 
59700000-59800000 rw-p 00000000 00:00 0 
59800000-598fd000 rw-p 00000000 00:00 0 
598fd000-59900000 ---p 00000000 00:00 0 
59998000-59a98000 rw-p 00000000 00:00 0 
59a98000-59b98000 rw-p 00000000 00:00 0 
59b98000-59c98000 rw-p 00000000 00:00 0 
59c98000-59c9b000 ---p 00000000 00:00 0 
59c9b000-59ce9000 rw-p 00000000 00:00 0 
59ce9000-59cec000 ---p 00000000 00:00 0 
59cec000-59d3a000 rw-p 00000000 00:00 0 
59d3a000-59d3d000 ---p 00000000 00:00 0 
59d3d000-59d8b000 rw-p 00000000 00:00 0 
59d8b000-59d8e000 ---p 00000000 00:00 0 
59d8e000-59ddc000 rw-p 00000000 00:00 0 
59ddc000-59ddf000 ---p 00000000 00:00 0 
59ddf000-59df5000 rw-p 00000000 00:00 0 
59df5000-59df8000 ---p 00000000 00:00 0 
59df8000-59e46000 rw-p 00000000 00:00 0 
59e46000-59e49000 ---p 00000000 00:00 0 
59e49000-59e97000 rw-p 00000000 00:00 0 
59e97000-59e9a000 ---p 00000000 00:00 0 
59e9a000-59ee8000 rw-p 00000000 00:00 0 
59ee8000-59eeb000 ---p 00000000 00:00 0 
59eeb000-59f39000 rw-p 00000000 00:00 0 
59f39000-59f3c000 ---p 00000000 00:00 0 
59f3c000-59f8a000 rw-p 00000000 00:00 0 
59f8a000-59f8d000 ---p 00000000 00:00 0 
59f8d000-59fa3000 rw-p 00000000 00:00 0 
59fa3000-59fa6000 ---p 00000000 00:00 0 
59fa6000-59ff4000 rw-p 00000000 00:00 0 
59ff4000-59ff7000 ---p 00000000 00:00 0 
59ff7000-5a045000 rw-p 00000000 00:00 0 
5a045000-5a048000 ---p 00000000 00:00 0 
5a048000-5a096000 rw-p 00000000 00:00 0 
5a096000-5a099000 ---p 00000000 00:00 0 
5a099000-5a0e7000 rw-p 00000000 00:00 0 
5a0e7000-5a0ea000 ---p 00000000 00:00 0 
5a0ea000-5a138000 rw-p 00000000 00:00 0 
5a138000-5a13b000 ---p 00000000 00:00 0 
5a13b000-5a189000 rw-p 00000000 00:00 0 
5a189000-5a18c000 ---p 00000000 00:00 0 
5a18c000-5a1a2000 rw-p 00000000 00:00 0 
5a1a2000-5a1a5000 ---p 00000000 00:00 0 
5a1a5000-5a1f3000 rw-p 00000000 00:00 0 
5a1f3000-5a1f6000 ---p 00000000 00:00 0 
5a1f6000-5a244000 rw-p 00000000 00:00 0 
5a244000-5a247000 ---p 00000000 00:00 0 
5a247000-5a295000 rw-p 00000000 00:00 0 
5a295000-5a298000 ---p 00000000 00:00 0 
5a298000-5a2ae000 rw-p 00000000 00:00 0 
5a2ae000-5a2b1000 ---p 00000000 00:00 0 
5a2b1000-5a2ff000 rw-p 00000000 00:00 0 
5a2ff000-5a302000 ---p 00000000 00:00 0 
5a302000-5a318000 rw-p 00000000 00:00 0 
5a318000-5a31b000 ---p 00000000 00:00 0 
5a31b000-5a369000 rw-p 00000000 00:00 0 
5a369000-5a36c000 ---p 00000000 00:00 0 
5a36c000-5a3ba000 rw-p 00000000 00:00 0 
5a3ba000-5a3bd000 ---p 00000000 00:00 0 
5a3bd000-5a3d3000 rw-p 00000000 00:00 0 
5a3d3000-5a3d6000 ---p 00000000 00:00 0 
5a3d6000-5a3ec000 rw-p 00000000 00:00 0 
5a3ec000-5a3ef000 ---p 00000000 00:00 0 
5a3ef000-5a43d000 rw-p 00000000 00:00 0 
5a43d000-5a440000 ---p 00000000 00:00 0 
5a440000-5a48e000 rw-p 00000000 00:00 0 
5a48e000-5a491000 ---p 00000000 00:00 0 
5a491000-5a4df000 rw-p 00000000 00:00 0 
5a4df000-5a4e2000 ---p 00000000 00:00 0 
5a4e2000-5a530000 rw-p 00000000 00:00 0 
5a530000-5a533000 ---p 00000000 00:00 0 
5a533000-5a581000 rw-p 00000000 00:00 0 
5a581000-5a584000 ---p 00000000 00:00 0 
5a584000-5a5d2000 rw-p 00000000 00:00 0 
5a5d2000-5a5d5000 ---p 00000000 00:00 0 
5a5d5000-5a623000 rw-p 00000000 00:00 0 
5a623000-5a626000 ---p 00000000 00:00 0 
5a626000-5a674000 rw-p 00000000 00:00 0 
5a674000-5a677000 ---p 00000000 00:00 0 
5a677000-5a6c5000 rw-p 00000000 00:00 0 
5a6c5000-5a6c8000 ---p 00000000 00:00 0 
5a6c8000-5a716000 rw-p 00000000 00:00 0 
5a716000-5a719000 ---p 00000000 00:00 0 
5a719000-5a767000 rw-p 00000000 00:00 0 
5a767000-5a76a000 ---p 00000000 00:00 0 
5a76a000-5a7b8000 rw-p 00000000 00:00 0 
5a7b8000-5a7bb000 ---p 00000000 00:00 0 
5a7bb000-5a809000 rw-p 00000000 00:00 0 
5a809000-5a80c000 ---p 00000000 00:00 0 
5a80c000-5a85a000 rw-p 00000000 00:00 0 
5a85a000-5a85d000 ---p 00000000 00:00 0 
5a85d000-5a873000 rw-p 00000000 00:00 0 
5a873000-5a876000 ---p 00000000 00:00 0 
5a876000-5a88c000 rw-p 00000000 00:00 0 
5a88c000-5a88f000 ---p 00000000 00:00 0 
5a88f000-5a8a5000 rw-p 00000000 00:00 0 
5a8a5000-5a8a8000 ---p 00000000 00:00 0 
5a8a8000-5a8be000 rw-p 00000000 00:00 0 
5a8be000-5a8c1000 ---p 00000000 00:00 0 
5a8c1000-5a90f000 rw-p 00000000 00:00 0 
5a90f000-5a912000 ---p 00000000 00:00 0 
5a912000-5a960000 rw-p 00000000 00:00 0 
5a960000-5a963000 ---p 00000000 00:00 0 
5a963000-5a979000 rw-p 00000000 00:00 0 
5a979000-5a97c000 ---p 00000000 00:00 0 
5a97c000-5a9ca000 rw-p 00000000 00:00 0 
5a9ca000-5a9cd000 ---p 00000000 00:00 0 
5a9cd000-5aa1b000 rw-p 00000000 00:00 0 
5aa1b000-5aa1e000 ---p 00000000 00:00 0 
5aa1e000-5aa34000 rw-p 00000000 00:00 0 
5aa34000-5aa37000 ---p 00000000 00:00 0 
5aa37000-5aa85000 rw-p 00000000 00:00 0 
5aa85000-5aa88000 ---p 00000000 00:00 0 
5aa88000-5aad6000 rw-p 00000000 00:00 0 
5aad6000-5aad9000 ---p 00000000 00:00 0 
5aad9000-5ab27000 rw-p 00000000 00:00 0 
5ab27000-5ab2a000 ---p 00000000 00:00 0 
5ab2a000-5ab78000 rw-p 00000000 00:00 0 
5ab78000-5ab7b000 ---p 00000000 00:00 0 
5ab7b000-5abc9000 rw-p 00000000 00:00 0 
5abc9000-5abcc000 ---p 00000000 00:00 0 
5abcc000-5ac1a000 rw-p 00000000 00:00 0 
5ac1a000-5ac1d000 ---p 00000000 00:00 0 
5ac1d000-5ac6b000 rw-p 00000000 00:00 0 
5ac6b000-5ac6e000 ---p 00000000 00:00 0 
5ac6e000-5acbc000 rw-p 00000000 00:00 0 
5acbc000-5acbf000 ---p 00000000 00:00 0 
5acbf000-5ad0d000 rw-p 00000000 00:00 0 
5ad0d000-5ad10000 ---p 00000000 00:00 0 
5ad10000-5ad5e000 rw-p 00000000 00:00 0 
5ad5e000-5ad61000 ---p 00000000 00:00 0 
5ad61000-5adaf000 rw-p 00000000 00:00 0 
5adaf000-5adb2000 ---p 00000000 00:00 0 
5adb2000-5ae00000 rw-p 00000000 00:00 0 
5ae00000-5ae31000 rw-p 00000000 00:00 0 
5ae31000-5af00000 ---p 00000000 00:00 0 
5af0d000-5af10000 ---p 00000000 00:00 0 
5af10000-5af5e000 rw-p 00000000 00:00 0 
5af5e000-5af61000 ---p 00000000 00:00 0 
5af61000-5afaf000 rw-p 00000000 00:00 0 
5afaf000-5afb2000 ---p 00000000 00:00 0 
5afb2000-5b000000 rw-p 00000000 00:00 0 
5b000000-5b100000 rw-p 00000000 00:00 0 
5b10d000-5b110000 ---p 00000000 00:00 0 
5b110000-5b15e000 rw-p 00000000 00:00 0 
5b15e000-5b161000 ---p 00000000 00:00 0 
5b161000-5b1af000 rw-p 00000000 00:00 0 
5b1af000-5b1b2000 ---p 00000000 00:00 0 
5b1b2000-5b200000 rw-p 00000000 00:00 0 
5b200000-5b2fa000 rw-p 00000000 00:00 0 
5b2fa000-5b300000 ---p 00000000 00:00 0 
5b300000-5b400000 rw-p 00000000 00:00 0 
5b400000-5b4fd000 rw-p 00000000 00:00 0 
5b4fd000-5b500000 ---p 00000000 00:00 0 
5b504000-5b507000 ---p 00000000 00:00 0 
5b507000-5b51d000 rw-p 00000000 00:00 0 
5b51d000-5b520000 ---p 00000000 00:00 0 
5b520000-5b536000 rw-p 00000000 00:00 0 
5b536000-5b539000 ---p 00000000 00:00 0 
5b539000-5b687000 rw-p 00000000 00:00 0 
5b687000-5b787000 rw-p 00000000 00:00 0 
5b787000-5b887000 rw-p 00000000 00:00 0 
5b887000-5b987000 rw-p 00000000 00:00 0 
5b987000-5ba87000 rw-p 00000000 00:00 0 
5ba87000-5bb87000 rw-p 00000000 00:00 0 
5bb87000-5bc87000 rw-p 00000000 00:00 0 
5bc87000-5bd87000 rw-p 00000000 00:00 0 
5bd87000-5be87000 rw-p 00000000 00:00 0 
5be87000-5bf87000 rw-p 00000000 00:00 0 
5bf87000-5c087000 rw-p 00000000 00:00 0 
5c087000-5c187000 rw-p 00000000 00:00 0 
5c187000-5c287000 rw-p 00000000 00:00 0 
5c287000-5c387000 rw-p 00000000 00:00 0 
5c387000-5c38a000 ---p 00000000 00:00 0 
5c38a000-5c4d8000 rw-p 00000000 00:00 0 
5c4d8000-5c5d8000 rw-p 00000000 00:00 0 
5c5db000-5c5de000 ---p 00000000 00:00 0 
5c5de000-5c5f4000 rw-p 00000000 00:00 0 
5c5f4000-5c5f7000 ---p 00000000 00:00 0 
5c5f7000-5c60d000 rw-p 00000000 00:00 0 
5c60d000-5c610000 ---p 00000000 00:00 0 
5c610000-5c65e000 rw-p 00000000 00:00 0 
5c65e000-5c661000 ---p 00000000 00:00 0 
5c661000-5c6af000 rw-p 00000000 00:00 0 
5c6af000-5c6b2000 ---p 00000000 00:00 0 
5c6b2000-5c800000 rw-p 00000000 00:00 0 
5c800000-5c900000 rw-p 00000000 00:00 0 
5c900000-5ca00000 rw-p 00000000 00:00 0 
5ca00000-5cb00000 rw-p 00000000 00:00 0 
5cb00000-5cc00000 rw-p 00000000 00:00 0 
5cc00000-5cd00000 rw-p 00000000 00:00 0 
5cd00000-5cdfb000 rw-p 00000000 00:00 0 
5cdfb000-5ce00000 ---p 00000000 00:00 0 
5ce00000-5cf00000 rw-p 00000000 00:00 0 
5cf00000-5d000000 rw-p 00000000 00:00 0 
5d000000-5d0fb000 rw-p 00000000 00:00 0 
5d0fb000-5d100000 ---p 00000000 00:00 0 
5d100000-5d200000 rw-p 00000000 00:00 0 
5d200000-5d300000 rw-p 00000000 00:00 0 
5d300000-5d500000 rw-p 00000000 00:00 0 
5d500000-5d600000 rw-p 00000000 00:00 0 
5d600000-5d700000 rw-p 00000000 00:00 0 
5d700000-5d7dc000 rw-p 00000000 00:00 0 
5d7dc000-5d800000 ---p 00000000 00:00 0 
5d800000-5d900000 rw-p 00000000 00:00 0 
5d900000-5d9f1000 rw-p 00000000 00:00 0 
5d9f1000-5da00000 ---p 00000000 00:00 0 
5da00000-5db00000 rw-p 00000000 00:00 0 
5db00000-5dcfc000 rw-p 00000000 00:00 0 
5dcfc000-5dd00000 ---p 00000000 00:00 0 
5dd00000-5de00000 rw-p 00000000 00:00 0 
5de08000-5de0b000 ---p 00000000 00:00 0 
5de0b000-5de21000 rw-p 00000000 00:00 0 
5de21000-5de24000 ---p 00000000 00:00 0 
5de24000-5de3a000 rw-p 00000000 00:00 0 
5de3a000-5de3d000 ---p 00000000 00:00 0 
5de3d000-5de8b000 rw-p 00000000 00:00 0 
5de8b000-5de8e000 ---p 00000000 00:00 0 
5de8e000-5dfdc000 rw-p 00000000 00:00 0 
5dfdc000-5e0dc000 rw-p 00000000 00:00 0 
5e0dc000-5e1dc000 rw-p 00000000 00:00 0 
5e1dc000-5e200000 r--s 001aa000 08:07 3272800    /home/terry/.gradle/caches/modules-2/files-2.1/com.google.guava/guava/13.0.1/d6f22b1e60a2f1ef99e22c9f5fde270b2088365/guava-13.0.1.jar
5e200000-5e300000 rw-p 00000000 00:00 0 
5e300000-5e400000 rw-p 00000000 00:00 0 
5e400000-5e500000 rw-p 00000000 00:00 0 
5e500000-5e5ef000 rw-p 00000000 00:00 0 
5e5ef000-5e600000 ---p 00000000 00:00 0 
5e600000-5e6f2000 rw-p 00000000 00:00 0 
5e6f2000-5e700000 ---p 00000000 00:00 0 
5e700000-5e900000 rw-p 00000000 00:00 0 
5e900000-5ea00000 rw-p 00000000 00:00 0 
5ea00000-5eaff000 rw-p 00000000 00:00 0 
5eaff000-5eb00000 ---p 00000000 00:00 0 
5eb00000-5ec00000 rw-p 00000000 00:00 0 
5ec00000-5ed00000 rw-p 00000000 00:00 0 
5ed00000-5edfa000 rw-p 00000000 00:00 0 
5edfa000-5ee00000 ---p 00000000 00:00 0 
5ee00000-5ef00000 rw-p 00000000 00:00 0 
5ef00000-5f000000 rw-p 00000000 00:00 0 
5f00a000-5f01d000 r--s 00344000 08:08 3674061    /usr/lib/jvm/java-8-oracle/jre/lib/resources.jar
5f01d000-5f021000 r--s 00020000 08:07 3272799    /home/terry/.gradle/caches/modules-2/files-2.1/org.apache.commons/commons-compress/1.0/995ae384a0b1e2c66269e6bc5198db8561fb45a2/commons-compress-1.0.jar
5f021000-5f022000 r--s 00003000 08:07 3272798    /home/terry/.gradle/caches/modules-2/files-2.1/com.android.tools/dvlib/22.0.3/edd5bf38d1b492b8c27c5fe033cd5b7eb63046e/dvlib-22.0.3.jar
5f022000-5f024000 r--s 0000f000 08:07 3272797    /home/terry/.gradle/caches/modules-2/files-2.1/com.android.tools.layoutlib/layoutlib-api/22.0.3/e0ca9633c78f8fb3d1ef247e15c8803a0ad8a0de/layoutlib-api-22.0.3.jar
5f024000-5f026000 r--s 0000d000 08:07 3272796    /home/terry/.gradle/caches/modules-2/files-2.1/com.android.tools/common/22.0.3/18b018bb6e45e0177badcc334caf07ed2752fbd/common-22.0.3.jar
5f026000-5f02e000 r--s 00085000 08:07 3272791    /home/terry/.gradle/caches/modules-2/files-2.1/com.android.tools/sdklib/22.0.3/bfe811479839751fc7bcccdd5024014d9740f663/sdklib-22.0.3.jar
5f02e000-5f03d000 r--s 000bd000 08:07 3272790    /home/terry/.gradle/caches/modules-2/files-2.1/net.sf.proguard/proguard-base/4.9/d775b989e9a0a86ec3d3c0a5121c0530a2d0401f/proguard-base-4.9.jar
5f03d000-5f050000 r-xp 00000000 08:08 1576739    /lib/i386-linux-gnu/libresolv-2.15.so
5f050000-5f051000 ---p 00013000 08:08 1576739    /lib/i386-linux-gnu/libresolv-2.15.so
5f051000-5f052000 r--p 00013000 08:08 1576739    /lib/i386-linux-gnu/libresolv-2.15.so
5f052000-5f053000 rw-p 00014000 08:08 1576739    /lib/i386-linux-gnu/libresolv-2.15.so
5f053000-5f155000 rw-p 00000000 00:00 0 
5f155000-5f255000 rw-p 00000000 00:00 0 
5f255000-5f259000 r--s 00036000 08:07 3272795    /home/terry/.gradle/caches/modules-2/files-2.1/com.android.tools/sdk-common/22.0.3/ab739f35e482011337eac21fbf0fcd1ada4b7c8f/sdk-common-22.0.3.jar
5f259000-5f25b000 r--s 00008000 08:07 3272794    /home/terry/.gradle/caches/modules-2/files-2.1/com.android.tools.build/manifest-merger/22.0.3/6e404de10f1448fb2205e50220ef215b0cd1243a/manifest-merger-22.0.3.jar
5f25b000-5f25f000 r--s 0003b000 08:07 3272793    /home/terry/.gradle/caches/modules-2/files-2.1/com.android.tools.ddms/ddmlib/22.0.3/1e3625c445f4ac6a67edd9093acd3addafee04af/ddmlib-22.0.3.jar
5f25f000-5f260000 r--s 00000000 08:07 3272789    /home/terry/.gradle/caches/modules-2/files-2.1/com.android.tools.build/builder-model/0.4.3/4a1ceccc598a8cff3e0f7f7a446cbd85032f1ac5/builder-model-0.4.3.jar
5f260000-5f263000 r--s 0001b000 08:07 3272788    /home/terry/.gradle/caches/modules-2/files-2.1/com.android.tools.build/builder/0.4.3/f3b1eb5d8553b4bc9cbd6b568352c6e93f0e0a28/builder-0.4.3.jar
5f263000-5f264000 r--s 00002000 08:07 3272787    /home/terry/.gradle/caches/modules-2/files-2.1/net.sf.proguard/proguard-gradle/4.9/5fe96520bb655c2b14455611c5325185cd68480/proguard-gradle-4.9.jar
5f264000-5f265000 r--s 00000000 08:07 3272786    /home/terry/.gradle/caches/modules-2/files-2.1/com.android.tools.build/gradle-model/0.4.3/cfc534f8c3679ec4e06dd73503cf939955be6c01/gradle-model-0.4.3.jar
5f265000-5f26d000 r--s 0009d000 08:07 3272785    /home/terry/.gradle/caches/modules-2/files-2.1/com.android.tools.build/gradle/0.4.3/e9a784af4f4bd5d73ba8dde524a09018abca86d5/gradle-0.4.3.jar
5f26d000-5f2a0000 r-xp 00000000 08:08 3675416    /usr/lib/jvm/java-8-oracle/jre/lib/i386/libsunec.so
5f2a0000-5f2a4000 rw-p 00032000 08:08 3675416    /usr/lib/jvm/java-8-oracle/jre/lib/i386/libsunec.so
5f2a4000-5f2a8000 rw-p 00000000 00:00 0 
5f2a8000-5f2a9000 r--s 00009000 08:08 3674172    /usr/lib/jvm/java-8-oracle/jre/lib/ext/sunec.jar
5f2a9000-5f2ac000 r--s 0003a000 08:08 3674171    /usr/lib/jvm/java-8-oracle/jre/lib/ext/sunpkcs11.jar
5f2ac000-5f2af000 r--s 0001a000 08:08 3674108    /usr/lib/jvm/java-8-oracle/jre/lib/jce.jar
5f2af000-5f2b1000 r--s 0000d000 08:07 1705868    /home/terry/android-studio/gradle/m2repository/commons-codec/commons-codec/1.4/commons-codec-1.4.jar
5f2b1000-5f2b3000 r--s 0000d000 08:07 1705498    /home/terry/android-studio/gradle/m2repository/commons-logging/commons-logging/1.1.1/commons-logging-1.1.1.jar
5f2b3000-5f2b8000 r--s 00028000 08:07 1705533    /home/terry/android-studio/gradle/m2repository/org/apache/httpcomponents/httpcore/4.1/httpcore-4.1.jar
5f2b8000-5f2c0000 r--s 000a8000 08:07 1705696    /home/terry/android-studio/gradle/m2repository/com/android/tools/external/lombok/lombok-ast/0.2.3/lombok-ast-0.2.3.jar
5f2c0000-5f2c3000 r--s 00012000 08:07 1705723    /home/terry/android-studio/gradle/m2repository/com/android/tools/layoutlib/layoutlib-api/24.2.2/layoutlib-api-24.2.2.jar
5f2c3000-5f2ca000 r--s 00053000 08:07 1705550    /home/terry/android-studio/gradle/m2repository/org/apache/commons/commons-compress/1.8.1/commons-compress-1.8.1.jar
5f2ca000-5f2cc000 r--s 00005000 08:07 1705526    /home/terry/android-studio/gradle/m2repository/org/apache/httpcomponents/httpmime/4.1/httpmime-4.1.jar
5f2cc000-5f2d4000 r--s 0004e000 08:07 1705542    /home/terry/android-studio/gradle/m2repository/org/apache/httpcomponents/httpclient/4.1.1/httpclient-4.1.1.jar
5f2d4000-5f2d5000 r--s 00005000 08:07 1705742    /home/terry/android-studio/gradle/m2repository/com/android/tools/dvlib/24.2.2/dvlib-24.2.2.jar
5f2d5000-5f300000 r--s 001f9000 08:07 1705649    /home/terry/android-studio/gradle/m2repository/com/google/guava/guava/17.0/guava-17.0.jar
5f300000-5f3fa000 rw-p 00000000 00:00 0 
5f3fa000-5f400000 ---p 00000000 00:00 0 
5f400000-5f500000 rw-p 00000000 00:00 0 
5f500000-5f600000 rw-p 00000000 00:00 0 
5f600000-5f6fa000 rw-p 00000000 00:00 0 
5f6fa000-5f700000 ---p 00000000 00:00 0 
5f700000-5f900000 rw-p 00000000 00:00 0 
5f900000-5fb00000 rw-p 00000000 00:00 0 
5fb00000-5fbff000 rw-p 00000000 00:00 0 
5fbff000-5fc00000 ---p 00000000 00:00 0 
5fc00000-5fcfa000 rw-p 00000000 00:00 0 
5fcfa000-5fd00000 ---p 00000000 00:00 0 
5fd00000-5ff00000 rw-p 00000000 00:00 0 
5ff00000-60000000 rw-p 00000000 00:00 0 
60000000-60001000 r--s 00000000 08:07 3272792    /home/terry/.gradle/caches/modules-2/files-2.1/com.android.tools.build/builder-test-api/0.4.3/60ba0af8ce2f78c29749b7e69a7f80472acde4fd/builder-test-api-0.4.3.jar
60001000-60006000 r--s 0003f000 08:08 3674173    /usr/lib/jvm/java-8-oracle/jre/lib/ext/sunjce_provider.jar
60006000-6000b000 r-xp 00000000 08:08 1573947    /lib/i386-linux-gnu/libnss_dns-2.15.so
6000b000-6000c000 r--p 00004000 08:08 1573947    /lib/i386-linux-gnu/libnss_dns-2.15.so
6000c000-6000d000 rw-p 00005000 08:08 1573947    /lib/i386-linux-gnu/libnss_dns-2.15.so
6000d000-6000f000 r-xp 00000000 08:08 1572919    /lib/libnss_mdns4_minimal.so.2
6000f000-60010000 r--p 00001000 08:08 1572919    /lib/libnss_mdns4_minimal.so.2
60010000-60011000 rw-p 00002000 08:08 1572919    /lib/libnss_mdns4_minimal.so.2
60011000-60012000 r--s 00001000 08:07 1705711    /home/terry/android-studio/gradle/m2repository/com/android/tools/annotations/24.2.2/annotations-24.2.2.jar
60012000-60013000 r--s 0000a000 08:07 1705864    /home/terry/android-studio/gradle/m2repository/net/sf/kxml/kxml2/2.3.0/kxml2-2.3.0.jar
60013000-60016000 r--s 0002b000 08:07 1705689    /home/terry/android-studio/gradle/m2repository/com/android/tools/lint/lint-api/24.2.2/lint-api-24.2.2.jar
60016000-60017000 r--s 00004000 08:07 1705592    /home/terry/android-studio/gradle/m2repository/org/ow2/asm/asm-analysis/5.0.3/asm-analysis-5.0.3.jar
60017000-60025000 r--s 00081000 08:07 1705568    /home/terry/android-studio/gradle/m2repository/org/bouncycastle/bcpkix-jdk15on/1.48/bcpkix-jdk15on-1.48.jar
60025000-6002a000 r--s 0002a000 08:07 1705642    /home/terry/android-studio/gradle/m2repository/com/google/code/gson/gson/2.2.4/gson-2.2.4.jar
6002a000-60034000 r--s 000a9000 08:07 1705833    /home/terry/android-studio/gradle/m2repository/com/android/tools/sdklib/24.2.2/sdklib-24.2.2.jar
60034000-60038000 r--s 00029000 08:07 1705824    /home/terry/android-studio/gradle/m2repository/com/android/tools/build/manifest-merger/24.2.2/manifest-merger-24.2.2.jar
60038000-6003a000 r--s 00012000 08:07 1705752    /home/terry/android-studio/gradle/m2repository/com/android/tools/common/24.2.2/common-24.2.2.jar
6003a000-6003c000 r--s 00004000 08:07 1705781    /home/terry/android-studio/gradle/m2repository/com/android/tools/build/builder-model/1.2.2/builder-model-1.2.2.jar
6003c000-60101000 r--s 010df000 08:07 3277998    /home/terry/.gradle/caches/jars-1/6vl274vqr5wbvflt6zij8icsqq7e6h3/openapi.jar
60101000-60106000 r--s 00042000 08:07 1705761    /home/terry/android-studio/gradle/m2repository/com/android/tools/ddms/ddmlib/24.2.2/ddmlib-24.2.2.jar
60106000-60108000 r--s 00002000 08:07 1705631    /home/terry/android-studio/gradle/m2repository/com/squareup/javawriter/2.5.0/javawriter-2.5.0.jar
60108000-6013b000 r--s 00203000 08:07 1705575    /home/terry/android-studio/gradle/m2repository/org/bouncycastle/bcprov-jdk15on/1.48/bcprov-jdk15on-1.48.jar
6013b000-60200000 r--s 010df000 08:07 1705956    /home/terry/android-studio/lib/openapi.jar
60200000-60300000 rw-p 00000000 00:00 0 
60300000-60400000 rw-p 00000000 00:00 0 
60400000-60402000 r--s 00006000 08:07 1705616    /home/terry/android-studio/gradle/m2repository/org/ow2/asm/asm-tree/5.0.3/asm-tree-5.0.3.jar
60402000-60408000 r--s 0005f000 08:07 1705735    /home/terry/android-studio/gradle/m2repository/com/android/tools/sdk-common/24.2.2/sdk-common-24.2.2.jar
60408000-60418000 r--s 000d3000 08:07 1705841    /home/terry/android-studio/gradle/m2repository/net/sf/proguard/proguard-base/5.1/proguard-base-5.1.jar
60418000-6041e000 r--s 00093000 08:07 1705676    /home/terry/android-studio/gradle/m2repository/com/android/tools/lint/lint-checks/24.2.2/lint-checks-24.2.2.jar
6041e000-60430000 r--s 00220000 08:07 1705510    /home/terry/android-studio/gradle/m2repository/org/eclipse/jdt/core/compiler/ecj/4.4/ecj-4.4.jar
60430000-60433000 ---p 00000000 00:00 0 
60433000-60481000 rw-p 00000000 00:00 0 
60481000-60494000 r--s 0015d000 08:07 1705814    /home/terry/android-studio/gradle/m2repository/com/android/tools/build/gradle-core/1.2.2/gradle-core-1.2.2.jar
60494000-60500000 r--s 00696000 08:07 1706023    /home/terry/android-studio/lib/groovy-all-2.3.9.jar
60500000-605f9000 rw-p 00000000 00:00 0 
605f9000-60600000 ---p 00000000 00:00 0 
60600000-606f7000 rw-p 00000000 00:00 0 
606f7000-60700000 ---p 00000000 00:00 0 
60700000-607e9000 rw-p 00000000 00:00 0 
607e9000-60800000 ---p 00000000 00:00 0 
60800000-608f1000 rw-p 00000000 00:00 0 
608f1000-60900000 ---p 00000000 00:00 0 
60900000-609fe000 rw-p 00000000 00:00 0 
609fe000-60a00000 ---p 00000000 00:00 0 
60a00000-60af9000 rw-p 00000000 00:00 0 
60af9000-60b00000 ---p 00000000 00:00 0 
60b00000-60c00000 rw-p 00000000 00:00 0 
60c00000-60d00000 rw-p 00000000 00:00 0 
60d00000-60deb000 rw-p 00000000 00:00 0 
60deb000-60e00000 ---p 00000000 00:00 0 
60e00000-60ef6000 rw-p 00000000 00:00 0 
60ef6000-60f00000 ---p 00000000 00:00 0 
60f00000-60ffb000 rw-p 00000000 00:00 0 
60ffb000-61000000 ---p 00000000 00:00 0 
61000000-610f5000 rw-p 00000000 00:00 0 
610f5000-61100000 ---p 00000000 00:00 0 
61100000-611e0000 rw-p 00000000 00:00 0 
611e0000-61200000 ---p 00000000 00:00 0 
61200000-612f1000 rw-p 00000000 00:00 0 
612f1000-61300000 ---p 00000000 00:00 0 
61300000-613fc000 rw-p 00000000 00:00 0 
613fc000-61400000 ---p 00000000 00:00 0 
61400000-614f8000 rw-p 00000000 00:00 0 
614f8000-61500000 ---p 00000000 00:00 0 
61500000-615fb000 rw-p 00000000 00:00 0 
615fb000-61600000 ---p 00000000 00:00 0 
61600000-616fc000 rw-p 00000000 00:00 0 
616fc000-61700000 ---p 00000000 00:00 0 
61700000-617fe000 rw-p 00000000 00:00 0 
617fe000-61800000 ---p 00000000 00:00 0 
61800000-61900000 rw-p 00000000 00:00 0 
61900000-61a00000 rw-p 00000000 00:00 0 
61a00000-61c00000 rw-p 00000000 00:00 0 
61c00000-61cfd000 rw-p 00000000 00:00 0 
61cfd000-61d00000 ---p 00000000 00:00 0 
61d00000-61e00000 rw-p 00000000 00:00 0 
61e00000-61ef4000 rw-p 00000000 00:00 0 
61ef4000-61f00000 ---p 00000000 00:00 0 
61f00000-61f01000 r--s 0000c000 08:07 1705604    /home/terry/android-studio/gradle/m2repository/org/ow2/asm/asm/5.0.3/asm-5.0.3.jar
61f01000-61f02000 r--s 00002000 08:07 1705792    /home/terry/android-studio/gradle/m2repository/com/android/tools/build/builder-test-api/1.2.2/builder-test-api-1.2.2.jar
61f02000-61f05000 ---p 00000000 00:00 0 
61f05000-61f1b000 rw-p 00000000 00:00 0 
61f1b000-61f43000 r--s 001cf000 08:07 3278047    /home/terry/.gradle/caches/jars-1/87eo0lrvp84r6dbxjq018wy66es2era/guava-jdk5-17.0.jar
61f43000-61fbc000 r--s 010e7000 08:08 3559309    /usr/lib/jvm/java-8-oracle/lib/tools.jar
61fbc000-620bc000 rw-p 00000000 00:00 0 
620bc000-620bf000 ---p 00000000 00:00 0 
620bf000-6210d000 rw-p 00000000 00:00 0 
6210d000-62110000 ---p 00000000 00:00 0 
62110000-6215e000 rw-p 00000000 00:00 0 
6215e000-62161000 ---p 00000000 00:00 0 
62161000-621af000 rw-p 00000000 00:00 0 
621af000-621b2000 ---p 00000000 00:00 0 
621b2000-62300000 rw-p 00000000 00:00 0 
62300000-62383000 rw-p 00000000 00:00 0 
62383000-62400000 ---p 00000000 00:00 0 
62400000-62405000 r--s 00039000 08:07 1705771    /home/terry/android-studio/gradle/m2repository/com/android/tools/build/builder/1.2.2/builder-1.2.2.jar
62405000-62406000 r--s 00002000 08:07 1705849    /home/terry/android-studio/gradle/m2repository/net/sf/proguard/proguard-gradle/5.1/proguard-gradle-5.1.jar
62406000-62408000 r--s 0001a000 08:07 1705664    /home/terry/android-studio/gradle/m2repository/com/android/tools/lint/lint/24.2.2/lint-24.2.2.jar
62408000-6240a000 r--s 0000c000 08:07 1705803    /home/terry/android-studio/gradle/m2repository/com/android/tools/build/gradle/1.2.2/gradle-1.2.2.jar
6240a000-6240c000 r--s 00025000 08:07 1581737    /home/terry/android-studio/plugins/gradle/lib/gradle-tooling-extension-impl.jar
6240c000-6240e000 r--s 00006000 08:07 1581753    /home/terry/android-studio/plugins/gradle/lib/gradle-tooling-extension-api.jar
6240e000-62413000 r--s 0002e000 08:07 1705903    /home/terry/android-studio/lib/gson-2.3.jar
62413000-62415000 r--s 00004000 08:07 3278000    /home/terry/.gradle/caches/jars-1/tu2gnlb5m1rfa2weqb2jor5orcodnq1/builder-model-1.2.0-beta4.jar
62415000-6241b000 r--s 00026000 08:07 3278049    /home/terry/.gradle/caches/jars-1/qlb402qqdb9mu9614i3hr843cfch7zw/gradle-base-services-2.2.jar
6241b000-62424000 r--s 0002c000 08:07 3278045    /home/terry/.gradle/caches/jars-1/ltkluv74baem3ersp41z8rutm6he5v5/gradle-tooling-api-2.2.jar
62424000-6242b000 r--s 00000000 08:08 3540367    /usr/lib/i386-linux-gnu/gconv/gconv-modules.cache
6242b000-6242e000 ---p 00000000 00:00 0 
6242e000-6247c000 rw-p 00000000 00:00 0 
6247c000-6247f000 ---p 00000000 00:00 0 
6247f000-624cd000 rw-p 00000000 00:00 0 
624cd000-624dc000 r-xp 00000000 08:08 3675454    /usr/lib/jvm/java-8-oracle/jre/lib/i386/libnio.so
624dc000-624dd000 rw-p 0000e000 08:08 3675454    /usr/lib/jvm/java-8-oracle/jre/lib/i386/libnio.so
624dd000-624f9000 r-xp 00000000 08:08 1573812    /lib/i386-linux-gnu/libgcc_s.so.1
624f9000-624fa000 r--p 0001b000 08:08 1573812    /lib/i386-linux-gnu/libgcc_s.so.1
624fa000-624fb000 rw-p 0001c000 08:08 1573812    /lib/i386-linux-gnu/libgcc_s.so.1
624fb000-625d3000 r-xp 00000000 08:08 3544017    /usr/lib/i386-linux-gnu/libstdc++.so.6.0.16
625d3000-625d4000 ---p 000d8000 08:08 3544017    /usr/lib/i386-linux-gnu/libstdc++.so.6.0.16
625d4000-625d8000 r--p 000d8000 08:08 3544017    /usr/lib/i386-linux-gnu/libstdc++.so.6.0.16
625d8000-625d9000 rw-p 000dc000 08:08 3544017    /usr/lib/i386-linux-gnu/libstdc++.so.6.0.16
625d9000-625e0000 rw-p 00000000 00:00 0 
625e0000-625f5000 r-xp 00000000 08:08 3675460    /usr/lib/jvm/java-8-oracle/jre/lib/i386/libnet.so
625f5000-625f6000 rw-p 00014000 08:08 3675460    /usr/lib/jvm/java-8-oracle/jre/lib/i386/libnet.so
625f6000-625fa000 r-xp 00000000 08:08 921682     /tmp/native-platform8540187471129496681dir/libnative-platform.so
625fa000-625fb000 rw-p 00003000 08:08 921682     /tmp/native-platform8540187471129496681dir/libnative-platform.so
625fb000-62600000 r--s 00094000 08:08 3674106    /usr/lib/jvm/java-8-oracle/jre/lib/jsse.jar
62600000-626fb000 rw-p 00000000 00:00 0 
626fb000-62700000 ---p 00000000 00:00 0 
62700000-62800000 rw-p 00000000 00:00 0 
62800000-628ff000 rw-p 00000000 00:00 0 
628ff000-62900000 ---p 00000000 00:00 0 
62900000-62a00000 rw-p 00000000 00:00 0 
62a00000-62a01000 r--p 00000000 00:00 0 
62a01000-62a02000 r--s 00000000 08:07 3278057    /home/terry/.gradle/caches/jars-1/dg22azhabc6tsc1i8xni15giz1bnssh/gradle-appengine-builder-model-0.1.0.jar
62a02000-62a04000 r--s 00006000 08:07 3272355    /home/terry/.gradle/caches/jars-1/1ekc6atpiv5vgf7uy1ehi3ec1571znu/gradle-tooling-extension-api.jar
62a04000-62a05000 r--s 00001000 08:07 1705478    /home/terry/android-studio/gradle/gradle-2.2.1/lib/plugins/gradle-plugin-development-2.2.1.jar
62a05000-62a07000 r--s 00002000 08:07 1705377    /home/terry/android-studio/gradle/gradle-2.2.1/lib/plugins/gradle-cunit-2.2.1.jar
62a07000-62a0c000 r--s 00036000 08:07 1705464    /home/terry/android-studio/gradle/gradle-2.2.1/lib/plugins/gradle-ide-native-2.2.1.jar
62a0c000-62a11000 r--s 00013000 08:07 1705419    /home/terry/android-studio/gradle/gradle-2.2.1/lib/plugins/gradle-language-native-2.2.1.jar
62a11000-62a1c000 r--s 0004d000 08:07 1705447    /home/terry/android-studio/gradle/gradle-2.2.1/lib/plugins/gradle-platform-native-2.2.1.jar
62a1c000-62a1e000 r--s 00008000 08:07 1705400    /home/terry/android-studio/gradle/gradle-2.2.1/lib/plugins/gradle-language-groovy-2.2.1.jar
62a1e000-62a23000 r--s 00022000 08:07 1705486    /home/terry/android-studio/gradle/gradle-2.2.1/lib/plugins/gradle-language-java-2.2.1.jar
62a23000-62a26000 r--s 00007000 08:07 1705452    /home/terry/android-studio/gradle/gradle-2.2.1/lib/plugins/gradle-language-jvm-2.2.1.jar
62a26000-62a29000 r--s 00009000 08:07 1705403    /home/terry/android-studio/gradle/gradle-2.2.1/lib/plugins/gradle-platform-jvm-2.2.1.jar
62a29000-62a2e000 r--s 00018000 08:07 1705380    /home/terry/android-studio/gradle/gradle-2.2.1/lib/plugins/gradle-platform-base-2.2.1.jar
62a2e000-62a33000 r--s 00026000 08:07 1705488    /home/terry/android-studio/gradle/gradle-2.2.1/lib/plugins/gradle-build-init-2.2.1.jar
62a33000-62a36000 r--s 0001d000 08:07 1705465    /home/terry/android-studio/gradle/gradle-2.2.1/lib/plugins/gradle-jacoco-2.2.1.jar
62a36000-62a39000 r--s 0000d000 08:07 1705457    /home/terry/android-studio/gradle/gradle-2.2.1/lib/plugins/gradle-ivy-2.2.1.jar
62a39000-62a3b000 r--s 00002000 08:07 1705459    /home/terry/android-studio/gradle/gradle-2.2.1/lib/plugins/gradle-publish-2.2.1.jar
62a3b000-62a3d000 r--s 00005000 08:07 1705408    /home/terry/android-studio/gradle/gradle-2.2.1/lib/plugins/jatl-0.2.2.jar
62a3d000-62a3f000 r--s 0000f000 08:07 1705454    /home/terry/android-studio/gradle/gradle-2.2.1/lib/plugins/gradle-reporting-2.2.1.jar
62a3f000-62a44000 r--s 00034000 08:07 1705461    /home/terry/android-studio/gradle/gradle-2.2.1/lib/plugins/gradle-diagnostics-2.2.1.jar
62a44000-62a4b000 r--s 00090000 08:07 1705384    /home/terry/android-studio/gradle/gradle-2.2.1/lib/plugins/gradle-build-comparison-2.2.1.jar
62a4b000-62a52000 r--s 00035000 08:07 1705442    /home/terry/android-studio/gradle/gradle-2.2.1/lib/plugins/simple-4.1.21.jar
62a52000-62a5e000 r--s 00100000 08:07 1705476    /home/terry/android-studio/gradle/gradle-2.2.1/lib/plugins/rhino-1.7R3.jar
62a5e000-62a63000 r--s 0001f000 08:07 1705460    /home/terry/android-studio/gradle/gradle-2.2.1/lib/plugins/gradle-javascript-2.2.1.jar
62a63000-62a65000 r--s 0000e000 08:07 1705458    /home/terry/android-studio/gradle/gradle-2.2.1/lib/plugins/gradle-ear-2.2.1.jar
62a65000-62a69000 r--s 00025000 08:07 1705376    /home/terry/android-studio/gradle/gradle-2.2.1/lib/plugins/bcpg-jdk15-1.46.jar
62a69000-62a6c000 r--s 0001d000 08:07 1705387    /home/terry/android-studio/gradle/gradle-2.2.1/lib/plugins/gradle-signing-2.2.1.jar
62a6c000-62a6d000 r--s 00002000 08:07 1705369    /home/terry/android-studio/gradle/gradle-2.2.1/lib/plugins/sonar-batch-bootstrapper-2.9.jar
62a6d000-62a70000 r--s 00018000 08:07 1705414    /home/terry/android-studio/gradle/gradle-2.2.1/lib/plugins/gradle-sonar-2.2.1.jar
62a70000-62a73000 r--s 00017000 08:07 1705399    /home/terry/android-studio/gradle/gradle-2.2.1/lib/plugins/gradle-scala-2.2.1.jar
62a73000-62a75000 r--s 0000e000 08:07 1705405    /home/terry/android-studio/gradle/gradle-2.2.1/lib/plugins/gradle-announce-2.2.1.jar
62a75000-62a83000 r--s 000bc000 08:07 1705381    /home/terry/android-studio/gradle/gradle-2.2.1/lib/plugins/gradle-ide-2.2.1.jar
62a83000-62a85000 r--s 00000000 08:07 1705466    /home/terry/android-studio/gradle/gradle-2.2.1/lib/plugins/plexus-component-annotations-1.5.2.jar
62a85000-62a88000 r--s 0000c000 08:07 1705404    /home/terry/android-studio/gradle/gradle-2.2.1/lib/plugins/pmaven-groovy-0.8-20100325.jar
62a88000-62a89000 r--s 00004000 08:07 1705443    /home/terry/android-studio/gradle/gradle-2.2.1/lib/plugins/pmaven-common-0.8-20100325.jar
62a89000-62a8d000 r--s 0001e000 08:07 1705433    /home/terry/android-studio/gradle/gradle-2.2.1/lib/plugins/gradle-maven-2.2.1.jar
62a8d000-62aa5000 r--s 0013b000 08:07 1705480    /home/terry/android-studio/gradle/gradle-2.2.1/lib/plugins/bndlib-2.1.0.jar
62aa5000-62aa7000 r--s 00004000 08:07 1705392    /home/terry/android-studio/gradle/gradle-2.2.1/lib/plugins/gradle-osgi-2.2.1.jar
62aa7000-62aac000 r--s 00068000 08:07 1705441    /home/terry/android-studio/gradle/gradle-2.2.1/lib/plugins/antlr-2.7.7.jar
62aac000-62acf000 r--s 00344000 08:07 1705467    /home/terry/android-studio/gradle/gradle-2.2.1/lib/plugins/core-3.1.1.jar
62acf000-62ad1000 r--s 00002000 08:07 1705410    /home/terry/android-studio/gradle/gradle-2.2.1/lib/plugins/jetty-annotations-6.1.25.jar
62ad1000-62ae2000 r--s 000ea000 08:07 1705448    /home/terry/android-studio/gradle/gradle-2.2.1/lib/plugins/jsp-2.1-6.1.14.jar
62ae2000-62ae4000 r--s 0000d000 08:07 1705379    /home/terry/android-studio/gradle/gradle-2.2.1/lib/plugins/jetty-plus-6.1.25.jar
62ae4000-62ae6000 r--s 0001f000 08:07 1705402    /home/terry/android-studio/gradle/gradle-2.2.1/lib/plugins/servlet-api-2.5-20081211.jar
62ae6000-62aea000 r--s 00028000 08:07 1705370    /home/terry/android-studio/gradle/gradle-2.2.1/lib/plugins/jetty-util-6.1.25.jar
62aea000-62af1000 r--s 0007d000 08:07 1705450    /home/terry/android-studio/gradle/gradle-2.2.1/lib/plugins/jetty-6.1.25.jar
62af1000-62af3000 r--s 00009000 08:07 1705391    /home/terry/android-studio/gradle/gradle-2.2.1/lib/plugins/gradle-jetty-2.2.1.jar
62af3000-62af8000 r--s 00041000 08:07 1705394    /home/terry/android-studio/gradle/gradle-2.2.1/lib/plugins/gradle-code-quality-2.2.1.jar
62af8000-62afa000 r--s 00009000 08:07 1705398    /home/terry/android-studio/gradle/gradle-2.2.1/lib/plugins/hamcrest-core-1.3.jar
62afa000-62b00000 r--s 00033000 08:07 1705453    /home/terry/android-studio/gradle/gradle-2.2.1/lib/plugins/snakeyaml-1.6.jar
62b00000-62cfa000 rw-p 00000000 00:00 0 
62cfa000-62d00000 ---p 00000000 00:00 0 
62d00000-62dfe000 rw-p 00000000 00:00 0 
62dfe000-62e00000 ---p 00000000 00:00 0 
62e00000-62efd000 rw-p 00000000 00:00 0 
62efd000-62f00000 ---p 00000000 00:00 0 
62f00000-63100000 rw-p 00000000 00:00 0 
63100000-63200000 rw-p 00000000 00:00 0 
63200000-63201000 r--s 00002000 08:07 1705475    /home/terry/android-studio/gradle/gradle-2.2.1/lib/plugins/ant-antlr-1.9.3.jar
63201000-63204000 r--s 0001e000 08:07 1705423    /home/terry/android-studio/gradle/gradle-2.2.1/lib/plugins/jsp-api-2.1-6.1.14.jar
63204000-63206000 r--s 00006000 08:07 1705382    /home/terry/android-studio/gradle/gradle-2.2.1/lib/plugins/jcommander-1.12.jar
63206000-6320b000 r--s 00040000 08:07 1705462    /home/terry/android-studio/gradle/gradle-2.2.1/lib/plugins/bsh-2.0b4.jar
6320b000-63214000 r--s 00089000 08:07 1705395    /home/terry/android-studio/gradle/gradle-2.2.1/lib/plugins/testng-6.3.1.jar
63214000-6321a000 r--s 00036000 08:07 1705424    /home/terry/android-studio/gradle/gradle-2.2.1/lib/plugins/junit-4.11.jar
6321a000-63226000 r--s 00075000 08:07 1705389    /home/terry/android-studio/gradle/gradle-2.2.1/lib/plugins/gradle-plugins-2.2.1.jar
63226000-63229000 r--s 00011000 08:07 1705371    /home/terry/android-studio/gradle/gradle-2.2.1/lib/plugins/gradle-plugin-use-2.2.1.jar
63229000-63241000 r--s 00115000 08:07 1705445    /home/terry/android-studio/gradle/gradle-2.2.1/lib/plugins/xercesImpl-2.9.1.jar
63241000-63249000 r--s 00028000 08:07 1705411    /home/terry/android-studio/gradle/gradle-2.2.1/lib/plugins/xml-apis-1.3.04.jar
63249000-6324f000 r--s 0005b000 08:07 1705373    /home/terry/android-studio/gradle/gradle-2.2.1/lib/plugins/jcifs-1.3.17.jar
6324f000-63255000 r--s 00031000 08:07 1705383    /home/terry/android-studio/gradle/gradle-2.2.1/lib/plugins/httpcore-4.2.2.jar
63255000-6327d000 r--s 00194000 08:07 1705409    /home/terry/android-studio/gradle/gradle-2.2.1/lib/plugins/bcprov-jdk15-1.46.jar
6327d000-6327e000 ---p 00000000 00:00 0 
6327e000-632fe000 rw-p 00000000 00:00 0 
632fe000-63301000 ---p 00000000 00:00 0 
63301000-6337f000 rw-p 00000000 00:00 0 
6337f000-63382000 ---p 00000000 00:00 0 
63382000-63400000 rw-p 00000000 00:00 0 
63400000-63600000 r--p 00000000 08:08 3546503    /usr/lib/locale/locale-archive
63600000-63621000 rw-p 00000000 00:00 0 
63621000-63700000 ---p 00000000 00:00 0 
63700000-63702000 r--s 00004000 08:07 1705463    /home/terry/android-studio/gradle/gradle-2.2.1/lib/plugins/gradle-antlr-2.2.1.jar
63702000-63703000 r--s 00006000 08:07 1705491    /home/terry/android-studio/gradle/gradle-2.2.1/lib/plugins/jetty-naming-6.1.25.jar
63703000-63709000 r--s 00033000 08:07 1705372    /home/terry/android-studio/gradle/gradle-2.2.1/lib/plugins/commons-codec-1.6.jar
63709000-6370c000 r--s 0001c000 08:07 1705484    /home/terry/android-studio/gradle/gradle-2.2.1/lib/plugins/nekohtml-1.9.14.jar
6370c000-63715000 r--s 00060000 08:07 1705396    /home/terry/android-studio/gradle/gradle-2.2.1/lib/plugins/httpclient-4.2.2.jar
63715000-63719000 r--s 0001d000 08:07 1705469    /home/terry/android-studio/gradle/gradle-2.2.1/lib/plugins/xbean-reflect-3.4.jar
63719000-6371e000 r--s 0002a000 08:07 1705481    /home/terry/android-studio/gradle/gradle-2.2.1/lib/plugins/gson-2.2.4.jar
6371e000-63722000 r--s 0003d000 08:07 1705415    /home/terry/android-studio/gradle/gradle-2.2.1/lib/plugins/jsch-0.1.51.jar
63722000-6373b000 r--s 00129000 08:07 1705477    /home/terry/android-studio/gradle/gradle-2.2.1/lib/plugins/maven-ant-tasks-2.1.3.jar
6373b000-6374a000 r--s 000d9000 08:07 1705456    /home/terry/android-studio/gradle/gradle-2.2.1/lib/plugins/ivy-2.2.0.jar
6374a000-6374e000 r--s 0001e000 08:07 1705412    /home/terry/android-studio/gradle/gradle-2.2.1/lib/plugins/jarjar-aether-impl-1.13.1.jar
6374e000-63751000 r--s 00027000 08:07 1705422    /home/terry/android-studio/gradle/gradle-2.2.1/lib/plugins/jarjar-maven-model-3.0.4.jar
63751000-63754000 r--s 0000b000 08:07 1705407    /home/terry/android-studio/gradle/gradle-2.2.1/lib/plugins/jarjar-maven-artifact-3.0.4.jar
63754000-63758000 r--s 0001e000 08:07 1705386    /home/terry/android-studio/gradle/gradle-2.2.1/lib/plugins/jarjar-aether-util-1.13.1.jar
63758000-6375a000 r--s 00007000 08:07 1705482    /home/terry/android-studio/gradle/gradle-2.2.1/lib/plugins/jarjar-wagon-http-shared4-2.4.jar
6375a000-63767000 r--s 00083000 08:07 1705385    /home/terry/android-studio/gradle/gradle-2.2.1/lib/plugins/jarjar-maven-core-3.0.4.jar
63767000-6377f000 r--s 000b5000 08:07 1705446    /home/terry/android-studio/gradle/gradle-2.2.1/lib/plugins/gradle-dependency-management-2.2.1.jar
6377f000-63782000 ---p 00000000 00:00 0 
63782000-63800000 rw-p 00000000 00:00 0 
63800000-638f4000 rw-p 00000000 00:00 0 
638f4000-63900000 ---p 00000000 00:00 0 
63900000-63902000 r--s 00009000 08:07 1705374    /home/terry/android-studio/gradle/gradle-2.2.1/lib/plugins/commons-cli-1.2.jar
63902000-63904000 r--s 00007000 08:07 1705474    /home/terry/android-studio/gradle/gradle-2.2.1/lib/plugins/gradle-resources-http-2.2.1.jar
63904000-63906000 r--s 00003000 08:07 1705455    /home/terry/android-studio/gradle/gradle-2.2.1/lib/plugins/jarjar-aether-spi-1.13.1.jar
63906000-63908000 r--s 00009000 08:07 1705444    /home/terry/android-studio/gradle/gradle-2.2.1/lib/plugins/jarjar-maven-settings-builder-3.0.4.jar
63908000-6390c000 r--s 00014000 08:07 1705401    /home/terry/android-studio/gradle/gradle-2.2.1/lib/plugins/jarjar-aether-api-1.13.1.jar
6390c000-6390d000 r--s 00002000 08:07 1705472    /home/terry/android-studio/gradle/gradle-2.2.1/lib/plugins/jarjar-wagon-http-2.4.jar
6390d000-63914000 r--s 00042000 08:07 1705390    /home/terry/android-studio/gradle/gradle-2.2.1/lib/plugins/jarjar-maven-compat-3.0.4.jar
63914000-6397f000 r--s 00685000 08:07 1705318    /home/terry/android-studio/gradle/gradle-2.2.1/lib/groovy-all-2.3.6.jar
6397f000-63980000 ---p 00000000 00:00 0 
63980000-63a00000 rw-p 00000000 00:00 0 
63a00000-63b00000 rw-p 00000000 00:00 0 
63b00000-63b02000 r--s 00006000 08:07 1705406    /home/terry/android-studio/gradle/gradle-2.2.1/lib/plugins/jarjar-aether-connector-wagon-1.13.1.jar
63b02000-63b04000 r--s 00000000 08:07 1705393    /home/terry/android-studio/gradle/gradle-2.2.1/lib/plugins/jarjar-plexus-component-annotations-1.5.5.jar
63b04000-63b06000 r--s 00006000 08:07 1705378    /home/terry/android-studio/gradle/gradle-2.2.1/lib/plugins/jarjar-plexus-sec-dispatcher-1.3.jar
63b06000-63b0b000 r--s 00022000 08:07 1705473    /home/terry/android-studio/gradle/gradle-2.2.1/lib/plugins/jarjar-maven-model-builder-3.0.4.jar
63b0b000-63b0d000 r--s 0000b000 08:07 1705432    /home/terry/android-studio/gradle/gradle-2.2.1/lib/plugins/jarjar-maven-plugin-api-3.0.4.jar
63b0d000-63b10000 r--s 0000a000 08:07 1705375    /home/terry/android-studio/gradle/gradle-2.2.1/lib/plugins/jarjar-plexus-classworlds-2.4.jar
63b10000-63b14000 r--s 00035000 08:07 1705483    /home/terry/android-studio/gradle/gradle-2.2.1/lib/plugins/jarjar-plexus-utils-2.0.6.jar
63b14000-63b16000 r--s 0000e000 08:07 1705485    /home/terry/android-studio/gradle/gradle-2.2.1/lib/plugins/jarjar-plexus-interpolation-1.14.jar
63b16000-63b32000 r--s 00393000 08:08 3674174    /usr/lib/jvm/java-8-oracle/jre/lib/ext/cldrdata.jar
63b32000-63b81000 rw-p 00000000 00:00 0 
63b81000-63d59000 r--s 03d09000 08:08 3674159    /usr/lib/jvm/java-8-oracle/jre/lib/rt.jar
63d59000-641fa000 rw-p 00000000 00:00 0 
641fa000-64200000 ---p 00000000 00:00 0 
64200000-66600000 rw-p 00000000 00:00 0 
66600000-666fb000 rw-p 00000000 00:00 0 
666fb000-66700000 ---p 00000000 00:00 0 
66700000-66702000 r--s 00002000 08:07 1705413    /home/terry/android-studio/gradle/gradle-2.2.1/lib/plugins/jarjar-plexus-cipher-1.7.jar
66702000-66704000 r--s 0000c000 08:07 1705479    /home/terry/android-studio/gradle/gradle-2.2.1/lib/plugins/jarjar-wagon-provider-api-2.4.jar
66704000-6670c000 r--s 00031000 08:07 1705451    /home/terry/android-studio/gradle/gradle-2.2.1/lib/plugins/jarjar-plexus-container-default-1.5.5.jar
6670c000-66717000 r--s 00116000 08:08 3674169    /usr/lib/jvm/java-8-oracle/jre/lib/ext/localedata.jar
66717000-66718000 r--s 00005000 08:07 1705345    /home/terry/android-studio/gradle/gradle-2.2.1/lib/gradle-wrapper-2.2.1.jar
66718000-66721000 r--s 0002c000 08:07 1705350    /home/terry/android-studio/gradle/gradle-2.2.1/lib/gradle-tooling-api-2.2.1.jar
66721000-66723000 r--s 00002000 08:07 1705361    /home/terry/android-studio/gradle/gradle-2.2.1/lib/gradle-open-api-2.2.1.jar
66723000-66729000 r--s 00032000 08:07 1705354    /home/terry/android-studio/gradle/gradle-2.2.1/lib/jaxen-1.1.jar
66729000-6672e000 r--s 00048000 08:07 1705321    /home/terry/android-studio/gradle/gradle-2.2.1/lib/dom4j-1.6.1.jar
6672e000-66739000 r--s 00059000 08:07 1705364    /home/terry/android-studio/gradle/gradle-2.2.1/lib/gradle-ui-2.2.1.jar
66739000-6673b000 r--s 00006000 08:07 1705324    /home/terry/android-studio/gradle/gradle-2.2.1/lib/gradle-resources-2.2.1.jar
6673b000-6673d000 r--s 00007000 08:07 1705356    /home/terry/android-studio/gradle/gradle-2.2.1/lib/objenesis-1.2.jar
6673d000-6673f000 r--s 00000000 08:07 1705357    /home/terry/android-studio/gradle/gradle-2.2.1/lib/minlog-1.2.jar
6673f000-66741000 r--s 0000f000 08:07 1705362    /home/terry/android-studio/gradle/gradle-2.2.1/lib/reflectasm-1.07-shaded.jar
66741000-66745000 r--s 00026000 08:07 1705492    /home/terry/android-studio/gradle/gradle-2.2.1/lib/kryo-2.20.jar
66745000-6674e000 r--s 00039000 08:07 1705352    /home/terry/android-studio/gradle/gradle-2.2.1/lib/gradle-messaging-2.2.1.jar
6674e000-6677f000 r--s 00191000 08:07 1705333    /home/terry/android-studio/gradle/gradle-2.2.1/lib/gradle-core-2.2.1.jar
6677f000-66780000 ---p 00000000 00:00 0 
66780000-66800000 rw-p 00000000 00:00 0 
66800000-66900000 rw-p 00000000 00:00 0 
66900000-66901000 r--s 00002000 08:07 1705397    /home/terry/android-studio/gradle/gradle-2.2.1/lib/plugins/geronimo-annotation_1.0_spec-1.0.jar
66901000-66903000 r--s 0000d000 08:07 1705487    /home/terry/android-studio/gradle/gradle-2.2.1/lib/plugins/jarjar-maven-aether-provider-3.0.4.jar
66903000-66904000 r--s 00007000 08:07 1705431    /home/terry/android-studio/gradle/gradle-2.2.1/lib/plugins/jarjar-maven-repository-metadata-3.0.4.jar
66904000-66905000 r--s 0000b000 08:07 1705449    /home/terry/android-studio/gradle/gradle-2.2.1/lib/plugins/jarjar-maven-settings-3.0.4.jar
66905000-66906000 r--s 00003000 08:07 1705366    /home/terry/android-studio/gradle/gradle-2.2.1/lib/native-platform-freebsd-amd64-0.10.jar
66906000-66907000 r--s 00003000 08:07 1705347    /home/terry/android-studio/gradle/gradle-2.2.1/lib/native-platform-freebsd-i386-0.10.jar
66907000-66908000 r--s 00005000 08:07 1705351    /home/terry/android-studio/gradle/gradle-2.2.1/lib/native-platform-windows-i386-0.10.jar
66908000-66909000 r--s 00005000 08:07 1705317    /home/terry/android-studio/gradle/gradle-2.2.1/lib/native-platform-windows-amd64-0.10.jar
66909000-6690a000 r--s 00003000 08:07 1705320    /home/terry/android-studio/gradle/gradle-2.2.1/lib/native-platform-linux-i386-0.10.jar
6690a000-6690b000 r--s 00003000 08:07 1705329    /home/terry/android-studio/gradle/gradle-2.2.1/lib/native-platform-linux-amd64-0.10.jar
6690b000-6690c000 r--s 00002000 08:07 1705493    /home/terry/android-studio/gradle/gradle-2.2.1/lib/native-platform-osx-amd64-0.10.jar
6690c000-6690d000 r--s 00002000 08:07 1705342    /home/terry/android-studio/gradle/gradle-2.2.1/lib/native-platform-osx-i386-0.10.jar
6690d000-6690f000 r--s 00008000 08:07 1705341    /home/terry/android-studio/gradle/gradle-2.2.1/lib/jansi-1.2.1.jar
6690f000-66912000 r--s 0000d000 08:07 1705358    /home/terry/android-studio/gradle/gradle-2.2.1/lib/native-platform-0.10.jar
66912000-66916000 r--s 000e4000 08:07 1705319    /home/terry/android-studio/gradle/gradle-2.2.1/lib/jna-3.2.7.jar
66916000-66918000 r--s 00008000 08:07 1705340    /home/terry/android-studio/gradle/gradle-2.2.1/lib/gradle-native-2.2.1.jar
66918000-6691a000 r--s 00005000 08:07 1705365    /home/terry/android-studio/gradle/gradle-2.2.1/lib/gradle-cli-2.2.1.jar
6691a000-6691c000 r--s 00003000 08:07 1705326    /home/terry/android-studio/gradle/gradle-2.2.1/lib/gradle-base-services-groovy-2.2.1.jar
6691c000-6691e000 r--s 0000a000 08:07 1705336    /home/terry/android-studio/gradle/gradle-2.2.1/lib/gradle-model-groovy-2.2.1.jar
6691e000-66922000 r--s 0001b000 08:07 1705332    /home/terry/android-studio/gradle/gradle-2.2.1/lib/gradle-model-core-2.2.1.jar
66922000-66924000 r--s 00003000 08:07 1705327    /home/terry/android-studio/gradle/gradle-2.2.1/lib/jcl-over-slf4j-1.7.7.jar
66924000-6692e000 r--s 0005d000 08:07 1705335    /home/terry/android-studio/gradle/gradle-2.2.1/lib/logback-core-1.0.13.jar
6692e000-66931000 ---p 00000000 00:00 0 
66931000-6697f000 rw-p 00000000 00:00 0 
6697f000-66980000 ---p 00000000 00:00 0 
66980000-66a00000 rw-p 00000000 00:00 0 
66a00000-66a21000 rw-p 00000000 00:00 0 
66a21000-66b00000 ---p 00000000 00:00 0 
66b00000-66b06000 r--s 0003b000 08:07 1705323    /home/terry/android-studio/gradle/gradle-2.2.1/lib/logback-classic-1.0.13.jar
66b06000-66b2e000 r--s 001cf000 08:07 1705338    /home/terry/android-studio/gradle/gradle-2.2.1/lib/guava-jdk5-17.0.jar
66b2e000-66b31000 ---p 00000000 00:00 0 
66b31000-66b7f000 rw-p 00000000 00:00 0 
66b7f000-66b80000 ---p 00000000 00:00 0 
66b80000-66c00000 rw-p 00000000 00:00 0 
66c00000-66c21000 rw-p 00000000 00:00 0 
66c21000-66d00000 ---p 00000000 00:00 0 
66d00000-66d0e000 r--s 0007f000 08:07 1705360    /home/terry/android-studio/gradle/gradle-2.2.1/lib/commons-collections-3.2.1.jar
66d0e000-66d2d000 r--s 001cc000 08:07 1705325    /home/terry/android-studio/gradle/gradle-2.2.1/lib/ant-1.9.3.jar
66d2d000-66d30000 ---p 00000000 00:00 0 
66d30000-66d7e000 rw-p 00000000 00:00 0 
66d7e000-66d7f000 ---p 00000000 00:00 0 
66d7f000-66e2f000 rw-p 00000000 00:00 0 
66e2f000-66f54000 ---p 00000000 00:00 0 
66f54000-66fff000 rw-p 00000000 00:00 0 
66fff000-6d000000 rw-p 00000000 00:00 0 
6fc24000-6fdc0000 rw-p 00000000 00:00 0 
6fdc0000-91ac0000 ---p 00000000 00:00 0 
91ac0000-a7000000 rw-p 00000000 00:00 0 
a7000000-a7001000 r--s 00000000 08:07 1705346    /home/terry/android-studio/gradle/gradle-2.2.1/lib/gradle-docs-2.2.1.jar
a7001000-a7002000 r--s 00005000 08:07 1705359    /home/terry/android-studio/gradle/gradle-2.2.1/lib/log4j-over-slf4j-1.7.7.jar
a7002000-a7005000 r--s 0001b000 08:07 1705331    /home/terry/android-studio/gradle/gradle-2.2.1/lib/jarjar-1.3.jar
a7005000-a700a000 r--s 00041000 08:07 1705322    /home/terry/android-studio/gradle/gradle-2.2.1/lib/commons-lang-2.6.jar
a700a000-a700f000 r--s 00036000 08:07 1705348    /home/terry/android-studio/gradle/gradle-2.2.1/lib/asm-all-5.0.3.jar
a700f000-a7012000 ---p 00000000 00:00 0 
a7012000-a70a8000 rw-p 00000000 00:00 0 
a70a8000-a71ce000 ---p 00000000 00:00 0 
a71ce000-a7238000 rw-p 00000000 00:00 0 
a7238000-a758e000 ---p 00000000 00:00 0 
a758e000-a8fee000 rwxp 00000000 00:00 0 
a8fee000-b658e000 ---p 00000000 00:00 0 
b658e000-b65a7000 r-xp 00000000 08:08 3674191    /usr/lib/jvm/java-8-oracle/jre/lib/i386/libzip.so
b65a7000-b65a8000 rw-p 00018000 08:08 3674191    /usr/lib/jvm/java-8-oracle/jre/lib/i386/libzip.so
b65a8000-b65b3000 r-xp 00000000 08:08 1576743    /lib/i386-linux-gnu/libnss_files-2.15.so
b65b3000-b65b4000 r--p 0000a000 08:08 1576743    /lib/i386-linux-gnu/libnss_files-2.15.so
b65b4000-b65b5000 rw-p 0000b000 08:08 1576743    /lib/i386-linux-gnu/libnss_files-2.15.so
b65b5000-b65bf000 r-xp 00000000 08:08 1578363    /lib/i386-linux-gnu/libnss_nis-2.15.so
b65bf000-b65c0000 r--p 00009000 08:08 1578363    /lib/i386-linux-gnu/libnss_nis-2.15.so
b65c0000-b65c1000 rw-p 0000a000 08:08 1578363    /lib/i386-linux-gnu/libnss_nis-2.15.so
b65c1000-b65d7000 r-xp 00000000 08:08 1572929    /lib/i386-linux-gnu/libnsl-2.15.so
b65d7000-b65d8000 r--p 00015000 08:08 1572929    /lib/i386-linux-gnu/libnsl-2.15.so
b65d8000-b65d9000 rw-p 00016000 08:08 1572929    /lib/i386-linux-gnu/libnsl-2.15.so
b65d9000-b65db000 rw-p 00000000 00:00 0 
b65db000-b65ff000 r-xp 00000000 08:08 3675440    /usr/lib/jvm/java-8-oracle/jre/lib/i386/libjava.so
b65ff000-b6600000 rw-p 00023000 08:08 3675440    /usr/lib/jvm/java-8-oracle/jre/lib/i386/libjava.so
b6600000-b66fb000 rw-p 00000000 00:00 0 
b66fb000-b6700000 ---p 00000000 00:00 0 
b6700000-b6701000 r--s 00000000 08:07 1705349    /home/terry/android-studio/gradle/gradle-2.2.1/lib/javax.inject-1.jar
b6701000-b6703000 r--s 00000000 08:07 1705355    /home/terry/android-studio/gradle/gradle-2.2.1/lib/jul-to-slf4j-1.7.7.jar
b6703000-b670a000 r-xp 00000000 08:08 1576746    /lib/i386-linux-gnu/libnss_compat-2.15.so
b670a000-b670b000 r--p 00006000 08:08 1576746    /lib/i386-linux-gnu/libnss_compat-2.15.so
b670b000-b670c000 rw-p 00007000 08:08 1576746    /lib/i386-linux-gnu/libnss_compat-2.15.so
b670c000-b670d000 r--s 00000000 08:07 1705339    /home/terry/android-studio/gradle/gradle-2.2.1/lib/jcip-annotations-1.0.jar
b670d000-b6710000 r--s 00018000 08:07 1705367    /home/terry/android-studio/gradle/gradle-2.2.1/lib/commons-io-1.4.jar
b6710000-b6712000 r--s 00006000 08:07 1705334    /home/terry/android-studio/gradle/gradle-2.2.1/lib/slf4j-api-1.7.7.jar
b6712000-b6713000 r--s 00004000 08:07 1705337    /home/terry/android-studio/gradle/gradle-2.2.1/lib/ant-launcher-1.9.3.jar
b6713000-b6719000 r--s 00026000 08:07 1705344    /home/terry/android-studio/gradle/gradle-2.2.1/lib/gradle-base-services-2.2.1.jar
b6719000-b6721000 r--s 0003c000 08:07 1705363    /home/terry/android-studio/gradle/gradle-2.2.1/lib/gradle-launcher-2.2.1.jar
b6721000-b6722000 r--p 005e0000 08:08 3546503    /usr/lib/locale/locale-archive
b6722000-b6729000 r-xp 00000000 08:08 1578362    /lib/i386-linux-gnu/librt-2.15.so
b6729000-b672a000 r--p 00006000 08:08 1578362    /lib/i386-linux-gnu/librt-2.15.so
b672a000-b672b000 rw-p 00007000 08:08 1578362    /lib/i386-linux-gnu/librt-2.15.so
b672b000-b672e000 ---p 00000000 00:00 0 
b672e000-b677c000 rw-p 00000000 00:00 0 
b677c000-b67a6000 r-xp 00000000 08:08 1576745    /lib/i386-linux-gnu/libm-2.15.so
b67a6000-b67a7000 r--p 00029000 08:08 1576745    /lib/i386-linux-gnu/libm-2.15.so
b67a7000-b67a8000 rw-p 0002a000 08:08 1576745    /lib/i386-linux-gnu/libm-2.15.so
b67a8000-b711b000 r-xp 00000000 08:08 3675420    /usr/lib/jvm/java-8-oracle/jre/lib/i386/server/libjvm.so
b711b000-b7187000 rw-p 00973000 08:08 3675420    /usr/lib/jvm/java-8-oracle/jre/lib/i386/server/libjvm.so
b7187000-b75ad000 rw-p 00000000 00:00 0 
b75ad000-b7751000 r-xp 00000000 08:08 1572994    /lib/i386-linux-gnu/libc-2.15.so
b7751000-b7753000 r--p 001a4000 08:08 1572994    /lib/i386-linux-gnu/libc-2.15.so
b7753000-b7754000 rw-p 001a6000 08:08 1572994    /lib/i386-linux-gnu/libc-2.15.so
b7754000-b7757000 rw-p 00000000 00:00 0 
b7757000-b775a000 r-xp 00000000 08:08 1573949    /lib/i386-linux-gnu/libdl-2.15.so
b775a000-b775b000 r--p 00002000 08:08 1573949    /lib/i386-linux-gnu/libdl-2.15.so
b775b000-b775c000 rw-p 00003000 08:08 1573949    /lib/i386-linux-gnu/libdl-2.15.so
b775c000-b7770000 r-xp 00000000 08:08 3559313    /usr/lib/jvm/java-8-oracle/lib/i386/jli/libjli.so
b7770000-b7771000 rw-p 00014000 08:08 3559313    /usr/lib/jvm/java-8-oracle/lib/i386/jli/libjli.so
b7771000-b7772000 rw-p 00000000 00:00 0 
b7772000-b7789000 r-xp 00000000 08:08 1576744    /lib/i386-linux-gnu/libpthread-2.15.so
b7789000-b778a000 r--p 00016000 08:08 1576744    /lib/i386-linux-gnu/libpthread-2.15.so
b778a000-b778b000 rw-p 00017000 08:08 1576744    /lib/i386-linux-gnu/libpthread-2.15.so
b778b000-b778d000 rw-p 00000000 00:00 0 
b778d000-b7795000 rw-s 00000000 08:08 921677     /tmp/hsperfdata_terry/3759
b7795000-b7796000 rw-p 00000000 00:00 0 
b7796000-b7797000 ---p 00000000 00:00 0 
b7797000-b77a2000 r-xp 00000000 08:08 3675434    /usr/lib/jvm/java-8-oracle/jre/lib/i386/libverify.so
b77a2000-b77a3000 rw-p 0000b000 08:08 3675434    /usr/lib/jvm/java-8-oracle/jre/lib/i386/libverify.so
b77a3000-b77a5000 rw-p 00000000 00:00 0 
b77a5000-b77a6000 r-xp 00000000 00:00 0          [vdso]
b77a6000-b77c6000 r-xp 00000000 08:08 1578361    /lib/i386-linux-gnu/ld-2.15.so
b77c6000-b77c7000 r--p 0001f000 08:08 1578361    /lib/i386-linux-gnu/ld-2.15.so
b77c7000-b77c8000 rw-p 00020000 08:08 1578361    /lib/i386-linux-gnu/ld-2.15.so
bfb93000-bfb94000 rwxp 00000000 00:00 0 
bfbc6000-bfbe7000 rw-p 00000000 00:00 0          [stack]

VM Arguments:
jvm_args: -XX:MaxPermSize=256m -XX:+HeapDumpOnOutOfMemoryError -Xmx1024m -Dfile.encoding=UTF-8 -Duser.country=US -Duser.language=en -Duser.variant 
java_command: org.gradle.launcher.daemon.bootstrap.GradleDaemon 2.2.1 /home/terry/.gradle/daemon 10800000 e6774ac1-7867-40ee-8e5d-360a9638a9de -XX:MaxPermSize=256m -XX:+HeapDumpOnOutOfMemoryError -Xmx1024m -Dfile.encoding=UTF-8 -Duser.country=US -Duser.language=en -Duser.variant
java_class_path (initial): /home/terry/android-studio/gradle/gradle-2.2.1/lib/gradle-launcher-2.2.1.jar
Launcher Type: SUN_STANDARD

Environment Variables:
CLASSPATH=/home/terry/android-studio/bin/../lib/bootstrap.jar:/home/terry/android-studio/bin/../lib/extensions.jar:/home/terry/android-studio/bin/../lib/util.jar:/home/terry/android-studio/bin/../lib/jdom.jar:/home/terry/android-studio/bin/../lib/log4j.jar:/home/terry/android-studio/bin/../lib/trove4j.jar:/home/terry/android-studio/bin/../lib/jna.jar:/usr/lib/jvm/java-8-oracle/lib/tools.jar
PATH=/usr/lib/lightdm/lightdm:/usr/local/sbin:/usr/local/bin:/usr/sbin:/usr/bin:/sbin:/bin:/usr/games
LD_LIBRARY_PATH=/home/terry/android-studio/bin:
SHELL=/bin/bash
DISPLAY=:0.0

Signal Handlers:
SIGSEGV: [libjvm.so+0x8c2ab0], sa_mask[0]=11111111011111111101111111111110, sa_flags=SA_RESTART|SA_SIGINFO
SIGBUS: [libjvm.so+0x8c2ab0], sa_mask[0]=11111111011111111101111111111110, sa_flags=SA_RESTART|SA_SIGINFO
SIGFPE: [libjvm.so+0x7433e0], sa_mask[0]=11111111011111111101111111111110, sa_flags=SA_RESTART|SA_SIGINFO
SIGPIPE: [libjvm.so+0x7433e0], sa_mask[0]=11111111011111111101111111111110, sa_flags=SA_RESTART|SA_SIGINFO
SIGXFSZ: [libjvm.so+0x7433e0], sa_mask[0]=11111111011111111101111111111110, sa_flags=SA_RESTART|SA_SIGINFO
SIGILL: [libjvm.so+0x7433e0], sa_mask[0]=11111111011111111101111111111110, sa_flags=SA_RESTART|SA_SIGINFO
SIGUSR1: SIG_DFL, sa_mask[0]=00000000000000000000000000000000, sa_flags=none
SIGUSR2: [libjvm.so+0x744970], sa_mask[0]=00100000000000000000000000000000, sa_flags=SA_RESTART|SA_SIGINFO
SIGHUP: [libjvm.so+0x745e20], sa_mask[0]=11111111011111111101111111111110, sa_flags=SA_RESTART|SA_SIGINFO
SIGINT: SIG_IGN, sa_mask[0]=00000000000000000000000000000000, sa_flags=none
SIGTERM: [libjvm.so+0x745e20], sa_mask[0]=11111111011111111101111111111110, sa_flags=SA_RESTART|SA_SIGINFO
SIGQUIT: [libjvm.so+0x745e20], sa_mask[0]=11111111011111111101111111111110, sa_flags=SA_RESTART|SA_SIGINFO


---------------  S Y S T E M  ---------------

OS:DISTRIB_ID=Ubuntu
DISTRIB_RELEASE=12.04
DISTRIB_CODENAME=precise
DISTRIB_DESCRIPTION="Ubuntu 12.04.5 LTS"

uname:Linux 3.2.0-24-generic-pae #39-Ubuntu SMP Mon May 21 18:54:21 UTC 2012 i686
libc:glibc 2.15 NPTL 2.15 
rlimit: STACK 8192k, CORE 0k, NPROC 23509, NOFILE 4096, AS infinity
load average:2.69 2.26 2.00

/proc/meminfo:
MemTotal:        3023804 kB
MemFree:          168788 kB
Buffers:             428 kB
Cached:            60104 kB
SwapCached:            0 kB
Active:          2717728 kB
Inactive:          25192 kB
Active(anon):    2684808 kB
Inactive(anon):    18324 kB
Active(file):      32920 kB
Inactive(file):     6868 kB
Unevictable:         108 kB
Mlocked:             108 kB
HighTotal:       2157824 kB
HighFree:          29504 kB
LowTotal:         865980 kB
LowFree:          139284 kB
SwapTotal:             0 kB
SwapFree:              0 kB
Dirty:              2376 kB
Writeback:             0 kB
AnonPages:       2682888 kB
Mapped:            43028 kB
Shmem:             20360 kB
Slab:              42412 kB
SReclaimable:      18612 kB
SUnreclaim:        23800 kB
KernelStack:        5344 kB
PageTables:        19700 kB
NFS_Unstable:          0 kB
Bounce:                0 kB
WritebackTmp:          0 kB
CommitLimit:     1511900 kB
Committed_AS:    6524780 kB
VmallocTotal:     122880 kB
VmallocUsed:       54112 kB
VmallocChunk:      65048 kB
HardwareCorrupted:     0 kB
AnonHugePages:         0 kB
HugePages_Total:       0
HugePages_Free:        0
HugePages_Rsvd:        0
HugePages_Surp:        0
Hugepagesize:       2048 kB
DirectMap4k:        8184 kB
DirectMap2M:      905216 kB


CPU:total 4 (2 cores per cpu, 2 threads per core) family 6 model 37 stepping 5, cmov, cx8, fxsr, mmx, sse, sse2, sse3, ssse3, sse4.1, sse4.2, popcnt, ht, tsc, tscinvbit

/proc/cpuinfo:
processor	: 0
vendor_id	: GenuineIntel
cpu family	: 6
model		: 37
model name	: Intel(R) Core(TM) i3 CPU       M 380  @ 2.53GHz
stepping	: 5
microcode	: 0x2
cpu MHz		: 933.000
cache size	: 3072 KB
physical id	: 0
siblings	: 4
core id		: 0
cpu cores	: 2
apicid		: 0
initial apicid	: 0
fdiv_bug	: no
hlt_bug		: no
f00f_bug	: no
coma_bug	: no
fpu		: yes
fpu_exception	: yes
cpuid level	: 11
wp		: yes
flags		: fpu vme de pse tsc msr pae mce cx8 apic sep mtrr pge mca cmov pat pse36 clflush dts acpi mmx fxsr sse sse2 ss ht tm pbe nx rdtscp lm constant_tsc arch_perfmon pebs bts xtopology nonstop_tsc aperfmperf pni dtes64 monitor ds_cpl vmx est tm2 ssse3 cx16 xtpr pdcm pcid sse4_1 sse4_2 popcnt lahf_lm arat dts tpr_shadow vnmi flexpriority ept vpid
bogomips	: 5053.62
clflush size	: 64
cache_alignment	: 64
address sizes	: 36 bits physical, 48 bits virtual
power management:

processor	: 1
vendor_id	: GenuineIntel
cpu family	: 6
model		: 37
model name	: Intel(R) Core(TM) i3 CPU       M 380  @ 2.53GHz
stepping	: 5
microcode	: 0x2
cpu MHz		: 2533.000
cache size	: 3072 KB
physical id	: 0
siblings	: 4
core id		: 0
cpu cores	: 2
apicid		: 1
initial apicid	: 1
fdiv_bug	: no
hlt_bug		: no
f00f_bug	: no
coma_bug	: no
fpu		: yes
fpu_exception	: yes
cpuid level	: 11
wp		: yes
flags		: fpu vme de pse tsc msr pae mce cx8 apic sep mtrr pge mca cmov pat pse36 clflush dts acpi mmx fxsr sse sse2 ss ht tm pbe nx rdtscp lm constant_tsc arch_perfmon pebs bts xtopology nonstop_tsc aperfmperf pni dtes64 monitor ds_cpl vmx est tm2 ssse3 cx16 xtpr pdcm pcid sse4_1 sse4_2 popcnt lahf_lm arat dts tpr_shadow vnmi flexpriority ept vpid
bogomips	: 5053.86
clflush size	: 64
cache_alignment	: 64
address sizes	: 36 bits physical, 48 bits virtual
power management:

processor	: 2
vendor_id	: GenuineIntel
cpu family	: 6
model		: 37
model name	: Intel(R) Core(TM) i3 CPU       M 380  @ 2.53GHz
stepping	: 5
microcode	: 0x2
cpu MHz		: 1333.000
cache size	: 3072 KB
physical id	: 0
siblings	: 4
core id		: 2
cpu cores	: 2
apicid		: 4
initial apicid	: 4
fdiv_bug	: no
hlt_bug		: no
f00f_bug	: no
coma_bug	: no
fpu		: yes
fpu_exception	: yes
cpuid level	: 11
wp		: yes
flags		: fpu vme de pse tsc msr pae mce cx8 apic sep mtrr pge mca cmov pat pse36 clflush dts acpi mmx fxsr sse sse2 ss ht tm pbe nx rdtscp lm constant_tsc arch_perfmon pebs bts xtopology nonstop_tsc aperfmperf pni dtes64 monitor ds_cpl vmx est tm2 ssse3 cx16 xtpr pdcm pcid sse4_1 sse4_2 popcnt lahf_lm arat dts tpr_shadow vnmi flexpriority ept vpid
bogomips	: 5053.89
clflush size	: 64
cache_alignment	: 64
address sizes	: 36 bits physical, 48 bits virtual
power management:

processor	: 3
vendor_id	: GenuineIntel
cpu family	: 6
model		: 37
model name	: Intel(R) Core(TM) i3 CPU       M 380  @ 2.53GHz
stepping	: 5
microcode	: 0x2
cpu MHz		: 933.000
cache size	: 3072 KB
physical id	: 0
siblings	: 4
core id		: 2
cpu cores	: 2
apicid		: 5
initial apicid	: 5
fdiv_bug	: no
hlt_bug		: no
f00f_bug	: no
coma_bug	: no
fpu		: yes
fpu_exception	: yes
cpuid level	: 11
wp		: yes
flags		: fpu vme de pse tsc msr pae mce cx8 apic sep mtrr pge mca cmov pat pse36 clflush dts acpi mmx fxsr sse sse2 ss ht tm pbe nx rdtscp lm constant_tsc arch_perfmon pebs bts xtopology nonstop_tsc aperfmperf pni dtes64 monitor ds_cpl vmx est tm2 ssse3 cx16 xtpr pdcm pcid sse4_1 sse4_2 popcnt lahf_lm arat dts tpr_shadow vnmi flexpriority ept vpid
bogomips	: 5053.88
clflush size	: 64
cache_alignment	: 64
address sizes	: 36 bits physical, 48 bits virtual
power management:



Memory: 4k page, physical 3023804k(168664k free), swap 0k(0k free)

vm_info: Java HotSpot(TM) Server VM (25.40-b25) for linux-x86 JRE (1.8.0_40-b25), built on Feb 10 2015 22:05:45 by "java_re" with gcc 4.3.0 20080428 (Red Hat 4.3.0-8)

time: Fri Jul  3 16:31:27 2015
elapsed time: 1714 seconds (0d 0h 28m 34s)

