#
# There is insufficient memory for the Java Runtime Environment to continue.
# Native memory allocation (mmap) failed to map 39845888 bytes for committing reserved memory.
# Possible reasons:
#   The system is out of physical RAM or swap space
#   In 32 bit mode, the process size limit was hit
# Possible solutions:
#   Reduce memory load on the system
#   Increase physical memory or swap space
#   Check if swap backing store is full
#   Use 64 bit Java on a 64 bit OS
#   Decrease Java heap size (-Xmx/-Xms)
#   Decrease number of Java threads
#   Decrease Java thread stack sizes (-Xss)
#   Set larger code cache with -XX:ReservedCodeCacheSize=
# This output file may be truncated or incomplete.
#
#  Out of Memory Error (os_linux.cpp:2673), pid=14829, tid=1672477504
#
# JRE version: Java(TM) SE Runtime Environment (8.0_40-b25) (build 1.8.0_40-b25)
# Java VM: Java HotSpot(TM) Server VM (25.40-b25 mixed mode linux-x86 )
# Failed to write core dump. Core dumps have been disabled. To enable core dumping, try "ulimit -c unlimited" before starting Java again
#

---------------  T H R E A D  ---------------

Current thread (0x63b80800):  VMThread [stack: 0x63a7f000,0x63b00000] [id=14839]

Stack: [0x63a7f000,0x63b00000],  sp=0x63afe9b0,  free space=510k
Native frames: (J=compiled Java code, j=interpreted, Vv=VM code, C=native code)
V  [libjvm.so+0x8c1fdf]  VMError::report_and_die()+0x16f
V  [libjvm.so+0x3864a5]  report_vm_out_of_memory(char const*, int, unsigned int, VMErrorType, char const*)+0x55
V  [libjvm.so+0x7468b6]  os::Linux::commit_memory_impl(char*, unsigned int, bool)+0xe6
V  [libjvm.so+0x746cd8]  os::pd_commit_memory(char*, unsigned int, unsigned int, bool)+0x28
V  [libjvm.so+0x7403fc]  os::commit_memory(char*, unsigned int, unsigned int, bool)+0x2c
V  [libjvm.so+0x7aa6a8]  PSVirtualSpace::expand_by(unsigned int)+0x48
V  [libjvm.so+0x7ab7aa]  PSYoungGen::resize_generation(unsigned int, unsigned int)+0xda
V  [libjvm.so+0x7aaad9]  PSYoungGen::resize(unsigned int, unsigned int)+0x19
V  [libjvm.so+0x7a83fd]  PSScavenge::invoke_no_policy()+0xd4d
V  [libjvm.so+0x7a8bc8]  PSScavenge::invoke()+0x28
V  [libjvm.so+0x767e9a]  ParallelScavengeHeap::failed_mem_allocate(unsigned int)+0x5a
V  [libjvm.so+0x8c38aa]  VM_ParallelGCFailedAllocation::doit()+0x7a
V  [libjvm.so+0x8ccac7]  VM_Operation::evaluate()+0x47
V  [libjvm.so+0x8caba3]  VMThread::evaluate_operation(VM_Operation*)+0xb3
V  [libjvm.so+0x8caf40]  VMThread::loop()+0x1b0
V  [libjvm.so+0x8cb3a5]  VMThread::run()+0x85
V  [libjvm.so+0x749159]  java_start(Thread*)+0x119
C  [libpthread.so.0+0x6d4c]  start_thread+0xcc

VM_Operation (0xb66b8c2c): ParallelGCFailedAllocation, mode: safepoint, requested by thread 0xb6507c00


---------------  P R O C E S S  ---------------

Java Threads: ( => current thread )
  0x63baa000 JavaThread "Service Thread" daemon [_thread_blocked, id=14846, stack(0x633ad000,0x633fe000)]
  0x63ba6c00 JavaThread "C1 CompilerThread2" daemon [_thread_blocked, id=14845, stack(0x633fe000,0x6347f000)]
  0x63ba5800 JavaThread "C2 CompilerThread1" daemon [_thread_blocked, id=14844, stack(0x6347f000,0x63500000)]
  0x63ba3800 JavaThread "C2 CompilerThread0" daemon [_thread_blocked, id=14843, stack(0x6382e000,0x638af000)]
  0x63ba2000 JavaThread "Signal Dispatcher" daemon [_thread_blocked, id=14842, stack(0x638af000,0x63900000)]
  0x63b85400 JavaThread "Finalizer" daemon [_thread_blocked, id=14841, stack(0x6682e000,0x6687f000)]
  0x63b83c00 JavaThread "Reference Handler" daemon [_thread_blocked, id=14840, stack(0x63a2e000,0x63a7f000)]
  0xb6507c00 JavaThread "main" [_thread_blocked, id=14834, stack(0xb6669000,0xb66ba000)]

Other Threads:
=>0x63b80800 VMThread [stack: 0x63a7f000,0x63b00000] [id=14839]
  0x63babc00 WatcherThread [stack: 0x6332c000,0x633ad000] [id=14847]

VM state:at safepoint (normal execution)

VM Mutex/Monitor currently owned by a thread:  ([mutex/lock_event])
[0xb65054d8] Threads_lock - owner thread: 0x63b80800
[0xb65058e8] Heap_lock - owner thread: 0xb6507c00

Heap:
 PSYoungGen      total 26624K, used 2037K [0x91ac0000, 0x936c0000, 0xa7000000)
  eden space 24576K, 0% used [0x91ac0000,0x91ac0000,0x932c0000)
  from space 2048K, 99% used [0x932c0000,0x934bd438,0x934c0000)
  to   space 2048K, 0% used [0x934c0000,0x934c0000,0x936c0000)
 ParOldGen       total 32768K, used 18366K [0x67000000, 0x69000000, 0x91ac0000)
  object space 32768K, 56% used [0x67000000,0x681efba8,0x69000000)
 Metaspace       used 4707K, capacity 4742K, committed 4760K, reserved 5424K

Card table byte_map: [0x66dff000,0x67000000] byte_map_base: 0x66ac7000

Marking Bits: (ParMarkBitMap*) 0xb70d66e0
 Begin Bits: [0x64700000, 0x65700000)
 End Bits:   [0x65700000, 0x66700000)

Polling page: 0xb76d4000

CodeCache: size=245760Kb used=4274Kb max_used=4274Kb free=241485Kb
 bounds [0xa74cd000, 0xa7905000, 0xb64cd000]
 total_blobs=1910 nmethods=1734 adapters=90
 compilation: enabled

Compilation events (10 events):
Event: 3.353 Thread 0x63ba6c00 1788       3       com.android.dx.io.instructions.InstructionCodec$34::encode (192 bytes)
Event: 3.356 Thread 0x63ba6c00 nmethod 1788 0xa78fb5c8 code [0xa78fb900, 0xa78fda14]
Event: 3.356 Thread 0x63ba6c00 1789       3       com.android.dx.io.instructions.FillArrayDataPayloadDecodedInstruction::getElementWidthUnit (6 bytes)
Event: 3.356 Thread 0x63ba6c00 nmethod 1789 0xa78ec488 code [0xa78ec5a0, 0xa78ec680]
Event: 3.357 Thread 0x63ba6c00 1790       3       com.android.dex.Dex$Section::readTries (66 bytes)
Event: 3.357 Thread 0x63ba6c00 nmethod 1790 0xa78ed948 code [0xa78edb00, 0xa78ee4d0]
Event: 3.358 Thread 0x63ba6c00 1791       3       com.android.dx.io.instructions.InstructionCodec::access$1700 (5 bytes)
Event: 3.358 Thread 0x63ba6c00 nmethod 1791 0xa78e9848 code [0xa78e9980, 0xa78e9b4c]
Event: 3.358 Thread 0x63ba6c00 1792       3       com.android.dx.io.instructions.InstructionCodec::asUnsignedUnit (20 bytes)
Event: 3.358 Thread 0x63ba6c00 nmethod 1792 0xa78ed588 code [0xa78ed6c0, 0xa78ed82c]

GC Heap History (9 events):
Event: 1.638 GC heap before
{Heap before GC invocations=1 (full 0):
 PSYoungGen      total 14336K, used 12288K [0x91ac0000, 0x92ac0000, 0xa7000000)
  eden space 12288K, 100% used [0x91ac0000,0x926c0000,0x926c0000)
  from space 2048K, 0% used [0x928c0000,0x928c0000,0x92ac0000)
  to   space 2048K, 0% used [0x926c0000,0x926c0000,0x928c0000)
 ParOldGen       total 32768K, used 0K [0x67000000, 0x69000000, 0x91ac0000)
  object space 32768K, 0% used [0x67000000,0x67000000,0x69000000)
 Metaspace       used 3526K, capacity 3582K, committed 3608K, reserved 4400K
Event: 1.652 GC heap after
Heap after GC invocations=1 (full 0):
 PSYoungGen      total 14336K, used 2044K [0x91ac0000, 0x92ac0000, 0xa7000000)
  eden space 12288K, 0% used [0x91ac0000,0x91ac0000,0x926c0000)
  from space 2048K, 99% used [0x926c0000,0x928bf1b8,0x928c0000)
  to   space 2048K, 0% used [0x928c0000,0x928c0000,0x92ac0000)
 ParOldGen       total 32768K, used 1605K [0x67000000, 0x69000000, 0x91ac0000)
  object space 32768K, 4% used [0x67000000,0x67191680,0x69000000)
 Metaspace       used 3526K, capacity 3582K, committed 3608K, reserved 4400K
}
Event: 2.251 GC heap before
{Heap before GC invocations=2 (full 0):
 PSYoungGen      total 14336K, used 14332K [0x91ac0000, 0x92ac0000, 0xa7000000)
  eden space 12288K, 100% used [0x91ac0000,0x926c0000,0x926c0000)
  from space 2048K, 99% used [0x926c0000,0x928bf1b8,0x928c0000)
  to   space 2048K, 0% used [0x928c0000,0x928c0000,0x92ac0000)
 ParOldGen       total 32768K, used 1605K [0x67000000, 0x69000000, 0x91ac0000)
  object space 32768K, 4% used [0x67000000,0x67191680,0x69000000)
 Metaspace       used 3835K, capacity 3846K, committed 3864K, reserved 4400K
Event: 2.261 GC heap after
Heap after GC invocations=2 (full 0):
 PSYoungGen      total 14336K, used 2036K [0x91ac0000, 0x936c0000, 0xa7000000)
  eden space 12288K, 0% used [0x91ac0000,0x91ac0000,0x926c0000)
  from space 2048K, 99% used [0x928c0000,0x92abd208,0x92ac0000)
  to   space 2048K, 0% used [0x926c0000,0x926c0000,0x928c0000)
 ParOldGen       total 32768K, used 3976K [0x67000000, 0x69000000, 0x91ac0000)
  object space 32768K, 12% used [0x67000000,0x673e20a0,0x69000000)
 Metaspace       used 3835K, capacity 3846K, committed 3864K, reserved 4400K
}
Event: 3.036 GC heap before
{Heap before GC invocations=3 (full 0):
 PSYoungGen      total 14336K, used 14324K [0x91ac0000, 0x936c0000, 0xa7000000)
  eden space 12288K, 100% used [0x91ac0000,0x926c0000,0x926c0000)
  from space 2048K, 99% used [0x928c0000,0x92abd208,0x92ac0000)
  to   space 2048K, 0% used [0x926c0000,0x926c0000,0x928c0000)
 ParOldGen       total 32768K, used 3976K [0x67000000, 0x69000000, 0x91ac0000)
  object space 32768K, 12% used [0x67000000,0x673e20a0,0x69000000)
 Metaspace       used 4667K, capacity 4678K, committed 4760K, reserved 5424K
Event: 3.050 GC heap after
Heap after GC invocations=3 (full 0):
 PSYoungGen      total 14336K, used 2035K [0x91ac0000, 0x936c0000, 0xa7000000)
  eden space 12288K, 0% used [0x91ac0000,0x91ac0000,0x926c0000)
  from space 2048K, 99% used [0x926c0000,0x928bcdc0,0x928c0000)
  to   space 2048K, 0% used [0x934c0000,0x934c0000,0x936c0000)
 ParOldGen       total 32768K, used 8299K [0x67000000, 0x69000000, 0x91ac0000)
  object space 32768K, 25% used [0x67000000,0x6781af20,0x69000000)
 Metaspace       used 4667K, capacity 4678K, committed 4760K, reserved 5424K
}
Event: 3.202 GC heap before
{Heap before GC invocations=4 (full 0):
 PSYoungGen      total 14336K, used 13264K [0x91ac0000, 0x936c0000, 0xa7000000)
  eden space 12288K, 91% used [0x91ac0000,0x925b7628,0x926c0000)
  from space 2048K, 99% used [0x926c0000,0x928bcdc0,0x928c0000)
  to   space 2048K, 0% used [0x934c0000,0x934c0000,0x936c0000)
 ParOldGen       total 32768K, used 8299K [0x67000000, 0x69000000, 0x91ac0000)
  object space 32768K, 25% used [0x67000000,0x6781af20,0x69000000)
 Metaspace       used 4687K, capacity 4710K, committed 4760K, reserved 5424K
Event: 3.214 GC heap after
Heap after GC invocations=4 (full 0):
 PSYoungGen      total 26624K, used 2045K [0x91ac0000, 0x936c0000, 0xa7000000)
  eden space 24576K, 0% used [0x91ac0000,0x91ac0000,0x932c0000)
  from space 2048K, 99% used [0x934c0000,0x936bf428,0x936c0000)
  to   space 2048K, 0% used [0x932c0000,0x932c0000,0x934c0000)
 ParOldGen       total 32768K, used 11234K [0x67000000, 0x69000000, 0x91ac0000)
  object space 32768K, 34% used [0x67000000,0x67af8830,0x69000000)
 Metaspace       used 4687K, capacity 4710K, committed 4760K, reserved 5424K
}
Event: 3.393 GC heap before
{Heap before GC invocations=5 (full 0):
 PSYoungGen      total 26624K, used 25359K [0x91ac0000, 0x936c0000, 0xa7000000)
  eden space 24576K, 94% used [0x91ac0000,0x93184b20,0x932c0000)
  from space 2048K, 99% used [0x934c0000,0x936bf428,0x936c0000)
  to   space 2048K, 0% used [0x932c0000,0x932c0000,0x934c0000)
 ParOldGen       total 32768K, used 11234K [0x67000000, 0x69000000, 0x91ac0000)
  object space 32768K, 34% used [0x67000000,0x67af8830,0x69000000)
 Metaspace       used 4707K, capacity 4742K, committed 4760K, reserved 5424K

Deoptimization events (10 events):
Event: 2.395 Thread 0xb6507c00 Uncommon trap: reason=class_check action=maybe_recompile pc=0xa7736748 method=java.util.HashMap.putVal(ILjava/lang/Object;Ljava/lang/Object;ZZ)Ljava/lang/Object; @ 152
Event: 2.551 Thread 0xb6507c00 Uncommon trap: reason=class_check action=maybe_recompile pc=0xa778757c method=com.android.dex.Leb128.writeUnsignedLeb128(Lcom/android/dex/util/ByteOutput;I)V @ 40
Event: 2.552 Thread 0xb6507c00 Uncommon trap: reason=class_check action=maybe_recompile pc=0xa778757c method=com.android.dex.Leb128.writeUnsignedLeb128(Lcom/android/dex/util/ByteOutput;I)V @ 40
Event: 2.552 Thread 0xb6507c00 Uncommon trap: reason=class_check action=maybe_recompile pc=0xa778757c method=com.android.dex.Leb128.writeUnsignedLeb128(Lcom/android/dex/util/ByteOutput;I)V @ 40
Event: 2.552 Thread 0xb6507c00 Uncommon trap: reason=class_check action=maybe_recompile pc=0xa778757c method=com.android.dex.Leb128.writeUnsignedLeb128(Lcom/android/dex/util/ByteOutput;I)V @ 40
Event: 2.604 Thread 0xb6507c00 Uncommon trap: reason=unstable_if action=reinterpret pc=0xa7788954 method=java.util.HashMap.putVal(ILjava/lang/Object;Ljava/lang/Object;ZZ)Ljava/lang/Object; @ 162
Event: 2.615 Thread 0xb6507c00 Uncommon trap: reason=predicate action=maybe_recompile pc=0xa77c75ec method=com.android.dex.Leb128.writeUnsignedLeb128(Lcom/android/dex/util/ByteOutput;I)V @ 9
Event: 2.616 Thread 0xb6507c00 Uncommon trap: reason=unstable_if action=reinterpret pc=0xa7724a90 method=java.util.HashMap.getNode(ILjava/lang/Object;)Ljava/util/HashMap$Node; @ 84
Event: 2.920 Thread 0xb6507c00 Uncommon trap: reason=predicate action=maybe_recompile pc=0xa7813560 method=com.android.dex.Leb128.readUnsignedLeb128(Lcom/android/dex/util/ByteInput;)I @ 41
Event: 2.923 Thread 0xb6507c00 Uncommon trap: reason=unstable_if action=reinterpret pc=0xa77f09c0 method=java.util.HashMap.putVal(ILjava/lang/Object;Ljava/lang/Object;ZZ)Ljava/lang/Object; @ 109

Internal exceptions (2 events):
Event: 0.494 Thread 0xb6507c00 Exception <a 'java/lang/NoSuchMethodError': Method sun.misc.Unsafe.defineClass(Ljava/lang/String;[BII)Ljava/lang/Class; name or signature does not match> (0x91ad0400) thrown at [/RE-WORK/workspace/8-2-build-linux-i586/jdk8u40/2855/hotspot/src/share/vm/pri
Event: 0.494 Thread 0xb6507c00 Exception <a 'java/lang/NoSuchMethodError': Method sun.misc.Unsafe.prefetchRead(Ljava/lang/Object;J)V name or signature does not match> (0x91ad0680) thrown at [/RE-WORK/workspace/8-2-build-linux-i586/jdk8u40/2855/hotspot/src/share/vm/prims/jni.cpp, line 3

Events (10 events):
Event: 3.283 Thread 0xb6507c00 DEOPT UNPACKING pc=0xa7509590 sp=0xb66b89e8 mode 0
Event: 3.286 Thread 0xb6507c00 DEOPT PACKING pc=0xa782aaab sp=0xb66b8b50
Event: 3.286 Thread 0xb6507c00 DEOPT UNPACKING pc=0xa7509590 sp=0xb66b89e8 mode 0
Event: 3.289 Thread 0xb6507c00 DEOPT PACKING pc=0xa782aaab sp=0xb66b8b50
Event: 3.289 Thread 0xb6507c00 DEOPT UNPACKING pc=0xa7509590 sp=0xb66b89e8 mode 0
Event: 3.293 Thread 0xb6507c00 DEOPT PACKING pc=0xa782aaab sp=0xb66b8b50
Event: 3.293 Thread 0xb6507c00 DEOPT UNPACKING pc=0xa7509590 sp=0xb66b89e8 mode 0
Event: 3.295 Thread 0xb6507c00 DEOPT PACKING pc=0xa782aaab sp=0xb66b8b50
Event: 3.295 Thread 0xb6507c00 DEOPT UNPACKING pc=0xa7509590 sp=0xb66b89e8 mode 0
Event: 3.393 Executing VM operation: ParallelGCFailedAllocation


Dynamic libraries:
08048000-08049000 r-xp 00000000 08:08 3559203    /usr/lib/jvm/java-8-oracle/bin/java
08049000-0804a000 rw-p 00000000 08:08 3559203    /usr/lib/jvm/java-8-oracle/bin/java
084c4000-084e5000 rw-p 00000000 00:00 0          [heap]
62400000-624fa000 rw-p 00000000 00:00 0 
624fa000-62500000 ---p 00000000 00:00 0 
62600000-626e9000 rw-p 00000000 00:00 0 
626e9000-62700000 ---p 00000000 00:00 0 
62800000-628f7000 rw-p 00000000 00:00 0 
628f7000-62900000 ---p 00000000 00:00 0 
62a00000-62a9e000 rw-p 00000000 00:00 0 
62a9e000-62b00000 ---p 00000000 00:00 0 
62b00000-62bf5000 rw-p 00000000 00:00 0 
62bf5000-62c00000 ---p 00000000 00:00 0 
62c00000-62c60000 rw-p 00000000 00:00 0 
62c60000-62d00000 ---p 00000000 00:00 0 
62d00000-62df9000 rw-p 00000000 00:00 0 
62df9000-62e00000 ---p 00000000 00:00 0 
62e00000-62ee1000 rw-p 00000000 00:00 0 
62ee1000-62f00000 ---p 00000000 00:00 0 
62f00000-62ffe000 rw-p 00000000 00:00 0 
62ffe000-63000000 ---p 00000000 00:00 0 
6306b000-6306e000 ---p 00000000 00:00 0 
6306e000-630bc000 rw-p 00000000 00:00 0 
630bc000-630bf000 ---p 00000000 00:00 0 
630bf000-6310d000 rw-p 00000000 00:00 0 
6310d000-63110000 ---p 00000000 00:00 0 
63110000-6315e000 rw-p 00000000 00:00 0 
6315e000-63161000 ---p 00000000 00:00 0 
63161000-631af000 rw-p 00000000 00:00 0 
631af000-631b2000 ---p 00000000 00:00 0 
631b2000-63200000 rw-p 00000000 00:00 0 
63200000-6328d000 rw-p 00000000 00:00 0 
6328d000-63300000 ---p 00000000 00:00 0 
6332c000-6332d000 ---p 00000000 00:00 0 
6332d000-633ad000 rw-p 00000000 00:00 0 
633ad000-633b0000 ---p 00000000 00:00 0 
633b0000-633fe000 rw-p 00000000 00:00 0 
633fe000-63401000 ---p 00000000 00:00 0 
63401000-6347f000 rw-p 00000000 00:00 0 
6347f000-63482000 ---p 00000000 00:00 0 
63482000-63500000 rw-p 00000000 00:00 0 
63500000-63700000 r--p 00000000 08:08 3546503    /usr/lib/locale/locale-archive
63700000-63721000 rw-p 00000000 00:00 0 
63721000-63800000 ---p 00000000 00:00 0 
6382e000-63831000 ---p 00000000 00:00 0 
63831000-638af000 rw-p 00000000 00:00 0 
638af000-638b2000 ---p 00000000 00:00 0 
638b2000-63900000 rw-p 00000000 00:00 0 
63900000-639fc000 rw-p 00000000 00:00 0 
639fc000-63a00000 ---p 00000000 00:00 0 
63a2e000-63a31000 ---p 00000000 00:00 0 
63a31000-63a7f000 rw-p 00000000 00:00 0 
63a7f000-63a80000 ---p 00000000 00:00 0 
63a80000-63b00000 rw-p 00000000 00:00 0 
63b00000-63bf9000 rw-p 00000000 00:00 0 
63bf9000-63c00000 ---p 00000000 00:00 0 
63c32000-63c81000 rw-p 00000000 00:00 0 
63c81000-63e59000 r--s 03d09000 08:08 3674159    /usr/lib/jvm/java-8-oracle/jre/lib/rt.jar
63e59000-642fa000 rw-p 00000000 00:00 0 
642fa000-64300000 ---p 00000000 00:00 0 
64300000-66700000 rw-p 00000000 00:00 0 
66700000-667fc000 rw-p 00000000 00:00 0 
667fc000-66800000 ---p 00000000 00:00 0 
6682e000-66831000 ---p 00000000 00:00 0 
66831000-6687f000 rw-p 00000000 00:00 0 
6687f000-66880000 ---p 00000000 00:00 0 
66880000-66900000 rw-p 00000000 00:00 0 
66900000-66921000 rw-p 00000000 00:00 0 
66921000-66a00000 ---p 00000000 00:00 0 
66a00000-66aff000 rw-p 00000000 00:00 0 
66aff000-66b00000 ---p 00000000 00:00 0 
66b00000-66b21000 rw-p 00000000 00:00 0 
66b21000-66c00000 ---p 00000000 00:00 0 
66c10000-66c28000 rw-p 00000000 00:00 0 
66c28000-66c29000 ---p 00000000 00:00 0 
66c29000-66cb9000 rw-p 00000000 00:00 0 
66cb9000-66dff000 ---p 00000000 00:00 0 
66dff000-66e0f000 rw-p 00000000 00:00 0 
66e0f000-66f54000 ---p 00000000 00:00 0 
66f54000-66f63000 rw-p 00000000 00:00 0 
66f63000-66fff000 ---p 00000000 00:00 0 
66fff000-69000000 rw-p 00000000 00:00 0 
69000000-91ac0000 ---p 00000000 00:00 0 
91ac0000-936c0000 rw-p 00000000 00:00 0 
9561b000-9561c000 rw-p 00000000 00:00 0 
95cc0000-a7000000 ---p 00000000 00:00 0 
a700b000-a700c000 ---p 00000000 00:00 0 
a700c000-a708c000 rw-p 00000000 00:00 0 
a708c000-a708d000 ---p 00000000 00:00 0 
a708d000-a711e000 rw-p 00000000 00:00 0 
a711e000-a74cd000 ---p 00000000 00:00 0 
a74cd000-a7905000 rwxp 00000000 00:00 0 
a7905000-b64cd000 ---p 00000000 00:00 0 
b64cd000-b64e6000 r-xp 00000000 08:08 3674191    /usr/lib/jvm/java-8-oracle/jre/lib/i386/libzip.so
b64e6000-b64e7000 rw-p 00018000 08:08 3674191    /usr/lib/jvm/java-8-oracle/jre/lib/i386/libzip.so
b64e7000-b64f2000 r-xp 00000000 08:08 1576743    /lib/i386-linux-gnu/libnss_files-2.15.so
b64f2000-b64f3000 r--p 0000a000 08:08 1576743    /lib/i386-linux-gnu/libnss_files-2.15.so
b64f3000-b64f4000 rw-p 0000b000 08:08 1576743    /lib/i386-linux-gnu/libnss_files-2.15.so
b64f4000-b64fe000 r-xp 00000000 08:08 1578363    /lib/i386-linux-gnu/libnss_nis-2.15.so
b64fe000-b64ff000 r--p 00009000 08:08 1578363    /lib/i386-linux-gnu/libnss_nis-2.15.so
b64ff000-b6500000 rw-p 0000a000 08:08 1578363    /lib/i386-linux-gnu/libnss_nis-2.15.so
b6500000-b65fc000 rw-p 00000000 00:00 0 
b65fc000-b6600000 ---p 00000000 00:00 0 
b6602000-b6618000 r-xp 00000000 08:08 1572929    /lib/i386-linux-gnu/libnsl-2.15.so
b6618000-b6619000 r--p 00015000 08:08 1572929    /lib/i386-linux-gnu/libnsl-2.15.so
b6619000-b661a000 rw-p 00016000 08:08 1572929    /lib/i386-linux-gnu/libnsl-2.15.so
b661a000-b661c000 rw-p 00000000 00:00 0 
b661c000-b6623000 r-xp 00000000 08:08 1576746    /lib/i386-linux-gnu/libnss_compat-2.15.so
b6623000-b6624000 r--p 00006000 08:08 1576746    /lib/i386-linux-gnu/libnss_compat-2.15.so
b6624000-b6625000 rw-p 00007000 08:08 1576746    /lib/i386-linux-gnu/libnss_compat-2.15.so
b6625000-b6626000 rw-p 00000000 00:00 0 
b6626000-b662b000 r--s 00094000 08:08 3674106    /usr/lib/jvm/java-8-oracle/jre/lib/jsse.jar
b662b000-b663a000 r--s 000df000 08:07 2104235    /home/terry/android-sdk-linux/build-tools/23.0.0_rc2/lib/dx.jar
b663a000-b663b000 r--p 005e0000 08:08 3546503    /usr/lib/locale/locale-archive
b663b000-b665f000 r-xp 00000000 08:08 3675440    /usr/lib/jvm/java-8-oracle/jre/lib/i386/libjava.so
b665f000-b6660000 rw-p 00023000 08:08 3675440    /usr/lib/jvm/java-8-oracle/jre/lib/i386/libjava.so
b6660000-b6667000 r-xp 00000000 08:08 1578362    /lib/i386-linux-gnu/librt-2.15.so
b6667000-b6668000 r--p 00006000 08:08 1578362    /lib/i386-linux-gnu/librt-2.15.so
b6668000-b6669000 rw-p 00007000 08:08 1578362    /lib/i386-linux-gnu/librt-2.15.so
b6669000-b666c000 ---p 00000000 00:00 0 
b666c000-b66ba000 rw-p 00000000 00:00 0 
b66ba000-b66e4000 r-xp 00000000 08:08 1576745    /lib/i386-linux-gnu/libm-2.15.so
b66e4000-b66e5000 r--p 00029000 08:08 1576745    /lib/i386-linux-gnu/libm-2.15.so
b66e5000-b66e6000 rw-p 0002a000 08:08 1576745    /lib/i386-linux-gnu/libm-2.15.so
b66e6000-b7059000 r-xp 00000000 08:08 3675420    /usr/lib/jvm/java-8-oracle/jre/lib/i386/server/libjvm.so
b7059000-b70c5000 rw-p 00973000 08:08 3675420    /usr/lib/jvm/java-8-oracle/jre/lib/i386/server/libjvm.so
b70c5000-b74eb000 rw-p 00000000 00:00 0 
b74eb000-b768f000 r-xp 00000000 08:08 1572994    /lib/i386-linux-gnu/libc-2.15.so
b768f000-b7691000 r--p 001a4000 08:08 1572994    /lib/i386-linux-gnu/libc-2.15.so
b7691000-b7692000 rw-p 001a6000 08:08 1572994    /lib/i386-linux-gnu/libc-2.15.so
b7692000-b7695000 rw-p 00000000 00:00 0 
b7695000-b7698000 r-xp 00000000 08:08 1573949    /lib/i386-linux-gnu/libdl-2.15.so
b7698000-b7699000 r--p 00002000 08:08 1573949    /lib/i386-linux-gnu/libdl-2.15.so
b7699000-b769a000 rw-p 00003000 08:08 1573949    /lib/i386-linux-gnu/libdl-2.15.so
b769a000-b76ae000 r-xp 00000000 08:08 3559313    /usr/lib/jvm/java-8-oracle/lib/i386/jli/libjli.so
b76ae000-b76af000 rw-p 00014000 08:08 3559313    /usr/lib/jvm/java-8-oracle/lib/i386/jli/libjli.so
b76af000-b76b0000 rw-p 00000000 00:00 0 
b76b0000-b76c7000 r-xp 00000000 08:08 1576744    /lib/i386-linux-gnu/libpthread-2.15.so
b76c7000-b76c8000 r--p 00016000 08:08 1576744    /lib/i386-linux-gnu/libpthread-2.15.so
b76c8000-b76c9000 rw-p 00017000 08:08 1576744    /lib/i386-linux-gnu/libpthread-2.15.so
b76c9000-b76cb000 rw-p 00000000 00:00 0 
b76cb000-b76d3000 rw-s 00000000 08:08 921691     /tmp/hsperfdata_terry/14829
b76d3000-b76d4000 rw-p 00000000 00:00 0 
b76d4000-b76d5000 ---p 00000000 00:00 0 
b76d5000-b76e0000 r-xp 00000000 08:08 3675434    /usr/lib/jvm/java-8-oracle/jre/lib/i386/libverify.so
b76e0000-b76e1000 rw-p 0000b000 08:08 3675434    /usr/lib/jvm/java-8-oracle/jre/lib/i386/libverify.so
b76e1000-b76e3000 rw-p 00000000 00:00 0 
b76e3000-b76e4000 r-xp 00000000 00:00 0          [vdso]
b76e4000-b7704000 r-xp 00000000 08:08 1578361    /lib/i386-linux-gnu/ld-2.15.so
b7704000-b7705000 r--p 0001f000 08:08 1578361    /lib/i386-linux-gnu/ld-2.15.so
b7705000-b7706000 rw-p 00020000 08:08 1578361    /lib/i386-linux-gnu/ld-2.15.so
bfc82000-bfc83000 rwxp 00000000 00:00 0 
bfcb4000-bfcd6000 rw-p 00000000 00:00 0          [stack]

VM Arguments:
jvm_args: -Xmx1024M -Dfile.encoding=UTF-8 -Duser.country=US -Duser.language=en -Duser.variant 
java_command: com.android.dx.command.Main --dex --num-threads=4 --output /home/terry/Android_terryspace/JavaDesignPattern/app/build/intermediates/dex/debug /home/terry/Android_terryspace/JavaDesignPattern/app/build/intermediates/classes/debug /home/terry/Android_terryspace/JavaDesignPattern/app/build/intermediates/pre-dexed/debug/support-annotations-22.2.0-25af2d6c49047be0514a6f5fd88ffadcae55b0b1.jar /home/terry/Android_terryspace/JavaDesignPattern/app/build/intermediates/pre-dexed/debug/classes-503cf9daa522532ef3ad0f822bbd8ac51e50564d.jar /home/terry/Android_terryspace/JavaDesignPattern/app/build/intermediates/pre-dexed/debug/internal_impl-22.2.0-4656da89de8aafccd36ea6f41ff8c32565fb1836.jar /home/terry/Android_terryspace/JavaDesignPattern/app/build/intermediates/pre-dexed/debug/classes-8e4976d4ab22de8002042edd164bf9e0dc8ade59.jar /home/terry/Android_terryspace/JavaDesignPattern/app/build/intermediates/pre-dexed/debug/classes-da4545861d9d54ce70726f451574b7693e5a662c.jar
java_class_path (initial): /home/terry/android-sdk-linux/build-tools/23.0.0_rc2/lib/dx.jar
Launcher Type: SUN_STANDARD

Environment Variables:
CLASSPATH=/home/terry/android-studio/bin/../lib/bootstrap.jar:/home/terry/android-studio/bin/../lib/extensions.jar:/home/terry/android-studio/bin/../lib/util.jar:/home/terry/android-studio/bin/../lib/jdom.jar:/home/terry/android-studio/bin/../lib/log4j.jar:/home/terry/android-studio/bin/../lib/trove4j.jar:/home/terry/android-studio/bin/../lib/jna.jar:/usr/lib/jvm/java-8-oracle/lib/tools.jar
PATH=/usr/lib/lightdm/lightdm:/usr/local/sbin:/usr/local/bin:/usr/sbin:/usr/bin:/sbin:/bin:/usr/games
LD_LIBRARY_PATH=/home/terry/android-studio/bin:
SHELL=/bin/bash
DISPLAY=:0.0

Signal Handlers:
SIGSEGV: [libjvm.so+0x8c2ab0], sa_mask[0]=11111111011111111101111111111110, sa_flags=SA_RESTART|SA_SIGINFO
SIGBUS: [libjvm.so+0x8c2ab0], sa_mask[0]=11111111011111111101111111111110, sa_flags=SA_RESTART|SA_SIGINFO
SIGFPE: [libjvm.so+0x7433e0], sa_mask[0]=11111111011111111101111111111110, sa_flags=SA_RESTART|SA_SIGINFO
SIGPIPE: [libjvm.so+0x7433e0], sa_mask[0]=11111111011111111101111111111110, sa_flags=SA_RESTART|SA_SIGINFO
SIGXFSZ: [libjvm.so+0x7433e0], sa_mask[0]=11111111011111111101111111111110, sa_flags=SA_RESTART|SA_SIGINFO
SIGILL: [libjvm.so+0x7433e0], sa_mask[0]=11111111011111111101111111111110, sa_flags=SA_RESTART|SA_SIGINFO
SIGUSR1: SIG_DFL, sa_mask[0]=00000000000000000000000000000000, sa_flags=none
SIGUSR2: [libjvm.so+0x744970], sa_mask[0]=00100000000000000000000000000000, sa_flags=SA_RESTART|SA_SIGINFO
SIGHUP: [libjvm.so+0x745e20], sa_mask[0]=11111111011111111101111111111110, sa_flags=SA_RESTART|SA_SIGINFO
SIGINT: SIG_IGN, sa_mask[0]=00000000000000000000000000000000, sa_flags=none
SIGTERM: [libjvm.so+0x745e20], sa_mask[0]=11111111011111111101111111111110, sa_flags=SA_RESTART|SA_SIGINFO
SIGQUIT: [libjvm.so+0x745e20], sa_mask[0]=11111111011111111101111111111110, sa_flags=SA_RESTART|SA_SIGINFO


---------------  S Y S T E M  ---------------

OS:DISTRIB_ID=Ubuntu
DISTRIB_RELEASE=12.04
DISTRIB_CODENAME=precise
DISTRIB_DESCRIPTION="Ubuntu 12.04.5 LTS"

uname:Linux 3.2.0-24-generic-pae #39-Ubuntu SMP Mon May 21 18:54:21 UTC 2012 i686
libc:glibc 2.15 NPTL 2.15 
rlimit: STACK 8192k, CORE 0k, NPROC 23509, NOFILE 4096, AS infinity
load average:6.55 2.58 1.84

/proc/meminfo:
MemTotal:        3023804 kB
MemFree:          125260 kB
Buffers:             240 kB
Cached:            93416 kB
SwapCached:            0 kB
Active:          2695960 kB
Inactive:          85920 kB
Active(anon):    2690740 kB
Inactive(anon):    31888 kB
Active(file):       5220 kB
Inactive(file):    54032 kB
Unevictable:          88 kB
Mlocked:              88 kB
HighTotal:       2157824 kB
HighFree:           1020 kB
LowTotal:         865980 kB
LowFree:          124240 kB
SwapTotal:             0 kB
SwapFree:              0 kB
Dirty:                32 kB
Writeback:            96 kB
AnonPages:       2688916 kB
Mapped:            53504 kB
Shmem:             33800 kB
Slab:              44348 kB
SReclaimable:      17556 kB
SUnreclaim:        26792 kB
KernelStack:        5840 kB
PageTables:        22040 kB
NFS_Unstable:          0 kB
Bounce:                0 kB
WritebackTmp:          0 kB
CommitLimit:     1511900 kB
Committed_AS:    6954132 kB
VmallocTotal:     122880 kB
VmallocUsed:       54180 kB
VmallocChunk:      35344 kB
HardwareCorrupted:     0 kB
AnonHugePages:         0 kB
HugePages_Total:       0
HugePages_Free:        0
HugePages_Rsvd:        0
HugePages_Surp:        0
Hugepagesize:       2048 kB
DirectMap4k:        8184 kB
DirectMap2M:      905216 kB


CPU:total 4 (2 cores per cpu, 2 threads per core) family 6 model 37 stepping 5, cmov, cx8, fxsr, mmx, sse, sse2, sse3, ssse3, sse4.1, sse4.2, popcnt, ht, tsc, tscinvbit

/proc/cpuinfo:
processor	: 0
vendor_id	: GenuineIntel
cpu family	: 6
model		: 37
model name	: Intel(R) Core(TM) i3 CPU       M 380  @ 2.53GHz
stepping	: 5
microcode	: 0x2
cpu MHz		: 1466.000
cache size	: 3072 KB
physical id	: 0
siblings	: 4
core id		: 0
cpu cores	: 2
apicid		: 0
initial apicid	: 0
fdiv_bug	: no
hlt_bug		: no
f00f_bug	: no
coma_bug	: no
fpu		: yes
fpu_exception	: yes
cpuid level	: 11
wp		: yes
flags		: fpu vme de pse tsc msr pae mce cx8 apic sep mtrr pge mca cmov pat pse36 clflush dts acpi mmx fxsr sse sse2 ss ht tm pbe nx rdtscp lm constant_tsc arch_perfmon pebs bts xtopology nonstop_tsc aperfmperf pni dtes64 monitor ds_cpl vmx est tm2 ssse3 cx16 xtpr pdcm pcid sse4_1 sse4_2 popcnt lahf_lm arat dts tpr_shadow vnmi flexpriority ept vpid
bogomips	: 5053.44
clflush size	: 64
cache_alignment	: 64
address sizes	: 36 bits physical, 48 bits virtual
power management:

processor	: 1
vendor_id	: GenuineIntel
cpu family	: 6
model		: 37
model name	: Intel(R) Core(TM) i3 CPU       M 380  @ 2.53GHz
stepping	: 5
microcode	: 0x2
cpu MHz		: 1466.000
cache size	: 3072 KB
physical id	: 0
siblings	: 4
core id		: 0
cpu cores	: 2
apicid		: 1
initial apicid	: 1
fdiv_bug	: no
hlt_bug		: no
f00f_bug	: no
coma_bug	: no
fpu		: yes
fpu_exception	: yes
cpuid level	: 11
wp		: yes
flags		: fpu vme de pse tsc msr pae mce cx8 apic sep mtrr pge mca cmov pat pse36 clflush dts acpi mmx fxsr sse sse2 ss ht tm pbe nx rdtscp lm constant_tsc arch_perfmon pebs bts xtopology nonstop_tsc aperfmperf pni dtes64 monitor ds_cpl vmx est tm2 ssse3 cx16 xtpr pdcm pcid sse4_1 sse4_2 popcnt lahf_lm arat dts tpr_shadow vnmi flexpriority ept vpid
bogomips	: 5053.86
clflush size	: 64
cache_alignment	: 64
address sizes	: 36 bits physical, 48 bits virtual
power management:

processor	: 2
vendor_id	: GenuineIntel
cpu family	: 6
model		: 37
model name	: Intel(R) Core(TM) i3 CPU       M 380  @ 2.53GHz
stepping	: 5
microcode	: 0x2
cpu MHz		: 1199.000
cache size	: 3072 KB
physical id	: 0
siblings	: 4
core id		: 2
cpu cores	: 2
apicid		: 4
initial apicid	: 4
fdiv_bug	: no
hlt_bug		: no
f00f_bug	: no
coma_bug	: no
fpu		: yes
fpu_exception	: yes
cpuid level	: 11
wp		: yes
flags		: fpu vme de pse tsc msr pae mce cx8 apic sep mtrr pge mca cmov pat pse36 clflush dts acpi mmx fxsr sse sse2 ss ht tm pbe nx rdtscp lm constant_tsc arch_perfmon pebs bts xtopology nonstop_tsc aperfmperf pni dtes64 monitor ds_cpl vmx est tm2 ssse3 cx16 xtpr pdcm pcid sse4_1 sse4_2 popcnt lahf_lm arat dts tpr_shadow vnmi flexpriority ept vpid
bogomips	: 5053.89
clflush size	: 64
cache_alignment	: 64
address sizes	: 36 bits physical, 48 bits virtual
power management:

processor	: 3
vendor_id	: GenuineIntel
cpu family	: 6
model		: 37
model name	: Intel(R) Core(TM) i3 CPU       M 380  @ 2.53GHz
stepping	: 5
microcode	: 0x2
cpu MHz		: 933.000
cache size	: 3072 KB
physical id	: 0
siblings	: 4
core id		: 2
cpu cores	: 2
apicid		: 5
initial apicid	: 5
fdiv_bug	: no
hlt_bug		: no
f00f_bug	: no
coma_bug	: no
fpu		: yes
fpu_exception	: yes
cpuid level	: 11
wp		: yes
flags		: fpu vme de pse tsc msr pae mce cx8 apic sep mtrr pge mca cmov pat pse36 clflush dts acpi mmx fxsr sse sse2 ss ht tm pbe nx rdtscp lm constant_tsc arch_perfmon pebs bts xtopology nonstop_tsc aperfmperf pni dtes64 monitor ds_cpl vmx est tm2 ssse3 cx16 xtpr pdcm pcid sse4_1 sse4_2 popcnt lahf_lm arat dts tpr_shadow vnmi flexpriority ept vpid
bogomips	: 5053.89
clflush size	: 64
cache_alignment	: 64
address sizes	: 36 bits physical, 48 bits virtual
power management:



Memory: 4k page, physical 3023804k(124512k free), swap 0k(0k free)

vm_info: Java HotSpot(TM) Server VM (25.40-b25) for linux-x86 JRE (1.8.0_40-b25), built on Feb 10 2015 22:05:45 by "java_re" with gcc 4.3.0 20080428 (Red Hat 4.3.0-8)

time: Thu Jul  9 22:45:45 2015
elapsed time: 18 seconds (0d 0h 0m 18s)

