#
# There is insufficient memory for the Java Runtime Environment to continue.
# Native memory allocation (mmap) failed to map 45613056 bytes for committing reserved memory.
# Possible reasons:
#   The system is out of physical RAM or swap space
#   In 32 bit mode, the process size limit was hit
# Possible solutions:
#   Reduce memory load on the system
#   Increase physical memory or swap space
#   Check if swap backing store is full
#   Use 64 bit Java on a 64 bit OS
#   Decrease Java heap size (-Xmx/-Xms)
#   Decrease number of Java threads
#   Decrease Java thread stack sizes (-Xss)
#   Set larger code cache with -XX:ReservedCodeCacheSize=
# This output file may be truncated or incomplete.
#
#  Out of Memory Error (os_linux.cpp:2673), pid=13329, tid=1672477504
#
# JRE version: Java(TM) SE Runtime Environment (8.0_40-b25) (build 1.8.0_40-b25)
# Java VM: Java HotSpot(TM) Server VM (25.40-b25 mixed mode linux-x86 )
# Failed to write core dump. Core dumps have been disabled. To enable core dumping, try "ulimit -c unlimited" before starting Java again
#

---------------  T H R E A D  ---------------

Current thread (0x63b80800):  VMThread [stack: 0x63a7f000,0x63b00000] [id=13339]

Stack: [0x63a7f000,0x63b00000],  sp=0x63afe7b0,  free space=509k
Native frames: (J=compiled Java code, j=interpreted, Vv=VM code, C=native code)
V  [libjvm.so+0x8c1fdf]  VMError::report_and_die()+0x16f
V  [libjvm.so+0x3864a5]  report_vm_out_of_memory(char const*, int, unsigned int, VMErrorType, char const*)+0x55
V  [libjvm.so+0x7468b6]  os::Linux::commit_memory_impl(char*, unsigned int, bool)+0xe6
V  [libjvm.so+0x746cd8]  os::pd_commit_memory(char*, unsigned int, unsigned int, bool)+0x28
V  [libjvm.so+0x7403fc]  os::commit_memory(char*, unsigned int, unsigned int, bool)+0x2c
V  [libjvm.so+0x7aa6a8]  PSVirtualSpace::expand_by(unsigned int)+0x48
V  [libjvm.so+0x7ab7aa]  PSYoungGen::resize_generation(unsigned int, unsigned int)+0xda
V  [libjvm.so+0x7aaad9]  PSYoungGen::resize(unsigned int, unsigned int)+0x19
V  [libjvm.so+0x7a83fd]  PSScavenge::invoke_no_policy()+0xd4d
V  [libjvm.so+0x7a8bc8]  PSScavenge::invoke()+0x28
V  [libjvm.so+0x767e9a]  ParallelScavengeHeap::failed_mem_allocate(unsigned int)+0x5a
V  [libjvm.so+0x8c38aa]  VM_ParallelGCFailedAllocation::doit()+0x7a
V  [libjvm.so+0x8ccac7]  VM_Operation::evaluate()+0x47
V  [libjvm.so+0x8caba3]  VMThread::evaluate_operation(VM_Operation*)+0xb3
V  [libjvm.so+0x8caf40]  VMThread::loop()+0x1b0
V  [libjvm.so+0x8cb3a5]  VMThread::run()+0x85
V  [libjvm.so+0x749159]  java_start(Thread*)+0x119
C  [libpthread.so.0+0x6d4c]  start_thread+0xcc

VM_Operation (0xb6791c2c): ParallelGCFailedAllocation, mode: safepoint, requested by thread 0xb6607c00


---------------  P R O C E S S  ---------------

Java Threads: ( => current thread )
  0x63baa000 JavaThread "Service Thread" daemon [_thread_blocked, id=13346, stack(0x6682e000,0x6687f000)]
  0x63ba6c00 JavaThread "C1 CompilerThread2" daemon [_thread_blocked, id=13345, stack(0x633fe000,0x6347f000)]
  0x63ba5800 JavaThread "C2 CompilerThread1" daemon [_thread_blocked, id=13344, stack(0x6347f000,0x63500000)]
  0x63ba3800 JavaThread "C2 CompilerThread0" daemon [_thread_blocked, id=13343, stack(0x6387f000,0x63900000)]
  0x63ba2000 JavaThread "Signal Dispatcher" daemon [_thread_blocked, id=13342, stack(0x66b2e000,0x66b7f000)]
  0x63b85400 JavaThread "Finalizer" daemon [_thread_blocked, id=13341, stack(0x66d15000,0x66d66000)]
  0x63b83c00 JavaThread "Reference Handler" daemon [_thread_blocked, id=13340, stack(0x63a2e000,0x63a7f000)]
  0xb6607c00 JavaThread "main" [_thread_blocked, id=13334, stack(0xb6742000,0xb6793000)]

Other Threads:
=>0x63b80800 VMThread [stack: 0x63a7f000,0x63b00000] [id=13339]
  0x63babc00 WatcherThread [stack: 0x6337d000,0x633fe000] [id=13347]

VM state:at safepoint (normal execution)

VM Mutex/Monitor currently owned by a thread:  ([mutex/lock_event])
[0xb66054d8] Threads_lock - owner thread: 0x63b80800
[0xb66058e8] Heap_lock - owner thread: 0xb6607c00

Heap:
 PSYoungGen      total 26624K, used 2034K [0x91ac0000, 0x936c0000, 0xa7000000)
  eden space 24576K, 0% used [0x91ac0000,0x91ac0000,0x932c0000)
  from space 2048K, 99% used [0x932c0000,0x934bca48,0x934c0000)
  to   space 2048K, 0% used [0x934c0000,0x934c0000,0x936c0000)
 ParOldGen       total 32768K, used 21248K [0x67000000, 0x69000000, 0x91ac0000)
  object space 32768K, 64% used [0x67000000,0x684c0278,0x69000000)
 Metaspace       used 4640K, capacity 4646K, committed 4760K, reserved 5424K

Card table byte_map: [0x66dff000,0x67000000] byte_map_base: 0x66ac7000

Marking Bits: (ParMarkBitMap*) 0xb71af6e0
 Begin Bits: [0x64700000, 0x65700000)
 End Bits:   [0x65700000, 0x66700000)

Polling page: 0xb77ad000

CodeCache: size=245760Kb used=3598Kb max_used=3610Kb free=242161Kb
 bounds [0xa75a0000, 0xa7930000, 0xb65a0000]
 total_blobs=1752 nmethods=1576 adapters=90
 compilation: enabled

Compilation events (10 events):
Event: 3.862 Thread 0x63ba3800 nmethod 1595 0xa79241c8 code [0xa79242e0, 0xa79244f0]
Event: 3.862 Thread 0x63ba3800 1597       4       com.android.dx.io.instructions.InstructionCodec$18::encode (29 bytes)
Event: 3.865 Thread 0x63ba3800 nmethod 1597 0xa7923b88 code [0xa7923ca0, 0xa7923ed0]
Event: 3.865 Thread 0x63ba3800 1565       4       com.android.dx.io.instructions.OneRegisterDecodedInstruction::<init> (20 bytes)
Event: 3.866 Thread 0x63ba5800 nmethod 1588 0xa791f708 code [0xa791f860, 0xa791fe50]
Event: 3.866 Thread 0x63ba5800 1596       4       com.android.dx.io.instructions.InstructionCodec$18::decode (51 bytes)
Event: 3.867 Thread 0x63ba3800 nmethod 1565 0xa791b3c8 code [0xa791b4c0, 0xa791b5f0]
Event: 3.867 Thread 0x63ba3800 1564       4       com.android.dex.Dex$Section::readCode (136 bytes)
Event: 3.870 Thread 0x63ba5800 nmethod 1596 0xa791f188 code [0xa791f2a0, 0xa791f4d0]
Event: 3.870 Thread 0x63ba5800 1568       4       com.android.dx.merge.DexMerger::transformCode (252 bytes)

GC Heap History (9 events):
Event: 2.711 GC heap before
{Heap before GC invocations=1 (full 0):
 PSYoungGen      total 14336K, used 12288K [0x91ac0000, 0x92ac0000, 0xa7000000)
  eden space 12288K, 100% used [0x91ac0000,0x926c0000,0x926c0000)
  from space 2048K, 0% used [0x928c0000,0x928c0000,0x92ac0000)
  to   space 2048K, 0% used [0x926c0000,0x926c0000,0x928c0000)
 ParOldGen       total 32768K, used 0K [0x67000000, 0x69000000, 0x91ac0000)
  object space 32768K, 0% used [0x67000000,0x67000000,0x69000000)
 Metaspace       used 3511K, capacity 3582K, committed 3608K, reserved 4400K
Event: 2.718 GC heap after
Heap after GC invocations=1 (full 0):
 PSYoungGen      total 14336K, used 2042K [0x91ac0000, 0x92ac0000, 0xa7000000)
  eden space 12288K, 0% used [0x91ac0000,0x91ac0000,0x926c0000)
  from space 2048K, 99% used [0x926c0000,0x928be870,0x928c0000)
  to   space 2048K, 0% used [0x928c0000,0x928c0000,0x92ac0000)
 ParOldGen       total 32768K, used 1816K [0x67000000, 0x69000000, 0x91ac0000)
  object space 32768K, 5% used [0x67000000,0x671c62a0,0x69000000)
 Metaspace       used 3511K, capacity 3582K, committed 3608K, reserved 4400K
}
Event: 3.177 GC heap before
{Heap before GC invocations=2 (full 0):
 PSYoungGen      total 14336K, used 14330K [0x91ac0000, 0x92ac0000, 0xa7000000)
  eden space 12288K, 100% used [0x91ac0000,0x926c0000,0x926c0000)
  from space 2048K, 99% used [0x926c0000,0x928be870,0x928c0000)
  to   space 2048K, 0% used [0x928c0000,0x928c0000,0x92ac0000)
 ParOldGen       total 32768K, used 1816K [0x67000000, 0x69000000, 0x91ac0000)
  object space 32768K, 5% used [0x67000000,0x671c62a0,0x69000000)
 Metaspace       used 4112K, capacity 4134K, committed 4248K, reserved 4400K
Event: 3.183 GC heap after
Heap after GC invocations=2 (full 0):
 PSYoungGen      total 14336K, used 2036K [0x91ac0000, 0x92ac0000, 0xa7000000)
  eden space 12288K, 0% used [0x91ac0000,0x91ac0000,0x926c0000)
  from space 2048K, 99% used [0x928c0000,0x92abd3d0,0x92ac0000)
  to   space 2048K, 0% used [0x926c0000,0x926c0000,0x928c0000)
 ParOldGen       total 32768K, used 4337K [0x67000000, 0x69000000, 0x91ac0000)
  object space 32768K, 13% used [0x67000000,0x6743c690,0x69000000)
 Metaspace       used 4112K, capacity 4134K, committed 4248K, reserved 4400K
}
Event: 3.513 GC heap before
{Heap before GC invocations=3 (full 0):
 PSYoungGen      total 14336K, used 14324K [0x91ac0000, 0x92ac0000, 0xa7000000)
  eden space 12288K, 100% used [0x91ac0000,0x926c0000,0x926c0000)
  from space 2048K, 99% used [0x928c0000,0x92abd3d0,0x92ac0000)
  to   space 2048K, 0% used [0x926c0000,0x926c0000,0x928c0000)
 ParOldGen       total 32768K, used 4337K [0x67000000, 0x69000000, 0x91ac0000)
  object space 32768K, 13% used [0x67000000,0x6743c690,0x69000000)
 Metaspace       used 4605K, capacity 4646K, committed 4760K, reserved 5424K
Event: 3.522 GC heap after
Heap after GC invocations=3 (full 0):
 PSYoungGen      total 14336K, used 2035K [0x91ac0000, 0x936c0000, 0xa7000000)
  eden space 12288K, 0% used [0x91ac0000,0x91ac0000,0x926c0000)
  from space 2048K, 99% used [0x926c0000,0x928bcd80,0x928c0000)
  to   space 2048K, 0% used [0x934c0000,0x934c0000,0x936c0000)
 ParOldGen       total 32768K, used 9691K [0x67000000, 0x69000000, 0x91ac0000)
  object space 32768K, 29% used [0x67000000,0x67976f30,0x69000000)
 Metaspace       used 4605K, capacity 4646K, committed 4760K, reserved 5424K
}
Event: 3.654 GC heap before
{Heap before GC invocations=4 (full 0):
 PSYoungGen      total 14336K, used 12487K [0x91ac0000, 0x936c0000, 0xa7000000)
  eden space 12288K, 85% used [0x91ac0000,0x924f4ef8,0x926c0000)
  from space 2048K, 99% used [0x926c0000,0x928bcd80,0x928c0000)
  to   space 2048K, 0% used [0x934c0000,0x934c0000,0x936c0000)
 ParOldGen       total 32768K, used 9691K [0x67000000, 0x69000000, 0x91ac0000)
  object space 32768K, 29% used [0x67000000,0x67976f30,0x69000000)
 Metaspace       used 4620K, capacity 4646K, committed 4760K, reserved 5424K
Event: 3.664 GC heap after
Heap after GC invocations=4 (full 0):
 PSYoungGen      total 26624K, used 2044K [0x91ac0000, 0x936c0000, 0xa7000000)
  eden space 24576K, 0% used [0x91ac0000,0x91ac0000,0x932c0000)
  from space 2048K, 99% used [0x934c0000,0x936bf1c8,0x936c0000)
  to   space 2048K, 0% used [0x932c0000,0x932c0000,0x934c0000)
 ParOldGen       total 32768K, used 11253K [0x67000000, 0x69000000, 0x91ac0000)
  object space 32768K, 34% used [0x67000000,0x67afd568,0x69000000)
 Metaspace       used 4620K, capacity 4646K, committed 4760K, reserved 5424K
}
Event: 3.880 GC heap before
{Heap before GC invocations=5 (full 0):
 PSYoungGen      total 26624K, used 25754K [0x91ac0000, 0x936c0000, 0xa7000000)
  eden space 24576K, 96% used [0x91ac0000,0x931e79b8,0x932c0000)
  from space 2048K, 99% used [0x934c0000,0x936bf1c8,0x936c0000)
  to   space 2048K, 0% used [0x932c0000,0x932c0000,0x934c0000)
 ParOldGen       total 32768K, used 11253K [0x67000000, 0x69000000, 0x91ac0000)
  object space 32768K, 34% used [0x67000000,0x67afd568,0x69000000)
 Metaspace       used 4640K, capacity 4646K, committed 4760K, reserved 5424K

Deoptimization events (10 events):
Event: 2.864 Thread 0xb6607c00 Uncommon trap: reason=bimorphic action=maybe_recompile pc=0xa7718698 method=java.util.HashMap.getNode(ILjava/lang/Object;)Ljava/util/HashMap$Node; @ 126
Event: 2.864 Thread 0xb6607c00 Uncommon trap: reason=bimorphic action=maybe_recompile pc=0xa7718698 method=java.util.HashMap.getNode(ILjava/lang/Object;)Ljava/util/HashMap$Node; @ 126
Event: 2.865 Thread 0xb6607c00 Uncommon trap: reason=bimorphic action=maybe_recompile pc=0xa7718698 method=java.util.HashMap.getNode(ILjava/lang/Object;)Ljava/util/HashMap$Node; @ 126
Event: 3.188 Thread 0xb6607c00 Uncommon trap: reason=class_check action=maybe_recompile pc=0xa77cc450 method=com.android.dex.Leb128.writeUnsignedLeb128(Lcom/android/dex/util/ByteOutput;I)V @ 40
Event: 3.188 Thread 0xb6607c00 Uncommon trap: reason=class_check action=maybe_recompile pc=0xa77cc450 method=com.android.dex.Leb128.writeUnsignedLeb128(Lcom/android/dex/util/ByteOutput;I)V @ 40
Event: 3.188 Thread 0xb6607c00 Uncommon trap: reason=class_check action=maybe_recompile pc=0xa77cc450 method=com.android.dex.Leb128.writeUnsignedLeb128(Lcom/android/dex/util/ByteOutput;I)V @ 40
Event: 3.188 Thread 0xb6607c00 Uncommon trap: reason=class_check action=maybe_recompile pc=0xa77cc450 method=com.android.dex.Leb128.writeUnsignedLeb128(Lcom/android/dex/util/ByteOutput;I)V @ 40
Event: 3.251 Thread 0xb6607c00 Uncommon trap: reason=predicate action=maybe_recompile pc=0xa77fe8fc method=com.android.dex.Leb128.writeUnsignedLeb128(Lcom/android/dex/util/ByteOutput;I)V @ 9
Event: 3.251 Thread 0xb6607c00 Uncommon trap: reason=unstable_if action=reinterpret pc=0xa779b790 method=java.util.HashMap.getNode(ILjava/lang/Object;)Ljava/util/HashMap$Node; @ 84
Event: 3.435 Thread 0xb6607c00 Uncommon trap: reason=predicate action=maybe_recompile pc=0xa7848aa0 method=com.android.dex.Leb128.readUnsignedLeb128(Lcom/android/dex/util/ByteInput;)I @ 41

Internal exceptions (2 events):
Event: 0.841 Thread 0xb6607c00 Exception <a 'java/lang/NoSuchMethodError': Method sun.misc.Unsafe.defineClass(Ljava/lang/String;[BII)Ljava/lang/Class; name or signature does not match> (0x91ad0400) thrown at [/RE-WORK/workspace/8-2-build-linux-i586/jdk8u40/2855/hotspot/src/share/vm/pri
Event: 0.842 Thread 0xb6607c00 Exception <a 'java/lang/NoSuchMethodError': Method sun.misc.Unsafe.prefetchRead(Ljava/lang/Object;J)V name or signature does not match> (0x91ad0680) thrown at [/RE-WORK/workspace/8-2-build-linux-i586/jdk8u40/2855/hotspot/src/share/vm/prims/jni.cpp, line 3

Events (10 events):
Event: 3.801 Thread 0xb6607c00 DEOPT UNPACKING pc=0xa75dc590 sp=0xb67919e8 mode 0
Event: 3.806 Thread 0xb6607c00 DEOPT PACKING pc=0xa786596b sp=0xb6791b50
Event: 3.806 Thread 0xb6607c00 DEOPT UNPACKING pc=0xa75dc590 sp=0xb67919e8 mode 0
Event: 3.809 Thread 0xb6607c00 DEOPT PACKING pc=0xa786596b sp=0xb6791b50
Event: 3.809 Thread 0xb6607c00 DEOPT UNPACKING pc=0xa75dc590 sp=0xb67919e8 mode 0
Event: 3.814 Thread 0xb6607c00 DEOPT PACKING pc=0xa786596b sp=0xb6791b50
Event: 3.814 Thread 0xb6607c00 DEOPT UNPACKING pc=0xa75dc590 sp=0xb67919e8 mode 0
Event: 3.850 Thread 0xb6607c00 DEOPT PACKING pc=0xa78f6765 sp=0xb6791c20
Event: 3.850 Thread 0xb6607c00 DEOPT UNPACKING pc=0xa75dc590 sp=0xb6791ab4 mode 0
Event: 3.879 Executing VM operation: ParallelGCFailedAllocation


Dynamic libraries:
08048000-08049000 r-xp 00000000 08:08 3559203    /usr/lib/jvm/java-8-oracle/bin/java
08049000-0804a000 rw-p 00000000 08:08 3559203    /usr/lib/jvm/java-8-oracle/bin/java
09e0a000-09e2b000 rw-p 00000000 00:00 0          [heap]
62a00000-62afe000 rw-p 00000000 00:00 0 
62afe000-62b00000 ---p 00000000 00:00 0 
62b00000-62b60000 rw-p 00000000 00:00 0 
62b60000-62c00000 ---p 00000000 00:00 0 
62c00000-62cce000 rw-p 00000000 00:00 0 
62cce000-62d00000 ---p 00000000 00:00 0 
62d00000-62e00000 rw-p 00000000 00:00 0 
62e00000-62efe000 rw-p 00000000 00:00 0 
62efe000-62f00000 ---p 00000000 00:00 0 
62f00000-62ffd000 rw-p 00000000 00:00 0 
62ffd000-63000000 ---p 00000000 00:00 0 
63000000-63100000 rw-p 00000000 00:00 0 
6310d000-63110000 ---p 00000000 00:00 0 
63110000-6315e000 rw-p 00000000 00:00 0 
6315e000-63161000 ---p 00000000 00:00 0 
63161000-631af000 rw-p 00000000 00:00 0 
631af000-631b2000 ---p 00000000 00:00 0 
631b2000-63200000 rw-p 00000000 00:00 0 
63200000-632b1000 rw-p 00000000 00:00 0 
632b1000-63300000 ---p 00000000 00:00 0 
6332c000-6332f000 ---p 00000000 00:00 0 
6332f000-6337d000 rw-p 00000000 00:00 0 
6337d000-6337e000 ---p 00000000 00:00 0 
6337e000-633fe000 rw-p 00000000 00:00 0 
633fe000-63401000 ---p 00000000 00:00 0 
63401000-6347f000 rw-p 00000000 00:00 0 
6347f000-63482000 ---p 00000000 00:00 0 
63482000-63500000 rw-p 00000000 00:00 0 
63500000-63700000 r--p 00000000 08:08 3546503    /usr/lib/locale/locale-archive
63700000-63721000 rw-p 00000000 00:00 0 
63721000-63800000 ---p 00000000 00:00 0 
6382e000-63831000 ---p 00000000 00:00 0 
63831000-6387f000 rw-p 00000000 00:00 0 
6387f000-63882000 ---p 00000000 00:00 0 
63882000-63900000 rw-p 00000000 00:00 0 
63900000-63a00000 rw-p 00000000 00:00 0 
63a2e000-63a31000 ---p 00000000 00:00 0 
63a31000-63a7f000 rw-p 00000000 00:00 0 
63a7f000-63a80000 ---p 00000000 00:00 0 
63a80000-63b00000 rw-p 00000000 00:00 0 
63b00000-63bf9000 rw-p 00000000 00:00 0 
63bf9000-63c00000 ---p 00000000 00:00 0 
63c32000-63c81000 rw-p 00000000 00:00 0 
63c81000-63e59000 r--s 03d09000 08:08 3674159    /usr/lib/jvm/java-8-oracle/jre/lib/rt.jar
63e59000-642fa000 rw-p 00000000 00:00 0 
642fa000-64300000 ---p 00000000 00:00 0 
64300000-66700000 rw-p 00000000 00:00 0 
66700000-667fb000 rw-p 00000000 00:00 0 
667fb000-66800000 ---p 00000000 00:00 0 
6682e000-66831000 ---p 00000000 00:00 0 
66831000-6687f000 rw-p 00000000 00:00 0 
6687f000-66880000 ---p 00000000 00:00 0 
66880000-66900000 rw-p 00000000 00:00 0 
66900000-669fb000 rw-p 00000000 00:00 0 
669fb000-66a00000 ---p 00000000 00:00 0 
66a00000-66a21000 rw-p 00000000 00:00 0 
66a21000-66b00000 ---p 00000000 00:00 0 
66b2e000-66b31000 ---p 00000000 00:00 0 
66b31000-66b7f000 rw-p 00000000 00:00 0 
66b7f000-66b80000 ---p 00000000 00:00 0 
66b80000-66c00000 rw-p 00000000 00:00 0 
66c00000-66c21000 rw-p 00000000 00:00 0 
66c21000-66d00000 ---p 00000000 00:00 0 
66d15000-66d18000 ---p 00000000 00:00 0 
66d18000-66d7e000 rw-p 00000000 00:00 0 
66d7e000-66d7f000 ---p 00000000 00:00 0 
66d7f000-66e0f000 rw-p 00000000 00:00 0 
66e0f000-66f54000 ---p 00000000 00:00 0 
66f54000-66f63000 rw-p 00000000 00:00 0 
66f63000-66fff000 ---p 00000000 00:00 0 
66fff000-69000000 rw-p 00000000 00:00 0 
69000000-91ac0000 ---p 00000000 00:00 0 
91ac0000-936c0000 rw-p 00000000 00:00 0 
95fef000-96240000 rw-p 00000000 00:00 0 
96240000-a7000000 ---p 00000000 00:00 0 
a7009000-a700a000 ---p 00000000 00:00 0 
a700a000-a709a000 rw-p 00000000 00:00 0 
a709a000-a71e0000 ---p 00000000 00:00 0 
a71e0000-a71ef000 rw-p 00000000 00:00 0 
a71ef000-a75a0000 ---p 00000000 00:00 0 
a75a0000-a7930000 rwxp 00000000 00:00 0 
a7930000-b65a0000 ---p 00000000 00:00 0 
b65a0000-b65b9000 r-xp 00000000 08:08 3674191    /usr/lib/jvm/java-8-oracle/jre/lib/i386/libzip.so
b65b9000-b65ba000 rw-p 00018000 08:08 3674191    /usr/lib/jvm/java-8-oracle/jre/lib/i386/libzip.so
b65ba000-b65c5000 r-xp 00000000 08:08 1576743    /lib/i386-linux-gnu/libnss_files-2.15.so
b65c5000-b65c6000 r--p 0000a000 08:08 1576743    /lib/i386-linux-gnu/libnss_files-2.15.so
b65c6000-b65c7000 rw-p 0000b000 08:08 1576743    /lib/i386-linux-gnu/libnss_files-2.15.so
b65c7000-b65dd000 r-xp 00000000 08:08 1572929    /lib/i386-linux-gnu/libnsl-2.15.so
b65dd000-b65de000 r--p 00015000 08:08 1572929    /lib/i386-linux-gnu/libnsl-2.15.so
b65de000-b65df000 rw-p 00016000 08:08 1572929    /lib/i386-linux-gnu/libnsl-2.15.so
b65df000-b65e1000 rw-p 00000000 00:00 0 
b65e1000-b65e8000 r-xp 00000000 08:08 1576746    /lib/i386-linux-gnu/libnss_compat-2.15.so
b65e8000-b65e9000 r--p 00006000 08:08 1576746    /lib/i386-linux-gnu/libnss_compat-2.15.so
b65e9000-b65ea000 rw-p 00007000 08:08 1576746    /lib/i386-linux-gnu/libnss_compat-2.15.so
b65f1000-b6600000 r--s 000df000 08:07 2104235    /home/terry/android-sdk-linux/build-tools/23.0.0_rc2/lib/dx.jar
b6600000-b66fc000 rw-p 00000000 00:00 0 
b66fc000-b6700000 ---p 00000000 00:00 0 
b6701000-b6702000 rw-p 00000000 00:00 0 
b6702000-b6707000 r--s 00094000 08:08 3674106    /usr/lib/jvm/java-8-oracle/jre/lib/jsse.jar
b6707000-b6708000 r--p 005e0000 08:08 3546503    /usr/lib/locale/locale-archive
b6708000-b6712000 r-xp 00000000 08:08 1578363    /lib/i386-linux-gnu/libnss_nis-2.15.so
b6712000-b6713000 r--p 00009000 08:08 1578363    /lib/i386-linux-gnu/libnss_nis-2.15.so
b6713000-b6714000 rw-p 0000a000 08:08 1578363    /lib/i386-linux-gnu/libnss_nis-2.15.so
b6714000-b6738000 r-xp 00000000 08:08 3675440    /usr/lib/jvm/java-8-oracle/jre/lib/i386/libjava.so
b6738000-b6739000 rw-p 00023000 08:08 3675440    /usr/lib/jvm/java-8-oracle/jre/lib/i386/libjava.so
b6739000-b6740000 r-xp 00000000 08:08 1578362    /lib/i386-linux-gnu/librt-2.15.so
b6740000-b6741000 r--p 00006000 08:08 1578362    /lib/i386-linux-gnu/librt-2.15.so
b6741000-b6742000 rw-p 00007000 08:08 1578362    /lib/i386-linux-gnu/librt-2.15.so
b6742000-b6745000 ---p 00000000 00:00 0 
b6745000-b6793000 rw-p 00000000 00:00 0 
b6793000-b67bd000 r-xp 00000000 08:08 1576745    /lib/i386-linux-gnu/libm-2.15.so
b67bd000-b67be000 r--p 00029000 08:08 1576745    /lib/i386-linux-gnu/libm-2.15.so
b67be000-b67bf000 rw-p 0002a000 08:08 1576745    /lib/i386-linux-gnu/libm-2.15.so
b67bf000-b7132000 r-xp 00000000 08:08 3675420    /usr/lib/jvm/java-8-oracle/jre/lib/i386/server/libjvm.so
b7132000-b719e000 rw-p 00973000 08:08 3675420    /usr/lib/jvm/java-8-oracle/jre/lib/i386/server/libjvm.so
b719e000-b75c4000 rw-p 00000000 00:00 0 
b75c4000-b7768000 r-xp 00000000 08:08 1572994    /lib/i386-linux-gnu/libc-2.15.so
b7768000-b776a000 r--p 001a4000 08:08 1572994    /lib/i386-linux-gnu/libc-2.15.so
b776a000-b776b000 rw-p 001a6000 08:08 1572994    /lib/i386-linux-gnu/libc-2.15.so
b776b000-b776e000 rw-p 00000000 00:00 0 
b776e000-b7771000 r-xp 00000000 08:08 1573949    /lib/i386-linux-gnu/libdl-2.15.so
b7771000-b7772000 r--p 00002000 08:08 1573949    /lib/i386-linux-gnu/libdl-2.15.so
b7772000-b7773000 rw-p 00003000 08:08 1573949    /lib/i386-linux-gnu/libdl-2.15.so
b7773000-b7787000 r-xp 00000000 08:08 3559313    /usr/lib/jvm/java-8-oracle/lib/i386/jli/libjli.so
b7787000-b7788000 rw-p 00014000 08:08 3559313    /usr/lib/jvm/java-8-oracle/lib/i386/jli/libjli.so
b7788000-b7789000 rw-p 00000000 00:00 0 
b7789000-b77a0000 r-xp 00000000 08:08 1576744    /lib/i386-linux-gnu/libpthread-2.15.so
b77a0000-b77a1000 r--p 00016000 08:08 1576744    /lib/i386-linux-gnu/libpthread-2.15.so
b77a1000-b77a2000 rw-p 00017000 08:08 1576744    /lib/i386-linux-gnu/libpthread-2.15.so
b77a2000-b77a4000 rw-p 00000000 00:00 0 
b77a4000-b77ac000 rw-s 00000000 08:08 921742     /tmp/hsperfdata_terry/13329
b77ac000-b77ad000 rw-p 00000000 00:00 0 
b77ad000-b77ae000 ---p 00000000 00:00 0 
b77ae000-b77b9000 r-xp 00000000 08:08 3675434    /usr/lib/jvm/java-8-oracle/jre/lib/i386/libverify.so
b77b9000-b77ba000 rw-p 0000b000 08:08 3675434    /usr/lib/jvm/java-8-oracle/jre/lib/i386/libverify.so
b77ba000-b77bc000 rw-p 00000000 00:00 0 
b77bc000-b77bd000 r-xp 00000000 00:00 0          [vdso]
b77bd000-b77dd000 r-xp 00000000 08:08 1578361    /lib/i386-linux-gnu/ld-2.15.so
b77dd000-b77de000 r--p 0001f000 08:08 1578361    /lib/i386-linux-gnu/ld-2.15.so
b77de000-b77df000 rw-p 00020000 08:08 1578361    /lib/i386-linux-gnu/ld-2.15.so
bfcf2000-bfcf3000 rwxp 00000000 00:00 0 
bfd24000-bfd46000 rw-p 00000000 00:00 0          [stack]

VM Arguments:
jvm_args: -Xmx1024M -Dfile.encoding=UTF-8 -Duser.country=US -Duser.language=en -Duser.variant 
java_command: com.android.dx.command.Main --dex --num-threads=4 --output /home/terry/Android_terryspace/JavaDesignPattern/app/build/intermediates/dex/debug /home/terry/Android_terryspace/JavaDesignPattern/app/build/intermediates/classes/debug /home/terry/Android_terryspace/JavaDesignPattern/app/build/intermediates/pre-dexed/debug/support-annotations-22.2.0-25af2d6c49047be0514a6f5fd88ffadcae55b0b1.jar /home/terry/Android_terryspace/JavaDesignPattern/app/build/intermediates/pre-dexed/debug/classes-503cf9daa522532ef3ad0f822bbd8ac51e50564d.jar /home/terry/Android_terryspace/JavaDesignPattern/app/build/intermediates/pre-dexed/debug/internal_impl-22.2.0-4656da89de8aafccd36ea6f41ff8c32565fb1836.jar /home/terry/Android_terryspace/JavaDesignPattern/app/build/intermediates/pre-dexed/debug/classes-8e4976d4ab22de8002042edd164bf9e0dc8ade59.jar /home/terry/Android_terryspace/JavaDesignPattern/app/build/intermediates/pre-dexed/debug/classes-da4545861d9d54ce70726f451574b7693e5a662c.jar
java_class_path (initial): /home/terry/android-sdk-linux/build-tools/23.0.0_rc2/lib/dx.jar
Launcher Type: SUN_STANDARD

Environment Variables:
CLASSPATH=/home/terry/android-studio/bin/../lib/bootstrap.jar:/home/terry/android-studio/bin/../lib/extensions.jar:/home/terry/android-studio/bin/../lib/util.jar:/home/terry/android-studio/bin/../lib/jdom.jar:/home/terry/android-studio/bin/../lib/log4j.jar:/home/terry/android-studio/bin/../lib/trove4j.jar:/home/terry/android-studio/bin/../lib/jna.jar:/usr/lib/jvm/java-8-oracle/lib/tools.jar
PATH=/usr/lib/lightdm/lightdm:/usr/local/sbin:/usr/local/bin:/usr/sbin:/usr/bin:/sbin:/bin:/usr/games
LD_LIBRARY_PATH=/home/terry/android-studio/bin:
SHELL=/bin/bash
DISPLAY=:0.0

Signal Handlers:
SIGSEGV: [libjvm.so+0x8c2ab0], sa_mask[0]=11111111011111111101111111111110, sa_flags=SA_RESTART|SA_SIGINFO
SIGBUS: [libjvm.so+0x8c2ab0], sa_mask[0]=11111111011111111101111111111110, sa_flags=SA_RESTART|SA_SIGINFO
SIGFPE: [libjvm.so+0x7433e0], sa_mask[0]=11111111011111111101111111111110, sa_flags=SA_RESTART|SA_SIGINFO
SIGPIPE: [libjvm.so+0x7433e0], sa_mask[0]=11111111011111111101111111111110, sa_flags=SA_RESTART|SA_SIGINFO
SIGXFSZ: [libjvm.so+0x7433e0], sa_mask[0]=11111111011111111101111111111110, sa_flags=SA_RESTART|SA_SIGINFO
SIGILL: [libjvm.so+0x7433e0], sa_mask[0]=11111111011111111101111111111110, sa_flags=SA_RESTART|SA_SIGINFO
SIGUSR1: SIG_DFL, sa_mask[0]=00000000000000000000000000000000, sa_flags=none
SIGUSR2: [libjvm.so+0x744970], sa_mask[0]=00100000000000000000000000000000, sa_flags=SA_RESTART|SA_SIGINFO
SIGHUP: [libjvm.so+0x745e20], sa_mask[0]=11111111011111111101111111111110, sa_flags=SA_RESTART|SA_SIGINFO
SIGINT: SIG_IGN, sa_mask[0]=00000000000000000000000000000000, sa_flags=none
SIGTERM: [libjvm.so+0x745e20], sa_mask[0]=11111111011111111101111111111110, sa_flags=SA_RESTART|SA_SIGINFO
SIGQUIT: [libjvm.so+0x745e20], sa_mask[0]=11111111011111111101111111111110, sa_flags=SA_RESTART|SA_SIGINFO


---------------  S Y S T E M  ---------------

OS:DISTRIB_ID=Ubuntu
DISTRIB_RELEASE=12.04
DISTRIB_CODENAME=precise
DISTRIB_DESCRIPTION="Ubuntu 12.04.5 LTS"

uname:Linux 3.2.0-24-generic-pae #39-Ubuntu SMP Mon May 21 18:54:21 UTC 2012 i686
libc:glibc 2.15 NPTL 2.15 
rlimit: STACK 8192k, CORE 0k, NPROC 23509, NOFILE 4096, AS infinity
load average:2.36 1.56 1.39

/proc/meminfo:
MemTotal:        3023804 kB
MemFree:          124140 kB
Buffers:             348 kB
Cached:           102060 kB
SwapCached:            0 kB
Active:          2725084 kB
Inactive:          60964 kB
Active(anon):    2686296 kB
Inactive(anon):    31352 kB
Active(file):      38788 kB
Inactive(file):    29612 kB
Unevictable:         108 kB
Mlocked:             108 kB
HighTotal:       2157824 kB
HighFree:            728 kB
LowTotal:         865980 kB
LowFree:          123412 kB
SwapTotal:             0 kB
SwapFree:              0 kB
Dirty:                 0 kB
Writeback:             0 kB
AnonPages:       2684656 kB
Mapped:            74972 kB
Shmem:             33476 kB
Slab:              43756 kB
SReclaimable:      17456 kB
SUnreclaim:        26300 kB
KernelStack:        5624 kB
PageTables:        21552 kB
NFS_Unstable:          0 kB
Bounce:                0 kB
WritebackTmp:          0 kB
CommitLimit:     1511900 kB
Committed_AS:    6703020 kB
VmallocTotal:     122880 kB
VmallocUsed:       54180 kB
VmallocChunk:      34432 kB
HardwareCorrupted:     0 kB
AnonHugePages:         0 kB
HugePages_Total:       0
HugePages_Free:        0
HugePages_Rsvd:        0
HugePages_Surp:        0
Hugepagesize:       2048 kB
DirectMap4k:        8184 kB
DirectMap2M:      905216 kB


CPU:total 4 (2 cores per cpu, 2 threads per core) family 6 model 37 stepping 5, cmov, cx8, fxsr, mmx, sse, sse2, sse3, ssse3, sse4.1, sse4.2, popcnt, ht, tsc, tscinvbit

/proc/cpuinfo:
processor	: 0
vendor_id	: GenuineIntel
cpu family	: 6
model		: 37
model name	: Intel(R) Core(TM) i3 CPU       M 380  @ 2.53GHz
stepping	: 5
microcode	: 0x2
cpu MHz		: 2533.000
cache size	: 3072 KB
physical id	: 0
siblings	: 4
core id		: 0
cpu cores	: 2
apicid		: 0
initial apicid	: 0
fdiv_bug	: no
hlt_bug		: no
f00f_bug	: no
coma_bug	: no
fpu		: yes
fpu_exception	: yes
cpuid level	: 11
wp		: yes
flags		: fpu vme de pse tsc msr pae mce cx8 apic sep mtrr pge mca cmov pat pse36 clflush dts acpi mmx fxsr sse sse2 ss ht tm pbe nx rdtscp lm constant_tsc arch_perfmon pebs bts xtopology nonstop_tsc aperfmperf pni dtes64 monitor ds_cpl vmx est tm2 ssse3 cx16 xtpr pdcm pcid sse4_1 sse4_2 popcnt lahf_lm arat dts tpr_shadow vnmi flexpriority ept vpid
bogomips	: 5053.62
clflush size	: 64
cache_alignment	: 64
address sizes	: 36 bits physical, 48 bits virtual
power management:

processor	: 1
vendor_id	: GenuineIntel
cpu family	: 6
model		: 37
model name	: Intel(R) Core(TM) i3 CPU       M 380  @ 2.53GHz
stepping	: 5
microcode	: 0x2
cpu MHz		: 2533.000
cache size	: 3072 KB
physical id	: 0
siblings	: 4
core id		: 0
cpu cores	: 2
apicid		: 1
initial apicid	: 1
fdiv_bug	: no
hlt_bug		: no
f00f_bug	: no
coma_bug	: no
fpu		: yes
fpu_exception	: yes
cpuid level	: 11
wp		: yes
flags		: fpu vme de pse tsc msr pae mce cx8 apic sep mtrr pge mca cmov pat pse36 clflush dts acpi mmx fxsr sse sse2 ss ht tm pbe nx rdtscp lm constant_tsc arch_perfmon pebs bts xtopology nonstop_tsc aperfmperf pni dtes64 monitor ds_cpl vmx est tm2 ssse3 cx16 xtpr pdcm pcid sse4_1 sse4_2 popcnt lahf_lm arat dts tpr_shadow vnmi flexpriority ept vpid
bogomips	: 5053.86
clflush size	: 64
cache_alignment	: 64
address sizes	: 36 bits physical, 48 bits virtual
power management:

processor	: 2
vendor_id	: GenuineIntel
cpu family	: 6
model		: 37
model name	: Intel(R) Core(TM) i3 CPU       M 380  @ 2.53GHz
stepping	: 5
microcode	: 0x2
cpu MHz		: 1066.000
cache size	: 3072 KB
physical id	: 0
siblings	: 4
core id		: 2
cpu cores	: 2
apicid		: 4
initial apicid	: 4
fdiv_bug	: no
hlt_bug		: no
f00f_bug	: no
coma_bug	: no
fpu		: yes
fpu_exception	: yes
cpuid level	: 11
wp		: yes
flags		: fpu vme de pse tsc msr pae mce cx8 apic sep mtrr pge mca cmov pat pse36 clflush dts acpi mmx fxsr sse sse2 ss ht tm pbe nx rdtscp lm constant_tsc arch_perfmon pebs bts xtopology nonstop_tsc aperfmperf pni dtes64 monitor ds_cpl vmx est tm2 ssse3 cx16 xtpr pdcm pcid sse4_1 sse4_2 popcnt lahf_lm arat dts tpr_shadow vnmi flexpriority ept vpid
bogomips	: 5053.89
clflush size	: 64
cache_alignment	: 64
address sizes	: 36 bits physical, 48 bits virtual
power management:

processor	: 3
vendor_id	: GenuineIntel
cpu family	: 6
model		: 37
model name	: Intel(R) Core(TM) i3 CPU       M 380  @ 2.53GHz
stepping	: 5
microcode	: 0x2
cpu MHz		: 933.000
cache size	: 3072 KB
physical id	: 0
siblings	: 4
core id		: 2
cpu cores	: 2
apicid		: 5
initial apicid	: 5
fdiv_bug	: no
hlt_bug		: no
f00f_bug	: no
coma_bug	: no
fpu		: yes
fpu_exception	: yes
cpuid level	: 11
wp		: yes
flags		: fpu vme de pse tsc msr pae mce cx8 apic sep mtrr pge mca cmov pat pse36 clflush dts acpi mmx fxsr sse sse2 ss ht tm pbe nx rdtscp lm constant_tsc arch_perfmon pebs bts xtopology nonstop_tsc aperfmperf pni dtes64 monitor ds_cpl vmx est tm2 ssse3 cx16 xtpr pdcm pcid sse4_1 sse4_2 popcnt lahf_lm arat dts tpr_shadow vnmi flexpriority ept vpid
bogomips	: 5053.88
clflush size	: 64
cache_alignment	: 64
address sizes	: 36 bits physical, 48 bits virtual
power management:



Memory: 4k page, physical 3023804k(124140k free), swap 0k(0k free)

vm_info: Java HotSpot(TM) Server VM (25.40-b25) for linux-x86 JRE (1.8.0_40-b25), built on Feb 10 2015 22:05:45 by "java_re" with gcc 4.3.0 20080428 (Red Hat 4.3.0-8)

time: Fri Jul  3 22:59:13 2015
elapsed time: 4 seconds (0d 0h 0m 4s)

