#
# There is insufficient memory for the Java Runtime Environment to continue.
# Native memory allocation (mmap) failed to map 38273024 bytes for committing reserved memory.
# Possible reasons:
#   The system is out of physical RAM or swap space
#   In 32 bit mode, the process size limit was hit
# Possible solutions:
#   Reduce memory load on the system
#   Increase physical memory or swap space
#   Check if swap backing store is full
#   Use 64 bit Java on a 64 bit OS
#   Decrease Java heap size (-Xmx/-Xms)
#   Decrease number of Java threads
#   Decrease Java thread stack sizes (-Xss)
#   Set larger code cache with -XX:ReservedCodeCacheSize=
# This output file may be truncated or incomplete.
#
#  Out of Memory Error (os_linux.cpp:2673), pid=10589, tid=1671428928
#
# JRE version: Java(TM) SE Runtime Environment (8.0_40-b25) (build 1.8.0_40-b25)
# Java VM: Java HotSpot(TM) Server VM (25.40-b25 mixed mode linux-x86 )
# Failed to write core dump. Core dumps have been disabled. To enable core dumping, try "ulimit -c unlimited" before starting Java again
#

---------------  T H R E A D  ---------------

Current thread (0x63a80800):  VMThread [stack: 0x6397f000,0x63a00000] [id=10600]

Stack: [0x6397f000,0x63a00000],  sp=0x639fe9b0,  free space=510k
Native frames: (J=compiled Java code, j=interpreted, Vv=VM code, C=native code)
V  [libjvm.so+0x8c1fdf]  VMError::report_and_die()+0x16f
V  [libjvm.so+0x3864a5]  report_vm_out_of_memory(char const*, int, unsigned int, VMErrorType, char const*)+0x55
V  [libjvm.so+0x7468b6]  os::Linux::commit_memory_impl(char*, unsigned int, bool)+0xe6
V  [libjvm.so+0x746cd8]  os::pd_commit_memory(char*, unsigned int, unsigned int, bool)+0x28
V  [libjvm.so+0x7403fc]  os::commit_memory(char*, unsigned int, unsigned int, bool)+0x2c
V  [libjvm.so+0x7aa6a8]  PSVirtualSpace::expand_by(unsigned int)+0x48
V  [libjvm.so+0x7ab7aa]  PSYoungGen::resize_generation(unsigned int, unsigned int)+0xda
V  [libjvm.so+0x7aaad9]  PSYoungGen::resize(unsigned int, unsigned int)+0x19
V  [libjvm.so+0x7a83fd]  PSScavenge::invoke_no_policy()+0xd4d
V  [libjvm.so+0x7a8bc8]  PSScavenge::invoke()+0x28
V  [libjvm.so+0x767e9a]  ParallelScavengeHeap::failed_mem_allocate(unsigned int)+0x5a
V  [libjvm.so+0x8c38aa]  VM_ParallelGCFailedAllocation::doit()+0x7a
V  [libjvm.so+0x8ccac7]  VM_Operation::evaluate()+0x47
V  [libjvm.so+0x8caba3]  VMThread::evaluate_operation(VM_Operation*)+0xb3
V  [libjvm.so+0x8caf74]  VMThread::loop()+0x1e4
V  [libjvm.so+0x8cb3a5]  VMThread::run()+0x85
V  [libjvm.so+0x749159]  java_start(Thread*)+0x119
C  [libpthread.so.0+0x6d4c]  start_thread+0xcc

VM_Operation (0xb675ac2c): ParallelGCFailedAllocation, mode: safepoint, requested by thread 0xb6607c00


---------------  P R O C E S S  ---------------

Java Threads: ( => current thread )
  0x63aa9000 JavaThread "Service Thread" daemon [_thread_blocked, id=10607, stack(0x6692e000,0x6697f000)]
  0x63aa5c00 JavaThread "C1 CompilerThread2" daemon [_thread_blocked, id=10606, stack(0x632fe000,0x6337f000)]
  0x63aa4400 JavaThread "C2 CompilerThread1" daemon [_thread_blocked, id=10605, stack(0x6337f000,0x63400000)]
  0x63aa2800 JavaThread "C2 CompilerThread0" daemon [_thread_blocked, id=10604, stack(0x6377f000,0x63800000)]
  0x63aa1000 JavaThread "Signal Dispatcher" daemon [_thread_blocked, id=10603, stack(0x66b2e000,0x66b7f000)]
  0x63a85400 JavaThread "Finalizer" daemon [_thread_blocked, id=10602, stack(0x66d2d000,0x66d7e000)]
  0x63a83c00 JavaThread "Reference Handler" daemon [_thread_blocked, id=10601, stack(0x6392e000,0x6397f000)]
  0xb6607c00 JavaThread "main" [_thread_blocked, id=10594, stack(0xb670b000,0xb675c000)]

Other Threads:
=>0x63a80800 VMThread [stack: 0x6397f000,0x63a00000] [id=10600]
  0x63aac000 WatcherThread [stack: 0x6327d000,0x632fe000] [id=10608]

VM state:at safepoint (normal execution)

VM Mutex/Monitor currently owned by a thread:  ([mutex/lock_event])
[0xb66054d8] Threads_lock - owner thread: 0x63a80800
[0xb66058e8] Heap_lock - owner thread: 0xb6607c00

Heap:
 PSYoungGen      total 26624K, used 2034K [0x91ac0000, 0x936c0000, 0xa7000000)
  eden space 24576K, 0% used [0x91ac0000,0x91ac0000,0x932c0000)
  from space 2048K, 99% used [0x932c0000,0x934bcb50,0x934c0000)
  to   space 2048K, 0% used [0x934c0000,0x934c0000,0x936c0000)
 ParOldGen       total 32768K, used 15744K [0x67000000, 0x69000000, 0x91ac0000)
  object space 32768K, 48% used [0x67000000,0x67f603a8,0x69000000)
 Metaspace       used 4705K, capacity 4742K, committed 4760K, reserved 5424K

Card table byte_map: [0x66dff000,0x67000000] byte_map_base: 0x66ac7000

Marking Bits: (ParMarkBitMap*) 0xb71786e0
 Begin Bits: [0x64600000, 0x65600000)
 End Bits:   [0x65600000, 0x66600000)

Polling page: 0xb7776000

CodeCache: size=245760Kb used=3846Kb max_used=3846Kb free=241913Kb
 bounds [0xa756f000, 0xa7937000, 0xb656f000]
 total_blobs=1839 nmethods=1662 adapters=90
 compilation: enabled

Compilation events (10 events):
Event: 3.959 Thread 0x63aa5c00 1698       2       com.android.dx.io.instructions.ZeroRegisterDecodedInstruction::withIndex (29 bytes)
Event: 3.959 Thread 0x63aa5c00 nmethod 1698 0xa792b148 code [0xa792b260, 0xa792b3cc]
Event: 3.965 Thread 0x63aa5c00 1701       2       com.android.dx.io.instructions.InstructionCodec$34::decode (314 bytes)
Event: 4.457 Thread 0x63aa5c00 nmethod 1701 0xa792b488 code [0xa792b800, 0xa792caac]
Event: 4.457 Thread 0x63aa5c00 1702       2       com.android.dx.io.instructions.ShortArrayCodeOutput::write (33 bytes)
Event: 4.457 Thread 0x63aa5c00 nmethod 1702 0xa792e008 code [0xa792e120, 0xa792e2a0]
Event: 4.960 Thread 0x63aa5c00 1705       2       java.security.MessageDigest$Delegate::engineUpdate (11 bytes)
Event: 4.960 Thread 0x63aa5c00 nmethod 1705 0xa792e488 code [0xa792e5a0, 0xa792e68c]
Event: 5.173 Thread 0x63aa5c00 1706       3       sun.security.provider.DigestBase::engineUpdate (189 bytes)
Event: 10.390 Thread 0x63aa5c00 nmethod 1706 0xa792ec48 code [0xa792ee00, 0xa792f788]

GC Heap History (9 events):
Event: 2.768 GC heap before
{Heap before GC invocations=1 (full 0):
 PSYoungGen      total 14336K, used 12288K [0x91ac0000, 0x92ac0000, 0xa7000000)
  eden space 12288K, 100% used [0x91ac0000,0x926c0000,0x926c0000)
  from space 2048K, 0% used [0x928c0000,0x928c0000,0x92ac0000)
  to   space 2048K, 0% used [0x926c0000,0x926c0000,0x928c0000)
 ParOldGen       total 32768K, used 0K [0x67000000, 0x69000000, 0x91ac0000)
  object space 32768K, 0% used [0x67000000,0x67000000,0x69000000)
 Metaspace       used 3538K, capacity 3582K, committed 3608K, reserved 4400K
Event: 2.775 GC heap after
Heap after GC invocations=1 (full 0):
 PSYoungGen      total 14336K, used 2038K [0x91ac0000, 0x92ac0000, 0xa7000000)
  eden space 12288K, 0% used [0x91ac0000,0x91ac0000,0x926c0000)
  from space 2048K, 99% used [0x926c0000,0x928bda78,0x928c0000)
  to   space 2048K, 0% used [0x928c0000,0x928c0000,0x92ac0000)
 ParOldGen       total 32768K, used 1634K [0x67000000, 0x69000000, 0x91ac0000)
  object space 32768K, 4% used [0x67000000,0x67198918,0x69000000)
 Metaspace       used 3538K, capacity 3582K, committed 3608K, reserved 4400K
}
Event: 3.109 GC heap before
{Heap before GC invocations=2 (full 0):
 PSYoungGen      total 14336K, used 14298K [0x91ac0000, 0x92ac0000, 0xa7000000)
  eden space 12288K, 99% used [0x91ac0000,0x926b9068,0x926c0000)
  from space 2048K, 99% used [0x926c0000,0x928bda78,0x928c0000)
  to   space 2048K, 0% used [0x928c0000,0x928c0000,0x92ac0000)
 ParOldGen       total 32768K, used 1634K [0x67000000, 0x69000000, 0x91ac0000)
  object space 32768K, 4% used [0x67000000,0x67198918,0x69000000)
 Metaspace       used 3837K, capacity 3878K, committed 3992K, reserved 4400K
Event: 3.120 GC heap after
Heap after GC invocations=2 (full 0):
 PSYoungGen      total 14336K, used 2037K [0x91ac0000, 0x936c0000, 0xa7000000)
  eden space 12288K, 0% used [0x91ac0000,0x91ac0000,0x926c0000)
  from space 2048K, 99% used [0x928c0000,0x92abd780,0x92ac0000)
  to   space 2048K, 0% used [0x926c0000,0x926c0000,0x928c0000)
 ParOldGen       total 32768K, used 4012K [0x67000000, 0x69000000, 0x91ac0000)
  object space 32768K, 12% used [0x67000000,0x673eb288,0x69000000)
 Metaspace       used 3837K, capacity 3878K, committed 3992K, reserved 4400K
}
Event: 3.679 GC heap before
{Heap before GC invocations=3 (full 0):
 PSYoungGen      total 14336K, used 14325K [0x91ac0000, 0x936c0000, 0xa7000000)
  eden space 12288K, 100% used [0x91ac0000,0x926c0000,0x926c0000)
  from space 2048K, 99% used [0x928c0000,0x92abd780,0x92ac0000)
  to   space 2048K, 0% used [0x926c0000,0x926c0000,0x928c0000)
 ParOldGen       total 32768K, used 4012K [0x67000000, 0x69000000, 0x91ac0000)
  object space 32768K, 12% used [0x67000000,0x673eb288,0x69000000)
 Metaspace       used 4670K, capacity 4710K, committed 4760K, reserved 5424K
Event: 3.711 GC heap after
Heap after GC invocations=3 (full 0):
 PSYoungGen      total 14336K, used 2045K [0x91ac0000, 0x936c0000, 0xa7000000)
  eden space 12288K, 0% used [0x91ac0000,0x91ac0000,0x926c0000)
  from space 2048K, 99% used [0x926c0000,0x928bf480,0x928c0000)
  to   space 2048K, 0% used [0x934c0000,0x934c0000,0x936c0000)
 ParOldGen       total 32768K, used 10716K [0x67000000, 0x69000000, 0x91ac0000)
  object space 32768K, 32% used [0x67000000,0x67a770a0,0x69000000)
 Metaspace       used 4670K, capacity 4710K, committed 4760K, reserved 5424K
}
Event: 3.845 GC heap before
{Heap before GC invocations=4 (full 0):
 PSYoungGen      total 14336K, used 13226K [0x91ac0000, 0x936c0000, 0xa7000000)
  eden space 12288K, 90% used [0x91ac0000,0x925ab608,0x926c0000)
  from space 2048K, 99% used [0x926c0000,0x928bf480,0x928c0000)
  to   space 2048K, 0% used [0x934c0000,0x934c0000,0x936c0000)
 ParOldGen       total 32768K, used 10716K [0x67000000, 0x69000000, 0x91ac0000)
  object space 32768K, 32% used [0x67000000,0x67a770a0,0x69000000)
 Metaspace       used 4692K, capacity 4742K, committed 4760K, reserved 5424K
Event: 3.857 GC heap after
Heap after GC invocations=4 (full 0):
 PSYoungGen      total 26624K, used 2043K [0x91ac0000, 0x936c0000, 0xa7000000)
  eden space 24576K, 0% used [0x91ac0000,0x91ac0000,0x932c0000)
  from space 2048K, 99% used [0x934c0000,0x936bedb8,0x936c0000)
  to   space 2048K, 0% used [0x932c0000,0x932c0000,0x934c0000)
 ParOldGen       total 32768K, used 12288K [0x67000000, 0x69000000, 0x91ac0000)
  object space 32768K, 37% used [0x67000000,0x67c002e8,0x69000000)
 Metaspace       used 4692K, capacity 4742K, committed 4760K, reserved 5424K
}
Event: 10.608 GC heap before
{Heap before GC invocations=5 (full 0):
 PSYoungGen      total 26624K, used 25108K [0x91ac0000, 0x936c0000, 0xa7000000)
  eden space 24576K, 93% used [0x91ac0000,0x93146558,0x932c0000)
  from space 2048K, 99% used [0x934c0000,0x936bedb8,0x936c0000)
  to   space 2048K, 0% used [0x932c0000,0x932c0000,0x934c0000)
 ParOldGen       total 32768K, used 12288K [0x67000000, 0x69000000, 0x91ac0000)
  object space 32768K, 37% used [0x67000000,0x67c002e8,0x69000000)
 Metaspace       used 4705K, capacity 4742K, committed 4760K, reserved 5424K

Deoptimization events (10 events):
Event: 3.244 Thread 0xb6607c00 Uncommon trap: reason=class_check action=maybe_recompile pc=0xa779d5c4 method=java.util.HashMap.putVal(ILjava/lang/Object;Ljava/lang/Object;ZZ)Ljava/lang/Object; @ 152
Event: 3.368 Thread 0xb6607c00 Uncommon trap: reason=class_check action=maybe_recompile pc=0xa7800810 method=com.android.dex.Leb128.writeUnsignedLeb128(Lcom/android/dex/util/ByteOutput;I)V @ 40
Event: 3.369 Thread 0xb6607c00 Uncommon trap: reason=class_check action=maybe_recompile pc=0xa7800810 method=com.android.dex.Leb128.writeUnsignedLeb128(Lcom/android/dex/util/ByteOutput;I)V @ 40
Event: 3.369 Thread 0xb6607c00 Uncommon trap: reason=class_check action=maybe_recompile pc=0xa7800810 method=com.android.dex.Leb128.writeUnsignedLeb128(Lcom/android/dex/util/ByteOutput;I)V @ 40
Event: 3.369 Thread 0xb6607c00 Uncommon trap: reason=class_check action=maybe_recompile pc=0xa7800810 method=com.android.dex.Leb128.writeUnsignedLeb128(Lcom/android/dex/util/ByteOutput;I)V @ 40
Event: 3.413 Thread 0xb6607c00 Uncommon trap: reason=unstable_if action=reinterpret pc=0xa77fe854 method=java.util.HashMap.putVal(ILjava/lang/Object;Ljava/lang/Object;ZZ)Ljava/lang/Object; @ 162
Event: 3.424 Thread 0xb6607c00 Uncommon trap: reason=predicate action=maybe_recompile pc=0xa78300b8 method=com.android.dex.Leb128.writeUnsignedLeb128(Lcom/android/dex/util/ByteOutput;I)V @ 9
Event: 3.424 Thread 0xb6607c00 Uncommon trap: reason=unstable_if action=reinterpret pc=0xa7791610 method=java.util.HashMap.getNode(ILjava/lang/Object;)Ljava/util/HashMap$Node; @ 84
Event: 3.451 Thread 0xb6607c00 Uncommon trap: reason=unstable_if action=reinterpret pc=0xa77bbcfc method=java.util.HashMap.getNode(ILjava/lang/Object;)Ljava/util/HashMap$Node; @ 84
Event: 3.560 Thread 0xb6607c00 Uncommon trap: reason=predicate action=maybe_recompile pc=0xa78773e0 method=com.android.dex.Leb128.readUnsignedLeb128(Lcom/android/dex/util/ByteInput;)I @ 41

Internal exceptions (2 events):
Event: 0.625 Thread 0xb6607c00 Exception <a 'java/lang/NoSuchMethodError': Method sun.misc.Unsafe.defineClass(Ljava/lang/String;[BII)Ljava/lang/Class; name or signature does not match> (0x91ad02e8) thrown at [/RE-WORK/workspace/8-2-build-linux-i586/jdk8u40/2855/hotspot/src/share/vm/pri
Event: 0.625 Thread 0xb6607c00 Exception <a 'java/lang/NoSuchMethodError': Method sun.misc.Unsafe.prefetchRead(Ljava/lang/Object;J)V name or signature does not match> (0x91ad0568) thrown at [/RE-WORK/workspace/8-2-build-linux-i586/jdk8u40/2855/hotspot/src/share/vm/prims/jni.cpp, line 3

Events (10 events):
Event: 3.711 Executing VM operation: ParallelGCFailedAllocation done
Event: 3.845 Executing VM operation: ParallelGCFailedAllocation
Event: 3.857 Executing VM operation: ParallelGCFailedAllocation done
Event: 4.658 Thread 0xb6607c00 DEOPT PACKING pc=0xa7918d25 sp=0xb675abf0
Event: 4.906 Thread 0xb6607c00 DEOPT UNPACKING pc=0xa75ab590 sp=0xb675aa94 mode 0
Event: 5.173 Thread 0xb6607c00 DEOPT PACKING pc=0xa7918d25 sp=0xb675ac20
Event: 5.173 Thread 0xb6607c00 DEOPT UNPACKING pc=0xa75ab590 sp=0xb675aab4 mode 0
Event: 5.180 Thread 0xb6607c00 DEOPT PACKING pc=0xa7918d25 sp=0xb675ac20
Event: 5.180 Thread 0xb6607c00 DEOPT UNPACKING pc=0xa75ab590 sp=0xb675aab4 mode 0
Event: 10.427 Executing VM operation: EnableBiasedLocking


Dynamic libraries:
08048000-08049000 r-xp 00000000 08:08 3559203    /usr/lib/jvm/java-8-oracle/bin/java
08049000-0804a000 rw-p 00000000 08:08 3559203    /usr/lib/jvm/java-8-oracle/bin/java
08bbd000-08bde000 rw-p 00000000 00:00 0          [heap]
62900000-6293f000 rw-p 00000000 00:00 0 
6293f000-62a00000 ---p 00000000 00:00 0 
62a00000-62ac5000 rw-p 00000000 00:00 0 
62ac5000-62b00000 ---p 00000000 00:00 0 
62b00000-62bfc000 rw-p 00000000 00:00 0 
62bfc000-62c00000 ---p 00000000 00:00 0 
62c00000-62c60000 rw-p 00000000 00:00 0 
62c60000-62d00000 ---p 00000000 00:00 0 
62d00000-62dfb000 rw-p 00000000 00:00 0 
62dfb000-62e00000 ---p 00000000 00:00 0 
62e00000-62eee000 rw-p 00000000 00:00 0 
62eee000-62f00000 ---p 00000000 00:00 0 
62f00000-62fd4000 rw-p 00000000 00:00 0 
62fd4000-63000000 ---p 00000000 00:00 0 
6305e000-63061000 ---p 00000000 00:00 0 
63061000-630af000 rw-p 00000000 00:00 0 
630af000-630b2000 ---p 00000000 00:00 0 
630b2000-63100000 rw-p 00000000 00:00 0 
63100000-6315a000 rw-p 00000000 00:00 0 
6315a000-63200000 ---p 00000000 00:00 0 
6322c000-6322f000 ---p 00000000 00:00 0 
6322f000-6327d000 rw-p 00000000 00:00 0 
6327d000-6327e000 ---p 00000000 00:00 0 
6327e000-632fe000 rw-p 00000000 00:00 0 
632fe000-63301000 ---p 00000000 00:00 0 
63301000-6337f000 rw-p 00000000 00:00 0 
6337f000-63382000 ---p 00000000 00:00 0 
63382000-63400000 rw-p 00000000 00:00 0 
63400000-63600000 r--p 00000000 08:08 3546503    /usr/lib/locale/locale-archive
63600000-6362c000 rw-p 00000000 00:00 0 
6362c000-63700000 ---p 00000000 00:00 0 
6372e000-63731000 ---p 00000000 00:00 0 
63731000-6377f000 rw-p 00000000 00:00 0 
6377f000-63782000 ---p 00000000 00:00 0 
63782000-63800000 rw-p 00000000 00:00 0 
63800000-638fd000 rw-p 00000000 00:00 0 
638fd000-63900000 ---p 00000000 00:00 0 
6392e000-63931000 ---p 00000000 00:00 0 
63931000-6397f000 rw-p 00000000 00:00 0 
6397f000-63980000 ---p 00000000 00:00 0 
63980000-63a00000 rw-p 00000000 00:00 0 
63a00000-63af9000 rw-p 00000000 00:00 0 
63af9000-63b00000 ---p 00000000 00:00 0 
63b32000-63b81000 rw-p 00000000 00:00 0 
63b81000-63d59000 r--s 03d09000 08:08 3674159    /usr/lib/jvm/java-8-oracle/jre/lib/rt.jar
63d59000-641fa000 rw-p 00000000 00:00 0 
641fa000-64200000 ---p 00000000 00:00 0 
64200000-66600000 rw-p 00000000 00:00 0 
66600000-666f9000 rw-p 00000000 00:00 0 
666f9000-66700000 ---p 00000000 00:00 0 
6672e000-66731000 ---p 00000000 00:00 0 
66731000-6677f000 rw-p 00000000 00:00 0 
6677f000-66780000 ---p 00000000 00:00 0 
66780000-66800000 rw-p 00000000 00:00 0 
66800000-668fc000 rw-p 00000000 00:00 0 
668fc000-66900000 ---p 00000000 00:00 0 
6692e000-66931000 ---p 00000000 00:00 0 
66931000-6697f000 rw-p 00000000 00:00 0 
6697f000-66980000 ---p 00000000 00:00 0 
66980000-66a00000 rw-p 00000000 00:00 0 
66a00000-66a21000 rw-p 00000000 00:00 0 
66a21000-66b00000 ---p 00000000 00:00 0 
66b2e000-66b31000 ---p 00000000 00:00 0 
66b31000-66b7f000 rw-p 00000000 00:00 0 
66b7f000-66b80000 ---p 00000000 00:00 0 
66b80000-66c00000 rw-p 00000000 00:00 0 
66c00000-66c21000 rw-p 00000000 00:00 0 
66c21000-66d00000 ---p 00000000 00:00 0 
66d2d000-66d30000 ---p 00000000 00:00 0 
66d30000-66d7e000 rw-p 00000000 00:00 0 
66d7e000-66d7f000 ---p 00000000 00:00 0 
66d7f000-66e0f000 rw-p 00000000 00:00 0 
66e0f000-66f54000 ---p 00000000 00:00 0 
66f54000-66f63000 rw-p 00000000 00:00 0 
66f63000-66fff000 ---p 00000000 00:00 0 
66fff000-69000000 rw-p 00000000 00:00 0 
69000000-91ac0000 ---p 00000000 00:00 0 
91ac0000-936c0000 rw-p 00000000 00:00 0 
95b40000-a7000000 ---p 00000000 00:00 0 
a7041000-a7069000 rw-p 00000000 00:00 0 
a7069000-a71af000 ---p 00000000 00:00 0 
a71af000-a71bf000 rw-p 00000000 00:00 0 
a71bf000-a756f000 ---p 00000000 00:00 0 
a756f000-a7937000 rwxp 00000000 00:00 0 
a7937000-b656f000 ---p 00000000 00:00 0 
b656f000-b6588000 r-xp 00000000 08:08 3674191    /usr/lib/jvm/java-8-oracle/jre/lib/i386/libzip.so
b6588000-b6589000 rw-p 00018000 08:08 3674191    /usr/lib/jvm/java-8-oracle/jre/lib/i386/libzip.so
b6589000-b6594000 r-xp 00000000 08:08 1576743    /lib/i386-linux-gnu/libnss_files-2.15.so
b6594000-b6595000 r--p 0000a000 08:08 1576743    /lib/i386-linux-gnu/libnss_files-2.15.so
b6595000-b6596000 rw-p 0000b000 08:08 1576743    /lib/i386-linux-gnu/libnss_files-2.15.so
b6596000-b65a0000 r-xp 00000000 08:08 1578363    /lib/i386-linux-gnu/libnss_nis-2.15.so
b65a0000-b65a1000 r--p 00009000 08:08 1578363    /lib/i386-linux-gnu/libnss_nis-2.15.so
b65a1000-b65a2000 rw-p 0000a000 08:08 1578363    /lib/i386-linux-gnu/libnss_nis-2.15.so
b65a2000-b65b8000 r-xp 00000000 08:08 1572929    /lib/i386-linux-gnu/libnsl-2.15.so
b65b8000-b65b9000 r--p 00015000 08:08 1572929    /lib/i386-linux-gnu/libnsl-2.15.so
b65b9000-b65ba000 rw-p 00016000 08:08 1572929    /lib/i386-linux-gnu/libnsl-2.15.so
b65ba000-b65bc000 rw-p 00000000 00:00 0 
b65bc000-b65c3000 r-xp 00000000 08:08 1576746    /lib/i386-linux-gnu/libnss_compat-2.15.so
b65c3000-b65c4000 r--p 00006000 08:08 1576746    /lib/i386-linux-gnu/libnss_compat-2.15.so
b65c4000-b65c5000 rw-p 00007000 08:08 1576746    /lib/i386-linux-gnu/libnss_compat-2.15.so
b65c7000-b65cc000 r--s 00094000 08:08 3674106    /usr/lib/jvm/java-8-oracle/jre/lib/jsse.jar
b65cc000-b65db000 r--s 000df000 08:07 2104235    /home/terry/android-sdk-linux/build-tools/23.0.0_rc2/lib/dx.jar
b65db000-b65ff000 r-xp 00000000 08:08 3675440    /usr/lib/jvm/java-8-oracle/jre/lib/i386/libjava.so
b65ff000-b6600000 rw-p 00023000 08:08 3675440    /usr/lib/jvm/java-8-oracle/jre/lib/i386/libjava.so
b6600000-b66fc000 rw-p 00000000 00:00 0 
b66fc000-b6700000 ---p 00000000 00:00 0 
b6701000-b6702000 r--p 005e0000 08:08 3546503    /usr/lib/locale/locale-archive
b6702000-b6709000 r-xp 00000000 08:08 1578362    /lib/i386-linux-gnu/librt-2.15.so
b6709000-b670a000 r--p 00006000 08:08 1578362    /lib/i386-linux-gnu/librt-2.15.so
b670a000-b670b000 rw-p 00007000 08:08 1578362    /lib/i386-linux-gnu/librt-2.15.so
b670b000-b670e000 ---p 00000000 00:00 0 
b670e000-b675c000 rw-p 00000000 00:00 0 
b675c000-b6786000 r-xp 00000000 08:08 1576745    /lib/i386-linux-gnu/libm-2.15.so
b6786000-b6787000 r--p 00029000 08:08 1576745    /lib/i386-linux-gnu/libm-2.15.so
b6787000-b6788000 rw-p 0002a000 08:08 1576745    /lib/i386-linux-gnu/libm-2.15.so
b6788000-b70fb000 r-xp 00000000 08:08 3675420    /usr/lib/jvm/java-8-oracle/jre/lib/i386/server/libjvm.so
b70fb000-b7167000 rw-p 00973000 08:08 3675420    /usr/lib/jvm/java-8-oracle/jre/lib/i386/server/libjvm.so
b7167000-b758d000 rw-p 00000000 00:00 0 
b758d000-b7731000 r-xp 00000000 08:08 1572994    /lib/i386-linux-gnu/libc-2.15.so
b7731000-b7733000 r--p 001a4000 08:08 1572994    /lib/i386-linux-gnu/libc-2.15.so
b7733000-b7734000 rw-p 001a6000 08:08 1572994    /lib/i386-linux-gnu/libc-2.15.so
b7734000-b7737000 rw-p 00000000 00:00 0 
b7737000-b773a000 r-xp 00000000 08:08 1573949    /lib/i386-linux-gnu/libdl-2.15.so
b773a000-b773b000 r--p 00002000 08:08 1573949    /lib/i386-linux-gnu/libdl-2.15.so
b773b000-b773c000 rw-p 00003000 08:08 1573949    /lib/i386-linux-gnu/libdl-2.15.so
b773c000-b7750000 r-xp 00000000 08:08 3559313    /usr/lib/jvm/java-8-oracle/lib/i386/jli/libjli.so
b7750000-b7751000 rw-p 00014000 08:08 3559313    /usr/lib/jvm/java-8-oracle/lib/i386/jli/libjli.so
b7751000-b7752000 rw-p 00000000 00:00 0 
b7752000-b7769000 r-xp 00000000 08:08 1576744    /lib/i386-linux-gnu/libpthread-2.15.so
b7769000-b776a000 r--p 00016000 08:08 1576744    /lib/i386-linux-gnu/libpthread-2.15.so
b776a000-b776b000 rw-p 00017000 08:08 1576744    /lib/i386-linux-gnu/libpthread-2.15.so
b776b000-b776d000 rw-p 00000000 00:00 0 
b776d000-b7775000 rw-s 00000000 08:08 921712     /tmp/hsperfdata_terry/10589
b7775000-b7776000 rw-p 00000000 00:00 0 
b7776000-b7777000 ---p 00000000 00:00 0 
b7777000-b7782000 r-xp 00000000 08:08 3675434    /usr/lib/jvm/java-8-oracle/jre/lib/i386/libverify.so
b7782000-b7783000 rw-p 0000b000 08:08 3675434    /usr/lib/jvm/java-8-oracle/jre/lib/i386/libverify.so
b7783000-b7785000 rw-p 00000000 00:00 0 
b7785000-b7786000 r-xp 00000000 00:00 0          [vdso]
b7786000-b77a6000 r-xp 00000000 08:08 1578361    /lib/i386-linux-gnu/ld-2.15.so
b77a6000-b77a7000 r--p 0001f000 08:08 1578361    /lib/i386-linux-gnu/ld-2.15.so
b77a7000-b77a8000 rw-p 00020000 08:08 1578361    /lib/i386-linux-gnu/ld-2.15.so
bfa54000-bfa55000 rwxp 00000000 00:00 0 
bfa86000-bfaa8000 rw-p 00000000 00:00 0          [stack]

VM Arguments:
jvm_args: -Xmx1024M -Dfile.encoding=UTF-8 -Duser.country=US -Duser.language=en -Duser.variant 
java_command: com.android.dx.command.Main --dex --num-threads=4 --output /home/terry/Android_terryspace/JavaDesignPattern/app/build/intermediates/dex/debug /home/terry/Android_terryspace/JavaDesignPattern/app/build/intermediates/classes/debug /home/terry/Android_terryspace/JavaDesignPattern/app/build/intermediates/pre-dexed/debug/support-annotations-22.2.0-25af2d6c49047be0514a6f5fd88ffadcae55b0b1.jar /home/terry/Android_terryspace/JavaDesignPattern/app/build/intermediates/pre-dexed/debug/classes-503cf9daa522532ef3ad0f822bbd8ac51e50564d.jar /home/terry/Android_terryspace/JavaDesignPattern/app/build/intermediates/pre-dexed/debug/internal_impl-22.2.0-4656da89de8aafccd36ea6f41ff8c32565fb1836.jar /home/terry/Android_terryspace/JavaDesignPattern/app/build/intermediates/pre-dexed/debug/classes-8e4976d4ab22de8002042edd164bf9e0dc8ade59.jar /home/terry/Android_terryspace/JavaDesignPattern/app/build/intermediates/pre-dexed/debug/classes-da4545861d9d54ce70726f451574b7693e5a662c.jar
java_class_path (initial): /home/terry/android-sdk-linux/build-tools/23.0.0_rc2/lib/dx.jar
Launcher Type: SUN_STANDARD

Environment Variables:
CLASSPATH=/home/terry/android-studio/bin/../lib/bootstrap.jar:/home/terry/android-studio/bin/../lib/extensions.jar:/home/terry/android-studio/bin/../lib/util.jar:/home/terry/android-studio/bin/../lib/jdom.jar:/home/terry/android-studio/bin/../lib/log4j.jar:/home/terry/android-studio/bin/../lib/trove4j.jar:/home/terry/android-studio/bin/../lib/jna.jar:/usr/lib/jvm/java-8-oracle/lib/tools.jar
PATH=/usr/lib/lightdm/lightdm:/usr/local/sbin:/usr/local/bin:/usr/sbin:/usr/bin:/sbin:/bin:/usr/games
LD_LIBRARY_PATH=/home/terry/android-studio/bin:
SHELL=/bin/bash
DISPLAY=:0.0

Signal Handlers:
SIGSEGV: [libjvm.so+0x8c2ab0], sa_mask[0]=11111111011111111101111111111110, sa_flags=SA_RESTART|SA_SIGINFO
SIGBUS: [libjvm.so+0x8c2ab0], sa_mask[0]=11111111011111111101111111111110, sa_flags=SA_RESTART|SA_SIGINFO
SIGFPE: [libjvm.so+0x7433e0], sa_mask[0]=11111111011111111101111111111110, sa_flags=SA_RESTART|SA_SIGINFO
SIGPIPE: [libjvm.so+0x7433e0], sa_mask[0]=11111111011111111101111111111110, sa_flags=SA_RESTART|SA_SIGINFO
SIGXFSZ: [libjvm.so+0x7433e0], sa_mask[0]=11111111011111111101111111111110, sa_flags=SA_RESTART|SA_SIGINFO
SIGILL: [libjvm.so+0x7433e0], sa_mask[0]=11111111011111111101111111111110, sa_flags=SA_RESTART|SA_SIGINFO
SIGUSR1: SIG_DFL, sa_mask[0]=00000000000000000000000000000000, sa_flags=none
SIGUSR2: [libjvm.so+0x744970], sa_mask[0]=00100000000000000000000000000000, sa_flags=SA_RESTART|SA_SIGINFO
SIGHUP: [libjvm.so+0x745e20], sa_mask[0]=11111111011111111101111111111110, sa_flags=SA_RESTART|SA_SIGINFO
SIGINT: SIG_IGN, sa_mask[0]=00000000000000000000000000000000, sa_flags=none
SIGTERM: [libjvm.so+0x745e20], sa_mask[0]=11111111011111111101111111111110, sa_flags=SA_RESTART|SA_SIGINFO
SIGQUIT: [libjvm.so+0x745e20], sa_mask[0]=11111111011111111101111111111110, sa_flags=SA_RESTART|SA_SIGINFO


---------------  S Y S T E M  ---------------

OS:DISTRIB_ID=Ubuntu
DISTRIB_RELEASE=12.04
DISTRIB_CODENAME=precise
DISTRIB_DESCRIPTION="Ubuntu 12.04.5 LTS"

uname:Linux 3.2.0-24-generic-pae #39-Ubuntu SMP Mon May 21 18:54:21 UTC 2012 i686
libc:glibc 2.15 NPTL 2.15 
rlimit: STACK 8192k, CORE 0k, NPROC 23509, NOFILE 4096, AS infinity
load average:4.28 2.10 1.35

/proc/meminfo:
MemTotal:        3023804 kB
MemFree:          125004 kB
Buffers:             376 kB
Cached:            76596 kB
SwapCached:            0 kB
Active:          2715916 kB
Inactive:          68240 kB
Active(anon):    2709436 kB
Inactive(anon):    16728 kB
Active(file):       6480 kB
Inactive(file):    51512 kB
Unevictable:          88 kB
Mlocked:              88 kB
HighTotal:       2157824 kB
HighFree:           2840 kB
LowTotal:         865980 kB
LowFree:          122164 kB
SwapTotal:             0 kB
SwapFree:              0 kB
Dirty:                36 kB
Writeback:             0 kB
AnonPages:       2707632 kB
Mapped:            38004 kB
Shmem:             18620 kB
Slab:              41356 kB
SReclaimable:      15648 kB
SUnreclaim:        25708 kB
KernelStack:        5672 kB
PageTables:        20412 kB
NFS_Unstable:          0 kB
Bounce:                0 kB
WritebackTmp:          0 kB
CommitLimit:     1511900 kB
Committed_AS:    6647252 kB
VmallocTotal:     122880 kB
VmallocUsed:       54180 kB
VmallocChunk:      35344 kB
HardwareCorrupted:     0 kB
AnonHugePages:         0 kB
HugePages_Total:       0
HugePages_Free:        0
HugePages_Rsvd:        0
HugePages_Surp:        0
Hugepagesize:       2048 kB
DirectMap4k:        8184 kB
DirectMap2M:      905216 kB


CPU:total 4 (2 cores per cpu, 2 threads per core) family 6 model 37 stepping 5, cmov, cx8, fxsr, mmx, sse, sse2, sse3, ssse3, sse4.1, sse4.2, popcnt, ht, tsc, tscinvbit

/proc/cpuinfo:
processor	: 0
vendor_id	: GenuineIntel
cpu family	: 6
model		: 37
model name	: Intel(R) Core(TM) i3 CPU       M 380  @ 2.53GHz
stepping	: 5
microcode	: 0x2
cpu MHz		: 933.000
cache size	: 3072 KB
physical id	: 0
siblings	: 4
core id		: 0
cpu cores	: 2
apicid		: 0
initial apicid	: 0
fdiv_bug	: no
hlt_bug		: no
f00f_bug	: no
coma_bug	: no
fpu		: yes
fpu_exception	: yes
cpuid level	: 11
wp		: yes
flags		: fpu vme de pse tsc msr pae mce cx8 apic sep mtrr pge mca cmov pat pse36 clflush dts acpi mmx fxsr sse sse2 ss ht tm pbe nx rdtscp lm constant_tsc arch_perfmon pebs bts xtopology nonstop_tsc aperfmperf pni dtes64 monitor ds_cpl vmx est tm2 ssse3 cx16 xtpr pdcm pcid sse4_1 sse4_2 popcnt lahf_lm arat dts tpr_shadow vnmi flexpriority ept vpid
bogomips	: 5053.44
clflush size	: 64
cache_alignment	: 64
address sizes	: 36 bits physical, 48 bits virtual
power management:

processor	: 1
vendor_id	: GenuineIntel
cpu family	: 6
model		: 37
model name	: Intel(R) Core(TM) i3 CPU       M 380  @ 2.53GHz
stepping	: 5
microcode	: 0x2
cpu MHz		: 933.000
cache size	: 3072 KB
physical id	: 0
siblings	: 4
core id		: 0
cpu cores	: 2
apicid		: 1
initial apicid	: 1
fdiv_bug	: no
hlt_bug		: no
f00f_bug	: no
coma_bug	: no
fpu		: yes
fpu_exception	: yes
cpuid level	: 11
wp		: yes
flags		: fpu vme de pse tsc msr pae mce cx8 apic sep mtrr pge mca cmov pat pse36 clflush dts acpi mmx fxsr sse sse2 ss ht tm pbe nx rdtscp lm constant_tsc arch_perfmon pebs bts xtopology nonstop_tsc aperfmperf pni dtes64 monitor ds_cpl vmx est tm2 ssse3 cx16 xtpr pdcm pcid sse4_1 sse4_2 popcnt lahf_lm arat dts tpr_shadow vnmi flexpriority ept vpid
bogomips	: 5053.86
clflush size	: 64
cache_alignment	: 64
address sizes	: 36 bits physical, 48 bits virtual
power management:

processor	: 2
vendor_id	: GenuineIntel
cpu family	: 6
model		: 37
model name	: Intel(R) Core(TM) i3 CPU       M 380  @ 2.53GHz
stepping	: 5
microcode	: 0x2
cpu MHz		: 1866.000
cache size	: 3072 KB
physical id	: 0
siblings	: 4
core id		: 2
cpu cores	: 2
apicid		: 4
initial apicid	: 4
fdiv_bug	: no
hlt_bug		: no
f00f_bug	: no
coma_bug	: no
fpu		: yes
fpu_exception	: yes
cpuid level	: 11
wp		: yes
flags		: fpu vme de pse tsc msr pae mce cx8 apic sep mtrr pge mca cmov pat pse36 clflush dts acpi mmx fxsr sse sse2 ss ht tm pbe nx rdtscp lm constant_tsc arch_perfmon pebs bts xtopology nonstop_tsc aperfmperf pni dtes64 monitor ds_cpl vmx est tm2 ssse3 cx16 xtpr pdcm pcid sse4_1 sse4_2 popcnt lahf_lm arat dts tpr_shadow vnmi flexpriority ept vpid
bogomips	: 5053.89
clflush size	: 64
cache_alignment	: 64
address sizes	: 36 bits physical, 48 bits virtual
power management:

processor	: 3
vendor_id	: GenuineIntel
cpu family	: 6
model		: 37
model name	: Intel(R) Core(TM) i3 CPU       M 380  @ 2.53GHz
stepping	: 5
microcode	: 0x2
cpu MHz		: 933.000
cache size	: 3072 KB
physical id	: 0
siblings	: 4
core id		: 2
cpu cores	: 2
apicid		: 5
initial apicid	: 5
fdiv_bug	: no
hlt_bug		: no
f00f_bug	: no
coma_bug	: no
fpu		: yes
fpu_exception	: yes
cpuid level	: 11
wp		: yes
flags		: fpu vme de pse tsc msr pae mce cx8 apic sep mtrr pge mca cmov pat pse36 clflush dts acpi mmx fxsr sse sse2 ss ht tm pbe nx rdtscp lm constant_tsc arch_perfmon pebs bts xtopology nonstop_tsc aperfmperf pni dtes64 monitor ds_cpl vmx est tm2 ssse3 cx16 xtpr pdcm pcid sse4_1 sse4_2 popcnt lahf_lm arat dts tpr_shadow vnmi flexpriority ept vpid
bogomips	: 5053.89
clflush size	: 64
cache_alignment	: 64
address sizes	: 36 bits physical, 48 bits virtual
power management:



Memory: 4k page, physical 3023804k(125004k free), swap 0k(0k free)

vm_info: Java HotSpot(TM) Server VM (25.40-b25) for linux-x86 JRE (1.8.0_40-b25), built on Feb 10 2015 22:05:45 by "java_re" with gcc 4.3.0 20080428 (Red Hat 4.3.0-8)

time: Thu Jul  9 17:40:22 2015
elapsed time: 12 seconds (0d 0h 0m 12s)

