#
# There is insufficient memory for the Java Runtime Environment to continue.
# Native memory allocation (malloc) failed to allocate 1099040 bytes for Chunk::new
# Possible reasons:
#   The system is out of physical RAM or swap space
#   In 32 bit mode, the process size limit was hit
# Possible solutions:
#   Reduce memory load on the system
#   Increase physical memory or swap space
#   Check if swap backing store is full
#   Use 64 bit Java on a 64 bit OS
#   Decrease Java heap size (-Xmx/-Xms)
#   Decrease number of Java threads
#   Decrease Java thread stack sizes (-Xss)
#   Set larger code cache with -XX:ReservedCodeCacheSize=
# This output file may be truncated or incomplete.
#
#  Out of Memory Error (allocation.cpp:390), pid=8555, tid=1670048576
#
# JRE version: Java(TM) SE Runtime Environment (8.0_45-b14) (build 1.8.0_45-b14)
# Java VM: Java HotSpot(TM) Server VM (25.45-b02 mixed mode linux-x86 )
# Failed to write core dump. Core dumps have been disabled. To enable core dumping, try "ulimit -c unlimited" before starting Java again
#

---------------  T H R E A D  ---------------

Current thread (0x63ba3400):  JavaThread "C2 CompilerThread0" daemon [_thread_in_native, id=8577, stack(0x6382e000,0x638af000)]

Stack: [0x6382e000,0x638af000],  sp=0x638ac300,  free space=504k
Native frames: (J=compiled Java code, j=interpreted, Vv=VM code, C=native code)
V  [libjvm.so+0x8c1ecf]  VMError::report_and_die()+0x16f
V  [libjvm.so+0x386495]  report_vm_out_of_memory(char const*, int, unsigned int, VMErrorType, char const*)+0x55
V  [libjvm.so+0x1a9cb4]  Chunk::operator new(unsigned int, AllocFailStrategy::AllocFailEnum, unsigned int)+0xe4
V  [libjvm.so+0x1aa23c]  Arena::grow(unsigned int, AllocFailStrategy::AllocFailEnum)+0x2c
V  [libjvm.so+0x7c4544]  resource_allocate_bytes(unsigned int, AllocFailStrategy::AllocFailEnum)+0x64
V  [libjvm.so+0x3fd1ee]  PhaseIdealLoop::Dominators()+0x6e
V  [libjvm.so+0x66a18e]  PhaseIdealLoop::build_and_optimize(bool, bool)+0x41e
V  [libjvm.so+0x33b8ed]  PhaseIdealLoop::PhaseIdealLoop(PhaseIterGVN&, bool, bool)+0x15d
V  [libjvm.so+0x3380b3]  Compile::Optimize()+0x863
V  [libjvm.so+0x339380]  Compile::Compile(ciEnv*, C2Compiler*, ciMethod*, int, bool, bool, bool)+0x1230
V  [libjvm.so+0x28fe74]  C2Compiler::compile_method(ciEnv*, ciMethod*, int)+0x1b4
V  [libjvm.so+0x343b51]  CompileBroker::invoke_compiler_on_method(CompileTask*)+0xda1
V  [libjvm.so+0x344967]  CompileBroker::compiler_thread_loop()+0x567
V  [libjvm.so+0x86b548]  compiler_thread_entry(JavaThread*, Thread*)+0x18
V  [libjvm.so+0x876229]  JavaThread::thread_main_inner()+0x109
V  [libjvm.so+0x8763ab]  JavaThread::run()+0x14b
V  [libjvm.so+0x749049]  java_start(Thread*)+0x119
C  [libpthread.so.0+0x6d4c]  start_thread+0xcc
C  [libc.so.6+0xeeb8e]  clone+0x5e


Current CompileTask:
C2:  43825 1242   !   4       java.net.URLClassLoader$1::run (63 bytes)


---------------  P R O C E S S  ---------------

Java Threads: ( => current thread )
  0x667f4800 JavaThread "Stdin handler" [_thread_blocked, id=8592, stack(0x61f6b000,0x61fbc000)]
  0x089e8400 JavaThread "Daemon worker" [_thread_in_native, id=8589, stack(0x61fbc000,0x6200d000)]
  0x089eac00 JavaThread "Cancel handler" [_thread_blocked, id=8588, stack(0x6200d000,0x6205e000)]
  0x089e6c00 JavaThread "Handler for socket connection from /127.0.0.1:56981 to /127.0.0.1:59971" [_thread_in_native, id=8584, stack(0x6205e000,0x620af000)]
  0x62264800 JavaThread "Daemon" [_thread_blocked, id=8583, stack(0x620af000,0x62100000)]
  0x62251000 JavaThread "Incoming local TCP Connector on port 56981" [_thread_in_native, id=8582, stack(0x62707000,0x62758000)]
  0x63ba9c00 JavaThread "Service Thread" daemon [_thread_blocked, id=8580, stack(0x633ad000,0x633fe000)]
  0x63ba6800 JavaThread "C1 CompilerThread2" daemon [_thread_blocked, id=8579, stack(0x633fe000,0x6347f000)]
  0x63ba5000 JavaThread "C2 CompilerThread1" daemon [_thread_in_native, id=8578, stack(0x6347f000,0x63500000)]
=>0x63ba3400 JavaThread "C2 CompilerThread0" daemon [_thread_in_native, id=8577, stack(0x6382e000,0x638af000)]
  0x63ba1c00 JavaThread "Signal Dispatcher" daemon [_thread_blocked, id=8576, stack(0x638af000,0x63900000)]
  0x63b86000 JavaThread "Finalizer" daemon [_thread_blocked, id=8575, stack(0x6682e000,0x6687f000)]
  0x63b84800 JavaThread "Reference Handler" daemon [_thread_blocked, id=8574, stack(0x63a2e000,0x63a7f000)]
  0xb6507800 JavaThread "main" [_thread_blocked, id=8567, stack(0xb66cf000,0xb6720000)]

Other Threads:
  0x63b81400 VMThread [stack: 0x63a7f000,0x63b00000] [id=8573]
  0x63bacc00 WatcherThread [stack: 0x6332c000,0x633ad000] [id=8581]

VM state:not at safepoint (normal execution)

VM Mutex/Monitor currently owned by a thread: None

Heap:
 PSYoungGen      total 26624K, used 25403K [0x91ac0000, 0x936c0000, 0xa7000000)
  eden space 24576K, 95% used [0x91ac0000,0x93190d50,0x932c0000)
  from space 2048K, 99% used [0x932c0000,0x934bdf68,0x934c0000)
  to   space 2048K, 0% used [0x934c0000,0x934c0000,0x936c0000)
 ParOldGen       total 32768K, used 3838K [0x67000000, 0x69000000, 0x91ac0000)
  object space 32768K, 11% used [0x67000000,0x673bf988,0x69000000)
 Metaspace       used 10263K, capacity 10366K, committed 10392K, reserved 10544K

Card table byte_map: [0x66dff000,0x67000000] byte_map_base: 0x66ac7000

Marking Bits: (ParMarkBitMap*) 0xb713c960
 Begin Bits: [0x64700000, 0x65700000)
 End Bits:   [0x65700000, 0x66700000)

Polling page: 0xb773a000

CodeCache: size=245760Kb used=2974Kb max_used=2977Kb free=242785Kb
 bounds [0xa7500000, 0xa77f0000, 0xb6500000]
 total_blobs=1344 nmethods=1155 adapters=103
 compilation: enabled

Compilation events (10 events):
Event: 41.820 Thread 0x63ba6800 nmethod 1240 0xa76bca88 code [0xa76bcba0, 0xa76bcccc]
Event: 41.820 Thread 0x63ba3400 1242   !   4       java.net.URLClassLoader$1::run (63 bytes)
Event: 41.820 Thread 0x63ba6800 1243       3       java.lang.String::lastIndexOf (11 bytes)
Event: 41.821 Thread 0x63ba6800 nmethod 1243 0xa76c2a88 code [0xa76c2ba0, 0xa76c2d8c]
Event: 41.822 Thread 0x63ba6800 1244       3       java.util.regex.Pattern$CharProperty::<init> (5 bytes)
Event: 41.822 Thread 0x63ba6800 nmethod 1244 0xa771c508 code [0xa771c620, 0xa771c7e0]
Event: 41.822 Thread 0x63ba6800 1245       3       java.util.regex.Pattern$CharProperty::<init> (5 bytes)
Event: 41.822 Thread 0x63ba6800 nmethod 1245 0xa75d5688 code [0xa75d57a0, 0xa75d5920]
Event: 41.823 Thread 0x63ba6800 1246       3       java.util.regex.Pattern::atom (379 bytes)
Event: 41.828 Thread 0x63ba6800 nmethod 1246 0xa76eb408 code [0xa76eb6c0, 0xa76ec738]

GC Heap History (6 events):
Event: 11.948 GC heap before
{Heap before GC invocations=1 (full 0):
 PSYoungGen      total 14336K, used 12288K [0x91ac0000, 0x92ac0000, 0xa7000000)
  eden space 12288K, 100% used [0x91ac0000,0x926c0000,0x926c0000)
  from space 2048K, 0% used [0x928c0000,0x928c0000,0x92ac0000)
  to   space 2048K, 0% used [0x926c0000,0x926c0000,0x928c0000)
 ParOldGen       total 32768K, used 0K [0x67000000, 0x69000000, 0x91ac0000)
  object space 32768K, 0% used [0x67000000,0x67000000,0x69000000)
 Metaspace       used 3863K, capacity 3920K, committed 3992K, reserved 4400K
Event: 12.136 GC heap after
Heap after GC invocations=1 (full 0):
 PSYoungGen      total 14336K, used 2044K [0x91ac0000, 0x936c0000, 0xa7000000)
  eden space 12288K, 0% used [0x91ac0000,0x91ac0000,0x926c0000)
  from space 2048K, 99% used [0x926c0000,0x928bf0a8,0x928c0000)
  to   space 2048K, 0% used [0x934c0000,0x934c0000,0x936c0000)
 ParOldGen       total 32768K, used 625K [0x67000000, 0x69000000, 0x91ac0000)
  object space 32768K, 1% used [0x67000000,0x6709c6e8,0x69000000)
 Metaspace       used 3863K, capacity 3920K, committed 3992K, reserved 4400K
}
Event: 17.680 GC heap before
{Heap before GC invocations=2 (full 0):
 PSYoungGen      total 14336K, used 14332K [0x91ac0000, 0x936c0000, 0xa7000000)
  eden space 12288K, 100% used [0x91ac0000,0x926c0000,0x926c0000)
  from space 2048K, 99% used [0x926c0000,0x928bf0a8,0x928c0000)
  to   space 2048K, 0% used [0x934c0000,0x934c0000,0x936c0000)
 ParOldGen       total 32768K, used 625K [0x67000000, 0x69000000, 0x91ac0000)
  object space 32768K, 1% used [0x67000000,0x6709c6e8,0x69000000)
 Metaspace       used 4287K, capacity 4376K, committed 4376K, reserved 4400K
Event: 17.735 GC heap after
Heap after GC invocations=2 (full 0):
 PSYoungGen      total 26624K, used 2035K [0x91ac0000, 0x936c0000, 0xa7000000)
  eden space 24576K, 0% used [0x91ac0000,0x91ac0000,0x932c0000)
  from space 2048K, 99% used [0x934c0000,0x936bcfd0,0x936c0000)
  to   space 2048K, 0% used [0x932c0000,0x932c0000,0x934c0000)
 ParOldGen       total 32768K, used 867K [0x67000000, 0x69000000, 0x91ac0000)
  object space 32768K, 2% used [0x67000000,0x670d8fd8,0x69000000)
 Metaspace       used 4287K, capacity 4376K, committed 4376K, reserved 4400K
}
Event: 32.019 GC heap before
{Heap before GC invocations=3 (full 0):
 PSYoungGen      total 26624K, used 26611K [0x91ac0000, 0x936c0000, 0xa7000000)
  eden space 24576K, 100% used [0x91ac0000,0x932c0000,0x932c0000)
  from space 2048K, 99% used [0x934c0000,0x936bcfd0,0x936c0000)
  to   space 2048K, 0% used [0x932c0000,0x932c0000,0x934c0000)
 ParOldGen       total 32768K, used 867K [0x67000000, 0x69000000, 0x91ac0000)
  object space 32768K, 2% used [0x67000000,0x670d8fd8,0x69000000)
 Metaspace       used 6964K, capacity 7038K, committed 7064K, reserved 7472K
Event: 32.029 GC heap after
Heap after GC invocations=3 (full 0):
 PSYoungGen      total 26624K, used 2039K [0x91ac0000, 0x936c0000, 0xa7000000)
  eden space 24576K, 0% used [0x91ac0000,0x91ac0000,0x932c0000)
  from space 2048K, 99% used [0x932c0000,0x934bdf68,0x934c0000)
  to   space 2048K, 0% used [0x934c0000,0x934c0000,0x936c0000)
 ParOldGen       total 32768K, used 3838K [0x67000000, 0x69000000, 0x91ac0000)
  object space 32768K, 11% used [0x67000000,0x673bf988,0x69000000)
 Metaspace       used 6964K, capacity 7038K, committed 7064K, reserved 7472K
}

Deoptimization events (10 events):
Event: 20.867 Thread 0xb6507800 Uncommon trap: reason=bimorphic action=maybe_recompile pc=0xa76bcb88 method=java.lang.ThreadLocal.get()Ljava/lang/Object; @ 6
Event: 24.332 Thread 0x089e6c00 Uncommon trap: reason=null_check action=make_not_entrant pc=0xa76c30c8 method=java.lang.StringCoding.deref(Ljava/lang/ThreadLocal;)Ljava/lang/Object; @ 4
Event: 24.333 Thread 0x089e6c00 Uncommon trap: reason=unstable_if action=reinterpret pc=0xa76def98 method=java.lang.StringCoding.decode(Ljava/lang/String;[BII)[C @ 51
Event: 26.505 Thread 0x089e8400 Uncommon trap: reason=bimorphic action=maybe_recompile pc=0xa76c81ac method=java.util.HashMap.putVal(ILjava/lang/Object;Ljava/lang/Object;ZZ)Ljava/lang/Object; @ 91
Event: 26.505 Thread 0x089e8400 Uncommon trap: reason=bimorphic action=maybe_recompile pc=0xa76c81ac method=java.util.HashMap.putVal(ILjava/lang/Object;Ljava/lang/Object;ZZ)Ljava/lang/Object; @ 91
Event: 26.506 Thread 0x089e8400 Uncommon trap: reason=bimorphic action=maybe_recompile pc=0xa76c81ac method=java.util.HashMap.putVal(ILjava/lang/Object;Ljava/lang/Object;ZZ)Ljava/lang/Object; @ 91
Event: 32.149 Thread 0x089e8400 Uncommon trap: reason=unstable_if action=reinterpret pc=0xa77097a8 method=java.util.HashMap.getNode(ILjava/lang/Object;)Ljava/util/HashMap$Node; @ 129
Event: 32.150 Thread 0x089e8400 Uncommon trap: reason=unstable_if action=reinterpret pc=0xa76e0114 method=java.util.HashMap.getNode(ILjava/lang/Object;)Ljava/util/HashMap$Node; @ 129
Event: 41.751 Thread 0x089e8400 Uncommon trap: reason=class_check action=maybe_recompile pc=0xa76b4bdc method=java.util.regex.Matcher.match(II)Z @ 86
Event: 41.751 Thread 0x089e8400 Uncommon trap: reason=class_check action=maybe_recompile pc=0xa76b4bdc method=java.util.regex.Matcher.match(II)Z @ 86

Internal exceptions (10 events):
Event: 40.377 Thread 0x089e8400 Exception <a 'java/lang/ClassNotFoundException': groovy/lang/ExpandoMetaClassBeanInfo> (0x92590c00) thrown at [/HUDSON/workspace/8-2-build-linux-i586/jdk8u45/3457/hotspot/src/share/vm/classfile/systemDictionary.cpp, line 210]
Event: 40.377 Thread 0x089e8400 Exception <a 'java/lang/ClassNotFoundException': groovy/lang/MetaClassImplBeanInfo> (0x9259b0f0) thrown at [/HUDSON/workspace/8-2-build-linux-i586/jdk8u45/3457/hotspot/src/share/vm/classfile/systemDictionary.cpp, line 210]
Event: 40.377 Thread 0x089e8400 Exception <a 'java/lang/ClassNotFoundException': java/lang/ObjectBeanInfo> (0x9259fcd0) thrown at [/HUDSON/workspace/8-2-build-linux-i586/jdk8u45/3457/hotspot/src/share/vm/classfile/systemDictionary.cpp, line 210]
Event: 40.379 Thread 0x089e8400 Exception <a 'java/lang/ClassNotFoundException': java/lang/ObjectCustomizer> (0x925a4ce0) thrown at [/HUDSON/workspace/8-2-build-linux-i586/jdk8u45/3457/hotspot/src/share/vm/classfile/systemDictionary.cpp, line 210]
Event: 40.456 Thread 0x089e8400 Exception <a 'java/lang/ClassNotFoundException': groovy/lang/MetaClassImplCustomizer> (0x925b5a90) thrown at [/HUDSON/workspace/8-2-build-linux-i586/jdk8u45/3457/hotspot/src/share/vm/classfile/systemDictionary.cpp, line 210]
Event: 40.459 Thread 0x089e8400 Exception <a 'java/lang/ClassNotFoundException': groovy/lang/ExpandoMetaClassCustomizer> (0x925e4018) thrown at [/HUDSON/workspace/8-2-build-linux-i586/jdk8u45/3457/hotspot/src/share/vm/classfile/systemDictionary.cpp, line 210]
Event: 40.516 Thread 0x089e8400 Exception <a 'java/lang/ClassNotFoundException': org/gradle/api/internal/plugins/DefaultExtraPropertiesExtensionBeanInfo> (0x92658c88) thrown at [/HUDSON/workspace/8-2-build-linux-i586/jdk8u45/3457/hotspot/src/share/vm/classfile/systemDictionary.cpp, line
Event: 40.516 Thread 0x089e8400 Exception <a 'java/lang/ClassNotFoundException': groovy/lang/GroovyObjectSupportBeanInfo> (0x92664040) thrown at [/HUDSON/workspace/8-2-build-linux-i586/jdk8u45/3457/hotspot/src/share/vm/classfile/systemDictionary.cpp, line 210]
Event: 40.517 Thread 0x089e8400 Exception <a 'java/lang/ClassNotFoundException': groovy/lang/GroovyObjectSupportCustomizer> (0x9266f8c8) thrown at [/HUDSON/workspace/8-2-build-linux-i586/jdk8u45/3457/hotspot/src/share/vm/classfile/systemDictionary.cpp, line 210]
Event: 40.517 Thread 0x089e8400 Exception <a 'java/lang/ClassNotFoundException': org/gradle/api/internal/plugins/DefaultExtraPropertiesExtensionCustomizer> (0x92684ca0) thrown at [/HUDSON/workspace/8-2-build-linux-i586/jdk8u45/3457/hotspot/src/share/vm/classfile/systemDictionary.cpp, li

Events (10 events):
Event: 41.924 loading class com/google/common/base/CharMatcher$NegatedFastMatcher done
Event: 41.924 loading class com/google/common/base/CharMatcher$14
Event: 41.924 loading class com/google/common/base/CharMatcher$14 done
Event: 41.924 loading class com/google/common/base/CharMatcher$12
Event: 41.924 loading class com/google/common/base/CharMatcher$12 done
Event: 41.925 loading class com/google/common/base/CharMatcher$10
Event: 41.925 loading class com/google/common/base/CharMatcher$10 done
Event: 41.926 loading class com/google/common/base/CharMatcher$11
Event: 41.926 loading class com/google/common/base/CharMatcher$11 done
Event: 41.928 loading class java/util/DualPivotQuicksort


Dynamic libraries:
08048000-08049000 r-xp 00000000 08:08 3557484    /usr/lib/jvm/java-8-oracle/bin/java
08049000-0804a000 rw-p 00000000 08:08 3557484    /usr/lib/jvm/java-8-oracle/bin/java
089e1000-08a02000 rw-p 00000000 00:00 0          [heap]
60566000-60700000 rw-p 00000000 00:00 0 
60700000-6073a000 rw-p 00000000 00:00 0 
6073a000-60800000 ---p 00000000 00:00 0 
60900000-6099e000 rw-p 00000000 00:00 0 
6099e000-60a00000 ---p 00000000 00:00 0 
60b00000-60bf2000 rw-p 00000000 00:00 0 
60bf2000-60c00000 ---p 00000000 00:00 0 
60c00000-60cfb000 rw-p 00000000 00:00 0 
60cfb000-60d00000 ---p 00000000 00:00 0 
60d00000-60de0000 rw-p 00000000 00:00 0 
60de0000-60e00000 ---p 00000000 00:00 0 
60e00000-60eea000 rw-p 00000000 00:00 0 
60eea000-60f00000 ---p 00000000 00:00 0 
60f00000-60ffd000 rw-p 00000000 00:00 0 
60ffd000-61000000 ---p 00000000 00:00 0 
61000000-610fe000 rw-p 00000000 00:00 0 
610fe000-61100000 ---p 00000000 00:00 0 
61100000-611fb000 rw-p 00000000 00:00 0 
611fb000-61200000 ---p 00000000 00:00 0 
61200000-612ef000 rw-p 00000000 00:00 0 
612ef000-61300000 ---p 00000000 00:00 0 
61300000-613f9000 rw-p 00000000 00:00 0 
613f9000-61400000 ---p 00000000 00:00 0 
61400000-61500000 rw-p 00000000 00:00 0 
61500000-61600000 rw-p 00000000 00:00 0 
61600000-61700000 rw-p 00000000 00:00 0 
61700000-61729000 rw-p 00000000 00:00 0 
61729000-61800000 ---p 00000000 00:00 0 
61800000-61900000 rw-p 00000000 00:00 0 
61900000-619e0000 rw-p 00000000 00:00 0 
619e0000-61a00000 ---p 00000000 00:00 0 
61a00000-61b00000 rw-p 00000000 00:00 0 
61b00000-61bfc000 rw-p 00000000 00:00 0 
61bfc000-61c00000 ---p 00000000 00:00 0 
61c3c000-61df2000 rw-p 00000000 00:00 0 
61df2000-61e6b000 r--s 010e7000 08:08 3557609    /usr/lib/jvm/java-8-oracle/lib/tools.jar
61e6b000-61f6b000 rw-p 00000000 00:00 0 
61f6b000-61f6e000 ---p 00000000 00:00 0 
61f6e000-61fbc000 rw-p 00000000 00:00 0 
61fbc000-61fbf000 ---p 00000000 00:00 0 
61fbf000-6200d000 rw-p 00000000 00:00 0 
6200d000-62010000 ---p 00000000 00:00 0 
62010000-6205e000 rw-p 00000000 00:00 0 
6205e000-62061000 ---p 00000000 00:00 0 
62061000-620af000 rw-p 00000000 00:00 0 
620af000-620b2000 ---p 00000000 00:00 0 
620b2000-62200000 rw-p 00000000 00:00 0 
62200000-62288000 rw-p 00000000 00:00 0 
62288000-62300000 ---p 00000000 00:00 0 
6231b000-623f3000 r-xp 00000000 08:08 3544017    /usr/lib/i386-linux-gnu/libstdc++.so.6.0.16
623f3000-623f4000 ---p 000d8000 08:08 3544017    /usr/lib/i386-linux-gnu/libstdc++.so.6.0.16
623f4000-623f8000 r--p 000d8000 08:08 3544017    /usr/lib/i386-linux-gnu/libstdc++.so.6.0.16
623f8000-623f9000 rw-p 000dc000 08:08 3544017    /usr/lib/i386-linux-gnu/libstdc++.so.6.0.16
623f9000-62500000 rw-p 00000000 00:00 0 
62500000-625fe000 rw-p 00000000 00:00 0 
625fe000-62600000 ---p 00000000 00:00 0 
62600000-626fe000 rw-p 00000000 00:00 0 
626fe000-62700000 ---p 00000000 00:00 0 
62700000-62707000 r--s 00000000 08:08 3550130    /usr/lib/i386-linux-gnu/gconv/gconv-modules.cache
62707000-6270a000 ---p 00000000 00:00 0 
6270a000-62758000 rw-p 00000000 00:00 0 
62758000-62767000 r-xp 00000000 08:08 3674123    /usr/lib/jvm/java-8-oracle/jre/lib/i386/libnio.so
62767000-62768000 rw-p 0000e000 08:08 3674123    /usr/lib/jvm/java-8-oracle/jre/lib/i386/libnio.so
62768000-62784000 r-xp 00000000 08:08 1573812    /lib/i386-linux-gnu/libgcc_s.so.1
62784000-62785000 r--p 0001b000 08:08 1573812    /lib/i386-linux-gnu/libgcc_s.so.1
62785000-62786000 rw-p 0001c000 08:08 1573812    /lib/i386-linux-gnu/libgcc_s.so.1
62787000-6279c000 r-xp 00000000 08:08 3674129    /usr/lib/jvm/java-8-oracle/jre/lib/i386/libnet.so
6279c000-6279d000 rw-p 00014000 08:08 3674129    /usr/lib/jvm/java-8-oracle/jre/lib/i386/libnet.so
6279d000-627a1000 r-xp 00000000 08:08 921920     /tmp/native-platform2695465098367913086dir/libnative-platform.so
627a1000-627a2000 rw-p 00003000 08:08 921920     /tmp/native-platform2695465098367913086dir/libnative-platform.so
627a2000-627a7000 r--s 00094000 08:08 3673956    /usr/lib/jvm/java-8-oracle/jre/lib/jsse.jar
627a7000-627a9000 r--s 00002000 08:07 1705377    /home/terry/android-studio/gradle/gradle-2.2.1/lib/plugins/gradle-cunit-2.2.1.jar
627a9000-627ae000 r--s 00036000 08:07 1705464    /home/terry/android-studio/gradle/gradle-2.2.1/lib/plugins/gradle-ide-native-2.2.1.jar
627ae000-627b3000 r--s 00013000 08:07 1705419    /home/terry/android-studio/gradle/gradle-2.2.1/lib/plugins/gradle-language-native-2.2.1.jar
627b3000-627be000 r--s 0004d000 08:07 1705447    /home/terry/android-studio/gradle/gradle-2.2.1/lib/plugins/gradle-platform-native-2.2.1.jar
627be000-627c0000 r--s 00008000 08:07 1705400    /home/terry/android-studio/gradle/gradle-2.2.1/lib/plugins/gradle-language-groovy-2.2.1.jar
627c0000-627c5000 r--s 00022000 08:07 1705486    /home/terry/android-studio/gradle/gradle-2.2.1/lib/plugins/gradle-language-java-2.2.1.jar
627c5000-627c8000 r--s 00007000 08:07 1705452    /home/terry/android-studio/gradle/gradle-2.2.1/lib/plugins/gradle-language-jvm-2.2.1.jar
627c8000-627cb000 r--s 00009000 08:07 1705403    /home/terry/android-studio/gradle/gradle-2.2.1/lib/plugins/gradle-platform-jvm-2.2.1.jar
627cb000-627d0000 r--s 00018000 08:07 1705380    /home/terry/android-studio/gradle/gradle-2.2.1/lib/plugins/gradle-platform-base-2.2.1.jar
627d0000-627d5000 r--s 00026000 08:07 1705488    /home/terry/android-studio/gradle/gradle-2.2.1/lib/plugins/gradle-build-init-2.2.1.jar
627d5000-627d8000 r--s 0001d000 08:07 1705465    /home/terry/android-studio/gradle/gradle-2.2.1/lib/plugins/gradle-jacoco-2.2.1.jar
627d8000-627db000 r--s 0000d000 08:07 1705457    /home/terry/android-studio/gradle/gradle-2.2.1/lib/plugins/gradle-ivy-2.2.1.jar
627db000-627dd000 r--s 00002000 08:07 1705459    /home/terry/android-studio/gradle/gradle-2.2.1/lib/plugins/gradle-publish-2.2.1.jar
627dd000-627df000 r--s 00005000 08:07 1705408    /home/terry/android-studio/gradle/gradle-2.2.1/lib/plugins/jatl-0.2.2.jar
627df000-627e1000 r--s 0000f000 08:07 1705454    /home/terry/android-studio/gradle/gradle-2.2.1/lib/plugins/gradle-reporting-2.2.1.jar
627e1000-627e6000 r--s 00034000 08:07 1705461    /home/terry/android-studio/gradle/gradle-2.2.1/lib/plugins/gradle-diagnostics-2.2.1.jar
627e6000-627ed000 r--s 00090000 08:07 1705384    /home/terry/android-studio/gradle/gradle-2.2.1/lib/plugins/gradle-build-comparison-2.2.1.jar
627ed000-627f4000 r--s 00035000 08:07 1705442    /home/terry/android-studio/gradle/gradle-2.2.1/lib/plugins/simple-4.1.21.jar
627f4000-62800000 r--s 00100000 08:07 1705476    /home/terry/android-studio/gradle/gradle-2.2.1/lib/plugins/rhino-1.7R3.jar
62800000-628f9000 rw-p 00000000 00:00 0 
628f9000-62900000 ---p 00000000 00:00 0 
62900000-62901000 rw-p 00000000 00:00 0 
62901000-62906000 r--s 0001f000 08:07 1705460    /home/terry/android-studio/gradle/gradle-2.2.1/lib/plugins/gradle-javascript-2.2.1.jar
62906000-62908000 r--s 0000e000 08:07 1705458    /home/terry/android-studio/gradle/gradle-2.2.1/lib/plugins/gradle-ear-2.2.1.jar
62908000-6290c000 r--s 00025000 08:07 1705376    /home/terry/android-studio/gradle/gradle-2.2.1/lib/plugins/bcpg-jdk15-1.46.jar
6290c000-6290f000 r--s 0001d000 08:07 1705387    /home/terry/android-studio/gradle/gradle-2.2.1/lib/plugins/gradle-signing-2.2.1.jar
6290f000-62910000 r--s 00002000 08:07 1705369    /home/terry/android-studio/gradle/gradle-2.2.1/lib/plugins/sonar-batch-bootstrapper-2.9.jar
62910000-62913000 r--s 00018000 08:07 1705414    /home/terry/android-studio/gradle/gradle-2.2.1/lib/plugins/gradle-sonar-2.2.1.jar
62913000-62916000 r--s 00017000 08:07 1705399    /home/terry/android-studio/gradle/gradle-2.2.1/lib/plugins/gradle-scala-2.2.1.jar
62916000-62918000 r--s 0000e000 08:07 1705405    /home/terry/android-studio/gradle/gradle-2.2.1/lib/plugins/gradle-announce-2.2.1.jar
62918000-62926000 r--s 000bc000 08:07 1705381    /home/terry/android-studio/gradle/gradle-2.2.1/lib/plugins/gradle-ide-2.2.1.jar
62926000-62928000 r--s 00000000 08:07 1705466    /home/terry/android-studio/gradle/gradle-2.2.1/lib/plugins/plexus-component-annotations-1.5.2.jar
62928000-6292b000 r--s 0000c000 08:07 1705404    /home/terry/android-studio/gradle/gradle-2.2.1/lib/plugins/pmaven-groovy-0.8-20100325.jar
6292b000-6292f000 r--s 0001e000 08:07 1705433    /home/terry/android-studio/gradle/gradle-2.2.1/lib/plugins/gradle-maven-2.2.1.jar
6292f000-62947000 r--s 0013b000 08:07 1705480    /home/terry/android-studio/gradle/gradle-2.2.1/lib/plugins/bndlib-2.1.0.jar
62947000-62949000 r--s 00004000 08:07 1705392    /home/terry/android-studio/gradle/gradle-2.2.1/lib/plugins/gradle-osgi-2.2.1.jar
62949000-6294e000 r--s 00068000 08:07 1705441    /home/terry/android-studio/gradle/gradle-2.2.1/lib/plugins/antlr-2.7.7.jar
6294e000-6294f000 r--s 00002000 08:07 1705475    /home/terry/android-studio/gradle/gradle-2.2.1/lib/plugins/ant-antlr-1.9.3.jar
6294f000-62951000 r--s 00004000 08:07 1705463    /home/terry/android-studio/gradle/gradle-2.2.1/lib/plugins/gradle-antlr-2.2.1.jar
62951000-62954000 r--s 0001e000 08:07 1705423    /home/terry/android-studio/gradle/gradle-2.2.1/lib/plugins/jsp-api-2.1-6.1.14.jar
62954000-62977000 r--s 00344000 08:07 1705467    /home/terry/android-studio/gradle/gradle-2.2.1/lib/plugins/core-3.1.1.jar
62977000-62978000 r--s 00006000 08:07 1705491    /home/terry/android-studio/gradle/gradle-2.2.1/lib/plugins/jetty-naming-6.1.25.jar
62978000-62979000 r--s 00002000 08:07 1705397    /home/terry/android-studio/gradle/gradle-2.2.1/lib/plugins/geronimo-annotation_1.0_spec-1.0.jar
62979000-6297b000 r--s 00002000 08:07 1705410    /home/terry/android-studio/gradle/gradle-2.2.1/lib/plugins/jetty-annotations-6.1.25.jar
6297b000-6298c000 r--s 000ea000 08:07 1705448    /home/terry/android-studio/gradle/gradle-2.2.1/lib/plugins/jsp-2.1-6.1.14.jar
6298c000-6298e000 r--s 0000d000 08:07 1705379    /home/terry/android-studio/gradle/gradle-2.2.1/lib/plugins/jetty-plus-6.1.25.jar
6298e000-62990000 r--s 0001f000 08:07 1705402    /home/terry/android-studio/gradle/gradle-2.2.1/lib/plugins/servlet-api-2.5-20081211.jar
62990000-62994000 r--s 00028000 08:07 1705370    /home/terry/android-studio/gradle/gradle-2.2.1/lib/plugins/jetty-util-6.1.25.jar
62994000-6299b000 r--s 0007d000 08:07 1705450    /home/terry/android-studio/gradle/gradle-2.2.1/lib/plugins/jetty-6.1.25.jar
6299b000-6299d000 r--s 00009000 08:07 1705391    /home/terry/android-studio/gradle/gradle-2.2.1/lib/plugins/gradle-jetty-2.2.1.jar
6299d000-629a2000 r--s 00041000 08:07 1705394    /home/terry/android-studio/gradle/gradle-2.2.1/lib/plugins/gradle-code-quality-2.2.1.jar
629a2000-629a4000 r--s 00009000 08:07 1705398    /home/terry/android-studio/gradle/gradle-2.2.1/lib/plugins/hamcrest-core-1.3.jar
629a4000-629aa000 r--s 00033000 08:07 1705453    /home/terry/android-studio/gradle/gradle-2.2.1/lib/plugins/snakeyaml-1.6.jar
629aa000-629ac000 r--s 00006000 08:07 1705382    /home/terry/android-studio/gradle/gradle-2.2.1/lib/plugins/jcommander-1.12.jar
629ac000-629b1000 r--s 00040000 08:07 1705462    /home/terry/android-studio/gradle/gradle-2.2.1/lib/plugins/bsh-2.0b4.jar
629b1000-629b3000 r--s 00009000 08:07 1705374    /home/terry/android-studio/gradle/gradle-2.2.1/lib/plugins/commons-cli-1.2.jar
629b3000-629bc000 r--s 00089000 08:07 1705395    /home/terry/android-studio/gradle/gradle-2.2.1/lib/plugins/testng-6.3.1.jar
629bc000-629c2000 r--s 00036000 08:07 1705424    /home/terry/android-studio/gradle/gradle-2.2.1/lib/plugins/junit-4.11.jar
629c2000-629ce000 r--s 00075000 08:07 1705389    /home/terry/android-studio/gradle/gradle-2.2.1/lib/plugins/gradle-plugins-2.2.1.jar
629ce000-629e6000 r--s 00115000 08:07 1705445    /home/terry/android-studio/gradle/gradle-2.2.1/lib/plugins/xercesImpl-2.9.1.jar
629e6000-629ee000 r--s 00028000 08:07 1705411    /home/terry/android-studio/gradle/gradle-2.2.1/lib/plugins/xml-apis-1.3.04.jar
629ee000-629f4000 r--s 0005b000 08:07 1705373    /home/terry/android-studio/gradle/gradle-2.2.1/lib/plugins/jcifs-1.3.17.jar
629f4000-629fa000 r--s 00031000 08:07 1705383    /home/terry/android-studio/gradle/gradle-2.2.1/lib/plugins/httpcore-4.2.2.jar
629fa000-62a00000 r--s 00033000 08:07 1705372    /home/terry/android-studio/gradle/gradle-2.2.1/lib/plugins/commons-codec-1.6.jar
62a00000-62aff000 rw-p 00000000 00:00 0 
62aff000-62b00000 ---p 00000000 00:00 0 
62b00000-62c00000 rw-p 00000000 00:00 0 
62c00000-62ce6000 rw-p 00000000 00:00 0 
62ce6000-62d00000 ---p 00000000 00:00 0 
62d00000-62e00000 rw-p 00000000 00:00 0 
62e00000-62ef9000 rw-p 00000000 00:00 0 
62ef9000-62f00000 ---p 00000000 00:00 0 
62f00000-62fe6000 rw-p 00000000 00:00 0 
62fe6000-63000000 ---p 00000000 00:00 0 
63000000-630fa000 rw-p 00000000 00:00 0 
630fa000-63100000 ---p 00000000 00:00 0 
63100000-63101000 r--s 00001000 08:07 1705478    /home/terry/android-studio/gradle/gradle-2.2.1/lib/plugins/gradle-plugin-development-2.2.1.jar
63101000-63104000 r--s 00011000 08:07 1705371    /home/terry/android-studio/gradle/gradle-2.2.1/lib/plugins/gradle-plugin-use-2.2.1.jar
63104000-63107000 r--s 0001c000 08:07 1705484    /home/terry/android-studio/gradle/gradle-2.2.1/lib/plugins/nekohtml-1.9.14.jar
63107000-63110000 r--s 00060000 08:07 1705396    /home/terry/android-studio/gradle/gradle-2.2.1/lib/plugins/httpclient-4.2.2.jar
63110000-63112000 r--s 00007000 08:07 1705474    /home/terry/android-studio/gradle/gradle-2.2.1/lib/plugins/gradle-resources-http-2.2.1.jar
63112000-6313a000 r--s 00194000 08:07 1705409    /home/terry/android-studio/gradle/gradle-2.2.1/lib/plugins/bcprov-jdk15-1.46.jar
6313a000-6313e000 r--s 0001d000 08:07 1705469    /home/terry/android-studio/gradle/gradle-2.2.1/lib/plugins/xbean-reflect-3.4.jar
6313e000-63143000 r--s 0002a000 08:07 1705481    /home/terry/android-studio/gradle/gradle-2.2.1/lib/plugins/gson-2.2.4.jar
63143000-63147000 r--s 0003d000 08:07 1705415    /home/terry/android-studio/gradle/gradle-2.2.1/lib/plugins/jsch-0.1.51.jar
63147000-63160000 r--s 00129000 08:07 1705477    /home/terry/android-studio/gradle/gradle-2.2.1/lib/plugins/maven-ant-tasks-2.1.3.jar
63160000-6316f000 r--s 000d9000 08:07 1705456    /home/terry/android-studio/gradle/gradle-2.2.1/lib/plugins/ivy-2.2.0.jar
6316f000-63173000 r--s 0001e000 08:07 1705412    /home/terry/android-studio/gradle/gradle-2.2.1/lib/plugins/jarjar-aether-impl-1.13.1.jar
63173000-63176000 r--s 00027000 08:07 1705422    /home/terry/android-studio/gradle/gradle-2.2.1/lib/plugins/jarjar-maven-model-3.0.4.jar
63176000-63179000 r--s 0000b000 08:07 1705407    /home/terry/android-studio/gradle/gradle-2.2.1/lib/plugins/jarjar-maven-artifact-3.0.4.jar
63179000-6317d000 r--s 0001e000 08:07 1705386    /home/terry/android-studio/gradle/gradle-2.2.1/lib/plugins/jarjar-aether-util-1.13.1.jar
6317d000-6317f000 r--s 00007000 08:07 1705482    /home/terry/android-studio/gradle/gradle-2.2.1/lib/plugins/jarjar-wagon-http-shared4-2.4.jar
6317f000-6318c000 r--s 00083000 08:07 1705385    /home/terry/android-studio/gradle/gradle-2.2.1/lib/plugins/jarjar-maven-core-3.0.4.jar
6318c000-6318e000 r--s 00003000 08:07 1705455    /home/terry/android-studio/gradle/gradle-2.2.1/lib/plugins/jarjar-aether-spi-1.13.1.jar
6318e000-63195000 r--s 00042000 08:07 1705390    /home/terry/android-studio/gradle/gradle-2.2.1/lib/plugins/jarjar-maven-compat-3.0.4.jar
63195000-63200000 r--s 00685000 08:07 1705318    /home/terry/android-studio/gradle/gradle-2.2.1/lib/groovy-all-2.3.6.jar
63200000-632fe000 rw-p 00000000 00:00 0 
632fe000-63300000 ---p 00000000 00:00 0 
63300000-63304000 r--s 00014000 08:07 1705401    /home/terry/android-studio/gradle/gradle-2.2.1/lib/plugins/jarjar-aether-api-1.13.1.jar
63304000-63306000 r--s 00006000 08:07 1705406    /home/terry/android-studio/gradle/gradle-2.2.1/lib/plugins/jarjar-aether-connector-wagon-1.13.1.jar
63306000-63308000 r--s 00000000 08:07 1705393    /home/terry/android-studio/gradle/gradle-2.2.1/lib/plugins/jarjar-plexus-component-annotations-1.5.5.jar
63308000-6330a000 r--s 00006000 08:07 1705378    /home/terry/android-studio/gradle/gradle-2.2.1/lib/plugins/jarjar-plexus-sec-dispatcher-1.3.jar
6330a000-6330f000 r--s 00022000 08:07 1705473    /home/terry/android-studio/gradle/gradle-2.2.1/lib/plugins/jarjar-maven-model-builder-3.0.4.jar
6330f000-63311000 r--s 0000b000 08:07 1705432    /home/terry/android-studio/gradle/gradle-2.2.1/lib/plugins/jarjar-maven-plugin-api-3.0.4.jar
63311000-63314000 r--s 0000a000 08:07 1705375    /home/terry/android-studio/gradle/gradle-2.2.1/lib/plugins/jarjar-plexus-classworlds-2.4.jar
63314000-6332c000 r--s 000b5000 08:07 1705446    /home/terry/android-studio/gradle/gradle-2.2.1/lib/plugins/gradle-dependency-management-2.2.1.jar
6332c000-6332d000 ---p 00000000 00:00 0 
6332d000-633ad000 rw-p 00000000 00:00 0 
633ad000-633b0000 ---p 00000000 00:00 0 
633b0000-633fe000 rw-p 00000000 00:00 0 
633fe000-63401000 ---p 00000000 00:00 0 
63401000-6347f000 rw-p 00000000 00:00 0 
6347f000-63482000 ---p 00000000 00:00 0 
63482000-63500000 rw-p 00000000 00:00 0 
63500000-63700000 r--p 00000000 08:08 3546503    /usr/lib/locale/locale-archive
63700000-6372b000 rw-p 00000000 00:00 0 
6372b000-63800000 ---p 00000000 00:00 0 
63800000-63802000 r--s 00009000 08:07 1705444    /home/terry/android-studio/gradle/gradle-2.2.1/lib/plugins/jarjar-maven-settings-builder-3.0.4.jar
63802000-63804000 r--s 0000e000 08:07 1705485    /home/terry/android-studio/gradle/gradle-2.2.1/lib/plugins/jarjar-plexus-interpolation-1.14.jar
63804000-63806000 r--s 00002000 08:07 1705413    /home/terry/android-studio/gradle/gradle-2.2.1/lib/plugins/jarjar-plexus-cipher-1.7.jar
63806000-63808000 r--s 0000c000 08:07 1705479    /home/terry/android-studio/gradle/gradle-2.2.1/lib/plugins/jarjar-wagon-provider-api-2.4.jar
63808000-6380a000 r--s 0000d000 08:07 1705487    /home/terry/android-studio/gradle/gradle-2.2.1/lib/plugins/jarjar-maven-aether-provider-3.0.4.jar
6380a000-63812000 r--s 00031000 08:07 1705451    /home/terry/android-studio/gradle/gradle-2.2.1/lib/plugins/jarjar-plexus-container-default-1.5.5.jar
63812000-6382e000 r--s 00393000 08:08 3674060    /usr/lib/jvm/java-8-oracle/jre/lib/ext/cldrdata.jar
6382e000-63831000 ---p 00000000 00:00 0 
63831000-638af000 rw-p 00000000 00:00 0 
638af000-638b2000 ---p 00000000 00:00 0 
638b2000-63900000 rw-p 00000000 00:00 0 
63900000-639ef000 rw-p 00000000 00:00 0 
639ef000-63a00000 ---p 00000000 00:00 0 
63a00000-63a01000 r--s 00004000 08:07 1705443    /home/terry/android-studio/gradle/gradle-2.2.1/lib/plugins/pmaven-common-0.8-20100325.jar
63a01000-63a02000 r--s 00002000 08:07 1705472    /home/terry/android-studio/gradle/gradle-2.2.1/lib/plugins/jarjar-wagon-http-2.4.jar
63a02000-63a06000 r--s 00035000 08:07 1705483    /home/terry/android-studio/gradle/gradle-2.2.1/lib/plugins/jarjar-plexus-utils-2.0.6.jar
63a06000-63a07000 r--s 00007000 08:07 1705431    /home/terry/android-studio/gradle/gradle-2.2.1/lib/plugins/jarjar-maven-repository-metadata-3.0.4.jar
63a07000-63a12000 r--s 00116000 08:08 3674055    /usr/lib/jvm/java-8-oracle/jre/lib/ext/localedata.jar
63a12000-63a1b000 r--s 0002c000 08:07 1705350    /home/terry/android-studio/gradle/gradle-2.2.1/lib/gradle-tooling-api-2.2.1.jar
63a1b000-63a1d000 r--s 00002000 08:07 1705361    /home/terry/android-studio/gradle/gradle-2.2.1/lib/gradle-open-api-2.2.1.jar
63a1d000-63a23000 r--s 00032000 08:07 1705354    /home/terry/android-studio/gradle/gradle-2.2.1/lib/jaxen-1.1.jar
63a23000-63a2e000 r--s 00059000 08:07 1705364    /home/terry/android-studio/gradle/gradle-2.2.1/lib/gradle-ui-2.2.1.jar
63a2e000-63a31000 ---p 00000000 00:00 0 
63a31000-63a7f000 rw-p 00000000 00:00 0 
63a7f000-63a80000 ---p 00000000 00:00 0 
63a80000-63b00000 rw-p 00000000 00:00 0 
63b00000-63c00000 rw-p 00000000 00:00 0 
63c00000-63c01000 r--s 0000b000 08:07 1705449    /home/terry/android-studio/gradle/gradle-2.2.1/lib/plugins/jarjar-maven-settings-3.0.4.jar
63c01000-63c02000 r--s 00005000 08:07 1705345    /home/terry/android-studio/gradle/gradle-2.2.1/lib/gradle-wrapper-2.2.1.jar
63c02000-63c07000 r--s 00048000 08:07 1705321    /home/terry/android-studio/gradle/gradle-2.2.1/lib/dom4j-1.6.1.jar
63c07000-63c09000 r--s 00006000 08:07 1705324    /home/terry/android-studio/gradle/gradle-2.2.1/lib/gradle-resources-2.2.1.jar
63c09000-63c0b000 r--s 00007000 08:07 1705356    /home/terry/android-studio/gradle/gradle-2.2.1/lib/objenesis-1.2.jar
63c0b000-63c0d000 r--s 00000000 08:07 1705357    /home/terry/android-studio/gradle/gradle-2.2.1/lib/minlog-1.2.jar
63c0d000-63c0f000 r--s 0000f000 08:07 1705362    /home/terry/android-studio/gradle/gradle-2.2.1/lib/reflectasm-1.07-shaded.jar
63c0f000-63c13000 r--s 00026000 08:07 1705492    /home/terry/android-studio/gradle/gradle-2.2.1/lib/kryo-2.20.jar
63c13000-63c1c000 r--s 00039000 08:07 1705352    /home/terry/android-studio/gradle/gradle-2.2.1/lib/gradle-messaging-2.2.1.jar
63c1c000-63c1d000 r--s 00003000 08:07 1705366    /home/terry/android-studio/gradle/gradle-2.2.1/lib/native-platform-freebsd-amd64-0.10.jar
63c1d000-63c1e000 r--s 00003000 08:07 1705347    /home/terry/android-studio/gradle/gradle-2.2.1/lib/native-platform-freebsd-i386-0.10.jar
63c1e000-63c1f000 r--s 00005000 08:07 1705351    /home/terry/android-studio/gradle/gradle-2.2.1/lib/native-platform-windows-i386-0.10.jar
63c1f000-63c20000 r--s 00005000 08:07 1705317    /home/terry/android-studio/gradle/gradle-2.2.1/lib/native-platform-windows-amd64-0.10.jar
63c20000-63c21000 r--s 00003000 08:07 1705320    /home/terry/android-studio/gradle/gradle-2.2.1/lib/native-platform-linux-i386-0.10.jar
63c21000-63c22000 r--s 00003000 08:07 1705329    /home/terry/android-studio/gradle/gradle-2.2.1/lib/native-platform-linux-amd64-0.10.jar
63c22000-63c23000 r--s 00002000 08:07 1705493    /home/terry/android-studio/gradle/gradle-2.2.1/lib/native-platform-osx-amd64-0.10.jar
63c23000-63c24000 r--s 00002000 08:07 1705342    /home/terry/android-studio/gradle/gradle-2.2.1/lib/native-platform-osx-i386-0.10.jar
63c24000-63c26000 r--s 00008000 08:07 1705341    /home/terry/android-studio/gradle/gradle-2.2.1/lib/jansi-1.2.1.jar
63c26000-63c29000 r--s 0000d000 08:07 1705358    /home/terry/android-studio/gradle/gradle-2.2.1/lib/native-platform-0.10.jar
63c29000-63c2d000 r--s 000e4000 08:07 1705319    /home/terry/android-studio/gradle/gradle-2.2.1/lib/jna-3.2.7.jar
63c2d000-63c2f000 r--s 00008000 08:07 1705340    /home/terry/android-studio/gradle/gradle-2.2.1/lib/gradle-native-2.2.1.jar
63c2f000-63c31000 r--s 00005000 08:07 1705365    /home/terry/android-studio/gradle/gradle-2.2.1/lib/gradle-cli-2.2.1.jar
63c31000-63c80000 rw-p 00000000 00:00 0 
63c80000-63e59000 r--s 03d09000 08:08 3674049    /usr/lib/jvm/java-8-oracle/jre/lib/rt.jar
63e59000-642fa000 rw-p 00000000 00:00 0 
642fa000-64300000 ---p 00000000 00:00 0 
64300000-66700000 rw-p 00000000 00:00 0 
66700000-667fd000 rw-p 00000000 00:00 0 
667fd000-66800000 ---p 00000000 00:00 0 
66800000-66802000 r--s 0000a000 08:07 1705336    /home/terry/android-studio/gradle/gradle-2.2.1/lib/gradle-model-groovy-2.2.1.jar
66802000-66806000 r--s 0001b000 08:07 1705332    /home/terry/android-studio/gradle/gradle-2.2.1/lib/gradle-model-core-2.2.1.jar
66806000-6682e000 r--s 001cf000 08:07 1705338    /home/terry/android-studio/gradle/gradle-2.2.1/lib/guava-jdk5-17.0.jar
6682e000-66831000 ---p 00000000 00:00 0 
66831000-6687f000 rw-p 00000000 00:00 0 
6687f000-66880000 ---p 00000000 00:00 0 
66880000-66900000 rw-p 00000000 00:00 0 
66900000-66921000 rw-p 00000000 00:00 0 
66921000-66a00000 ---p 00000000 00:00 0 
66a00000-66af9000 rw-p 00000000 00:00 0 
66af9000-66b00000 ---p 00000000 00:00 0 
66b00000-66b21000 rw-p 00000000 00:00 0 
66b21000-66c00000 ---p 00000000 00:00 0 
66c00000-66c02000 r--s 00003000 08:07 1705326    /home/terry/android-studio/gradle/gradle-2.2.1/lib/gradle-base-services-groovy-2.2.1.jar
66c02000-66c03000 r--s 00000000 08:07 1705346    /home/terry/android-studio/gradle/gradle-2.2.1/lib/gradle-docs-2.2.1.jar
66c03000-66c05000 r--s 00003000 08:07 1705327    /home/terry/android-studio/gradle/gradle-2.2.1/lib/jcl-over-slf4j-1.7.7.jar
66c05000-66c06000 r--s 00005000 08:07 1705359    /home/terry/android-studio/gradle/gradle-2.2.1/lib/log4j-over-slf4j-1.7.7.jar
66c06000-66c09000 r--s 0001b000 08:07 1705331    /home/terry/android-studio/gradle/gradle-2.2.1/lib/jarjar-1.3.jar
66c09000-66c28000 r--s 001cc000 08:07 1705325    /home/terry/android-studio/gradle/gradle-2.2.1/lib/ant-1.9.3.jar
66c28000-66c29000 ---p 00000000 00:00 0 
66c29000-66cb9000 rw-p 00000000 00:00 0 
66cb9000-66dff000 ---p 00000000 00:00 0 
66dff000-66e0f000 rw-p 00000000 00:00 0 
66e0f000-66f54000 ---p 00000000 00:00 0 
66f54000-66f63000 rw-p 00000000 00:00 0 
66f63000-66fff000 ---p 00000000 00:00 0 
66fff000-69000000 rw-p 00000000 00:00 0 
69000000-91ac0000 ---p 00000000 00:00 0 
91ac0000-936c0000 rw-p 00000000 00:00 0 
936c0000-a7000000 ---p 00000000 00:00 0 
a7000000-a7001000 r--s 00000000 08:07 1705349    /home/terry/android-studio/gradle/gradle-2.2.1/lib/javax.inject-1.jar
a7001000-a7003000 r--s 00000000 08:07 1705355    /home/terry/android-studio/gradle/gradle-2.2.1/lib/jul-to-slf4j-1.7.7.jar
a7003000-a700d000 r--s 0005d000 08:07 1705335    /home/terry/android-studio/gradle/gradle-2.2.1/lib/logback-core-1.0.13.jar
a700d000-a703e000 r--s 00191000 08:07 1705333    /home/terry/android-studio/gradle/gradle-2.2.1/lib/gradle-core-2.2.1.jar
a703e000-a703f000 ---p 00000000 00:00 0 
a703f000-a70bf000 rw-p 00000000 00:00 0 
a70bf000-a70c0000 ---p 00000000 00:00 0 
a70c0000-a714c000 rw-p 00000000 00:00 0 
a714c000-a7500000 ---p 00000000 00:00 0 
a7500000-a77f0000 rwxp 00000000 00:00 0 
a77f0000-b6500000 ---p 00000000 00:00 0 
b6500000-b65fb000 rw-p 00000000 00:00 0 
b65fb000-b6600000 ---p 00000000 00:00 0 
b6600000-b6606000 r--s 0003b000 08:07 1705323    /home/terry/android-studio/gradle/gradle-2.2.1/lib/logback-classic-1.0.13.jar
b6606000-b660b000 r--s 00041000 08:07 1705322    /home/terry/android-studio/gradle/gradle-2.2.1/lib/commons-lang-2.6.jar
b660b000-b660e000 r--s 00018000 08:07 1705367    /home/terry/android-studio/gradle/gradle-2.2.1/lib/commons-io-1.4.jar
b660e000-b661c000 r--s 0007f000 08:07 1705360    /home/terry/android-studio/gradle/gradle-2.2.1/lib/commons-collections-3.2.1.jar
b661c000-b6634000 rw-p 00000000 00:00 0 
b6634000-b664d000 r-xp 00000000 08:08 3674077    /usr/lib/jvm/java-8-oracle/jre/lib/i386/libzip.so
b664d000-b664e000 rw-p 00018000 08:08 3674077    /usr/lib/jvm/java-8-oracle/jre/lib/i386/libzip.so
b664e000-b6659000 r-xp 00000000 08:08 1573072    /lib/i386-linux-gnu/libnss_files-2.15.so
b6659000-b665a000 r--p 0000a000 08:08 1573072    /lib/i386-linux-gnu/libnss_files-2.15.so
b665a000-b665b000 rw-p 0000b000 08:08 1573072    /lib/i386-linux-gnu/libnss_files-2.15.so
b665b000-b6665000 r-xp 00000000 08:08 1572926    /lib/i386-linux-gnu/libnss_nis-2.15.so
b6665000-b6666000 r--p 00009000 08:08 1572926    /lib/i386-linux-gnu/libnss_nis-2.15.so
b6666000-b6667000 rw-p 0000a000 08:08 1572926    /lib/i386-linux-gnu/libnss_nis-2.15.so
b6667000-b667d000 r-xp 00000000 08:08 1573082    /lib/i386-linux-gnu/libnsl-2.15.so
b667d000-b667e000 r--p 00015000 08:08 1573082    /lib/i386-linux-gnu/libnsl-2.15.so
b667e000-b667f000 rw-p 00016000 08:08 1573082    /lib/i386-linux-gnu/libnsl-2.15.so
b667f000-b6681000 rw-p 00000000 00:00 0 
b6681000-b6688000 r-xp 00000000 08:08 1573086    /lib/i386-linux-gnu/libnss_compat-2.15.so
b6688000-b6689000 r--p 00006000 08:08 1573086    /lib/i386-linux-gnu/libnss_compat-2.15.so
b6689000-b668a000 rw-p 00007000 08:08 1573086    /lib/i386-linux-gnu/libnss_compat-2.15.so
b668a000-b668b000 r--s 00000000 08:07 1705339    /home/terry/android-studio/gradle/gradle-2.2.1/lib/jcip-annotations-1.0.jar
b668b000-b6690000 r--s 00036000 08:07 1705348    /home/terry/android-studio/gradle/gradle-2.2.1/lib/asm-all-5.0.3.jar
b6690000-b6692000 r--s 00006000 08:07 1705334    /home/terry/android-studio/gradle/gradle-2.2.1/lib/slf4j-api-1.7.7.jar
b6692000-b6693000 r--s 00004000 08:07 1705337    /home/terry/android-studio/gradle/gradle-2.2.1/lib/ant-launcher-1.9.3.jar
b6693000-b6699000 r--s 00026000 08:07 1705344    /home/terry/android-studio/gradle/gradle-2.2.1/lib/gradle-base-services-2.2.1.jar
b6699000-b66a1000 r--s 0003c000 08:07 1705363    /home/terry/android-studio/gradle/gradle-2.2.1/lib/gradle-launcher-2.2.1.jar
b66a1000-b66c5000 r-xp 00000000 08:08 3674109    /usr/lib/jvm/java-8-oracle/jre/lib/i386/libjava.so
b66c5000-b66c6000 rw-p 00023000 08:08 3674109    /usr/lib/jvm/java-8-oracle/jre/lib/i386/libjava.so
b66c6000-b66cd000 r-xp 00000000 08:08 1573074    /lib/i386-linux-gnu/librt-2.15.so
b66cd000-b66ce000 r--p 00006000 08:08 1573074    /lib/i386-linux-gnu/librt-2.15.so
b66ce000-b66cf000 rw-p 00007000 08:08 1573074    /lib/i386-linux-gnu/librt-2.15.so
b66cf000-b66d2000 ---p 00000000 00:00 0 
b66d2000-b6720000 rw-p 00000000 00:00 0 
b6720000-b674a000 r-xp 00000000 08:08 1573083    /lib/i386-linux-gnu/libm-2.15.so
b674a000-b674b000 r--p 00029000 08:08 1573083    /lib/i386-linux-gnu/libm-2.15.so
b674b000-b674c000 rw-p 0002a000 08:08 1573083    /lib/i386-linux-gnu/libm-2.15.so
b674c000-b70bf000 r-xp 00000000 08:08 3674089    /usr/lib/jvm/java-8-oracle/jre/lib/i386/server/libjvm.so
b70bf000-b712b000 rw-p 00972000 08:08 3674089    /usr/lib/jvm/java-8-oracle/jre/lib/i386/server/libjvm.so
b712b000-b7551000 rw-p 00000000 00:00 0 
b7551000-b76f4000 r-xp 00000000 08:08 1573087    /lib/i386-linux-gnu/libc-2.15.so
b76f4000-b76f6000 r--p 001a3000 08:08 1573087    /lib/i386-linux-gnu/libc-2.15.so
b76f6000-b76f7000 rw-p 001a5000 08:08 1573087    /lib/i386-linux-gnu/libc-2.15.so
b76f7000-b76fa000 rw-p 00000000 00:00 0 
b76fa000-b76fd000 r-xp 00000000 08:08 1573085    /lib/i386-linux-gnu/libdl-2.15.so
b76fd000-b76fe000 r--p 00002000 08:08 1573085    /lib/i386-linux-gnu/libdl-2.15.so
b76fe000-b76ff000 rw-p 00003000 08:08 1573085    /lib/i386-linux-gnu/libdl-2.15.so
b76ff000-b7713000 r-xp 00000000 08:08 3557613    /usr/lib/jvm/java-8-oracle/lib/i386/jli/libjli.so
b7713000-b7714000 rw-p 00014000 08:08 3557613    /usr/lib/jvm/java-8-oracle/lib/i386/jli/libjli.so
b7714000-b7715000 rw-p 00000000 00:00 0 
b7715000-b772c000 r-xp 00000000 08:08 1573070    /lib/i386-linux-gnu/libpthread-2.15.so
b772c000-b772d000 r--p 00016000 08:08 1573070    /lib/i386-linux-gnu/libpthread-2.15.so
b772d000-b772e000 rw-p 00017000 08:08 1573070    /lib/i386-linux-gnu/libpthread-2.15.so
b772e000-b7730000 rw-p 00000000 00:00 0 
b7730000-b7731000 r--p 005e0000 08:08 3546503    /usr/lib/locale/locale-archive
b7731000-b7739000 rw-s 00000000 08:08 921860     /tmp/hsperfdata_terry/8555
b7739000-b773a000 rw-p 00000000 00:00 0 
b773a000-b773b000 r--p 00000000 00:00 0 
b773b000-b7746000 r-xp 00000000 08:08 3674103    /usr/lib/jvm/java-8-oracle/jre/lib/i386/libverify.so
b7746000-b7747000 rw-p 0000b000 08:08 3674103    /usr/lib/jvm/java-8-oracle/jre/lib/i386/libverify.so
b7747000-b7749000 rw-p 00000000 00:00 0 
b7749000-b774a000 r-xp 00000000 00:00 0          [vdso]
b774a000-b776a000 r-xp 00000000 08:08 1573075    /lib/i386-linux-gnu/ld-2.15.so
b776a000-b776b000 r--p 0001f000 08:08 1573075    /lib/i386-linux-gnu/ld-2.15.so
b776b000-b776c000 rw-p 00020000 08:08 1573075    /lib/i386-linux-gnu/ld-2.15.so
bfcbb000-bfcbc000 rwxp 00000000 00:00 0 
bfcee000-bfd0f000 rw-p 00000000 00:00 0          [stack]

VM Arguments:
jvm_args: -XX:MaxPermSize=256m -XX:+HeapDumpOnOutOfMemoryError -Xmx1024m -Dfile.encoding=UTF-8 -Duser.country=US -Duser.language=en -Duser.variant 
java_command: org.gradle.launcher.daemon.bootstrap.GradleDaemon 2.2.1 /home/terry/.gradle/daemon 10800000 f4dfbf1b-0324-496f-801d-554e81936df9 -XX:MaxPermSize=256m -XX:+HeapDumpOnOutOfMemoryError -Xmx1024m -Dfile.encoding=UTF-8 -Duser.country=US -Duser.language=en -Duser.variant
java_class_path (initial): /home/terry/android-studio/gradle/gradle-2.2.1/lib/gradle-launcher-2.2.1.jar
Launcher Type: SUN_STANDARD

Environment Variables:
CLASSPATH=/home/terry/android-studio/bin/../lib/bootstrap.jar:/home/terry/android-studio/bin/../lib/extensions.jar:/home/terry/android-studio/bin/../lib/util.jar:/home/terry/android-studio/bin/../lib/jdom.jar:/home/terry/android-studio/bin/../lib/log4j.jar:/home/terry/android-studio/bin/../lib/trove4j.jar:/home/terry/android-studio/bin/../lib/jna.jar:/usr/lib/jvm/java-8-oracle/lib/tools.jar
PATH=/usr/lib/lightdm/lightdm:/usr/local/sbin:/usr/local/bin:/usr/sbin:/usr/bin:/sbin:/bin:/usr/games
LD_LIBRARY_PATH=/home/terry/android-studio/bin:
SHELL=/bin/bash
DISPLAY=:0.0

Signal Handlers:
SIGSEGV: [libjvm.so+0x8c29a0], sa_mask[0]=11111111011111111101111111111110, sa_flags=SA_RESTART|SA_SIGINFO
SIGBUS: [libjvm.so+0x8c29a0], sa_mask[0]=11111111011111111101111111111110, sa_flags=SA_RESTART|SA_SIGINFO
SIGFPE: [libjvm.so+0x7432d0], sa_mask[0]=11111111011111111101111111111110, sa_flags=SA_RESTART|SA_SIGINFO
SIGPIPE: [libjvm.so+0x7432d0], sa_mask[0]=11111111011111111101111111111110, sa_flags=SA_RESTART|SA_SIGINFO
SIGXFSZ: [libjvm.so+0x7432d0], sa_mask[0]=11111111011111111101111111111110, sa_flags=SA_RESTART|SA_SIGINFO
SIGILL: [libjvm.so+0x7432d0], sa_mask[0]=11111111011111111101111111111110, sa_flags=SA_RESTART|SA_SIGINFO
SIGUSR1: SIG_DFL, sa_mask[0]=00000000000000000000000000000000, sa_flags=none
SIGUSR2: [libjvm.so+0x744860], sa_mask[0]=00100000000000000000000000000000, sa_flags=SA_RESTART|SA_SIGINFO
SIGHUP: [libjvm.so+0x745d10], sa_mask[0]=11111111011111111101111111111110, sa_flags=SA_RESTART|SA_SIGINFO
SIGINT: SIG_IGN, sa_mask[0]=00000000000000000000000000000000, sa_flags=none
SIGTERM: [libjvm.so+0x745d10], sa_mask[0]=11111111011111111101111111111110, sa_flags=SA_RESTART|SA_SIGINFO
SIGQUIT: [libjvm.so+0x745d10], sa_mask[0]=11111111011111111101111111111110, sa_flags=SA_RESTART|SA_SIGINFO


---------------  S Y S T E M  ---------------

OS:DISTRIB_ID=Ubuntu
DISTRIB_RELEASE=12.04
DISTRIB_CODENAME=precise
DISTRIB_DESCRIPTION="Ubuntu 12.04.5 LTS"

uname:Linux 3.2.0-24-generic-pae #39-Ubuntu SMP Mon May 21 18:54:21 UTC 2012 i686
libc:glibc 2.15 NPTL 2.15 
rlimit: STACK 8192k, CORE 0k, NPROC 23509, NOFILE 4096, AS infinity
load average:5.56 2.78 2.58

/proc/meminfo:
MemTotal:        3023804 kB
MemFree:          124948 kB
Buffers:             496 kB
Cached:           127416 kB
SwapCached:            0 kB
Active:          2670088 kB
Inactive:          98240 kB
Active(anon):    2641512 kB
Inactive(anon):    71316 kB
Active(file):      28576 kB
Inactive(file):    26924 kB
Unevictable:          16 kB
Mlocked:              16 kB
HighTotal:       2157824 kB
HighFree:           2128 kB
LowTotal:         865980 kB
LowFree:          122820 kB
SwapTotal:             0 kB
SwapFree:              0 kB
Dirty:               120 kB
Writeback:           112 kB
AnonPages:       2640468 kB
Mapped:           106844 kB
Shmem:             72436 kB
Slab:              43316 kB
SReclaimable:      17336 kB
SUnreclaim:        25980 kB
KernelStack:        5584 kB
PageTables:        19140 kB
NFS_Unstable:          0 kB
Bounce:                0 kB
WritebackTmp:          0 kB
CommitLimit:     1511900 kB
Committed_AS:    7999404 kB
VmallocTotal:     122880 kB
VmallocUsed:       54324 kB
VmallocChunk:      58528 kB
HardwareCorrupted:     0 kB
AnonHugePages:         0 kB
HugePages_Total:       0
HugePages_Free:        0
HugePages_Rsvd:        0
HugePages_Surp:        0
Hugepagesize:       2048 kB
DirectMap4k:       51192 kB
DirectMap2M:      862208 kB


CPU:total 4 (2 cores per cpu, 2 threads per core) family 6 model 37 stepping 5, cmov, cx8, fxsr, mmx, sse, sse2, sse3, ssse3, sse4.1, sse4.2, popcnt, ht, tsc, tscinvbit

/proc/cpuinfo:
processor	: 0
vendor_id	: GenuineIntel
cpu family	: 6
model		: 37
model name	: Intel(R) Core(TM) i3 CPU       M 380  @ 2.53GHz
stepping	: 5
microcode	: 0x2
cpu MHz		: 2533.000
cache size	: 3072 KB
physical id	: 0
siblings	: 4
core id		: 0
cpu cores	: 2
apicid		: 0
initial apicid	: 0
fdiv_bug	: no
hlt_bug		: no
f00f_bug	: no
coma_bug	: no
fpu		: yes
fpu_exception	: yes
cpuid level	: 11
wp		: yes
flags		: fpu vme de pse tsc msr pae mce cx8 apic sep mtrr pge mca cmov pat pse36 clflush dts acpi mmx fxsr sse sse2 ss ht tm pbe nx rdtscp lm constant_tsc arch_perfmon pebs bts xtopology nonstop_tsc aperfmperf pni dtes64 monitor ds_cpl vmx est tm2 ssse3 cx16 xtpr pdcm pcid sse4_1 sse4_2 popcnt lahf_lm arat dts tpr_shadow vnmi flexpriority ept vpid
bogomips	: 5054.52
clflush size	: 64
cache_alignment	: 64
address sizes	: 36 bits physical, 48 bits virtual
power management:

processor	: 1
vendor_id	: GenuineIntel
cpu family	: 6
model		: 37
model name	: Intel(R) Core(TM) i3 CPU       M 380  @ 2.53GHz
stepping	: 5
microcode	: 0x2
cpu MHz		: 933.000
cache size	: 3072 KB
physical id	: 0
siblings	: 4
core id		: 0
cpu cores	: 2
apicid		: 1
initial apicid	: 1
fdiv_bug	: no
hlt_bug		: no
f00f_bug	: no
coma_bug	: no
fpu		: yes
fpu_exception	: yes
cpuid level	: 11
wp		: yes
flags		: fpu vme de pse tsc msr pae mce cx8 apic sep mtrr pge mca cmov pat pse36 clflush dts acpi mmx fxsr sse sse2 ss ht tm pbe nx rdtscp lm constant_tsc arch_perfmon pebs bts xtopology nonstop_tsc aperfmperf pni dtes64 monitor ds_cpl vmx est tm2 ssse3 cx16 xtpr pdcm pcid sse4_1 sse4_2 popcnt lahf_lm arat dts tpr_shadow vnmi flexpriority ept vpid
bogomips	: 5053.86
clflush size	: 64
cache_alignment	: 64
address sizes	: 36 bits physical, 48 bits virtual
power management:

processor	: 2
vendor_id	: GenuineIntel
cpu family	: 6
model		: 37
model name	: Intel(R) Core(TM) i3 CPU       M 380  @ 2.53GHz
stepping	: 5
microcode	: 0x2
cpu MHz		: 2533.000
cache size	: 3072 KB
physical id	: 0
siblings	: 4
core id		: 2
cpu cores	: 2
apicid		: 4
initial apicid	: 4
fdiv_bug	: no
hlt_bug		: no
f00f_bug	: no
coma_bug	: no
fpu		: yes
fpu_exception	: yes
cpuid level	: 11
wp		: yes
flags		: fpu vme de pse tsc msr pae mce cx8 apic sep mtrr pge mca cmov pat pse36 clflush dts acpi mmx fxsr sse sse2 ss ht tm pbe nx rdtscp lm constant_tsc arch_perfmon pebs bts xtopology nonstop_tsc aperfmperf pni dtes64 monitor ds_cpl vmx est tm2 ssse3 cx16 xtpr pdcm pcid sse4_1 sse4_2 popcnt lahf_lm arat dts tpr_shadow vnmi flexpriority ept vpid
bogomips	: 5053.89
clflush size	: 64
cache_alignment	: 64
address sizes	: 36 bits physical, 48 bits virtual
power management:

processor	: 3
vendor_id	: GenuineIntel
cpu family	: 6
model		: 37
model name	: Intel(R) Core(TM) i3 CPU       M 380  @ 2.53GHz
stepping	: 5
microcode	: 0x2
cpu MHz		: 1733.000
cache size	: 3072 KB
physical id	: 0
siblings	: 4
core id		: 2
cpu cores	: 2
apicid		: 5
initial apicid	: 5
fdiv_bug	: no
hlt_bug		: no
f00f_bug	: no
coma_bug	: no
fpu		: yes
fpu_exception	: yes
cpuid level	: 11
wp		: yes
flags		: fpu vme de pse tsc msr pae mce cx8 apic sep mtrr pge mca cmov pat pse36 clflush dts acpi mmx fxsr sse sse2 ss ht tm pbe nx rdtscp lm constant_tsc arch_perfmon pebs bts xtopology nonstop_tsc aperfmperf pni dtes64 monitor ds_cpl vmx est tm2 ssse3 cx16 xtpr pdcm pcid sse4_1 sse4_2 popcnt lahf_lm arat dts tpr_shadow vnmi flexpriority ept vpid
bogomips	: 5053.89
clflush size	: 64
cache_alignment	: 64
address sizes	: 36 bits physical, 48 bits virtual
power management:



Memory: 4k page, physical 3023804k(124948k free), swap 0k(0k free)

vm_info: Java HotSpot(TM) Server VM (25.45-b02) for linux-x86 JRE (1.8.0_45-b14), built on Apr 10 2015 10:38:30 by "java_re" with gcc 4.3.0 20080428 (Red Hat 4.3.0-8)

time: Tue Dec 15 23:52:00 2015
elapsed time: 43 seconds (0d 0h 0m 43s)

