#
# There is insufficient memory for the Java Runtime Environment to continue.
# Native memory allocation (malloc) failed to allocate 200560 bytes for Chunk::new
# Possible reasons:
#   The system is out of physical RAM or swap space
#   In 32 bit mode, the process size limit was hit
# Possible solutions:
#   Reduce memory load on the system
#   Increase physical memory or swap space
#   Check if swap backing store is full
#   Use 64 bit Java on a 64 bit OS
#   Decrease Java heap size (-Xmx/-Xms)
#   Decrease number of Java threads
#   Decrease Java thread stack sizes (-Xss)
#   Set larger code cache with -XX:ReservedCodeCacheSize=
# This output file may be truncated or incomplete.
#
#  Out of Memory Error (allocation.cpp:390), pid=7166, tid=1666186048
#
# JRE version: Java(TM) SE Runtime Environment (8.0_45-b14) (build 1.8.0_45-b14)
# Java VM: Java HotSpot(TM) Server VM (25.45-b02 mixed mode linux-x86 )
# Failed to write core dump. Core dumps have been disabled. To enable core dumping, try "ulimit -c unlimited" before starting Java again
#

---------------  T H R E A D  ---------------

Current thread (0x63ba6000):  JavaThread "C2 CompilerThread1" daemon [_thread_in_native, id=7215, stack(0x6347f000,0x63500000)]

Stack: [0x6347f000,0x63500000],  sp=0x634fd100,  free space=504k
Native frames: (J=compiled Java code, j=interpreted, Vv=VM code, C=native code)
V  [libjvm.so+0x8c1ecf]  VMError::report_and_die()+0x16f
V  [libjvm.so+0x386495]  report_vm_out_of_memory(char const*, int, unsigned int, VMErrorType, char const*)+0x55
V  [libjvm.so+0x1a9cb4]  Chunk::operator new(unsigned int, AllocFailStrategy::AllocFailEnum, unsigned int)+0xe4
V  [libjvm.so+0x1aa23c]  Arena::grow(unsigned int, AllocFailStrategy::AllocFailEnum)+0x2c
V  [libjvm.so+0x7c4544]  resource_allocate_bytes(unsigned int, AllocFailStrategy::AllocFailEnum)+0x64
V  [libjvm.so+0x3fd1ee]  PhaseIdealLoop::Dominators()+0x6e
V  [libjvm.so+0x66a18e]  PhaseIdealLoop::build_and_optimize(bool, bool)+0x41e
V  [libjvm.so+0x33b8ed]  PhaseIdealLoop::PhaseIdealLoop(PhaseIterGVN&, bool, bool)+0x15d
V  [libjvm.so+0x3380b3]  Compile::Optimize()+0x863
V  [libjvm.so+0x339380]  Compile::Compile(ciEnv*, C2Compiler*, ciMethod*, int, bool, bool, bool)+0x1230
V  [libjvm.so+0x28fe74]  C2Compiler::compile_method(ciEnv*, ciMethod*, int)+0x1b4
V  [libjvm.so+0x343b51]  CompileBroker::invoke_compiler_on_method(CompileTask*)+0xda1
V  [libjvm.so+0x344967]  CompileBroker::compiler_thread_loop()+0x567
V  [libjvm.so+0x86b548]  compiler_thread_entry(JavaThread*, Thread*)+0x18
V  [libjvm.so+0x876229]  JavaThread::thread_main_inner()+0x109
V  [libjvm.so+0x8763ab]  JavaThread::run()+0x14b
V  [libjvm.so+0x749049]  java_start(Thread*)+0x119
C  [libpthread.so.0+0x6d4c]  start_thread+0xcc
C  [libc.so.6+0xeeb8e]  clone+0x5e


Current CompileTask:
C2:  21129  692   !   4       com.android.dx.rop.code.RegisterSpec::intern (70 bytes)


---------------  P R O C E S S  ---------------

Java Threads: ( => current thread )
  0x63226000 JavaThread "pool-1-thread-4" [_thread_blocked, id=7250, stack(0x6306b000,0x630bc000)]
  0x63224400 JavaThread "pool-1-thread-3" [_thread_in_vm, id=7246, stack(0x630bc000,0x6310d000)]
  0x63220000 JavaThread "pool-1-thread-2" [_thread_in_Java, id=7245, stack(0x6310d000,0x6315e000)]
  0x6321cc00 JavaThread "pool-2-thread-1" [_thread_blocked, id=7237, stack(0x6315e000,0x631af000)]
  0x6321bc00 JavaThread "pool-1-thread-1" [_thread_blocked, id=7235, stack(0x631af000,0x63200000)]
  0x63baac00 JavaThread "Service Thread" daemon [_thread_blocked, id=7223, stack(0x633ad000,0x633fe000)]
  0x63ba7800 JavaThread "C1 CompilerThread2" daemon [_thread_in_vm, id=7220, stack(0x633fe000,0x6347f000)]
=>0x63ba6000 JavaThread "C2 CompilerThread1" daemon [_thread_in_native, id=7215, stack(0x6347f000,0x63500000)]
  0x63ba4400 JavaThread "C2 CompilerThread0" daemon [_thread_blocked, id=7210, stack(0x6382e000,0x638af000)]
  0x63ba2c00 JavaThread "Signal Dispatcher" daemon [_thread_blocked, id=7208, stack(0x638af000,0x63900000)]
  0x63b86000 JavaThread "Finalizer" daemon [_thread_blocked, id=7205, stack(0x6682e000,0x6687f000)]
  0x63b84800 JavaThread "Reference Handler" daemon [_thread_blocked, id=7198, stack(0x63a2e000,0x63a7f000)]
  0xb6507800 JavaThread "main" [_thread_blocked, id=7176, stack(0xb666e000,0xb66bf000)]

Other Threads:
  0x63b81400 VMThread [stack: 0x63a7f000,0x63b00000] [id=7196]
  0x63bac400 WatcherThread [stack: 0x6332c000,0x633ad000] [id=7226]

VM state:synchronizing (normal execution)

VM Mutex/Monitor currently owned by a thread:  ([mutex/lock_event])
[0xb6504f58] Safepoint_lock - owner thread: 0x63b81400
[0xb6504fc0] Threads_lock - owner thread: 0x63b81400
[0xb6505848] MethodData_lock - owner thread: 0x63ba7800

Heap:
 PSYoungGen      total 14336K, used 10687K [0x91ac0000, 0x92ac0000, 0xa7000000)
  eden space 12288K, 70% used [0x91ac0000,0x92332258,0x926c0000)
  from space 2048K, 99% used [0x926c0000,0x928bdc48,0x928c0000)
  to   space 2048K, 0% used [0x928c0000,0x928c0000,0x92ac0000)
 ParOldGen       total 32768K, used 1456K [0x67000000, 0x69000000, 0x91ac0000)
  object space 32768K, 4% used [0x67000000,0x6716c350,0x69000000)
 Metaspace       used 3691K, capacity 3718K, committed 3736K, reserved 4400K

Card table byte_map: [0x66dff000,0x67000000] byte_map_base: 0x66ac7000

Marking Bits: (ParMarkBitMap*) 0xb70db960
 Begin Bits: [0x64700000, 0x65700000)
 End Bits:   [0x65700000, 0x66700000)

Polling page: 0xb76d9000

CodeCache: size=245760Kb used=2022Kb max_used=2045Kb free=243737Kb
 bounds [0xa74cd000, 0xa770d000, 0xb64cd000]
 total_blobs=863 nmethods=703 adapters=75
 compilation: enabled

Compilation events (10 events):
Event: 14.060 Thread 0x63ba7800 nmethod 595 0xa76a4588 code [0xa76a4680, 0xa76a4720]
Event: 14.060 Thread 0x63ba7800  536       1       java.util.TreeMap::size (5 bytes)
Event: 14.060 Thread 0x63ba7800 nmethod 536 0xa76a4788 code [0xa76a4880, 0xa76a4920]
Event: 14.060 Thread 0x63ba7800  580       1       com.android.dx.cf.attrib.AttCode::getMaxLocals (5 bytes)
Event: 14.061 Thread 0x63ba7800 nmethod 580 0xa76a4988 code [0xa76a4a80, 0xa76a4b20]
Event: 14.061 Thread 0x63ba7800  582       1       com.android.dx.cf.code.Ropper::access$100 (5 bytes)
Event: 14.061 Thread 0x63ba7800 nmethod 582 0xa76a4b88 code [0xa76a4c80, 0xa76a4d00]
Event: 14.061 Thread 0x63ba7800  719       3       com.android.dx.ssa.LocalVariableInfo::mergeStarts (59 bytes)
Event: 14.077 Thread 0x63ba4400 nmethod 680 0xa76a5808 code [0xa76a59a0, 0xa76a6350]
Event: 14.077 Thread 0x63ba7800 nmethod 719 0xa76a4d88 code [0xa76a4f20, 0xa76a5488]

GC Heap History (2 events):
Event: 13.618 GC heap before
{Heap before GC invocations=1 (full 0):
 PSYoungGen      total 14336K, used 12288K [0x91ac0000, 0x92ac0000, 0xa7000000)
  eden space 12288K, 100% used [0x91ac0000,0x926c0000,0x926c0000)
  from space 2048K, 0% used [0x928c0000,0x928c0000,0x92ac0000)
  to   space 2048K, 0% used [0x926c0000,0x926c0000,0x928c0000)
 ParOldGen       total 32768K, used 0K [0x67000000, 0x69000000, 0x91ac0000)
  object space 32768K, 0% used [0x67000000,0x67000000,0x69000000)
 Metaspace       used 3574K, capacity 3582K, committed 3608K, reserved 4400K
Event: 13.634 GC heap after
Heap after GC invocations=1 (full 0):
 PSYoungGen      total 14336K, used 2039K [0x91ac0000, 0x92ac0000, 0xa7000000)
  eden space 12288K, 0% used [0x91ac0000,0x91ac0000,0x926c0000)
  from space 2048K, 99% used [0x926c0000,0x928bdc48,0x928c0000)
  to   space 2048K, 0% used [0x928c0000,0x928c0000,0x92ac0000)
 ParOldGen       total 32768K, used 1456K [0x67000000, 0x69000000, 0x91ac0000)
  object space 32768K, 4% used [0x67000000,0x6716c350,0x69000000)
 Metaspace       used 3574K, capacity 3582K, committed 3608K, reserved 4400K
}

Deoptimization events (7 events):
Event: 13.061 Thread 0xb6507800 Uncommon trap: reason=unstable_if action=reinterpret pc=0xa761e148 method=java.util.HashMap.getNode(ILjava/lang/Object;)Ljava/util/HashMap$Node; @ 62
Event: 13.376 Thread 0x6321bc00 Uncommon trap: reason=class_check action=maybe_recompile pc=0xa763104c method=com.android.dx.ssa.NormalSsaInsn.accept(Lcom/android/dx/ssa/SsaInsn$Visitor;)V @ 9
Event: 13.376 Thread 0x6321bc00 Uncommon trap: reason=class_check action=maybe_recompile pc=0xa763104c method=com.android.dx.ssa.NormalSsaInsn.accept(Lcom/android/dx/ssa/SsaInsn$Visitor;)V @ 9
Event: 13.377 Thread 0x6321bc00 Uncommon trap: reason=class_check action=maybe_recompile pc=0xa763104c method=com.android.dx.ssa.NormalSsaInsn.accept(Lcom/android/dx/ssa/SsaInsn$Visitor;)V @ 9
Event: 13.377 Thread 0x6321bc00 Uncommon trap: reason=class_check action=maybe_recompile pc=0xa763104c method=com.android.dx.ssa.NormalSsaInsn.accept(Lcom/android/dx/ssa/SsaInsn$Visitor;)V @ 9
Event: 13.378 Thread 0x6321bc00 Uncommon trap: reason=unstable_if action=reinterpret pc=0xa761ee88 method=java.util.BitSet.nextSetBit(I)I @ 87
Event: 13.435 Thread 0x6321bc00 Uncommon trap: reason=class_check action=maybe_recompile pc=0xa76489f8 method=com.android.dx.ssa.NormalSsaInsn.accept(Lcom/android/dx/ssa/SsaInsn$Visitor;)V @ 9

Internal exceptions (2 events):
Event: 7.191 Thread 0xb6507800 Exception <a 'java/lang/NoSuchMethodError': Method sun.misc.Unsafe.defineClass(Ljava/lang/String;[BII)Ljava/lang/Class; name or signature does not match> (0x91ad0400) thrown at [/HUDSON/workspace/8-2-build-linux-i586/jdk8u45/3457/hotspot/src/share/vm/prim
Event: 7.191 Thread 0xb6507800 Exception <a 'java/lang/NoSuchMethodError': Method sun.misc.Unsafe.prefetchRead(Ljava/lang/Object;J)V name or signature does not match> (0x91ad0680) thrown at [/HUDSON/workspace/8-2-build-linux-i586/jdk8u45/3457/hotspot/src/share/vm/prims/jni.cpp, line 39

Events (10 events):
Event: 13.424 loading class java/util/ArrayList$1 done
Event: 13.435 Thread 0x6321bc00 Uncommon trap: trap_request=0xffffffde fr.pc=0xa76489f8
Event: 13.435 Thread 0x6321bc00 DEOPT PACKING pc=0xa76489f8 sp=0x631fe8e0
Event: 13.435 Thread 0x6321bc00 DEOPT UNPACKING pc=0xa7507e55 sp=0x631fe8a8 mode 2
Event: 13.489 loading class java/util/TreeMap$EntrySet
Event: 13.489 loading class java/util/TreeMap$EntrySet done
Event: 13.489 loading class java/util/TreeMap$EntryIterator
Event: 13.489 loading class java/util/TreeMap$EntryIterator done
Event: 13.493 Executing VM operation: ParallelGCFailedAllocation
Event: 13.634 Executing VM operation: ParallelGCFailedAllocation done


Dynamic libraries:
08048000-08049000 r-xp 00000000 08:08 3557484    /usr/lib/jvm/java-8-oracle/bin/java
08049000-0804a000 rw-p 00000000 08:08 3557484    /usr/lib/jvm/java-8-oracle/bin/java
089a3000-089c4000 rw-p 00000000 00:00 0          [heap]
62700000-627df000 rw-p 00000000 00:00 0 
627df000-62800000 ---p 00000000 00:00 0 
62900000-629c8000 rw-p 00000000 00:00 0 
629c8000-62a00000 ---p 00000000 00:00 0 
62b00000-62b67000 rw-p 00000000 00:00 0 
62b67000-62c00000 ---p 00000000 00:00 0 
62d00000-62dfd000 rw-p 00000000 00:00 0 
62dfd000-62e00000 ---p 00000000 00:00 0 
62e00000-62f00000 rw-p 00000000 00:00 0 
62f00000-63000000 rw-p 00000000 00:00 0 
6306b000-6306e000 ---p 00000000 00:00 0 
6306e000-630bc000 rw-p 00000000 00:00 0 
630bc000-630bf000 ---p 00000000 00:00 0 
630bf000-6310d000 rw-p 00000000 00:00 0 
6310d000-63110000 ---p 00000000 00:00 0 
63110000-6315e000 rw-p 00000000 00:00 0 
6315e000-63161000 ---p 00000000 00:00 0 
63161000-631af000 rw-p 00000000 00:00 0 
631af000-631b2000 ---p 00000000 00:00 0 
631b2000-63200000 rw-p 00000000 00:00 0 
63200000-63247000 rw-p 00000000 00:00 0 
63247000-63300000 ---p 00000000 00:00 0 
6332c000-6332d000 ---p 00000000 00:00 0 
6332d000-633ad000 rw-p 00000000 00:00 0 
633ad000-633b0000 ---p 00000000 00:00 0 
633b0000-633fe000 rw-p 00000000 00:00 0 
633fe000-63401000 ---p 00000000 00:00 0 
63401000-6347f000 rw-p 00000000 00:00 0 
6347f000-63482000 ---p 00000000 00:00 0 
63482000-63500000 rw-p 00000000 00:00 0 
63500000-63700000 r--p 00000000 08:08 3546503    /usr/lib/locale/locale-archive
63700000-63721000 rw-p 00000000 00:00 0 
63721000-63800000 ---p 00000000 00:00 0 
6382e000-63831000 ---p 00000000 00:00 0 
63831000-638af000 rw-p 00000000 00:00 0 
638af000-638b2000 ---p 00000000 00:00 0 
638b2000-63900000 rw-p 00000000 00:00 0 
63900000-639f9000 rw-p 00000000 00:00 0 
639f9000-63a00000 ---p 00000000 00:00 0 
63a2e000-63a31000 ---p 00000000 00:00 0 
63a31000-63a7f000 rw-p 00000000 00:00 0 
63a7f000-63a80000 ---p 00000000 00:00 0 
63a80000-63b00000 rw-p 00000000 00:00 0 
63b00000-63bfe000 rw-p 00000000 00:00 0 
63bfe000-63c00000 ---p 00000000 00:00 0 
63c31000-63c80000 rw-p 00000000 00:00 0 
63c80000-63e59000 r--s 03d09000 08:08 3674049    /usr/lib/jvm/java-8-oracle/jre/lib/rt.jar
63e59000-6425a000 rw-p 00000000 00:00 0 
6427a000-64300000 ---p 00000000 00:00 0 
64300000-66700000 rw-p 00000000 00:00 0 
66700000-667f8000 rw-p 00000000 00:00 0 
667f8000-66800000 ---p 00000000 00:00 0 
6682e000-66831000 ---p 00000000 00:00 0 
66831000-6687f000 rw-p 00000000 00:00 0 
6687f000-66880000 ---p 00000000 00:00 0 
66880000-66900000 rw-p 00000000 00:00 0 
66900000-66921000 rw-p 00000000 00:00 0 
66921000-66a00000 ---p 00000000 00:00 0 
66a00000-66b00000 rw-p 00000000 00:00 0 
66b00000-66b21000 rw-p 00000000 00:00 0 
66b21000-66c00000 ---p 00000000 00:00 0 
66c10000-66c28000 rw-p 00000000 00:00 0 
66c28000-66c29000 ---p 00000000 00:00 0 
66c29000-66cb9000 rw-p 00000000 00:00 0 
66cb9000-66dff000 ---p 00000000 00:00 0 
66dff000-66e0f000 rw-p 00000000 00:00 0 
66e0f000-66f54000 ---p 00000000 00:00 0 
66f54000-66f5d000 rw-p 00000000 00:00 0 
66f5d000-66fff000 ---p 00000000 00:00 0 
66fff000-69000000 rw-p 00000000 00:00 0 
69000000-91ac0000 ---p 00000000 00:00 0 
91ac0000-92ac0000 rw-p 00000000 00:00 0 
92ac0000-a7000000 ---p 00000000 00:00 0 
a7002000-a700b000 r--s 00039000 08:07 1329455    /home/terry/Desktop/foodsearch/app/build/intermediates/exploded-aar/com.android.support/support-v4/22.2.0/jars/libs/internal_impl-22.2.0.jar
a700b000-a700c000 ---p 00000000 00:00 0 
a700c000-a708c000 rw-p 00000000 00:00 0 
a708c000-a708d000 ---p 00000000 00:00 0 
a708d000-a7116000 rw-p 00000000 00:00 0 
a7116000-a74cd000 ---p 00000000 00:00 0 
a74cd000-a770d000 rwxp 00000000 00:00 0 
a770d000-b64cd000 ---p 00000000 00:00 0 
b64cd000-b64e6000 r-xp 00000000 08:08 3674077    /usr/lib/jvm/java-8-oracle/jre/lib/i386/libzip.so
b64e6000-b64e7000 rw-p 00018000 08:08 3674077    /usr/lib/jvm/java-8-oracle/jre/lib/i386/libzip.so
b64e7000-b64f2000 r-xp 00000000 08:08 1573072    /lib/i386-linux-gnu/libnss_files-2.15.so
b64f2000-b64f3000 r--p 0000a000 08:08 1573072    /lib/i386-linux-gnu/libnss_files-2.15.so
b64f3000-b64f4000 rw-p 0000b000 08:08 1573072    /lib/i386-linux-gnu/libnss_files-2.15.so
b64f4000-b64fe000 r-xp 00000000 08:08 1572926    /lib/i386-linux-gnu/libnss_nis-2.15.so
b64fe000-b64ff000 r--p 00009000 08:08 1572926    /lib/i386-linux-gnu/libnss_nis-2.15.so
b64ff000-b6500000 rw-p 0000a000 08:08 1572926    /lib/i386-linux-gnu/libnss_nis-2.15.so
b6500000-b65fb000 rw-p 00000000 00:00 0 
b65fb000-b6600000 ---p 00000000 00:00 0 
b6606000-b661c000 r-xp 00000000 08:08 1573082    /lib/i386-linux-gnu/libnsl-2.15.so
b661c000-b661d000 r--p 00015000 08:08 1573082    /lib/i386-linux-gnu/libnsl-2.15.so
b661d000-b661e000 rw-p 00016000 08:08 1573082    /lib/i386-linux-gnu/libnsl-2.15.so
b661e000-b6620000 rw-p 00000000 00:00 0 
b6620000-b6627000 r-xp 00000000 08:08 1573086    /lib/i386-linux-gnu/libnss_compat-2.15.so
b6627000-b6628000 r--p 00006000 08:08 1573086    /lib/i386-linux-gnu/libnss_compat-2.15.so
b6628000-b6629000 rw-p 00007000 08:08 1573086    /lib/i386-linux-gnu/libnss_compat-2.15.so
b6631000-b6640000 r--s 000df000 08:07 2104235    /home/terry/android-sdk-linux/build-tools/23.0.0_rc2/lib/dx.jar
b6640000-b6664000 r-xp 00000000 08:08 3674109    /usr/lib/jvm/java-8-oracle/jre/lib/i386/libjava.so
b6664000-b6665000 rw-p 00023000 08:08 3674109    /usr/lib/jvm/java-8-oracle/jre/lib/i386/libjava.so
b6665000-b666c000 r-xp 00000000 08:08 1573074    /lib/i386-linux-gnu/librt-2.15.so
b666c000-b666d000 r--p 00006000 08:08 1573074    /lib/i386-linux-gnu/librt-2.15.so
b666d000-b666e000 rw-p 00007000 08:08 1573074    /lib/i386-linux-gnu/librt-2.15.so
b666e000-b6671000 ---p 00000000 00:00 0 
b6671000-b66bf000 rw-p 00000000 00:00 0 
b66bf000-b66e9000 r-xp 00000000 08:08 1573083    /lib/i386-linux-gnu/libm-2.15.so
b66e9000-b66ea000 r--p 00029000 08:08 1573083    /lib/i386-linux-gnu/libm-2.15.so
b66ea000-b66eb000 rw-p 0002a000 08:08 1573083    /lib/i386-linux-gnu/libm-2.15.so
b66eb000-b705e000 r-xp 00000000 08:08 3674089    /usr/lib/jvm/java-8-oracle/jre/lib/i386/server/libjvm.so
b705e000-b70ca000 rw-p 00972000 08:08 3674089    /usr/lib/jvm/java-8-oracle/jre/lib/i386/server/libjvm.so
b70ca000-b74f0000 rw-p 00000000 00:00 0 
b74f0000-b7693000 r-xp 00000000 08:08 1573087    /lib/i386-linux-gnu/libc-2.15.so
b7693000-b7695000 r--p 001a3000 08:08 1573087    /lib/i386-linux-gnu/libc-2.15.so
b7695000-b7696000 rw-p 001a5000 08:08 1573087    /lib/i386-linux-gnu/libc-2.15.so
b7696000-b7699000 rw-p 00000000 00:00 0 
b7699000-b769c000 r-xp 00000000 08:08 1573085    /lib/i386-linux-gnu/libdl-2.15.so
b769c000-b769d000 r--p 00002000 08:08 1573085    /lib/i386-linux-gnu/libdl-2.15.so
b769d000-b769e000 rw-p 00003000 08:08 1573085    /lib/i386-linux-gnu/libdl-2.15.so
b769e000-b76b2000 r-xp 00000000 08:08 3557613    /usr/lib/jvm/java-8-oracle/lib/i386/jli/libjli.so
b76b2000-b76b3000 rw-p 00014000 08:08 3557613    /usr/lib/jvm/java-8-oracle/lib/i386/jli/libjli.so
b76b3000-b76b4000 rw-p 00000000 00:00 0 
b76b4000-b76cb000 r-xp 00000000 08:08 1573070    /lib/i386-linux-gnu/libpthread-2.15.so
b76cb000-b76cc000 r--p 00016000 08:08 1573070    /lib/i386-linux-gnu/libpthread-2.15.so
b76cc000-b76cd000 rw-p 00017000 08:08 1573070    /lib/i386-linux-gnu/libpthread-2.15.so
b76cd000-b76cf000 rw-p 00000000 00:00 0 
b76cf000-b76d0000 r--p 005e0000 08:08 3546503    /usr/lib/locale/locale-archive
b76d0000-b76d8000 rw-s 00000000 08:08 921840     /tmp/hsperfdata_terry/7166
b76d8000-b76d9000 rw-p 00000000 00:00 0 
b76d9000-b76da000 ---p 00000000 00:00 0 
b76da000-b76e5000 r-xp 00000000 08:08 3674103    /usr/lib/jvm/java-8-oracle/jre/lib/i386/libverify.so
b76e5000-b76e6000 rw-p 0000b000 08:08 3674103    /usr/lib/jvm/java-8-oracle/jre/lib/i386/libverify.so
b76e6000-b76e8000 rw-p 00000000 00:00 0 
b76e8000-b76e9000 r-xp 00000000 00:00 0          [vdso]
b76e9000-b7709000 r-xp 00000000 08:08 1573075    /lib/i386-linux-gnu/ld-2.15.so
b7709000-b770a000 r--p 0001f000 08:08 1573075    /lib/i386-linux-gnu/ld-2.15.so
b770a000-b770b000 rw-p 00020000 08:08 1573075    /lib/i386-linux-gnu/ld-2.15.so
bfd6b000-bfd6c000 rwxp 00000000 00:00 0 
bfd9e000-bfdbf000 rw-p 00000000 00:00 0          [stack]

VM Arguments:
jvm_args: -Xmx1024M -Dfile.encoding=UTF-8 -Duser.country=US -Duser.language=en -Duser.variant 
java_command: com.android.dx.command.Main --dex --num-threads=4 --output /home/terry/Desktop/foodsearch/app/build/intermediates/pre-dexed/debug/internal_impl-22.2.0-65952008de33416c7556f0c7824ac8ef1f1d0882.jar /home/terry/Desktop/foodsearch/app/build/intermediates/exploded-aar/com.android.support/support-v4/22.2.0/jars/libs/internal_impl-22.2.0.jar
java_class_path (initial): /home/terry/android-sdk-linux/build-tools/23.0.0_rc2/lib/dx.jar
Launcher Type: SUN_STANDARD

Environment Variables:
CLASSPATH=/home/terry/android-studio/bin/../lib/bootstrap.jar:/home/terry/android-studio/bin/../lib/extensions.jar:/home/terry/android-studio/bin/../lib/util.jar:/home/terry/android-studio/bin/../lib/jdom.jar:/home/terry/android-studio/bin/../lib/log4j.jar:/home/terry/android-studio/bin/../lib/trove4j.jar:/home/terry/android-studio/bin/../lib/jna.jar:/usr/lib/jvm/java-8-oracle/lib/tools.jar
PATH=/usr/lib/lightdm/lightdm:/usr/local/sbin:/usr/local/bin:/usr/sbin:/usr/bin:/sbin:/bin:/usr/games
LD_LIBRARY_PATH=/home/terry/android-studio/bin:
SHELL=/bin/bash
DISPLAY=:0.0

Signal Handlers:
SIGSEGV: [libjvm.so+0x8c29a0], sa_mask[0]=11111111011111111101111111111110, sa_flags=SA_RESTART|SA_SIGINFO
SIGBUS: [libjvm.so+0x8c29a0], sa_mask[0]=11111111011111111101111111111110, sa_flags=SA_RESTART|SA_SIGINFO
SIGFPE: [libjvm.so+0x7432d0], sa_mask[0]=11111111011111111101111111111110, sa_flags=SA_RESTART|SA_SIGINFO
SIGPIPE: [libjvm.so+0x7432d0], sa_mask[0]=11111111011111111101111111111110, sa_flags=SA_RESTART|SA_SIGINFO
SIGXFSZ: [libjvm.so+0x7432d0], sa_mask[0]=11111111011111111101111111111110, sa_flags=SA_RESTART|SA_SIGINFO
SIGILL: [libjvm.so+0x7432d0], sa_mask[0]=11111111011111111101111111111110, sa_flags=SA_RESTART|SA_SIGINFO
SIGUSR1: SIG_DFL, sa_mask[0]=00000000000000000000000000000000, sa_flags=none
SIGUSR2: [libjvm.so+0x744860], sa_mask[0]=00100000000000000000000000000000, sa_flags=SA_RESTART|SA_SIGINFO
SIGHUP: [libjvm.so+0x745d10], sa_mask[0]=11111111011111111101111111111110, sa_flags=SA_RESTART|SA_SIGINFO
SIGINT: SIG_IGN, sa_mask[0]=00000000000000000000000000000000, sa_flags=none
SIGTERM: [libjvm.so+0x745d10], sa_mask[0]=11111111011111111101111111111110, sa_flags=SA_RESTART|SA_SIGINFO
SIGQUIT: [libjvm.so+0x745d10], sa_mask[0]=11111111011111111101111111111110, sa_flags=SA_RESTART|SA_SIGINFO


---------------  S Y S T E M  ---------------

OS:DISTRIB_ID=Ubuntu
DISTRIB_RELEASE=12.04
DISTRIB_CODENAME=precise
DISTRIB_DESCRIPTION="Ubuntu 12.04.5 LTS"

uname:Linux 3.2.0-24-generic-pae #39-Ubuntu SMP Mon May 21 18:54:21 UTC 2012 i686
libc:glibc 2.15 NPTL 2.15 
rlimit: STACK 8192k, CORE 0k, NPROC 23509, NOFILE 4096, AS infinity
load average:6.56 2.93 2.09

/proc/meminfo:
MemTotal:        3023804 kB
MemFree:          124628 kB
Buffers:             224 kB
Cached:           201164 kB
SwapCached:            0 kB
Active:          2587844 kB
Inactive:         181172 kB
Active(anon):    2568852 kB
Inactive(anon):   161952 kB
Active(file):      18992 kB
Inactive(file):    19220 kB
Unevictable:          16 kB
Mlocked:              16 kB
HighTotal:       2157824 kB
HighFree:            888 kB
LowTotal:         865980 kB
LowFree:          123740 kB
SwapTotal:             0 kB
SwapFree:              0 kB
Dirty:              3804 kB
Writeback:            60 kB
AnonPages:       2567788 kB
Mapped:           183544 kB
Shmem:            163072 kB
Slab:              43716 kB
SReclaimable:      18692 kB
SUnreclaim:        25024 kB
KernelStack:        5792 kB
PageTables:        20108 kB
NFS_Unstable:          0 kB
Bounce:                0 kB
WritebackTmp:          0 kB
CommitLimit:     1511900 kB
Committed_AS:    8499148 kB
VmallocTotal:     122880 kB
VmallocUsed:       54324 kB
VmallocChunk:      58528 kB
HardwareCorrupted:     0 kB
AnonHugePages:         0 kB
HugePages_Total:       0
HugePages_Free:        0
HugePages_Rsvd:        0
HugePages_Surp:        0
Hugepagesize:       2048 kB
DirectMap4k:       51192 kB
DirectMap2M:      862208 kB


CPU:total 4 (2 cores per cpu, 2 threads per core) family 6 model 37 stepping 5, cmov, cx8, fxsr, mmx, sse, sse2, sse3, ssse3, sse4.1, sse4.2, popcnt, ht, tsc, tscinvbit

/proc/cpuinfo:
processor	: 0
vendor_id	: GenuineIntel
cpu family	: 6
model		: 37
model name	: Intel(R) Core(TM) i3 CPU       M 380  @ 2.53GHz
stepping	: 5
microcode	: 0x2
cpu MHz		: 2533.000
cache size	: 3072 KB
physical id	: 0
siblings	: 4
core id		: 0
cpu cores	: 2
apicid		: 0
initial apicid	: 0
fdiv_bug	: no
hlt_bug		: no
f00f_bug	: no
coma_bug	: no
fpu		: yes
fpu_exception	: yes
cpuid level	: 11
wp		: yes
flags		: fpu vme de pse tsc msr pae mce cx8 apic sep mtrr pge mca cmov pat pse36 clflush dts acpi mmx fxsr sse sse2 ss ht tm pbe nx rdtscp lm constant_tsc arch_perfmon pebs bts xtopology nonstop_tsc aperfmperf pni dtes64 monitor ds_cpl vmx est tm2 ssse3 cx16 xtpr pdcm pcid sse4_1 sse4_2 popcnt lahf_lm arat dts tpr_shadow vnmi flexpriority ept vpid
bogomips	: 5054.52
clflush size	: 64
cache_alignment	: 64
address sizes	: 36 bits physical, 48 bits virtual
power management:

processor	: 1
vendor_id	: GenuineIntel
cpu family	: 6
model		: 37
model name	: Intel(R) Core(TM) i3 CPU       M 380  @ 2.53GHz
stepping	: 5
microcode	: 0x2
cpu MHz		: 2533.000
cache size	: 3072 KB
physical id	: 0
siblings	: 4
core id		: 0
cpu cores	: 2
apicid		: 1
initial apicid	: 1
fdiv_bug	: no
hlt_bug		: no
f00f_bug	: no
coma_bug	: no
fpu		: yes
fpu_exception	: yes
cpuid level	: 11
wp		: yes
flags		: fpu vme de pse tsc msr pae mce cx8 apic sep mtrr pge mca cmov pat pse36 clflush dts acpi mmx fxsr sse sse2 ss ht tm pbe nx rdtscp lm constant_tsc arch_perfmon pebs bts xtopology nonstop_tsc aperfmperf pni dtes64 monitor ds_cpl vmx est tm2 ssse3 cx16 xtpr pdcm pcid sse4_1 sse4_2 popcnt lahf_lm arat dts tpr_shadow vnmi flexpriority ept vpid
bogomips	: 5053.86
clflush size	: 64
cache_alignment	: 64
address sizes	: 36 bits physical, 48 bits virtual
power management:

processor	: 2
vendor_id	: GenuineIntel
cpu family	: 6
model		: 37
model name	: Intel(R) Core(TM) i3 CPU       M 380  @ 2.53GHz
stepping	: 5
microcode	: 0x2
cpu MHz		: 2533.000
cache size	: 3072 KB
physical id	: 0
siblings	: 4
core id		: 2
cpu cores	: 2
apicid		: 4
initial apicid	: 4
fdiv_bug	: no
hlt_bug		: no
f00f_bug	: no
coma_bug	: no
fpu		: yes
fpu_exception	: yes
cpuid level	: 11
wp		: yes
flags		: fpu vme de pse tsc msr pae mce cx8 apic sep mtrr pge mca cmov pat pse36 clflush dts acpi mmx fxsr sse sse2 ss ht tm pbe nx rdtscp lm constant_tsc arch_perfmon pebs bts xtopology nonstop_tsc aperfmperf pni dtes64 monitor ds_cpl vmx est tm2 ssse3 cx16 xtpr pdcm pcid sse4_1 sse4_2 popcnt lahf_lm arat dts tpr_shadow vnmi flexpriority ept vpid
bogomips	: 5053.89
clflush size	: 64
cache_alignment	: 64
address sizes	: 36 bits physical, 48 bits virtual
power management:

processor	: 3
vendor_id	: GenuineIntel
cpu family	: 6
model		: 37
model name	: Intel(R) Core(TM) i3 CPU       M 380  @ 2.53GHz
stepping	: 5
microcode	: 0x2
cpu MHz		: 2533.000
cache size	: 3072 KB
physical id	: 0
siblings	: 4
core id		: 2
cpu cores	: 2
apicid		: 5
initial apicid	: 5
fdiv_bug	: no
hlt_bug		: no
f00f_bug	: no
coma_bug	: no
fpu		: yes
fpu_exception	: yes
cpuid level	: 11
wp		: yes
flags		: fpu vme de pse tsc msr pae mce cx8 apic sep mtrr pge mca cmov pat pse36 clflush dts acpi mmx fxsr sse sse2 ss ht tm pbe nx rdtscp lm constant_tsc arch_perfmon pebs bts xtopology nonstop_tsc aperfmperf pni dtes64 monitor ds_cpl vmx est tm2 ssse3 cx16 xtpr pdcm pcid sse4_1 sse4_2 popcnt lahf_lm arat dts tpr_shadow vnmi flexpriority ept vpid
bogomips	: 5053.89
clflush size	: 64
cache_alignment	: 64
address sizes	: 36 bits physical, 48 bits virtual
power management:



Memory: 4k page, physical 3023804k(124504k free), swap 0k(0k free)

vm_info: Java HotSpot(TM) Server VM (25.45-b02) for linux-x86 JRE (1.8.0_45-b14), built on Apr 10 2015 10:38:30 by "java_re" with gcc 4.3.0 20080428 (Red Hat 4.3.0-8)

time: Tue Dec 15 23:16:59 2015
elapsed time: 21 seconds (0d 0h 0m 21s)

