#
# There is insufficient memory for the Java Runtime Environment to continue.
# Native memory allocation (mmap) failed to map 12582912 bytes for committing reserved memory.
# Possible reasons:
#   The system is out of physical RAM or swap space
#   In 32 bit mode, the process size limit was hit
# Possible solutions:
#   Reduce memory load on the system
#   Increase physical memory or swap space
#   Check if swap backing store is full
#   Use 64 bit Java on a 64 bit OS
#   Decrease Java heap size (-Xmx/-Xms)
#   Decrease number of Java threads
#   Decrease Java thread stack sizes (-Xss)
#   Set larger code cache with -XX:ReservedCodeCacheSize=
# This output file may be truncated or incomplete.
#
#  Out of Memory Error (os_linux.cpp:2673), pid=7703, tid=1672477504
#
# JRE version: Java(TM) SE Runtime Environment (8.0_45-b14) (build 1.8.0_45-b14)
# Java VM: Java HotSpot(TM) Server VM (25.45-b02 mixed mode linux-x86 )
# Failed to write core dump. Core dumps have been disabled. To enable core dumping, try "ulimit -c unlimited" before starting Java again
#

---------------  T H R E A D  ---------------

Current thread (0x63b81400):  VMThread [stack: 0x63a7f000,0x63b00000] [id=7729]

Stack: [0x63a7f000,0x63b00000],  sp=0x63afe8b0,  free space=510k
Native frames: (J=compiled Java code, j=interpreted, Vv=VM code, C=native code)
V  [libjvm.so+0x8c1ecf]  VMError::report_and_die()+0x16f
V  [libjvm.so+0x386495]  report_vm_out_of_memory(char const*, int, unsigned int, VMErrorType, char const*)+0x55
V  [libjvm.so+0x7467a6]  os::Linux::commit_memory_impl(char*, unsigned int, bool)+0xe6
V  [libjvm.so+0x746bc8]  os::pd_commit_memory(char*, unsigned int, unsigned int, bool)+0x28
V  [libjvm.so+0x7402ec]  os::commit_memory(char*, unsigned int, unsigned int, bool)+0x2c
V  [libjvm.so+0x7aa598]  PSVirtualSpace::expand_by(unsigned int)+0x48
V  [libjvm.so+0x7ab69a]  PSYoungGen::resize_generation(unsigned int, unsigned int)+0xda
V  [libjvm.so+0x7aa9c9]  PSYoungGen::resize(unsigned int, unsigned int)+0x19
V  [libjvm.so+0x7a82ed]  PSScavenge::invoke_no_policy()+0xd4d
V  [libjvm.so+0x7a8ab8]  PSScavenge::invoke()+0x28
V  [libjvm.so+0x767d8a]  ParallelScavengeHeap::failed_mem_allocate(unsigned int)+0x5a
V  [libjvm.so+0x8c379a]  VM_ParallelGCFailedAllocation::doit()+0x7a
V  [libjvm.so+0x8cc9b7]  VM_Operation::evaluate()+0x47
V  [libjvm.so+0x8caa93]  VMThread::evaluate_operation(VM_Operation*)+0xb3
V  [libjvm.so+0x8cae30]  VMThread::loop()+0x1b0
V  [libjvm.so+0x8cb295]  VMThread::run()+0x85
V  [libjvm.so+0x749049]  java_start(Thread*)+0x119
C  [libpthread.so.0+0x6d4c]  start_thread+0xcc

VM_Operation (0xb677a484): ParallelGCFailedAllocation, mode: safepoint, requested by thread 0xb6607800


---------------  P R O C E S S  ---------------

Java Threads: ( => current thread )
  0x63224400 JavaThread "pool-1-thread-4" [_thread_blocked, id=7782, stack(0x6310d000,0x6315e000)]
  0x63227000 JavaThread "pool-1-thread-3" [_thread_blocked, id=7781, stack(0x6315e000,0x631af000)]
  0x6321ec00 JavaThread "pool-1-thread-2" [_thread_blocked, id=7776, stack(0x631af000,0x63200000)]
  0x6321c400 JavaThread "pool-2-thread-1" [_thread_blocked, id=7773, stack(0x6332c000,0x6337d000)]
  0x6321b400 JavaThread "pool-1-thread-1" [_thread_blocked, id=7769, stack(0x6382e000,0x6387f000)]
  0x63baa800 JavaThread "Service Thread" daemon [_thread_blocked, id=7759, stack(0x6682e000,0x6687f000)]
  0x63ba7400 JavaThread "C1 CompilerThread2" daemon [_thread_blocked, id=7747, stack(0x633fe000,0x6347f000)]
  0x63ba6000 JavaThread "C2 CompilerThread1" daemon [_thread_blocked, id=7746, stack(0x6347f000,0x63500000)]
  0x63ba4000 JavaThread "C2 CompilerThread0" daemon [_thread_blocked, id=7745, stack(0x6387f000,0x63900000)]
  0x63ba2c00 JavaThread "Signal Dispatcher" daemon [_thread_blocked, id=7742, stack(0x66b2e000,0x66b7f000)]
  0x63b86000 JavaThread "Finalizer" daemon [_thread_blocked, id=7737, stack(0x66d15000,0x66d66000)]
  0x63b84800 JavaThread "Reference Handler" daemon [_thread_blocked, id=7735, stack(0x63a2e000,0x63a7f000)]
  0xb6607800 JavaThread "main" [_thread_blocked, id=7711, stack(0xb672b000,0xb677c000)]

Other Threads:
=>0x63b81400 VMThread [stack: 0x63a7f000,0x63b00000] [id=7729]
  0x63bad800 WatcherThread [stack: 0x6337d000,0x633fe000] [id=7763]

VM state:at safepoint (normal execution)

VM Mutex/Monitor currently owned by a thread:  ([mutex/lock_event])
[0xb6604fc0] Threads_lock - owner thread: 0x63b81400
[0xb66053d0] Heap_lock - owner thread: 0xb6607800

Heap:
 PSYoungGen      total 14336K, used 2044K [0x91ac0000, 0x92ac0000, 0xa7000000)
  eden space 12288K, 0% used [0x91ac0000,0x91ac0000,0x926c0000)
  from space 2048K, 99% used [0x926c0000,0x928bf3c0,0x928c0000)
  to   space 2048K, 0% used [0x928c0000,0x928c0000,0x92ac0000)
 ParOldGen       total 32768K, used 1511K [0x67000000, 0x69000000, 0x91ac0000)
  object space 32768K, 4% used [0x67000000,0x67179de8,0x69000000)
 Metaspace       used 3567K, capacity 3582K, committed 3608K, reserved 4400K

Card table byte_map: [0x66dff000,0x67000000] byte_map_base: 0x66ac7000

Marking Bits: (ParMarkBitMap*) 0xb7198960
 Begin Bits: [0x64700000, 0x65700000)
 End Bits:   [0x65700000, 0x66700000)

Polling page: 0xb7796000

CodeCache: size=245760Kb used=1510Kb max_used=1510Kb free=244249Kb
 bounds [0xa75a8000, 0xa77e8000, 0xb65a8000]
 total_blobs=678 nmethods=518 adapters=75
 compilation: enabled

Compilation events (10 events):
Event: 3.087 Thread 0x63ba7400  504       3       com.android.dx.ssa.NormalSsaInsn::mapSourceRegisters (48 bytes)
Event: 3.087 Thread 0x63ba7400 nmethod 504 0xa7720e08 code [0xa7720f60, 0xa7721464]
Event: 3.087 Thread 0x63ba7400  548       3       java.util.ArrayList::<init> (67 bytes)
Event: 3.088 Thread 0x63ba7400 nmethod 548 0xa771eec8 code [0xa771f020, 0xa771f3d8]
Event: 3.088 Thread 0x63ba7400  492       3       com.android.dx.ssa.back.LivenessAnalyzer::liveInAtStatement (55 bytes)
Event: 3.097 Thread 0x63ba4000  558       4       java.util.HashSet::contains (9 bytes)
Event: 3.116 Thread 0x63ba7400 nmethod 492 0xa771e108 code [0xa771e2c0, 0xa771e9b0]
Event: 3.116 Thread 0x63ba7400  563       1       com.android.dx.util.Bits::getMax (6 bytes)
Event: 3.117 Thread 0x63ba7400 nmethod 563 0xa7720bc8 code [0xa7720cc0, 0xa7720d40]
Event: 3.117 Thread 0x63ba7400  560   !   3       com.android.dx.ssa.BasicRegisterMapper::map (44 bytes)

GC Heap History (1 events):
Event: 3.157 GC heap before
{Heap before GC invocations=1 (full 0):
 PSYoungGen      total 14336K, used 12288K [0x91ac0000, 0x92ac0000, 0xa7000000)
  eden space 12288K, 100% used [0x91ac0000,0x926c0000,0x926c0000)
  from space 2048K, 0% used [0x928c0000,0x928c0000,0x92ac0000)
  to   space 2048K, 0% used [0x926c0000,0x926c0000,0x928c0000)
 ParOldGen       total 32768K, used 0K [0x67000000, 0x69000000, 0x91ac0000)
  object space 32768K, 0% used [0x67000000,0x67000000,0x69000000)
 Metaspace       used 3567K, capacity 3582K, committed 3608K, reserved 4400K

Deoptimization events (6 events):
Event: 2.962 Thread 0x63224400 Uncommon trap: reason=unstable_if action=reinterpret pc=0xa7700458 method=java.util.HashMap.getNode(ILjava/lang/Object;)Ljava/util/HashMap$Node; @ 129
Event: 3.043 Thread 0x6321b400 Uncommon trap: reason=class_check action=maybe_recompile pc=0xa77143cc method=com.android.dx.ssa.NormalSsaInsn.accept(Lcom/android/dx/ssa/SsaInsn$Visitor;)V @ 9
Event: 3.043 Thread 0x6321b400 Uncommon trap: reason=class_check action=maybe_recompile pc=0xa77143cc method=com.android.dx.ssa.NormalSsaInsn.accept(Lcom/android/dx/ssa/SsaInsn$Visitor;)V @ 9
Event: 3.052 Thread 0x6321b400 Uncommon trap: reason=class_check action=maybe_recompile pc=0xa77143cc method=com.android.dx.ssa.NormalSsaInsn.accept(Lcom/android/dx/ssa/SsaInsn$Visitor;)V @ 9
Event: 3.052 Thread 0x6321b400 Uncommon trap: reason=class_check action=maybe_recompile pc=0xa77143cc method=com.android.dx.ssa.NormalSsaInsn.accept(Lcom/android/dx/ssa/SsaInsn$Visitor;)V @ 9
Event: 3.053 Thread 0x6321b400 Uncommon trap: reason=unstable_if action=reinterpret pc=0xa7709dc8 method=java.util.BitSet.nextSetBit(I)I @ 87

Internal exceptions (2 events):
Event: 0.839 Thread 0xb6607800 Exception <a 'java/lang/NoSuchMethodError': Method sun.misc.Unsafe.defineClass(Ljava/lang/String;[BII)Ljava/lang/Class; name or signature does not match> (0x91ad0400) thrown at [/HUDSON/workspace/8-2-build-linux-i586/jdk8u45/3457/hotspot/src/share/vm/prim
Event: 0.839 Thread 0xb6607800 Exception <a 'java/lang/NoSuchMethodError': Method sun.misc.Unsafe.prefetchRead(Ljava/lang/Object;J)V name or signature does not match> (0x91ad0680) thrown at [/HUDSON/workspace/8-2-build-linux-i586/jdk8u45/3457/hotspot/src/share/vm/prims/jni.cpp, line 39

Events (10 events):
Event: 3.052 Thread 0x6321b400 DEOPT UNPACKING pc=0xa75e2e55 sp=0x6387d808 mode 2
Event: 3.052 Thread 0x6321b400 Uncommon trap: trap_request=0xffffffde fr.pc=0xa77143cc
Event: 3.052 Thread 0x6321b400 DEOPT PACKING pc=0xa77143cc sp=0x6387d830
Event: 3.052 Thread 0x6321b400 DEOPT UNPACKING pc=0xa75e2e55 sp=0x6387d808 mode 2
Event: 3.053 Thread 0x6321b400 Uncommon trap: trap_request=0xffffff65 fr.pc=0xa7709dc8
Event: 3.053 Thread 0x6321b400 DEOPT PACKING pc=0xa7709dc8 sp=0x6387d9d0
Event: 3.053 Thread 0x6321b400 DEOPT UNPACKING pc=0xa75e2e55 sp=0x6387d9a4 mode 2
Event: 3.069 loading class java/util/ArrayList$1
Event: 3.069 loading class java/util/ArrayList$1 done
Event: 3.141 Executing VM operation: ParallelGCFailedAllocation


Dynamic libraries:
08048000-08049000 r-xp 00000000 08:08 3557484    /usr/lib/jvm/java-8-oracle/bin/java
08049000-0804a000 rw-p 00000000 08:08 3557484    /usr/lib/jvm/java-8-oracle/bin/java
08b9c000-08bbd000 rw-p 00000000 00:00 0          [heap]
63000000-63021000 rw-p 00000000 00:00 0 
63021000-63100000 ---p 00000000 00:00 0 
6310d000-63110000 ---p 00000000 00:00 0 
63110000-6315e000 rw-p 00000000 00:00 0 
6315e000-63161000 ---p 00000000 00:00 0 
63161000-631af000 rw-p 00000000 00:00 0 
631af000-631b2000 ---p 00000000 00:00 0 
631b2000-63200000 rw-p 00000000 00:00 0 
63200000-6324d000 rw-p 00000000 00:00 0 
6324d000-63300000 ---p 00000000 00:00 0 
6332c000-6332f000 ---p 00000000 00:00 0 
6332f000-6337d000 rw-p 00000000 00:00 0 
6337d000-6337e000 ---p 00000000 00:00 0 
6337e000-633fe000 rw-p 00000000 00:00 0 
633fe000-63401000 ---p 00000000 00:00 0 
63401000-6347f000 rw-p 00000000 00:00 0 
6347f000-63482000 ---p 00000000 00:00 0 
63482000-63500000 rw-p 00000000 00:00 0 
63500000-63700000 r--p 00000000 08:08 3546503    /usr/lib/locale/locale-archive
63700000-63721000 rw-p 00000000 00:00 0 
63721000-63800000 ---p 00000000 00:00 0 
6382e000-63831000 ---p 00000000 00:00 0 
63831000-6387f000 rw-p 00000000 00:00 0 
6387f000-63882000 ---p 00000000 00:00 0 
63882000-63900000 rw-p 00000000 00:00 0 
63900000-6396e000 rw-p 00000000 00:00 0 
6396e000-63a00000 ---p 00000000 00:00 0 
63a2e000-63a31000 ---p 00000000 00:00 0 
63a31000-63a7f000 rw-p 00000000 00:00 0 
63a7f000-63a80000 ---p 00000000 00:00 0 
63a80000-63b00000 rw-p 00000000 00:00 0 
63b00000-63bff000 rw-p 00000000 00:00 0 
63bff000-63c00000 ---p 00000000 00:00 0 
63c31000-63c80000 rw-p 00000000 00:00 0 
63c80000-63e59000 r--s 03d09000 08:08 3674049    /usr/lib/jvm/java-8-oracle/jre/lib/rt.jar
63e59000-6423a000 rw-p 00000000 00:00 0 
6423a000-64300000 ---p 00000000 00:00 0 
64300000-66700000 rw-p 00000000 00:00 0 
66700000-66733000 rw-p 00000000 00:00 0 
66733000-66800000 ---p 00000000 00:00 0 
6682e000-66831000 ---p 00000000 00:00 0 
66831000-6687f000 rw-p 00000000 00:00 0 
6687f000-66880000 ---p 00000000 00:00 0 
66880000-66900000 rw-p 00000000 00:00 0 
66900000-66a00000 rw-p 00000000 00:00 0 
66a00000-66a21000 rw-p 00000000 00:00 0 
66a21000-66b00000 ---p 00000000 00:00 0 
66b2e000-66b31000 ---p 00000000 00:00 0 
66b31000-66b7f000 rw-p 00000000 00:00 0 
66b7f000-66b80000 ---p 00000000 00:00 0 
66b80000-66c00000 rw-p 00000000 00:00 0 
66c00000-66c21000 rw-p 00000000 00:00 0 
66c21000-66d00000 ---p 00000000 00:00 0 
66d0c000-66d15000 r--s 00039000 08:07 1329455    /home/terry/Desktop/foodsearch/app/build/intermediates/exploded-aar/com.android.support/support-v4/22.2.0/jars/libs/internal_impl-22.2.0.jar
66d15000-66d18000 ---p 00000000 00:00 0 
66d18000-66d7e000 rw-p 00000000 00:00 0 
66d7e000-66d7f000 ---p 00000000 00:00 0 
66d7f000-66e0f000 rw-p 00000000 00:00 0 
66e0f000-66f54000 ---p 00000000 00:00 0 
66f54000-66f5d000 rw-p 00000000 00:00 0 
66f5d000-66fff000 ---p 00000000 00:00 0 
66fff000-69000000 rw-p 00000000 00:00 0 
69000000-91ac0000 ---p 00000000 00:00 0 
91ac0000-92ac0000 rw-p 00000000 00:00 0 
93500000-935d6000 rw-p 00000000 00:00 0 
935d6000-93600000 ---p 00000000 00:00 0 
936c0000-a7000000 ---p 00000000 00:00 0 
a7001000-a7010000 r--s 000df000 08:07 2104235    /home/terry/android-sdk-linux/build-tools/23.0.0_rc2/lib/dx.jar
a7010000-a7011000 r--p 005e0000 08:08 3546503    /usr/lib/locale/locale-archive
a7011000-a7012000 ---p 00000000 00:00 0 
a7012000-a70a2000 rw-p 00000000 00:00 0 
a70a2000-a71e8000 ---p 00000000 00:00 0 
a71e8000-a71f1000 rw-p 00000000 00:00 0 
a71f1000-a75a8000 ---p 00000000 00:00 0 
a75a8000-a77e8000 rwxp 00000000 00:00 0 
a77e8000-b65a8000 ---p 00000000 00:00 0 
b65a8000-b65b3000 r-xp 00000000 08:08 1573072    /lib/i386-linux-gnu/libnss_files-2.15.so
b65b3000-b65b4000 r--p 0000a000 08:08 1573072    /lib/i386-linux-gnu/libnss_files-2.15.so
b65b4000-b65b5000 rw-p 0000b000 08:08 1573072    /lib/i386-linux-gnu/libnss_files-2.15.so
b65b5000-b65bf000 r-xp 00000000 08:08 1572926    /lib/i386-linux-gnu/libnss_nis-2.15.so
b65bf000-b65c0000 r--p 00009000 08:08 1572926    /lib/i386-linux-gnu/libnss_nis-2.15.so
b65c0000-b65c1000 rw-p 0000a000 08:08 1572926    /lib/i386-linux-gnu/libnss_nis-2.15.so
b65c1000-b65d7000 r-xp 00000000 08:08 1573082    /lib/i386-linux-gnu/libnsl-2.15.so
b65d7000-b65d8000 r--p 00015000 08:08 1573082    /lib/i386-linux-gnu/libnsl-2.15.so
b65d8000-b65d9000 rw-p 00016000 08:08 1573082    /lib/i386-linux-gnu/libnsl-2.15.so
b65d9000-b65db000 rw-p 00000000 00:00 0 
b65db000-b65ff000 r-xp 00000000 08:08 3674109    /usr/lib/jvm/java-8-oracle/jre/lib/i386/libjava.so
b65ff000-b6600000 rw-p 00023000 08:08 3674109    /usr/lib/jvm/java-8-oracle/jre/lib/i386/libjava.so
b6600000-b66fb000 rw-p 00000000 00:00 0 
b66fb000-b6700000 ---p 00000000 00:00 0 
b6700000-b6719000 r-xp 00000000 08:08 3674077    /usr/lib/jvm/java-8-oracle/jre/lib/i386/libzip.so
b6719000-b671a000 rw-p 00018000 08:08 3674077    /usr/lib/jvm/java-8-oracle/jre/lib/i386/libzip.so
b671a000-b6722000 rw-s 00000000 08:08 921858     /tmp/hsperfdata_terry/7703
b6722000-b6729000 r-xp 00000000 08:08 1573074    /lib/i386-linux-gnu/librt-2.15.so
b6729000-b672a000 r--p 00006000 08:08 1573074    /lib/i386-linux-gnu/librt-2.15.so
b672a000-b672b000 rw-p 00007000 08:08 1573074    /lib/i386-linux-gnu/librt-2.15.so
b672b000-b672e000 ---p 00000000 00:00 0 
b672e000-b677c000 rw-p 00000000 00:00 0 
b677c000-b67a6000 r-xp 00000000 08:08 1573083    /lib/i386-linux-gnu/libm-2.15.so
b67a6000-b67a7000 r--p 00029000 08:08 1573083    /lib/i386-linux-gnu/libm-2.15.so
b67a7000-b67a8000 rw-p 0002a000 08:08 1573083    /lib/i386-linux-gnu/libm-2.15.so
b67a8000-b711b000 r-xp 00000000 08:08 3674089    /usr/lib/jvm/java-8-oracle/jre/lib/i386/server/libjvm.so
b711b000-b7187000 rw-p 00972000 08:08 3674089    /usr/lib/jvm/java-8-oracle/jre/lib/i386/server/libjvm.so
b7187000-b75ad000 rw-p 00000000 00:00 0 
b75ad000-b7750000 r-xp 00000000 08:08 1573087    /lib/i386-linux-gnu/libc-2.15.so
b7750000-b7752000 r--p 001a3000 08:08 1573087    /lib/i386-linux-gnu/libc-2.15.so
b7752000-b7753000 rw-p 001a5000 08:08 1573087    /lib/i386-linux-gnu/libc-2.15.so
b7753000-b7756000 rw-p 00000000 00:00 0 
b7756000-b7759000 r-xp 00000000 08:08 1573085    /lib/i386-linux-gnu/libdl-2.15.so
b7759000-b775a000 r--p 00002000 08:08 1573085    /lib/i386-linux-gnu/libdl-2.15.so
b775a000-b775b000 rw-p 00003000 08:08 1573085    /lib/i386-linux-gnu/libdl-2.15.so
b775b000-b776f000 r-xp 00000000 08:08 3557613    /usr/lib/jvm/java-8-oracle/lib/i386/jli/libjli.so
b776f000-b7770000 rw-p 00014000 08:08 3557613    /usr/lib/jvm/java-8-oracle/lib/i386/jli/libjli.so
b7770000-b7771000 rw-p 00000000 00:00 0 
b7771000-b7788000 r-xp 00000000 08:08 1573070    /lib/i386-linux-gnu/libpthread-2.15.so
b7788000-b7789000 r--p 00016000 08:08 1573070    /lib/i386-linux-gnu/libpthread-2.15.so
b7789000-b778a000 rw-p 00017000 08:08 1573070    /lib/i386-linux-gnu/libpthread-2.15.so
b778a000-b778c000 rw-p 00000000 00:00 0 
b778c000-b7793000 r-xp 00000000 08:08 1573086    /lib/i386-linux-gnu/libnss_compat-2.15.so
b7793000-b7794000 r--p 00006000 08:08 1573086    /lib/i386-linux-gnu/libnss_compat-2.15.so
b7794000-b7795000 rw-p 00007000 08:08 1573086    /lib/i386-linux-gnu/libnss_compat-2.15.so
b7795000-b7796000 rw-p 00000000 00:00 0 
b7796000-b7797000 ---p 00000000 00:00 0 
b7797000-b77a2000 r-xp 00000000 08:08 3674103    /usr/lib/jvm/java-8-oracle/jre/lib/i386/libverify.so
b77a2000-b77a3000 rw-p 0000b000 08:08 3674103    /usr/lib/jvm/java-8-oracle/jre/lib/i386/libverify.so
b77a3000-b77a5000 rw-p 00000000 00:00 0 
b77a5000-b77a6000 r-xp 00000000 00:00 0          [vdso]
b77a6000-b77c6000 r-xp 00000000 08:08 1573075    /lib/i386-linux-gnu/ld-2.15.so
b77c6000-b77c7000 r--p 0001f000 08:08 1573075    /lib/i386-linux-gnu/ld-2.15.so
b77c7000-b77c8000 rw-p 00020000 08:08 1573075    /lib/i386-linux-gnu/ld-2.15.so
bfa56000-bfa57000 rwxp 00000000 00:00 0 
bfa89000-bfaaa000 rw-p 00000000 00:00 0          [stack]

VM Arguments:
jvm_args: -Xmx1024M -Dfile.encoding=UTF-8 -Duser.country=US -Duser.language=en -Duser.variant 
java_command: com.android.dx.command.Main --dex --num-threads=4 --output /home/terry/Desktop/foodsearch/app/build/intermediates/pre-dexed/debug/internal_impl-22.2.0-65952008de33416c7556f0c7824ac8ef1f1d0882.jar /home/terry/Desktop/foodsearch/app/build/intermediates/exploded-aar/com.android.support/support-v4/22.2.0/jars/libs/internal_impl-22.2.0.jar
java_class_path (initial): /home/terry/android-sdk-linux/build-tools/23.0.0_rc2/lib/dx.jar
Launcher Type: SUN_STANDARD

Environment Variables:
CLASSPATH=/home/terry/android-studio/bin/../lib/bootstrap.jar:/home/terry/android-studio/bin/../lib/extensions.jar:/home/terry/android-studio/bin/../lib/util.jar:/home/terry/android-studio/bin/../lib/jdom.jar:/home/terry/android-studio/bin/../lib/log4j.jar:/home/terry/android-studio/bin/../lib/trove4j.jar:/home/terry/android-studio/bin/../lib/jna.jar:/usr/lib/jvm/java-8-oracle/lib/tools.jar
PATH=/usr/lib/lightdm/lightdm:/usr/local/sbin:/usr/local/bin:/usr/sbin:/usr/bin:/sbin:/bin:/usr/games
LD_LIBRARY_PATH=/home/terry/android-studio/bin:
SHELL=/bin/bash
DISPLAY=:0.0

Signal Handlers:
SIGSEGV: [libjvm.so+0x8c29a0], sa_mask[0]=11111111011111111101111111111110, sa_flags=SA_RESTART|SA_SIGINFO
SIGBUS: [libjvm.so+0x8c29a0], sa_mask[0]=11111111011111111101111111111110, sa_flags=SA_RESTART|SA_SIGINFO
SIGFPE: [libjvm.so+0x7432d0], sa_mask[0]=11111111011111111101111111111110, sa_flags=SA_RESTART|SA_SIGINFO
SIGPIPE: [libjvm.so+0x7432d0], sa_mask[0]=11111111011111111101111111111110, sa_flags=SA_RESTART|SA_SIGINFO
SIGXFSZ: [libjvm.so+0x7432d0], sa_mask[0]=11111111011111111101111111111110, sa_flags=SA_RESTART|SA_SIGINFO
SIGILL: [libjvm.so+0x7432d0], sa_mask[0]=11111111011111111101111111111110, sa_flags=SA_RESTART|SA_SIGINFO
SIGUSR1: SIG_DFL, sa_mask[0]=00000000000000000000000000000000, sa_flags=none
SIGUSR2: [libjvm.so+0x744860], sa_mask[0]=00100000000000000000000000000000, sa_flags=SA_RESTART|SA_SIGINFO
SIGHUP: [libjvm.so+0x745d10], sa_mask[0]=11111111011111111101111111111110, sa_flags=SA_RESTART|SA_SIGINFO
SIGINT: SIG_IGN, sa_mask[0]=00000000000000000000000000000000, sa_flags=none
SIGTERM: [libjvm.so+0x745d10], sa_mask[0]=11111111011111111101111111111110, sa_flags=SA_RESTART|SA_SIGINFO
SIGQUIT: [libjvm.so+0x745d10], sa_mask[0]=11111111011111111101111111111110, sa_flags=SA_RESTART|SA_SIGINFO


---------------  S Y S T E M  ---------------

OS:DISTRIB_ID=Ubuntu
DISTRIB_RELEASE=12.04
DISTRIB_CODENAME=precise
DISTRIB_DESCRIPTION="Ubuntu 12.04.5 LTS"

uname:Linux 3.2.0-24-generic-pae #39-Ubuntu SMP Mon May 21 18:54:21 UTC 2012 i686
libc:glibc 2.15 NPTL 2.15 
rlimit: STACK 8192k, CORE 0k, NPROC 23509, NOFILE 4096, AS infinity
load average:3.24 2.77 2.77

/proc/meminfo:
MemTotal:        3023804 kB
MemFree:          125076 kB
Buffers:             240 kB
Cached:           199864 kB
SwapCached:            0 kB
Active:          2593132 kB
Inactive:         175084 kB
Active(anon):    2568976 kB
Inactive(anon):   150836 kB
Active(file):      24156 kB
Inactive(file):    24248 kB
Unevictable:          16 kB
Mlocked:              16 kB
HighTotal:       2157824 kB
HighFree:           1468 kB
LowTotal:         865980 kB
LowFree:          123608 kB
SwapTotal:             0 kB
SwapFree:              0 kB
Dirty:              5200 kB
Writeback:          1100 kB
AnonPages:       2567856 kB
Mapped:           181788 kB
Shmem:            151956 kB
Slab:              43624 kB
SReclaimable:      18120 kB
SUnreclaim:        25504 kB
KernelStack:        5848 kB
PageTables:        20016 kB
NFS_Unstable:          0 kB
Bounce:                0 kB
WritebackTmp:          0 kB
CommitLimit:     1511900 kB
Committed_AS:    8487368 kB
VmallocTotal:     122880 kB
VmallocUsed:       54324 kB
VmallocChunk:      58528 kB
HardwareCorrupted:     0 kB
AnonHugePages:         0 kB
HugePages_Total:       0
HugePages_Free:        0
HugePages_Rsvd:        0
HugePages_Surp:        0
Hugepagesize:       2048 kB
DirectMap4k:       51192 kB
DirectMap2M:      862208 kB


CPU:total 4 (2 cores per cpu, 2 threads per core) family 6 model 37 stepping 5, cmov, cx8, fxsr, mmx, sse, sse2, sse3, ssse3, sse4.1, sse4.2, popcnt, ht, tsc, tscinvbit

/proc/cpuinfo:
processor	: 0
vendor_id	: GenuineIntel
cpu family	: 6
model		: 37
model name	: Intel(R) Core(TM) i3 CPU       M 380  @ 2.53GHz
stepping	: 5
microcode	: 0x2
cpu MHz		: 1999.000
cache size	: 3072 KB
physical id	: 0
siblings	: 4
core id		: 0
cpu cores	: 2
apicid		: 0
initial apicid	: 0
fdiv_bug	: no
hlt_bug		: no
f00f_bug	: no
coma_bug	: no
fpu		: yes
fpu_exception	: yes
cpuid level	: 11
wp		: yes
flags		: fpu vme de pse tsc msr pae mce cx8 apic sep mtrr pge mca cmov pat pse36 clflush dts acpi mmx fxsr sse sse2 ss ht tm pbe nx rdtscp lm constant_tsc arch_perfmon pebs bts xtopology nonstop_tsc aperfmperf pni dtes64 monitor ds_cpl vmx est tm2 ssse3 cx16 xtpr pdcm pcid sse4_1 sse4_2 popcnt lahf_lm arat dts tpr_shadow vnmi flexpriority ept vpid
bogomips	: 5054.52
clflush size	: 64
cache_alignment	: 64
address sizes	: 36 bits physical, 48 bits virtual
power management:

processor	: 1
vendor_id	: GenuineIntel
cpu family	: 6
model		: 37
model name	: Intel(R) Core(TM) i3 CPU       M 380  @ 2.53GHz
stepping	: 5
microcode	: 0x2
cpu MHz		: 1199.000
cache size	: 3072 KB
physical id	: 0
siblings	: 4
core id		: 0
cpu cores	: 2
apicid		: 1
initial apicid	: 1
fdiv_bug	: no
hlt_bug		: no
f00f_bug	: no
coma_bug	: no
fpu		: yes
fpu_exception	: yes
cpuid level	: 11
wp		: yes
flags		: fpu vme de pse tsc msr pae mce cx8 apic sep mtrr pge mca cmov pat pse36 clflush dts acpi mmx fxsr sse sse2 ss ht tm pbe nx rdtscp lm constant_tsc arch_perfmon pebs bts xtopology nonstop_tsc aperfmperf pni dtes64 monitor ds_cpl vmx est tm2 ssse3 cx16 xtpr pdcm pcid sse4_1 sse4_2 popcnt lahf_lm arat dts tpr_shadow vnmi flexpriority ept vpid
bogomips	: 5053.86
clflush size	: 64
cache_alignment	: 64
address sizes	: 36 bits physical, 48 bits virtual
power management:

processor	: 2
vendor_id	: GenuineIntel
cpu family	: 6
model		: 37
model name	: Intel(R) Core(TM) i3 CPU       M 380  @ 2.53GHz
stepping	: 5
microcode	: 0x2
cpu MHz		: 1199.000
cache size	: 3072 KB
physical id	: 0
siblings	: 4
core id		: 2
cpu cores	: 2
apicid		: 4
initial apicid	: 4
fdiv_bug	: no
hlt_bug		: no
f00f_bug	: no
coma_bug	: no
fpu		: yes
fpu_exception	: yes
cpuid level	: 11
wp		: yes
flags		: fpu vme de pse tsc msr pae mce cx8 apic sep mtrr pge mca cmov pat pse36 clflush dts acpi mmx fxsr sse sse2 ss ht tm pbe nx rdtscp lm constant_tsc arch_perfmon pebs bts xtopology nonstop_tsc aperfmperf pni dtes64 monitor ds_cpl vmx est tm2 ssse3 cx16 xtpr pdcm pcid sse4_1 sse4_2 popcnt lahf_lm arat dts tpr_shadow vnmi flexpriority ept vpid
bogomips	: 5053.89
clflush size	: 64
cache_alignment	: 64
address sizes	: 36 bits physical, 48 bits virtual
power management:

processor	: 3
vendor_id	: GenuineIntel
cpu family	: 6
model		: 37
model name	: Intel(R) Core(TM) i3 CPU       M 380  @ 2.53GHz
stepping	: 5
microcode	: 0x2
cpu MHz		: 2533.000
cache size	: 3072 KB
physical id	: 0
siblings	: 4
core id		: 2
cpu cores	: 2
apicid		: 5
initial apicid	: 5
fdiv_bug	: no
hlt_bug		: no
f00f_bug	: no
coma_bug	: no
fpu		: yes
fpu_exception	: yes
cpuid level	: 11
wp		: yes
flags		: fpu vme de pse tsc msr pae mce cx8 apic sep mtrr pge mca cmov pat pse36 clflush dts acpi mmx fxsr sse sse2 ss ht tm pbe nx rdtscp lm constant_tsc arch_perfmon pebs bts xtopology nonstop_tsc aperfmperf pni dtes64 monitor ds_cpl vmx est tm2 ssse3 cx16 xtpr pdcm pcid sse4_1 sse4_2 popcnt lahf_lm arat dts tpr_shadow vnmi flexpriority ept vpid
bogomips	: 5053.89
clflush size	: 64
cache_alignment	: 64
address sizes	: 36 bits physical, 48 bits virtual
power management:



Memory: 4k page, physical 3023804k(124580k free), swap 0k(0k free)

vm_info: Java HotSpot(TM) Server VM (25.45-b02) for linux-x86 JRE (1.8.0_45-b14), built on Apr 10 2015 10:38:30 by "java_re" with gcc 4.3.0 20080428 (Red Hat 4.3.0-8)

time: Tue Dec 15 23:30:12 2015
elapsed time: 3 seconds (0d 0h 0m 3s)

