#
# There is insufficient memory for the Java Runtime Environment to continue.
# Native memory allocation (malloc) failed to allocate 328384 bytes for Chunk::new
# Possible reasons:
#   The system is out of physical RAM or swap space
#   In 32 bit mode, the process size limit was hit
# Possible solutions:
#   Reduce memory load on the system
#   Increase physical memory or swap space
#   Check if swap backing store is full
#   Use 64 bit Java on a 64 bit OS
#   Decrease Java heap size (-Xmx/-Xms)
#   Decrease number of Java threads
#   Decrease Java thread stack sizes (-Xss)
#   Set larger code cache with -XX:ReservedCodeCacheSize=
# This output file may be truncated or incomplete.
#
#  Out of Memory Error (allocation.cpp:390), pid=7159, tid=1669331776
#
# JRE version: Java(TM) SE Runtime Environment (8.0_45-b14) (build 1.8.0_45-b14)
# Java VM: Java HotSpot(TM) Server VM (25.45-b02 mixed mode linux-x86 )
# Failed to write core dump. Core dumps have been disabled. To enable core dumping, try "ulimit -c unlimited" before starting Java again
#

---------------  T H R E A D  ---------------

Current thread (0x63aa4400):  JavaThread "C2 CompilerThread0" daemon [_thread_in_native, id=7211, stack(0x6377f000,0x63800000)]

Stack: [0x6377f000,0x63800000],  sp=0x637fd100,  free space=504k
Native frames: (J=compiled Java code, j=interpreted, Vv=VM code, C=native code)
V  [libjvm.so+0x8c1ecf]  VMError::report_and_die()+0x16f
V  [libjvm.so+0x386495]  report_vm_out_of_memory(char const*, int, unsigned int, VMErrorType, char const*)+0x55
V  [libjvm.so+0x1a9cb4]  Chunk::operator new(unsigned int, AllocFailStrategy::AllocFailEnum, unsigned int)+0xe4
V  [libjvm.so+0x1aa23c]  Arena::grow(unsigned int, AllocFailStrategy::AllocFailEnum)+0x2c
V  [libjvm.so+0x7c4544]  resource_allocate_bytes(unsigned int, AllocFailStrategy::AllocFailEnum)+0x64
V  [libjvm.so+0x3fd1ee]  PhaseIdealLoop::Dominators()+0x6e
V  [libjvm.so+0x66a18e]  PhaseIdealLoop::build_and_optimize(bool, bool)+0x41e
V  [libjvm.so+0x33b8ed]  PhaseIdealLoop::PhaseIdealLoop(PhaseIterGVN&, bool, bool)+0x15d
V  [libjvm.so+0x3380b3]  Compile::Optimize()+0x863
V  [libjvm.so+0x339380]  Compile::Compile(ciEnv*, C2Compiler*, ciMethod*, int, bool, bool, bool)+0x1230
V  [libjvm.so+0x28fe74]  C2Compiler::compile_method(ciEnv*, ciMethod*, int)+0x1b4
V  [libjvm.so+0x343b51]  CompileBroker::invoke_compiler_on_method(CompileTask*)+0xda1
V  [libjvm.so+0x344967]  CompileBroker::compiler_thread_loop()+0x567
V  [libjvm.so+0x86b548]  compiler_thread_entry(JavaThread*, Thread*)+0x18
V  [libjvm.so+0x876229]  JavaThread::thread_main_inner()+0x109
V  [libjvm.so+0x8763ab]  JavaThread::run()+0x14b
V  [libjvm.so+0x749049]  java_start(Thread*)+0x119
C  [libpthread.so.0+0x6d4c]  start_thread+0xcc
C  [libc.so.6+0xeeb8e]  clone+0x5e


Current CompileTask:
C2:  27537  670       4       com.android.dx.ssa.SsaBasicBlock::forEachInsn (37 bytes)


---------------  P R O C E S S  ---------------

Java Threads: ( => current thread )
  0x63133400 JavaThread "pool-1-thread-4" [_thread_in_vm, id=7252, stack(0x6305e000,0x630af000)]
  0x63131c00 JavaThread "pool-1-thread-3" [_thread_in_vm, id=7251, stack(0x630af000,0x63100000)]
  0x6311b400 JavaThread "pool-1-thread-2" [_thread_in_vm, id=7242, stack(0x6322c000,0x6327d000)]
  0x63119c00 JavaThread "pool-2-thread-1" [_thread_blocked, id=7239, stack(0x6372e000,0x6377f000)]
  0x63118c00 JavaThread "pool-1-thread-1" [_thread_in_Java, id=7236, stack(0x6672e000,0x6677f000)]
  0x63aaac00 JavaThread "Service Thread" daemon [_thread_blocked, id=7222, stack(0x6692e000,0x6697f000)]
  0x63aa7800 JavaThread "C1 CompilerThread2" daemon [_thread_in_vm, id=7218, stack(0x632fe000,0x6337f000)]
  0x63aa6000 JavaThread "C2 CompilerThread1" daemon [_thread_blocked, id=7216, stack(0x6337f000,0x63400000)]
=>0x63aa4400 JavaThread "C2 CompilerThread0" daemon [_thread_in_native, id=7211, stack(0x6377f000,0x63800000)]
  0x63aa2c00 JavaThread "Signal Dispatcher" daemon [_thread_blocked, id=7207, stack(0x66b2e000,0x66b7f000)]
  0x63a86000 JavaThread "Finalizer" daemon [_thread_blocked, id=7202, stack(0x66d2d000,0x66d7e000)]
  0x63a84800 JavaThread "Reference Handler" daemon [_thread_blocked, id=7201, stack(0x6392e000,0x6397f000)]
  0xb6607800 JavaThread "main" [_thread_in_vm, id=7175, stack(0xb6705000,0xb6756000)]

Other Threads:
  0x63a81400 VMThread [stack: 0x6397f000,0x63a00000] [id=7197]
  0x63aac400 WatcherThread [stack: 0x6327d000,0x632fe000] [id=7228]

VM state:synchronizing (normal execution)

VM Mutex/Monitor currently owned by a thread:  ([mutex/lock_event])
[0xb6604f38] Safepoint_lock - owner thread: 0x63a81400
[0xb6604fa0] Threads_lock - owner thread: 0x63a81400

Heap:
 PSYoungGen      total 14336K, used 10454K [0x91ac0000, 0x936c0000, 0xa7000000)
  eden space 12288K, 68% used [0x91ac0000,0x922f6588,0x926c0000)
  from space 2048K, 99% used [0x926c0000,0x928bf4b0,0x928c0000)
  to   space 2048K, 0% used [0x934c0000,0x934c0000,0x936c0000)
 ParOldGen       total 32768K, used 5110K [0x67000000, 0x69000000, 0x91ac0000)
  object space 32768K, 15% used [0x67000000,0x674fdad8,0x69000000)
 Metaspace       used 3715K, capacity 3750K, committed 3864K, reserved 4400K

Card table byte_map: [0x66dff000,0x67000000] byte_map_base: 0x66ac7000

Marking Bits: (ParMarkBitMap*) 0xb7172960
 Begin Bits: [0x64600000, 0x65600000)
 End Bits:   [0x65600000, 0x66600000)

Polling page: 0xb7770000

CodeCache: size=245760Kb used=2748Kb max_used=2748Kb free=243011Kb
 bounds [0xa7565000, 0xa781d000, 0xb6565000]
 total_blobs=1188 nmethods=1026 adapters=75
 compilation: enabled

Compilation events (10 events):
Event: 13.691 Thread 0x63aa4400 nmethod 613 0xa770e308 code [0xa770e400, 0xa770e470]
Event: 13.691 Thread 0x63aa4400  644       4       java.util.ArrayList::isEmpty (13 bytes)
Event: 13.691 Thread 0x63aa4400 nmethod 644 0xa770e188 code [0xa770e280, 0xa770e2d0]
Event: 13.691 Thread 0x63aa4400  670       4       com.android.dx.ssa.SsaBasicBlock::forEachInsn (37 bytes)
Event: 14.063 Thread 0x63aa7800 nmethod 659 0xa77118c8 code [0xa77131c0, 0xa7720d4c]
Event: 14.063 Thread 0x63aa7800  667       3       com.android.dx.ssa.SsaMethod::bitSetFromLabelList (47 bytes)
Event: 14.069 Thread 0x63aa7800 nmethod 667 0xa7708788 code [0xa7708900, 0xa7708ef0]
Event: 14.069 Thread 0x63aa7800  682   !   3       com.android.dx.rop.code.BasicBlock::<init> (273 bytes)
Event: 14.080 Thread 0x63aa7800 nmethod 682 0xa7732508 code [0xa77329a0, 0xa7734d20]
Event: 15.224 Thread 0x63aa7800  715       2       com.android.dx.ssa.SCCP::simulateBranch (666 bytes)

GC Heap History (2 events):
Event: 13.433 GC heap before
{Heap before GC invocations=1 (full 0):
 PSYoungGen      total 14336K, used 12288K [0x91ac0000, 0x92ac0000, 0xa7000000)
  eden space 12288K, 100% used [0x91ac0000,0x926c0000,0x926c0000)
  from space 2048K, 0% used [0x928c0000,0x928c0000,0x92ac0000)
  to   space 2048K, 0% used [0x926c0000,0x926c0000,0x928c0000)
 ParOldGen       total 32768K, used 0K [0x67000000, 0x69000000, 0x91ac0000)
  object space 32768K, 0% used [0x67000000,0x67000000,0x69000000)
 Metaspace       used 3550K, capacity 3582K, committed 3608K, reserved 4400K
Event: 13.484 GC heap after
Heap after GC invocations=1 (full 0):
 PSYoungGen      total 14336K, used 2034K [0x91ac0000, 0x92ac0000, 0xa7000000)
  eden space 12288K, 0% used [0x91ac0000,0x91ac0000,0x926c0000)
  from space 2048K, 99% used [0x926c0000,0x928bcad0,0x928c0000)
  to   space 2048K, 0% used [0x928c0000,0x928c0000,0x92ac0000)
 ParOldGen       total 32768K, used 1630K [0x67000000, 0x69000000, 0x91ac0000)
  object space 32768K, 4% used [0x67000000,0x671979d8,0x69000000)
 Metaspace       used 3550K, capacity 3582K, committed 3608K, reserved 4400K
}

Deoptimization events (2 events):
Event: 11.863 Thread 0xb6607800 Uncommon trap: reason=unstable_if action=reinterpret pc=0xa764d178 method=java.lang.String.indexOf(II)I @ 49
Event: 13.163 Thread 0x63131c00 Uncommon trap: reason=unstable_if action=reinterpret pc=0xa76e4058 method=java.util.HashMap.getNode(ILjava/lang/Object;)Ljava/util/HashMap$Node; @ 129

Internal exceptions (2 events):
Event: 7.191 Thread 0xb6607800 Exception <a 'java/lang/NoSuchMethodError': Method sun.misc.Unsafe.defineClass(Ljava/lang/String;[BII)Ljava/lang/Class; name or signature does not match> (0x91ad0400) thrown at [/HUDSON/workspace/8-2-build-linux-i586/jdk8u45/3457/hotspot/src/share/vm/prim
Event: 7.191 Thread 0xb6607800 Exception <a 'java/lang/NoSuchMethodError': Method sun.misc.Unsafe.prefetchRead(Ljava/lang/Object;J)V name or signature does not match> (0x91ad0680) thrown at [/HUDSON/workspace/8-2-build-linux-i586/jdk8u45/3457/hotspot/src/share/vm/prims/jni.cpp, line 39

Events (10 events):
Event: 13.578 loading class com/android/dx/cf/direct/AnnotationParser
Event: 13.578 loading class com/android/dx/cf/direct/AnnotationParser done
Event: 13.580 loading class com/android/dx/cf/attrib/AttRuntimeInvisibleAnnotations
Event: 13.580 loading class com/android/dx/cf/attrib/AttRuntimeInvisibleAnnotations done
Event: 13.581 loading class com/android/dx/cf/attrib/BaseAnnotations
Event: 13.581 loading class com/android/dx/cf/attrib/BaseAnnotations done
Event: 13.600 loading class com/android/dx/cf/attrib/AttRuntimeVisibleAnnotations
Event: 13.600 loading class com/android/dx/cf/attrib/AttRuntimeVisibleAnnotations done
Event: 22.511 loading class com/android/dx/cf/code/BytecodeArray$ConstantParserVisitor
Event: 22.511 loading class com/android/dx/cf/code/BytecodeArray$ConstantParserVisitor done


Dynamic libraries:
08048000-08049000 r-xp 00000000 08:08 3557484    /usr/lib/jvm/java-8-oracle/bin/java
08049000-0804a000 rw-p 00000000 08:08 3557484    /usr/lib/jvm/java-8-oracle/bin/java
092d8000-092f9000 rw-p 00000000 00:00 0          [heap]
62700000-627ff000 rw-p 00000000 00:00 0 
627ff000-62800000 ---p 00000000 00:00 0 
62800000-628c8000 rw-p 00000000 00:00 0 
628c8000-62900000 ---p 00000000 00:00 0 
62900000-629ce000 rw-p 00000000 00:00 0 
629ce000-62a00000 ---p 00000000 00:00 0 
62a00000-62af5000 rw-p 00000000 00:00 0 
62af5000-62b00000 ---p 00000000 00:00 0 
62b00000-62c00000 rw-p 00000000 00:00 0 
62d00000-62df5000 rw-p 00000000 00:00 0 
62df5000-62e00000 ---p 00000000 00:00 0 
62e00000-62f00000 rw-p 00000000 00:00 0 
62f00000-62ffe000 rw-p 00000000 00:00 0 
62ffe000-63000000 ---p 00000000 00:00 0 
6305e000-63061000 ---p 00000000 00:00 0 
63061000-630af000 rw-p 00000000 00:00 0 
630af000-630b2000 ---p 00000000 00:00 0 
630b2000-63100000 rw-p 00000000 00:00 0 
63100000-63145000 rw-p 00000000 00:00 0 
63145000-63200000 ---p 00000000 00:00 0 
6322c000-6322f000 ---p 00000000 00:00 0 
6322f000-6327d000 rw-p 00000000 00:00 0 
6327d000-6327e000 ---p 00000000 00:00 0 
6327e000-632fe000 rw-p 00000000 00:00 0 
632fe000-63301000 ---p 00000000 00:00 0 
63301000-6337f000 rw-p 00000000 00:00 0 
6337f000-63382000 ---p 00000000 00:00 0 
63382000-63400000 rw-p 00000000 00:00 0 
63400000-63600000 r--p 00000000 08:08 3546503    /usr/lib/locale/locale-archive
63600000-63621000 rw-p 00000000 00:00 0 
63621000-63700000 ---p 00000000 00:00 0 
6372e000-63731000 ---p 00000000 00:00 0 
63731000-6377f000 rw-p 00000000 00:00 0 
6377f000-63782000 ---p 00000000 00:00 0 
63782000-63800000 rw-p 00000000 00:00 0 
63800000-638fa000 rw-p 00000000 00:00 0 
638fa000-63900000 ---p 00000000 00:00 0 
6392e000-63931000 ---p 00000000 00:00 0 
63931000-6397f000 rw-p 00000000 00:00 0 
6397f000-63980000 ---p 00000000 00:00 0 
63980000-63a00000 rw-p 00000000 00:00 0 
63a00000-63afe000 rw-p 00000000 00:00 0 
63afe000-63b00000 ---p 00000000 00:00 0 
63b31000-63b80000 rw-p 00000000 00:00 0 
63b80000-63d59000 r--s 03d09000 08:08 3674049    /usr/lib/jvm/java-8-oracle/jre/lib/rt.jar
63d59000-6417a000 rw-p 00000000 00:00 0 
6417a000-64200000 ---p 00000000 00:00 0 
64200000-66600000 rw-p 00000000 00:00 0 
66600000-666fb000 rw-p 00000000 00:00 0 
666fb000-66700000 ---p 00000000 00:00 0 
6672e000-66731000 ---p 00000000 00:00 0 
66731000-6677f000 rw-p 00000000 00:00 0 
6677f000-66780000 ---p 00000000 00:00 0 
66780000-66800000 rw-p 00000000 00:00 0 
66800000-668fc000 rw-p 00000000 00:00 0 
668fc000-66900000 ---p 00000000 00:00 0 
6692e000-66931000 ---p 00000000 00:00 0 
66931000-6697f000 rw-p 00000000 00:00 0 
6697f000-66980000 ---p 00000000 00:00 0 
66980000-66a00000 rw-p 00000000 00:00 0 
66a00000-66a21000 rw-p 00000000 00:00 0 
66a21000-66b00000 ---p 00000000 00:00 0 
66b2e000-66b31000 ---p 00000000 00:00 0 
66b31000-66b7f000 rw-p 00000000 00:00 0 
66b7f000-66b80000 ---p 00000000 00:00 0 
66b80000-66c00000 rw-p 00000000 00:00 0 
66c00000-66c21000 rw-p 00000000 00:00 0 
66c21000-66d00000 ---p 00000000 00:00 0 
66d2d000-66d30000 ---p 00000000 00:00 0 
66d30000-66d7e000 rw-p 00000000 00:00 0 
66d7e000-66d7f000 ---p 00000000 00:00 0 
66d7f000-66e0f000 rw-p 00000000 00:00 0 
66e0f000-66f54000 ---p 00000000 00:00 0 
66f54000-66f63000 rw-p 00000000 00:00 0 
66f63000-66fff000 ---p 00000000 00:00 0 
66fff000-69000000 rw-p 00000000 00:00 0 
69000000-91ac0000 ---p 00000000 00:00 0 
91ac0000-936c0000 rw-p 00000000 00:00 0 
936c0000-a7000000 ---p 00000000 00:00 0 
a702d000-a7037000 r--s 00085000 08:07 1329077    /home/terry/Desktop/foodsearch/app/build/intermediates/exploded-aar/com.android.support/appcompat-v7/22.2.0/jars/classes.jar
a7037000-a705f000 rw-p 00000000 00:00 0 
a705f000-a71a5000 ---p 00000000 00:00 0 
a71a5000-a71b0000 rw-p 00000000 00:00 0 
a71b0000-a7565000 ---p 00000000 00:00 0 
a7565000-a781d000 rwxp 00000000 00:00 0 
a781d000-b6565000 ---p 00000000 00:00 0 
b6565000-b657e000 r-xp 00000000 08:08 3674077    /usr/lib/jvm/java-8-oracle/jre/lib/i386/libzip.so
b657e000-b657f000 rw-p 00018000 08:08 3674077    /usr/lib/jvm/java-8-oracle/jre/lib/i386/libzip.so
b657f000-b658a000 r-xp 00000000 08:08 1573072    /lib/i386-linux-gnu/libnss_files-2.15.so
b658a000-b658b000 r--p 0000a000 08:08 1573072    /lib/i386-linux-gnu/libnss_files-2.15.so
b658b000-b658c000 rw-p 0000b000 08:08 1573072    /lib/i386-linux-gnu/libnss_files-2.15.so
b658c000-b6596000 r-xp 00000000 08:08 1572926    /lib/i386-linux-gnu/libnss_nis-2.15.so
b6596000-b6597000 r--p 00009000 08:08 1572926    /lib/i386-linux-gnu/libnss_nis-2.15.so
b6597000-b6598000 rw-p 0000a000 08:08 1572926    /lib/i386-linux-gnu/libnss_nis-2.15.so
b6598000-b65ae000 r-xp 00000000 08:08 1573082    /lib/i386-linux-gnu/libnsl-2.15.so
b65ae000-b65af000 r--p 00015000 08:08 1573082    /lib/i386-linux-gnu/libnsl-2.15.so
b65af000-b65b0000 rw-p 00016000 08:08 1573082    /lib/i386-linux-gnu/libnsl-2.15.so
b65b0000-b65b2000 rw-p 00000000 00:00 0 
b65b2000-b65b9000 r-xp 00000000 08:08 1573086    /lib/i386-linux-gnu/libnss_compat-2.15.so
b65b9000-b65ba000 r--p 00006000 08:08 1573086    /lib/i386-linux-gnu/libnss_compat-2.15.so
b65ba000-b65bb000 rw-p 00007000 08:08 1573086    /lib/i386-linux-gnu/libnss_compat-2.15.so
b65c3000-b65d2000 r--s 000df000 08:07 2104235    /home/terry/android-sdk-linux/build-tools/23.0.0_rc2/lib/dx.jar
b65d2000-b65f6000 r-xp 00000000 08:08 3674109    /usr/lib/jvm/java-8-oracle/jre/lib/i386/libjava.so
b65f6000-b65f7000 rw-p 00023000 08:08 3674109    /usr/lib/jvm/java-8-oracle/jre/lib/i386/libjava.so
b65f7000-b65fe000 r-xp 00000000 08:08 1573074    /lib/i386-linux-gnu/librt-2.15.so
b65fe000-b65ff000 r--p 00006000 08:08 1573074    /lib/i386-linux-gnu/librt-2.15.so
b65ff000-b6600000 rw-p 00007000 08:08 1573074    /lib/i386-linux-gnu/librt-2.15.so
b6600000-b66fb000 rw-p 00000000 00:00 0 
b66fb000-b6700000 ---p 00000000 00:00 0 
b6704000-b6705000 rw-p 00000000 00:00 0 
b6705000-b6708000 ---p 00000000 00:00 0 
b6708000-b6756000 rw-p 00000000 00:00 0 
b6756000-b6780000 r-xp 00000000 08:08 1573083    /lib/i386-linux-gnu/libm-2.15.so
b6780000-b6781000 r--p 00029000 08:08 1573083    /lib/i386-linux-gnu/libm-2.15.so
b6781000-b6782000 rw-p 0002a000 08:08 1573083    /lib/i386-linux-gnu/libm-2.15.so
b6782000-b70f5000 r-xp 00000000 08:08 3674089    /usr/lib/jvm/java-8-oracle/jre/lib/i386/server/libjvm.so
b70f5000-b7161000 rw-p 00972000 08:08 3674089    /usr/lib/jvm/java-8-oracle/jre/lib/i386/server/libjvm.so
b7161000-b7587000 rw-p 00000000 00:00 0 
b7587000-b772a000 r-xp 00000000 08:08 1573087    /lib/i386-linux-gnu/libc-2.15.so
b772a000-b772c000 r--p 001a3000 08:08 1573087    /lib/i386-linux-gnu/libc-2.15.so
b772c000-b772d000 rw-p 001a5000 08:08 1573087    /lib/i386-linux-gnu/libc-2.15.so
b772d000-b7730000 rw-p 00000000 00:00 0 
b7730000-b7733000 r-xp 00000000 08:08 1573085    /lib/i386-linux-gnu/libdl-2.15.so
b7733000-b7734000 r--p 00002000 08:08 1573085    /lib/i386-linux-gnu/libdl-2.15.so
b7734000-b7735000 rw-p 00003000 08:08 1573085    /lib/i386-linux-gnu/libdl-2.15.so
b7735000-b7749000 r-xp 00000000 08:08 3557613    /usr/lib/jvm/java-8-oracle/lib/i386/jli/libjli.so
b7749000-b774a000 rw-p 00014000 08:08 3557613    /usr/lib/jvm/java-8-oracle/lib/i386/jli/libjli.so
b774a000-b774b000 rw-p 00000000 00:00 0 
b774b000-b7762000 r-xp 00000000 08:08 1573070    /lib/i386-linux-gnu/libpthread-2.15.so
b7762000-b7763000 r--p 00016000 08:08 1573070    /lib/i386-linux-gnu/libpthread-2.15.so
b7763000-b7764000 rw-p 00017000 08:08 1573070    /lib/i386-linux-gnu/libpthread-2.15.so
b7764000-b7766000 rw-p 00000000 00:00 0 
b7766000-b7767000 r--p 005e0000 08:08 3546503    /usr/lib/locale/locale-archive
b7767000-b776f000 rw-s 00000000 08:08 921849     /tmp/hsperfdata_terry/7159
b776f000-b7770000 rw-p 00000000 00:00 0 
b7770000-b7771000 ---p 00000000 00:00 0 
b7771000-b777c000 r-xp 00000000 08:08 3674103    /usr/lib/jvm/java-8-oracle/jre/lib/i386/libverify.so
b777c000-b777d000 rw-p 0000b000 08:08 3674103    /usr/lib/jvm/java-8-oracle/jre/lib/i386/libverify.so
b777d000-b777f000 rw-p 00000000 00:00 0 
b777f000-b7780000 r-xp 00000000 00:00 0          [vdso]
b7780000-b77a0000 r-xp 00000000 08:08 1573075    /lib/i386-linux-gnu/ld-2.15.so
b77a0000-b77a1000 r--p 0001f000 08:08 1573075    /lib/i386-linux-gnu/ld-2.15.so
b77a1000-b77a2000 rw-p 00020000 08:08 1573075    /lib/i386-linux-gnu/ld-2.15.so
bf996000-bf997000 rwxp 00000000 00:00 0 
bf9c9000-bf9ea000 rw-p 00000000 00:00 0          [stack]

VM Arguments:
jvm_args: -Xmx1024M -Dfile.encoding=UTF-8 -Duser.country=US -Duser.language=en -Duser.variant 
java_command: com.android.dx.command.Main --dex --num-threads=4 --output /home/terry/Desktop/foodsearch/app/build/intermediates/pre-dexed/debug/classes-8934d306b00d0d7826c30c7e75ac7fc87b671900.jar /home/terry/Desktop/foodsearch/app/build/intermediates/exploded-aar/com.android.support/appcompat-v7/22.2.0/jars/classes.jar
java_class_path (initial): /home/terry/android-sdk-linux/build-tools/23.0.0_rc2/lib/dx.jar
Launcher Type: SUN_STANDARD

Environment Variables:
CLASSPATH=/home/terry/android-studio/bin/../lib/bootstrap.jar:/home/terry/android-studio/bin/../lib/extensions.jar:/home/terry/android-studio/bin/../lib/util.jar:/home/terry/android-studio/bin/../lib/jdom.jar:/home/terry/android-studio/bin/../lib/log4j.jar:/home/terry/android-studio/bin/../lib/trove4j.jar:/home/terry/android-studio/bin/../lib/jna.jar:/usr/lib/jvm/java-8-oracle/lib/tools.jar
PATH=/usr/lib/lightdm/lightdm:/usr/local/sbin:/usr/local/bin:/usr/sbin:/usr/bin:/sbin:/bin:/usr/games
LD_LIBRARY_PATH=/home/terry/android-studio/bin:
SHELL=/bin/bash
DISPLAY=:0.0

Signal Handlers:
SIGSEGV: [libjvm.so+0x8c29a0], sa_mask[0]=11111111011111111101111111111110, sa_flags=SA_RESTART|SA_SIGINFO
SIGBUS: [libjvm.so+0x8c29a0], sa_mask[0]=11111111011111111101111111111110, sa_flags=SA_RESTART|SA_SIGINFO
SIGFPE: [libjvm.so+0x7432d0], sa_mask[0]=11111111011111111101111111111110, sa_flags=SA_RESTART|SA_SIGINFO
SIGPIPE: [libjvm.so+0x7432d0], sa_mask[0]=11111111011111111101111111111110, sa_flags=SA_RESTART|SA_SIGINFO
SIGXFSZ: [libjvm.so+0x7432d0], sa_mask[0]=11111111011111111101111111111110, sa_flags=SA_RESTART|SA_SIGINFO
SIGILL: [libjvm.so+0x7432d0], sa_mask[0]=11111111011111111101111111111110, sa_flags=SA_RESTART|SA_SIGINFO
SIGUSR1: SIG_DFL, sa_mask[0]=00000000000000000000000000000000, sa_flags=none
SIGUSR2: [libjvm.so+0x744860], sa_mask[0]=00100000000000000000000000000000, sa_flags=SA_RESTART|SA_SIGINFO
SIGHUP: [libjvm.so+0x745d10], sa_mask[0]=11111111011111111101111111111110, sa_flags=SA_RESTART|SA_SIGINFO
SIGINT: SIG_IGN, sa_mask[0]=00000000000000000000000000000000, sa_flags=none
SIGTERM: [libjvm.so+0x745d10], sa_mask[0]=11111111011111111101111111111110, sa_flags=SA_RESTART|SA_SIGINFO
SIGQUIT: [libjvm.so+0x745d10], sa_mask[0]=11111111011111111101111111111110, sa_flags=SA_RESTART|SA_SIGINFO


---------------  S Y S T E M  ---------------

OS:DISTRIB_ID=Ubuntu
DISTRIB_RELEASE=12.04
DISTRIB_CODENAME=precise
DISTRIB_DESCRIPTION="Ubuntu 12.04.5 LTS"

uname:Linux 3.2.0-24-generic-pae #39-Ubuntu SMP Mon May 21 18:54:21 UTC 2012 i686
libc:glibc 2.15 NPTL 2.15 
rlimit: STACK 8192k, CORE 0k, NPROC 23509, NOFILE 4096, AS infinity
load average:8.94 3.56 2.30

/proc/meminfo:
MemTotal:        3023804 kB
MemFree:          142244 kB
Buffers:             224 kB
Cached:           215288 kB
SwapCached:            0 kB
Active:          2554392 kB
Inactive:         194776 kB
Active(anon):    2534784 kB
Inactive(anon):   161952 kB
Active(file):      19608 kB
Inactive(file):    32824 kB
Unevictable:          16 kB
Mlocked:              16 kB
HighTotal:       2157824 kB
HighFree:           7760 kB
LowTotal:         865980 kB
LowFree:          134484 kB
SwapTotal:             0 kB
SwapFree:              0 kB
Dirty:                32 kB
Writeback:           340 kB
AnonPages:       2533700 kB
Mapped:           187164 kB
Shmem:            163072 kB
Slab:              43760 kB
SReclaimable:      18684 kB
SUnreclaim:        25076 kB
KernelStack:        5624 kB
PageTables:        19932 kB
NFS_Unstable:          0 kB
Bounce:                0 kB
WritebackTmp:          0 kB
CommitLimit:     1511900 kB
Committed_AS:    8396340 kB
VmallocTotal:     122880 kB
VmallocUsed:       54324 kB
VmallocChunk:      58528 kB
HardwareCorrupted:     0 kB
AnonHugePages:         0 kB
HugePages_Total:       0
HugePages_Free:        0
HugePages_Rsvd:        0
HugePages_Surp:        0
Hugepagesize:       2048 kB
DirectMap4k:       51192 kB
DirectMap2M:      862208 kB


CPU:total 4 (2 cores per cpu, 2 threads per core) family 6 model 37 stepping 5, cmov, cx8, fxsr, mmx, sse, sse2, sse3, ssse3, sse4.1, sse4.2, popcnt, ht, tsc, tscinvbit

/proc/cpuinfo:
processor	: 0
vendor_id	: GenuineIntel
cpu family	: 6
model		: 37
model name	: Intel(R) Core(TM) i3 CPU       M 380  @ 2.53GHz
stepping	: 5
microcode	: 0x2
cpu MHz		: 2533.000
cache size	: 3072 KB
physical id	: 0
siblings	: 4
core id		: 0
cpu cores	: 2
apicid		: 0
initial apicid	: 0
fdiv_bug	: no
hlt_bug		: no
f00f_bug	: no
coma_bug	: no
fpu		: yes
fpu_exception	: yes
cpuid level	: 11
wp		: yes
flags		: fpu vme de pse tsc msr pae mce cx8 apic sep mtrr pge mca cmov pat pse36 clflush dts acpi mmx fxsr sse sse2 ss ht tm pbe nx rdtscp lm constant_tsc arch_perfmon pebs bts xtopology nonstop_tsc aperfmperf pni dtes64 monitor ds_cpl vmx est tm2 ssse3 cx16 xtpr pdcm pcid sse4_1 sse4_2 popcnt lahf_lm arat dts tpr_shadow vnmi flexpriority ept vpid
bogomips	: 5054.52
clflush size	: 64
cache_alignment	: 64
address sizes	: 36 bits physical, 48 bits virtual
power management:

processor	: 1
vendor_id	: GenuineIntel
cpu family	: 6
model		: 37
model name	: Intel(R) Core(TM) i3 CPU       M 380  @ 2.53GHz
stepping	: 5
microcode	: 0x2
cpu MHz		: 2533.000
cache size	: 3072 KB
physical id	: 0
siblings	: 4
core id		: 0
cpu cores	: 2
apicid		: 1
initial apicid	: 1
fdiv_bug	: no
hlt_bug		: no
f00f_bug	: no
coma_bug	: no
fpu		: yes
fpu_exception	: yes
cpuid level	: 11
wp		: yes
flags		: fpu vme de pse tsc msr pae mce cx8 apic sep mtrr pge mca cmov pat pse36 clflush dts acpi mmx fxsr sse sse2 ss ht tm pbe nx rdtscp lm constant_tsc arch_perfmon pebs bts xtopology nonstop_tsc aperfmperf pni dtes64 monitor ds_cpl vmx est tm2 ssse3 cx16 xtpr pdcm pcid sse4_1 sse4_2 popcnt lahf_lm arat dts tpr_shadow vnmi flexpriority ept vpid
bogomips	: 5053.86
clflush size	: 64
cache_alignment	: 64
address sizes	: 36 bits physical, 48 bits virtual
power management:

processor	: 2
vendor_id	: GenuineIntel
cpu family	: 6
model		: 37
model name	: Intel(R) Core(TM) i3 CPU       M 380  @ 2.53GHz
stepping	: 5
microcode	: 0x2
cpu MHz		: 2533.000
cache size	: 3072 KB
physical id	: 0
siblings	: 4
core id		: 2
cpu cores	: 2
apicid		: 4
initial apicid	: 4
fdiv_bug	: no
hlt_bug		: no
f00f_bug	: no
coma_bug	: no
fpu		: yes
fpu_exception	: yes
cpuid level	: 11
wp		: yes
flags		: fpu vme de pse tsc msr pae mce cx8 apic sep mtrr pge mca cmov pat pse36 clflush dts acpi mmx fxsr sse sse2 ss ht tm pbe nx rdtscp lm constant_tsc arch_perfmon pebs bts xtopology nonstop_tsc aperfmperf pni dtes64 monitor ds_cpl vmx est tm2 ssse3 cx16 xtpr pdcm pcid sse4_1 sse4_2 popcnt lahf_lm arat dts tpr_shadow vnmi flexpriority ept vpid
bogomips	: 5053.89
clflush size	: 64
cache_alignment	: 64
address sizes	: 36 bits physical, 48 bits virtual
power management:

processor	: 3
vendor_id	: GenuineIntel
cpu family	: 6
model		: 37
model name	: Intel(R) Core(TM) i3 CPU       M 380  @ 2.53GHz
stepping	: 5
microcode	: 0x2
cpu MHz		: 2533.000
cache size	: 3072 KB
physical id	: 0
siblings	: 4
core id		: 2
cpu cores	: 2
apicid		: 5
initial apicid	: 5
fdiv_bug	: no
hlt_bug		: no
f00f_bug	: no
coma_bug	: no
fpu		: yes
fpu_exception	: yes
cpuid level	: 11
wp		: yes
flags		: fpu vme de pse tsc msr pae mce cx8 apic sep mtrr pge mca cmov pat pse36 clflush dts acpi mmx fxsr sse sse2 ss ht tm pbe nx rdtscp lm constant_tsc arch_perfmon pebs bts xtopology nonstop_tsc aperfmperf pni dtes64 monitor ds_cpl vmx est tm2 ssse3 cx16 xtpr pdcm pcid sse4_1 sse4_2 popcnt lahf_lm arat dts tpr_shadow vnmi flexpriority ept vpid
bogomips	: 5053.89
clflush size	: 64
cache_alignment	: 64
address sizes	: 36 bits physical, 48 bits virtual
power management:



Memory: 4k page, physical 3023804k(142244k free), swap 0k(0k free)

vm_info: Java HotSpot(TM) Server VM (25.45-b02) for linux-x86 JRE (1.8.0_45-b14), built on Apr 10 2015 10:38:30 by "java_re" with gcc 4.3.0 20080428 (Red Hat 4.3.0-8)

time: Tue Dec 15 23:17:05 2015
elapsed time: 27 seconds (0d 0h 0m 27s)

