#
# There is insufficient memory for the Java Runtime Environment to continue.
# Native memory allocation (mmap) failed to map 12582912 bytes for committing reserved memory.
# Possible reasons:
#   The system is out of physical RAM or swap space
#   In 32 bit mode, the process size limit was hit
# Possible solutions:
#   Reduce memory load on the system
#   Increase physical memory or swap space
#   Check if swap backing store is full
#   Use 64 bit Java on a 64 bit OS
#   Decrease Java heap size (-Xmx/-Xms)
#   Decrease number of Java threads
#   Decrease Java thread stack sizes (-Xss)
#   Set larger code cache with -XX:ReservedCodeCacheSize=
# This output file may be truncated or incomplete.
#
#  Out of Memory Error (os_linux.cpp:2673), pid=7557, tid=1671428928
#
# JRE version: Java(TM) SE Runtime Environment (8.0_45-b14) (build 1.8.0_45-b14)
# Java VM: Java HotSpot(TM) Server VM (25.45-b02 mixed mode linux-x86 )
# Failed to write core dump. Core dumps have been disabled. To enable core dumping, try "ulimit -c unlimited" before starting Java again
#

---------------  T H R E A D  ---------------

Current thread (0x63a81400):  VMThread [stack: 0x6397f000,0x63a00000] [id=7605]

Stack: [0x6397f000,0x63a00000],  sp=0x639fe9b0,  free space=510k
Native frames: (J=compiled Java code, j=interpreted, Vv=VM code, C=native code)
V  [libjvm.so+0x8c1ecf]  VMError::report_and_die()+0x16f
V  [libjvm.so+0x386495]  report_vm_out_of_memory(char const*, int, unsigned int, VMErrorType, char const*)+0x55
V  [libjvm.so+0x7467a6]  os::Linux::commit_memory_impl(char*, unsigned int, bool)+0xe6
V  [libjvm.so+0x746bc8]  os::pd_commit_memory(char*, unsigned int, unsigned int, bool)+0x28
V  [libjvm.so+0x7402ec]  os::commit_memory(char*, unsigned int, unsigned int, bool)+0x2c
V  [libjvm.so+0x7aa598]  PSVirtualSpace::expand_by(unsigned int)+0x48
V  [libjvm.so+0x7ab69a]  PSYoungGen::resize_generation(unsigned int, unsigned int)+0xda
V  [libjvm.so+0x7aa9c9]  PSYoungGen::resize(unsigned int, unsigned int)+0x19
V  [libjvm.so+0x7a82ed]  PSScavenge::invoke_no_policy()+0xd4d
V  [libjvm.so+0x7a8ab8]  PSScavenge::invoke()+0x28
V  [libjvm.so+0x767d8a]  ParallelScavengeHeap::failed_mem_allocate(unsigned int)+0x5a
V  [libjvm.so+0x8c379a]  VM_ParallelGCFailedAllocation::doit()+0x7a
V  [libjvm.so+0x8cc9b7]  VM_Operation::evaluate()+0x47
V  [libjvm.so+0x8caa93]  VMThread::evaluate_operation(VM_Operation*)+0xb3
V  [libjvm.so+0x8cae30]  VMThread::loop()+0x1b0
V  [libjvm.so+0x8cb295]  VMThread::run()+0x85
V  [libjvm.so+0x749049]  java_start(Thread*)+0x119
C  [libpthread.so.0+0x6d4c]  start_thread+0xcc

VM_Operation (0x6377d7f0): ParallelGCFailedAllocation, mode: safepoint, requested by thread 0x63113c00


---------------  P R O C E S S  ---------------

Java Threads: ( => current thread )
  0x6312b400 JavaThread "pool-1-thread-4" [_thread_blocked, id=7657, stack(0x630af000,0x63100000)]
  0x63129400 JavaThread "pool-1-thread-3" [_thread_blocked, id=7654, stack(0x6322c000,0x6327d000)]
  0x63113c00 JavaThread "pool-1-thread-2" [_thread_blocked, id=7642, stack(0x6372e000,0x6377f000)]
  0x63111800 JavaThread "pool-2-thread-1" [_thread_blocked, id=7641, stack(0x6672e000,0x6677f000)]
  0x63110c00 JavaThread "pool-1-thread-1" [_thread_blocked, id=7639, stack(0x6692e000,0x6697f000)]
  0x63aaac00 JavaThread "Service Thread" daemon [_thread_blocked, id=7633, stack(0x66b2e000,0x66b7f000)]
  0x63aa7800 JavaThread "C1 CompilerThread2" daemon [_thread_blocked, id=7627, stack(0x632fe000,0x6337f000)]
  0x63aa6000 JavaThread "C2 CompilerThread1" daemon [_thread_blocked, id=7626, stack(0x6337f000,0x63400000)]
  0x63aa4400 JavaThread "C2 CompilerThread0" daemon [_thread_blocked, id=7625, stack(0x6377f000,0x63800000)]
  0x63aa2c00 JavaThread "Signal Dispatcher" daemon [_thread_blocked, id=7624, stack(0x66d2d000,0x66d7e000)]
  0x63a86000 JavaThread "Finalizer" daemon [_thread_blocked, id=7613, stack(0xa7004000,0xa7055000)]
  0x63a84800 JavaThread "Reference Handler" daemon [_thread_blocked, id=7609, stack(0x6392e000,0x6397f000)]
  0xb6607800 JavaThread "main" [_thread_blocked, id=7583, stack(0xb671a000,0xb676b000)]

Other Threads:
=>0x63a81400 VMThread [stack: 0x6397f000,0x63a00000] [id=7605]
  0x63aac400 WatcherThread [stack: 0x6327d000,0x632fe000] [id=7637]

VM state:at safepoint (normal execution)

VM Mutex/Monitor currently owned by a thread:  ([mutex/lock_event])
[0xb6604fa0] Threads_lock - owner thread: 0x63a81400
[0xb66053b0] Heap_lock - owner thread: 0x63113c00

Heap:
 PSYoungGen      total 14336K, used 2035K [0x91ac0000, 0x92ac0000, 0xa7000000)
  eden space 12288K, 0% used [0x91ac0000,0x91ac0000,0x926c0000)
  from space 2048K, 99% used [0x926c0000,0x928bcd58,0x928c0000)
  to   space 2048K, 0% used [0x928c0000,0x928c0000,0x92ac0000)
 ParOldGen       total 32768K, used 1667K [0x67000000, 0x69000000, 0x91ac0000)
  object space 32768K, 5% used [0x67000000,0x671a0c70,0x69000000)
 Metaspace       used 3551K, capacity 3582K, committed 3608K, reserved 4400K

Card table byte_map: [0x66dff000,0x67000000] byte_map_base: 0x66ac7000

Marking Bits: (ParMarkBitMap*) 0xb7187960
 Begin Bits: [0x64600000, 0x65600000)
 End Bits:   [0x65600000, 0x66600000)

Polling page: 0xb7785000

CodeCache: size=245760Kb used=1537Kb max_used=1548Kb free=244222Kb
 bounds [0xa7583000, 0xa77c3000, 0xb6583000]
 total_blobs=680 nmethods=520 adapters=75
 compilation: enabled

Compilation events (10 events):
Event: 3.322 Thread 0x63aa7800 nmethod 564 0xa7705a88 code [0xa7705c00, 0xa7705f84]
Event: 3.322 Thread 0x63aa7800  552       3       com.android.dx.rop.code.PlainInsn::accept (8 bytes)
Event: 3.323 Thread 0x63aa7800 nmethod 552 0xa7706148 code [0xa7706260, 0xa77063cc]
Event: 3.323 Thread 0x63aa7800  545       3       java.util.ArrayList::toArray (12 bytes)
Event: 3.323 Thread 0x63aa7800 nmethod 545 0xa7706488 code [0xa77065a0, 0xa770676c]
Event: 3.323 Thread 0x63aa7800  546       3       java.util.ArrayList::<init> (67 bytes)
Event: 3.323 Thread 0x63aa7800 nmethod 546 0xa7706848 code [0xa77069a0, 0xa7706d58]
Event: 3.323 Thread 0x63aa7800  556       3       com.android.dx.rop.code.InsnList::set (7 bytes)
Event: 3.324 Thread 0x63aa4400 nmethod 557 0xa7706f08 code [0xa7707000, 0xa7707090]
Event: 3.324 Thread 0x63aa4400  563       4       com.android.dx.ssa.SsaBasicBlock::forEachInsn (37 bytes)

GC Heap History (1 events):
Event: 3.350 GC heap before
{Heap before GC invocations=1 (full 0):
 PSYoungGen      total 14336K, used 12288K [0x91ac0000, 0x92ac0000, 0xa7000000)
  eden space 12288K, 100% used [0x91ac0000,0x926c0000,0x926c0000)
  from space 2048K, 0% used [0x928c0000,0x928c0000,0x92ac0000)
  to   space 2048K, 0% used [0x926c0000,0x926c0000,0x928c0000)
 ParOldGen       total 32768K, used 0K [0x67000000, 0x69000000, 0x91ac0000)
  object space 32768K, 0% used [0x67000000,0x67000000,0x69000000)
 Metaspace       used 3551K, capacity 3582K, committed 3608K, reserved 4400K

Deoptimization events (2 events):
Event: 1.914 Thread 0xb6607800 Uncommon trap: reason=unstable_if action=reinterpret pc=0xa766f078 method=java.lang.String.indexOf(II)I @ 49
Event: 3.075 Thread 0x63113c00 Uncommon trap: reason=unstable_if action=reinterpret pc=0xa76dc7cc method=java.util.HashMap.getNode(ILjava/lang/Object;)Ljava/util/HashMap$Node; @ 62

Internal exceptions (2 events):
Event: 0.767 Thread 0xb6607800 Exception <a 'java/lang/NoSuchMethodError': Method sun.misc.Unsafe.defineClass(Ljava/lang/String;[BII)Ljava/lang/Class; name or signature does not match> (0x91ad0400) thrown at [/HUDSON/workspace/8-2-build-linux-i586/jdk8u45/3457/hotspot/src/share/vm/prim
Event: 0.767 Thread 0xb6607800 Exception <a 'java/lang/NoSuchMethodError': Method sun.misc.Unsafe.prefetchRead(Ljava/lang/Object;J)V name or signature does not match> (0x91ad0680) thrown at [/HUDSON/workspace/8-2-build-linux-i586/jdk8u45/3457/hotspot/src/share/vm/prims/jni.cpp, line 39

Events (10 events):
Event: 3.091 loading class java/util/HashMap$Values done
Event: 3.092 loading class java/util/HashMap$ValueIterator
Event: 3.092 loading class java/util/HashMap$ValueIterator done
Event: 3.200 loading class com/android/dx/cf/code/SwitchList
Event: 3.200 loading class com/android/dx/cf/code/SwitchList done
Event: 3.257 loading class java/util/DualPivotQuicksort
Event: 3.257 loading class java/util/DualPivotQuicksort done
Event: 3.333 loading class com/android/dx/cf/attrib/AttRuntimeVisibleAnnotations
Event: 3.333 loading class com/android/dx/cf/attrib/AttRuntimeVisibleAnnotations done
Event: 3.337 Executing VM operation: ParallelGCFailedAllocation


Dynamic libraries:
08048000-08049000 r-xp 00000000 08:08 3557484    /usr/lib/jvm/java-8-oracle/bin/java
08049000-0804a000 rw-p 00000000 08:08 3557484    /usr/lib/jvm/java-8-oracle/bin/java
09d70000-09d91000 rw-p 00000000 00:00 0          [heap]
630af000-630b2000 ---p 00000000 00:00 0 
630b2000-63100000 rw-p 00000000 00:00 0 
63100000-63148000 rw-p 00000000 00:00 0 
63148000-63200000 ---p 00000000 00:00 0 
6322c000-6322f000 ---p 00000000 00:00 0 
6322f000-6327d000 rw-p 00000000 00:00 0 
6327d000-6327e000 ---p 00000000 00:00 0 
6327e000-632fe000 rw-p 00000000 00:00 0 
632fe000-63301000 ---p 00000000 00:00 0 
63301000-6337f000 rw-p 00000000 00:00 0 
6337f000-63382000 ---p 00000000 00:00 0 
63382000-63400000 rw-p 00000000 00:00 0 
63400000-63600000 r--p 00000000 08:08 3546503    /usr/lib/locale/locale-archive
63600000-63621000 rw-p 00000000 00:00 0 
63621000-63700000 ---p 00000000 00:00 0 
6372e000-63731000 ---p 00000000 00:00 0 
63731000-6377f000 rw-p 00000000 00:00 0 
6377f000-63782000 ---p 00000000 00:00 0 
63782000-63800000 rw-p 00000000 00:00 0 
63800000-63865000 rw-p 00000000 00:00 0 
63865000-63900000 ---p 00000000 00:00 0 
6392e000-63931000 ---p 00000000 00:00 0 
63931000-6397f000 rw-p 00000000 00:00 0 
6397f000-63980000 ---p 00000000 00:00 0 
63980000-63a00000 rw-p 00000000 00:00 0 
63a00000-63afe000 rw-p 00000000 00:00 0 
63afe000-63b00000 ---p 00000000 00:00 0 
63b31000-63b80000 rw-p 00000000 00:00 0 
63b80000-63d59000 r--s 03d09000 08:08 3674049    /usr/lib/jvm/java-8-oracle/jre/lib/rt.jar
63d59000-6413a000 rw-p 00000000 00:00 0 
6413a000-64200000 ---p 00000000 00:00 0 
64200000-66600000 rw-p 00000000 00:00 0 
66600000-66637000 rw-p 00000000 00:00 0 
66637000-66700000 ---p 00000000 00:00 0 
6672e000-66731000 ---p 00000000 00:00 0 
66731000-6677f000 rw-p 00000000 00:00 0 
6677f000-66780000 ---p 00000000 00:00 0 
66780000-66800000 rw-p 00000000 00:00 0 
66800000-668fa000 rw-p 00000000 00:00 0 
668fa000-66900000 ---p 00000000 00:00 0 
6692e000-66931000 ---p 00000000 00:00 0 
66931000-6697f000 rw-p 00000000 00:00 0 
6697f000-66980000 ---p 00000000 00:00 0 
66980000-66a00000 rw-p 00000000 00:00 0 
66a00000-66a21000 rw-p 00000000 00:00 0 
66a21000-66b00000 ---p 00000000 00:00 0 
66b2e000-66b31000 ---p 00000000 00:00 0 
66b31000-66b7f000 rw-p 00000000 00:00 0 
66b7f000-66b80000 ---p 00000000 00:00 0 
66b80000-66c00000 rw-p 00000000 00:00 0 
66c00000-66c21000 rw-p 00000000 00:00 0 
66c21000-66d00000 ---p 00000000 00:00 0 
66d23000-66d2d000 r--s 00085000 08:07 1329077    /home/terry/Desktop/foodsearch/app/build/intermediates/exploded-aar/com.android.support/appcompat-v7/22.2.0/jars/classes.jar
66d2d000-66d30000 ---p 00000000 00:00 0 
66d30000-66d7e000 rw-p 00000000 00:00 0 
66d7e000-66d7f000 ---p 00000000 00:00 0 
66d7f000-66e0f000 rw-p 00000000 00:00 0 
66e0f000-66f54000 ---p 00000000 00:00 0 
66f54000-66f5d000 rw-p 00000000 00:00 0 
66f5d000-66fff000 ---p 00000000 00:00 0 
66fff000-69000000 rw-p 00000000 00:00 0 
69000000-91ac0000 ---p 00000000 00:00 0 
91ac0000-92ac0000 rw-p 00000000 00:00 0 
93500000-935d6000 rw-p 00000000 00:00 0 
935d6000-93600000 ---p 00000000 00:00 0 
936c0000-a7000000 ---p 00000000 00:00 0 
a7004000-a7007000 ---p 00000000 00:00 0 
a7007000-a707d000 rw-p 00000000 00:00 0 
a707d000-a71c3000 ---p 00000000 00:00 0 
a71c3000-a71cc000 rw-p 00000000 00:00 0 
a71cc000-a7583000 ---p 00000000 00:00 0 
a7583000-a77c3000 rwxp 00000000 00:00 0 
a77c3000-b6583000 ---p 00000000 00:00 0 
b6583000-b659c000 r-xp 00000000 08:08 3674077    /usr/lib/jvm/java-8-oracle/jre/lib/i386/libzip.so
b659c000-b659d000 rw-p 00018000 08:08 3674077    /usr/lib/jvm/java-8-oracle/jre/lib/i386/libzip.so
b659d000-b65a8000 r-xp 00000000 08:08 1573072    /lib/i386-linux-gnu/libnss_files-2.15.so
b65a8000-b65a9000 r--p 0000a000 08:08 1573072    /lib/i386-linux-gnu/libnss_files-2.15.so
b65a9000-b65aa000 rw-p 0000b000 08:08 1573072    /lib/i386-linux-gnu/libnss_files-2.15.so
b65aa000-b65c0000 r-xp 00000000 08:08 1573082    /lib/i386-linux-gnu/libnsl-2.15.so
b65c0000-b65c1000 r--p 00015000 08:08 1573082    /lib/i386-linux-gnu/libnsl-2.15.so
b65c1000-b65c2000 rw-p 00016000 08:08 1573082    /lib/i386-linux-gnu/libnsl-2.15.so
b65c2000-b65c4000 rw-p 00000000 00:00 0 
b65c4000-b65d3000 r--s 000df000 08:07 2104235    /home/terry/android-sdk-linux/build-tools/23.0.0_rc2/lib/dx.jar
b65d3000-b65db000 rw-s 00000000 08:08 921840     /tmp/hsperfdata_terry/7557
b65db000-b65ff000 r-xp 00000000 08:08 3674109    /usr/lib/jvm/java-8-oracle/jre/lib/i386/libjava.so
b65ff000-b6600000 rw-p 00023000 08:08 3674109    /usr/lib/jvm/java-8-oracle/jre/lib/i386/libjava.so
b6600000-b66fb000 rw-p 00000000 00:00 0 
b66fb000-b6700000 ---p 00000000 00:00 0 
b6703000-b6704000 rw-p 00000000 00:00 0 
b6704000-b6705000 r--p 005e0000 08:08 3546503    /usr/lib/locale/locale-archive
b6705000-b670f000 r-xp 00000000 08:08 1572926    /lib/i386-linux-gnu/libnss_nis-2.15.so
b670f000-b6710000 r--p 00009000 08:08 1572926    /lib/i386-linux-gnu/libnss_nis-2.15.so
b6710000-b6711000 rw-p 0000a000 08:08 1572926    /lib/i386-linux-gnu/libnss_nis-2.15.so
b6711000-b6718000 r-xp 00000000 08:08 1573074    /lib/i386-linux-gnu/librt-2.15.so
b6718000-b6719000 r--p 00006000 08:08 1573074    /lib/i386-linux-gnu/librt-2.15.so
b6719000-b671a000 rw-p 00007000 08:08 1573074    /lib/i386-linux-gnu/librt-2.15.so
b671a000-b671d000 ---p 00000000 00:00 0 
b671d000-b676b000 rw-p 00000000 00:00 0 
b676b000-b6795000 r-xp 00000000 08:08 1573083    /lib/i386-linux-gnu/libm-2.15.so
b6795000-b6796000 r--p 00029000 08:08 1573083    /lib/i386-linux-gnu/libm-2.15.so
b6796000-b6797000 rw-p 0002a000 08:08 1573083    /lib/i386-linux-gnu/libm-2.15.so
b6797000-b710a000 r-xp 00000000 08:08 3674089    /usr/lib/jvm/java-8-oracle/jre/lib/i386/server/libjvm.so
b710a000-b7176000 rw-p 00972000 08:08 3674089    /usr/lib/jvm/java-8-oracle/jre/lib/i386/server/libjvm.so
b7176000-b759c000 rw-p 00000000 00:00 0 
b759c000-b773f000 r-xp 00000000 08:08 1573087    /lib/i386-linux-gnu/libc-2.15.so
b773f000-b7741000 r--p 001a3000 08:08 1573087    /lib/i386-linux-gnu/libc-2.15.so
b7741000-b7742000 rw-p 001a5000 08:08 1573087    /lib/i386-linux-gnu/libc-2.15.so
b7742000-b7745000 rw-p 00000000 00:00 0 
b7745000-b7748000 r-xp 00000000 08:08 1573085    /lib/i386-linux-gnu/libdl-2.15.so
b7748000-b7749000 r--p 00002000 08:08 1573085    /lib/i386-linux-gnu/libdl-2.15.so
b7749000-b774a000 rw-p 00003000 08:08 1573085    /lib/i386-linux-gnu/libdl-2.15.so
b774a000-b775e000 r-xp 00000000 08:08 3557613    /usr/lib/jvm/java-8-oracle/lib/i386/jli/libjli.so
b775e000-b775f000 rw-p 00014000 08:08 3557613    /usr/lib/jvm/java-8-oracle/lib/i386/jli/libjli.so
b775f000-b7760000 rw-p 00000000 00:00 0 
b7760000-b7777000 r-xp 00000000 08:08 1573070    /lib/i386-linux-gnu/libpthread-2.15.so
b7777000-b7778000 r--p 00016000 08:08 1573070    /lib/i386-linux-gnu/libpthread-2.15.so
b7778000-b7779000 rw-p 00017000 08:08 1573070    /lib/i386-linux-gnu/libpthread-2.15.so
b7779000-b777b000 rw-p 00000000 00:00 0 
b777b000-b7782000 r-xp 00000000 08:08 1573086    /lib/i386-linux-gnu/libnss_compat-2.15.so
b7782000-b7783000 r--p 00006000 08:08 1573086    /lib/i386-linux-gnu/libnss_compat-2.15.so
b7783000-b7784000 rw-p 00007000 08:08 1573086    /lib/i386-linux-gnu/libnss_compat-2.15.so
b7784000-b7785000 rw-p 00000000 00:00 0 
b7785000-b7786000 ---p 00000000 00:00 0 
b7786000-b7791000 r-xp 00000000 08:08 3674103    /usr/lib/jvm/java-8-oracle/jre/lib/i386/libverify.so
b7791000-b7792000 rw-p 0000b000 08:08 3674103    /usr/lib/jvm/java-8-oracle/jre/lib/i386/libverify.so
b7792000-b7794000 rw-p 00000000 00:00 0 
b7794000-b7795000 r-xp 00000000 00:00 0          [vdso]
b7795000-b77b5000 r-xp 00000000 08:08 1573075    /lib/i386-linux-gnu/ld-2.15.so
b77b5000-b77b6000 r--p 0001f000 08:08 1573075    /lib/i386-linux-gnu/ld-2.15.so
b77b6000-b77b7000 rw-p 00020000 08:08 1573075    /lib/i386-linux-gnu/ld-2.15.so
bfea7000-bfea8000 rwxp 00000000 00:00 0 
bfeda000-bfefb000 rw-p 00000000 00:00 0          [stack]

VM Arguments:
jvm_args: -Xmx1024M -Dfile.encoding=UTF-8 -Duser.country=US -Duser.language=en -Duser.variant 
java_command: com.android.dx.command.Main --dex --num-threads=4 --output /home/terry/Desktop/foodsearch/app/build/intermediates/pre-dexed/debug/classes-8934d306b00d0d7826c30c7e75ac7fc87b671900.jar /home/terry/Desktop/foodsearch/app/build/intermediates/exploded-aar/com.android.support/appcompat-v7/22.2.0/jars/classes.jar
java_class_path (initial): /home/terry/android-sdk-linux/build-tools/23.0.0_rc2/lib/dx.jar
Launcher Type: SUN_STANDARD

Environment Variables:
CLASSPATH=/home/terry/android-studio/bin/../lib/bootstrap.jar:/home/terry/android-studio/bin/../lib/extensions.jar:/home/terry/android-studio/bin/../lib/util.jar:/home/terry/android-studio/bin/../lib/jdom.jar:/home/terry/android-studio/bin/../lib/log4j.jar:/home/terry/android-studio/bin/../lib/trove4j.jar:/home/terry/android-studio/bin/../lib/jna.jar:/usr/lib/jvm/java-8-oracle/lib/tools.jar
PATH=/usr/lib/lightdm/lightdm:/usr/local/sbin:/usr/local/bin:/usr/sbin:/usr/bin:/sbin:/bin:/usr/games
LD_LIBRARY_PATH=/home/terry/android-studio/bin:
SHELL=/bin/bash
DISPLAY=:0.0

Signal Handlers:
SIGSEGV: [libjvm.so+0x8c29a0], sa_mask[0]=11111111011111111101111111111110, sa_flags=SA_RESTART|SA_SIGINFO
SIGBUS: [libjvm.so+0x8c29a0], sa_mask[0]=11111111011111111101111111111110, sa_flags=SA_RESTART|SA_SIGINFO
SIGFPE: [libjvm.so+0x7432d0], sa_mask[0]=11111111011111111101111111111110, sa_flags=SA_RESTART|SA_SIGINFO
SIGPIPE: [libjvm.so+0x7432d0], sa_mask[0]=11111111011111111101111111111110, sa_flags=SA_RESTART|SA_SIGINFO
SIGXFSZ: [libjvm.so+0x7432d0], sa_mask[0]=11111111011111111101111111111110, sa_flags=SA_RESTART|SA_SIGINFO
SIGILL: [libjvm.so+0x7432d0], sa_mask[0]=11111111011111111101111111111110, sa_flags=SA_RESTART|SA_SIGINFO
SIGUSR1: SIG_DFL, sa_mask[0]=00000000000000000000000000000000, sa_flags=none
SIGUSR2: [libjvm.so+0x744860], sa_mask[0]=00100000000000000000000000000000, sa_flags=SA_RESTART|SA_SIGINFO
SIGHUP: [libjvm.so+0x745d10], sa_mask[0]=11111111011111111101111111111110, sa_flags=SA_RESTART|SA_SIGINFO
SIGINT: SIG_IGN, sa_mask[0]=00000000000000000000000000000000, sa_flags=none
SIGTERM: [libjvm.so+0x745d10], sa_mask[0]=11111111011111111101111111111110, sa_flags=SA_RESTART|SA_SIGINFO
SIGQUIT: [libjvm.so+0x745d10], sa_mask[0]=11111111011111111101111111111110, sa_flags=SA_RESTART|SA_SIGINFO


---------------  S Y S T E M  ---------------

OS:DISTRIB_ID=Ubuntu
DISTRIB_RELEASE=12.04
DISTRIB_CODENAME=precise
DISTRIB_DESCRIPTION="Ubuntu 12.04.5 LTS"

uname:Linux 3.2.0-24-generic-pae #39-Ubuntu SMP Mon May 21 18:54:21 UTC 2012 i686
libc:glibc 2.15 NPTL 2.15 
rlimit: STACK 8192k, CORE 0k, NPROC 23509, NOFILE 4096, AS infinity
load average:2.86 2.74 2.77

/proc/meminfo:
MemTotal:        3023804 kB
MemFree:          136472 kB
Buffers:             344 kB
Cached:           186676 kB
SwapCached:            0 kB
Active:          2603092 kB
Inactive:         151020 kB
Active(anon):    2568216 kB
Inactive(anon):   150836 kB
Active(file):      34876 kB
Inactive(file):      184 kB
Unevictable:          16 kB
Mlocked:              16 kB
HighTotal:       2157824 kB
HighFree:          12996 kB
LowTotal:         865980 kB
LowFree:          123476 kB
SwapTotal:             0 kB
SwapFree:              0 kB
Dirty:               100 kB
Writeback:           148 kB
AnonPages:       2567096 kB
Mapped:           183756 kB
Shmem:            151956 kB
Slab:              43756 kB
SReclaimable:      18284 kB
SUnreclaim:        25472 kB
KernelStack:        5824 kB
PageTables:        20096 kB
NFS_Unstable:          0 kB
Bounce:                0 kB
WritebackTmp:          0 kB
CommitLimit:     1511900 kB
Committed_AS:    8501136 kB
VmallocTotal:     122880 kB
VmallocUsed:       54324 kB
VmallocChunk:      58528 kB
HardwareCorrupted:     0 kB
AnonHugePages:         0 kB
HugePages_Total:       0
HugePages_Free:        0
HugePages_Rsvd:        0
HugePages_Surp:        0
Hugepagesize:       2048 kB
DirectMap4k:       51192 kB
DirectMap2M:      862208 kB


CPU:total 4 (2 cores per cpu, 2 threads per core) family 6 model 37 stepping 5, cmov, cx8, fxsr, mmx, sse, sse2, sse3, ssse3, sse4.1, sse4.2, popcnt, ht, tsc, tscinvbit

/proc/cpuinfo:
processor	: 0
vendor_id	: GenuineIntel
cpu family	: 6
model		: 37
model name	: Intel(R) Core(TM) i3 CPU       M 380  @ 2.53GHz
stepping	: 5
microcode	: 0x2
cpu MHz		: 1066.000
cache size	: 3072 KB
physical id	: 0
siblings	: 4
core id		: 0
cpu cores	: 2
apicid		: 0
initial apicid	: 0
fdiv_bug	: no
hlt_bug		: no
f00f_bug	: no
coma_bug	: no
fpu		: yes
fpu_exception	: yes
cpuid level	: 11
wp		: yes
flags		: fpu vme de pse tsc msr pae mce cx8 apic sep mtrr pge mca cmov pat pse36 clflush dts acpi mmx fxsr sse sse2 ss ht tm pbe nx rdtscp lm constant_tsc arch_perfmon pebs bts xtopology nonstop_tsc aperfmperf pni dtes64 monitor ds_cpl vmx est tm2 ssse3 cx16 xtpr pdcm pcid sse4_1 sse4_2 popcnt lahf_lm arat dts tpr_shadow vnmi flexpriority ept vpid
bogomips	: 5054.52
clflush size	: 64
cache_alignment	: 64
address sizes	: 36 bits physical, 48 bits virtual
power management:

processor	: 1
vendor_id	: GenuineIntel
cpu family	: 6
model		: 37
model name	: Intel(R) Core(TM) i3 CPU       M 380  @ 2.53GHz
stepping	: 5
microcode	: 0x2
cpu MHz		: 1199.000
cache size	: 3072 KB
physical id	: 0
siblings	: 4
core id		: 0
cpu cores	: 2
apicid		: 1
initial apicid	: 1
fdiv_bug	: no
hlt_bug		: no
f00f_bug	: no
coma_bug	: no
fpu		: yes
fpu_exception	: yes
cpuid level	: 11
wp		: yes
flags		: fpu vme de pse tsc msr pae mce cx8 apic sep mtrr pge mca cmov pat pse36 clflush dts acpi mmx fxsr sse sse2 ss ht tm pbe nx rdtscp lm constant_tsc arch_perfmon pebs bts xtopology nonstop_tsc aperfmperf pni dtes64 monitor ds_cpl vmx est tm2 ssse3 cx16 xtpr pdcm pcid sse4_1 sse4_2 popcnt lahf_lm arat dts tpr_shadow vnmi flexpriority ept vpid
bogomips	: 5053.86
clflush size	: 64
cache_alignment	: 64
address sizes	: 36 bits physical, 48 bits virtual
power management:

processor	: 2
vendor_id	: GenuineIntel
cpu family	: 6
model		: 37
model name	: Intel(R) Core(TM) i3 CPU       M 380  @ 2.53GHz
stepping	: 5
microcode	: 0x2
cpu MHz		: 2533.000
cache size	: 3072 KB
physical id	: 0
siblings	: 4
core id		: 2
cpu cores	: 2
apicid		: 4
initial apicid	: 4
fdiv_bug	: no
hlt_bug		: no
f00f_bug	: no
coma_bug	: no
fpu		: yes
fpu_exception	: yes
cpuid level	: 11
wp		: yes
flags		: fpu vme de pse tsc msr pae mce cx8 apic sep mtrr pge mca cmov pat pse36 clflush dts acpi mmx fxsr sse sse2 ss ht tm pbe nx rdtscp lm constant_tsc arch_perfmon pebs bts xtopology nonstop_tsc aperfmperf pni dtes64 monitor ds_cpl vmx est tm2 ssse3 cx16 xtpr pdcm pcid sse4_1 sse4_2 popcnt lahf_lm arat dts tpr_shadow vnmi flexpriority ept vpid
bogomips	: 5053.89
clflush size	: 64
cache_alignment	: 64
address sizes	: 36 bits physical, 48 bits virtual
power management:

processor	: 3
vendor_id	: GenuineIntel
cpu family	: 6
model		: 37
model name	: Intel(R) Core(TM) i3 CPU       M 380  @ 2.53GHz
stepping	: 5
microcode	: 0x2
cpu MHz		: 2533.000
cache size	: 3072 KB
physical id	: 0
siblings	: 4
core id		: 2
cpu cores	: 2
apicid		: 5
initial apicid	: 5
fdiv_bug	: no
hlt_bug		: no
f00f_bug	: no
coma_bug	: no
fpu		: yes
fpu_exception	: yes
cpuid level	: 11
wp		: yes
flags		: fpu vme de pse tsc msr pae mce cx8 apic sep mtrr pge mca cmov pat pse36 clflush dts acpi mmx fxsr sse sse2 ss ht tm pbe nx rdtscp lm constant_tsc arch_perfmon pebs bts xtopology nonstop_tsc aperfmperf pni dtes64 monitor ds_cpl vmx est tm2 ssse3 cx16 xtpr pdcm pcid sse4_1 sse4_2 popcnt lahf_lm arat dts tpr_shadow vnmi flexpriority ept vpid
bogomips	: 5053.89
clflush size	: 64
cache_alignment	: 64
address sizes	: 36 bits physical, 48 bits virtual
power management:



Memory: 4k page, physical 3023804k(136472k free), swap 0k(0k free)

vm_info: Java HotSpot(TM) Server VM (25.45-b02) for linux-x86 JRE (1.8.0_45-b14), built on Apr 10 2015 10:38:30 by "java_re" with gcc 4.3.0 20080428 (Red Hat 4.3.0-8)

time: Tue Dec 15 23:29:05 2015
elapsed time: 4 seconds (0d 0h 0m 4s)

