#
# There is insufficient memory for the Java Runtime Environment to continue.
# Native memory allocation (mmap) failed to map 12582912 bytes for committing reserved memory.
# Possible reasons:
#   The system is out of physical RAM or swap space
#   In 32 bit mode, the process size limit was hit
# Possible solutions:
#   Reduce memory load on the system
#   Increase physical memory or swap space
#   Check if swap backing store is full
#   Use 64 bit Java on a 64 bit OS
#   Decrease Java heap size (-Xmx/-Xms)
#   Decrease number of Java threads
#   Decrease Java thread stack sizes (-Xss)
#   Set larger code cache with -XX:ReservedCodeCacheSize=
# This output file may be truncated or incomplete.
#
#  Out of Memory Error (os_linux.cpp:2673), pid=7150, tid=1672477504
#
# JRE version: Java(TM) SE Runtime Environment (8.0_45-b14) (build 1.8.0_45-b14)
# Java VM: Java HotSpot(TM) Server VM (25.45-b02 mixed mode linux-x86 )
# Failed to write core dump. Core dumps have been disabled. To enable core dumping, try "ulimit -c unlimited" before starting Java again
#

---------------  T H R E A D  ---------------

Current thread (0x63b81400):  VMThread [stack: 0x63a7f000,0x63b00000] [id=7194]

Stack: [0x63a7f000,0x63b00000],  sp=0x63afe930,  free space=510k
Native frames: (J=compiled Java code, j=interpreted, Vv=VM code, C=native code)
V  [libjvm.so+0x8c1ecf]  VMError::report_and_die()+0x16f
V  [libjvm.so+0x386495]  report_vm_out_of_memory(char const*, int, unsigned int, VMErrorType, char const*)+0x55
V  [libjvm.so+0x7467a6]  os::Linux::commit_memory_impl(char*, unsigned int, bool)+0xe6
V  [libjvm.so+0x746bc8]  os::pd_commit_memory(char*, unsigned int, unsigned int, bool)+0x28
V  [libjvm.so+0x7402ec]  os::commit_memory(char*, unsigned int, unsigned int, bool)+0x2c
V  [libjvm.so+0x7aa598]  PSVirtualSpace::expand_by(unsigned int)+0x48
V  [libjvm.so+0x7ab69a]  PSYoungGen::resize_generation(unsigned int, unsigned int)+0xda
V  [libjvm.so+0x7aa9c9]  PSYoungGen::resize(unsigned int, unsigned int)+0x19
V  [libjvm.so+0x7a82ed]  PSScavenge::invoke_no_policy()+0xd4d
V  [libjvm.so+0x7a8ab8]  PSScavenge::invoke()+0x28
V  [libjvm.so+0x767d8a]  ParallelScavengeHeap::failed_mem_allocate(unsigned int)+0x5a
V  [libjvm.so+0x8c379a]  VM_ParallelGCFailedAllocation::doit()+0x7a
V  [libjvm.so+0x8cc9b7]  VM_Operation::evaluate()+0x47
V  [libjvm.so+0x8caa93]  VMThread::evaluate_operation(VM_Operation*)+0xb3
V  [libjvm.so+0x8cae30]  VMThread::loop()+0x1b0
V  [libjvm.so+0x8cb295]  VMThread::run()+0x85
V  [libjvm.so+0x749049]  java_start(Thread*)+0x119
C  [libpthread.so.0+0x6d4c]  start_thread+0xcc

VM_Operation (0x631fe7f0): ParallelGCFailedAllocation, mode: safepoint, requested by thread 0x6321c000


---------------  P R O C E S S  ---------------

Java Threads: ( => current thread )
  0x6322e000 JavaThread "pool-1-thread-4" [_thread_blocked, id=7247, stack(0x6306b000,0x630bc000)]
  0x63221400 JavaThread "pool-1-thread-3" [_thread_blocked, id=7244, stack(0x630bc000,0x6310d000)]
  0x6321fc00 JavaThread "pool-1-thread-2" [_thread_blocked, id=7243, stack(0x6310d000,0x6315e000)]
  0x6321d400 JavaThread "pool-2-thread-1" [_thread_blocked, id=7240, stack(0x6315e000,0x631af000)]
  0x6321c000 JavaThread "pool-1-thread-1" [_thread_blocked, id=7233, stack(0x631af000,0x63200000)]
  0x63baac00 JavaThread "Service Thread" daemon [_thread_blocked, id=7224, stack(0x633ad000,0x633fe000)]
  0x63ba7800 JavaThread "C1 CompilerThread2" daemon [_thread_blocked, id=7221, stack(0x633fe000,0x6347f000)]
  0x63ba6000 JavaThread "C2 CompilerThread1" daemon [_thread_blocked, id=7214, stack(0x6347f000,0x63500000)]
  0x63ba4400 JavaThread "C2 CompilerThread0" daemon [_thread_blocked, id=7212, stack(0x6382e000,0x638af000)]
  0x63ba2c00 JavaThread "Signal Dispatcher" daemon [_thread_blocked, id=7209, stack(0x638af000,0x63900000)]
  0x63b86000 JavaThread "Finalizer" daemon [_thread_blocked, id=7203, stack(0x6682e000,0x6687f000)]
  0x63b84800 JavaThread "Reference Handler" daemon [_thread_blocked, id=7200, stack(0x63a2e000,0x63a7f000)]
  0xb6507800 JavaThread "main" [_thread_blocked, id=7177, stack(0xb66fa000,0xb674b000)]

Other Threads:
=>0x63b81400 VMThread [stack: 0x63a7f000,0x63b00000] [id=7194]
  0x63bac400 WatcherThread [stack: 0x6332c000,0x633ad000] [id=7229]

VM state:at safepoint (normal execution)

VM Mutex/Monitor currently owned by a thread:  ([mutex/lock_event])
[0xb6504fa0] Threads_lock - owner thread: 0x63b81400
[0xb65053b0] Heap_lock - owner thread: 0x6321c000

Heap:
 PSYoungGen      total 14336K, used 2043K [0x91ac0000, 0x92ac0000, 0xa7000000)
  eden space 12288K, 0% used [0x91ac0000,0x91ac0000,0x926c0000)
  from space 2048K, 99% used [0x928c0000,0x92abef48,0x92ac0000)
  to   space 2048K, 0% used [0x926c0000,0x926c0000,0x928c0000)
 ParOldGen       total 32768K, used 3395K [0x67000000, 0x69000000, 0x91ac0000)
  object space 32768K, 10% used [0x67000000,0x67350d48,0x69000000)
 Metaspace       used 3662K, capacity 3686K, committed 3736K, reserved 4400K

Card table byte_map: [0x66dff000,0x67000000] byte_map_base: 0x66ac7000

Marking Bits: (ParMarkBitMap*) 0xb7167960
 Begin Bits: [0x64700000, 0x65700000)
 End Bits:   [0x65700000, 0x66700000)

Polling page: 0xb7765000

CodeCache: size=245760Kb used=1956Kb max_used=1956Kb free=243803Kb
 bounds [0xa7500000, 0xa7740000, 0xb6500000]
 total_blobs=866 nmethods=706 adapters=75
 compilation: enabled

Compilation events (10 events):
Event: 13.942 Thread 0x63ba7800 nmethod 744 0xa76e54c8 code [0xa76e5800, 0xa76e62fc]
Event: 13.942 Thread 0x63ba7800  745       2       com.android.dx.ssa.LiteralOpUpgrader::tryReplacingWithConstant (161 bytes)
Event: 13.944 Thread 0x63ba7800 nmethod 745 0xa76e7848 code [0xa76e7a20, 0xa76e7eb8]
Event: 13.945 Thread 0x63ba7800  758       2       com.android.dx.ssa.back.FirstFitLocalCombiningAllocator$1::processInsn (169 bytes)
Event: 13.947 Thread 0x63ba7800 nmethod 758 0xa76e8788 code [0xa76e89a0, 0xa76e9184]
Event: 13.947 Thread 0x63ba7800  759       2       com.android.dx.ssa.back.FirstFitLocalCombiningAllocator$1::visitNonMoveInsn (6 bytes)
Event: 13.948 Thread 0x63ba7800 nmethod 759 0xa76e9d48 code [0xa76e9e60, 0xa76e9f4c]
Event: 13.948 Thread 0x63ba7800  774       2       com.android.dx.rop.code.Rop::hashCode (54 bytes)
Event: 13.948 Thread 0x63ba7800 nmethod 774 0xa76e9fc8 code [0xa76ea100, 0xa76ea284]
Event: 13.948 Thread 0x63ba7800  782       2       com.android.dx.dex.code.RopToDop::dopFor (792 bytes)

GC Heap History (3 events):
Event: 13.045 GC heap before
{Heap before GC invocations=1 (full 0):
 PSYoungGen      total 14336K, used 12288K [0x91ac0000, 0x92ac0000, 0xa7000000)
  eden space 12288K, 100% used [0x91ac0000,0x926c0000,0x926c0000)
  from space 2048K, 0% used [0x928c0000,0x928c0000,0x92ac0000)
  to   space 2048K, 0% used [0x926c0000,0x926c0000,0x928c0000)
 ParOldGen       total 32768K, used 0K [0x67000000, 0x69000000, 0x91ac0000)
  object space 32768K, 0% used [0x67000000,0x67000000,0x69000000)
 Metaspace       used 3508K, capacity 3550K, committed 3608K, reserved 4400K
Event: 13.078 GC heap after
Heap after GC invocations=1 (full 0):
 PSYoungGen      total 14336K, used 2034K [0x91ac0000, 0x92ac0000, 0xa7000000)
  eden space 12288K, 0% used [0x91ac0000,0x91ac0000,0x926c0000)
  from space 2048K, 99% used [0x926c0000,0x928bcaf0,0x928c0000)
  to   space 2048K, 0% used [0x928c0000,0x928c0000,0x92ac0000)
 ParOldGen       total 32768K, used 1549K [0x67000000, 0x69000000, 0x91ac0000)
  object space 32768K, 4% used [0x67000000,0x67183668,0x69000000)
 Metaspace       used 3508K, capacity 3550K, committed 3608K, reserved 4400K
}
Event: 13.966 GC heap before
{Heap before GC invocations=2 (full 0):
 PSYoungGen      total 14336K, used 14322K [0x91ac0000, 0x92ac0000, 0xa7000000)
  eden space 12288K, 100% used [0x91ac0000,0x926c0000,0x926c0000)
  from space 2048K, 99% used [0x926c0000,0x928bcaf0,0x928c0000)
  to   space 2048K, 0% used [0x928c0000,0x928c0000,0x92ac0000)
 ParOldGen       total 32768K, used 1549K [0x67000000, 0x69000000, 0x91ac0000)
  object space 32768K, 4% used [0x67000000,0x67183668,0x69000000)
 Metaspace       used 3662K, capacity 3686K, committed 3736K, reserved 4400K

Deoptimization events (5 events):
Event: 11.994 Thread 0xb6507800 Uncommon trap: reason=unstable_if action=reinterpret pc=0xa75ea878 method=java.lang.String.indexOf(II)I @ 49
Event: 12.977 Thread 0x6322e000 Uncommon trap: reason=unstable_if action=reinterpret pc=0xa765e8c8 method=java.util.BitSet.nextSetBit(I)I @ 87
Event: 13.119 Thread 0x6321c000 Uncommon trap: reason=unstable_if action=reinterpret pc=0xa765e380 method=java.util.HashMap.getNode(ILjava/lang/Object;)Ljava/util/HashMap$Node; @ 129
Event: 13.318 Thread 0x6322e000 Uncommon trap: reason=unstable_if action=reinterpret pc=0xa7635f48 method=java.lang.String.replace(CC)Ljava/lang/String; @ 26
Event: 13.559 Thread 0x6321c000 Uncommon trap: reason=unstable_if action=reinterpret pc=0xa766d050 method=java.util.HashMap.getNode(ILjava/lang/Object;)Ljava/util/HashMap$Node; @ 62

Internal exceptions (2 events):
Event: 7.191 Thread 0xb6507800 Exception <a 'java/lang/NoSuchMethodError': Method sun.misc.Unsafe.defineClass(Ljava/lang/String;[BII)Ljava/lang/Class; name or signature does not match> (0x91ad0400) thrown at [/HUDSON/workspace/8-2-build-linux-i586/jdk8u45/3457/hotspot/src/share/vm/prim
Event: 7.191 Thread 0xb6507800 Exception <a 'java/lang/NoSuchMethodError': Method sun.misc.Unsafe.prefetchRead(Ljava/lang/Object;J)V name or signature does not match> (0x91ad0680) thrown at [/HUDSON/workspace/8-2-build-linux-i586/jdk8u45/3457/hotspot/src/share/vm/prims/jni.cpp, line 39

Events (10 events):
Event: 13.559 Thread 0x6321c000 DEOPT UNPACKING pc=0xa753ae55 sp=0x631fe878 mode 2
Event: 13.781 loading class com/android/dx/cf/code/Ropper$ExceptionHandlerSetup
Event: 13.781 loading class com/android/dx/cf/code/Ropper$ExceptionHandlerSetup done
Event: 13.806 loading class java/util/HashMap$Values
Event: 13.806 loading class java/util/HashMap$Values done
Event: 13.806 loading class java/util/HashMap$ValueIterator
Event: 13.807 loading class java/util/HashMap$ValueIterator done
Event: 13.920 loading class com/android/dx/cf/attrib/AttDeprecated
Event: 13.920 loading class com/android/dx/cf/attrib/AttDeprecated done
Event: 13.957 Executing VM operation: ParallelGCFailedAllocation


Dynamic libraries:
08048000-08049000 r-xp 00000000 08:08 3557484    /usr/lib/jvm/java-8-oracle/bin/java
08049000-0804a000 rw-p 00000000 08:08 3557484    /usr/lib/jvm/java-8-oracle/bin/java
092dc000-092fd000 rw-p 00000000 00:00 0          [heap]
62400000-624b6000 rw-p 00000000 00:00 0 
624b6000-62500000 ---p 00000000 00:00 0 
62600000-626c7000 rw-p 00000000 00:00 0 
626c7000-62700000 ---p 00000000 00:00 0 
62700000-627ff000 rw-p 00000000 00:00 0 
627ff000-62800000 ---p 00000000 00:00 0 
62800000-62847000 rw-p 00000000 00:00 0 
62847000-62900000 ---p 00000000 00:00 0 
62900000-629ff000 rw-p 00000000 00:00 0 
629ff000-62a00000 ---p 00000000 00:00 0 
62a00000-62b00000 rw-p 00000000 00:00 0 
62b00000-62bb0000 rw-p 00000000 00:00 0 
62bb0000-62c00000 ---p 00000000 00:00 0 
62c00000-62cf9000 rw-p 00000000 00:00 0 
62cf9000-62d00000 ---p 00000000 00:00 0 
62d00000-62dfb000 rw-p 00000000 00:00 0 
62dfb000-62e00000 ---p 00000000 00:00 0 
62e00000-62f00000 rw-p 00000000 00:00 0 
62f00000-62ffd000 rw-p 00000000 00:00 0 
62ffd000-63000000 ---p 00000000 00:00 0 
6306b000-6306e000 ---p 00000000 00:00 0 
6306e000-630bc000 rw-p 00000000 00:00 0 
630bc000-630bf000 ---p 00000000 00:00 0 
630bf000-6310d000 rw-p 00000000 00:00 0 
6310d000-63110000 ---p 00000000 00:00 0 
63110000-6315e000 rw-p 00000000 00:00 0 
6315e000-63161000 ---p 00000000 00:00 0 
63161000-631af000 rw-p 00000000 00:00 0 
631af000-631b2000 ---p 00000000 00:00 0 
631b2000-63200000 rw-p 00000000 00:00 0 
63200000-6327d000 rw-p 00000000 00:00 0 
6327d000-63300000 ---p 00000000 00:00 0 
6332c000-6332d000 ---p 00000000 00:00 0 
6332d000-633ad000 rw-p 00000000 00:00 0 
633ad000-633b0000 ---p 00000000 00:00 0 
633b0000-633fe000 rw-p 00000000 00:00 0 
633fe000-63401000 ---p 00000000 00:00 0 
63401000-6347f000 rw-p 00000000 00:00 0 
6347f000-63482000 ---p 00000000 00:00 0 
63482000-63500000 rw-p 00000000 00:00 0 
63500000-63700000 r--p 00000000 08:08 3546503    /usr/lib/locale/locale-archive
63700000-63721000 rw-p 00000000 00:00 0 
63721000-63800000 ---p 00000000 00:00 0 
6382e000-63831000 ---p 00000000 00:00 0 
63831000-638af000 rw-p 00000000 00:00 0 
638af000-638b2000 ---p 00000000 00:00 0 
638b2000-63900000 rw-p 00000000 00:00 0 
63900000-639fc000 rw-p 00000000 00:00 0 
639fc000-63a00000 ---p 00000000 00:00 0 
63a2e000-63a31000 ---p 00000000 00:00 0 
63a31000-63a7f000 rw-p 00000000 00:00 0 
63a7f000-63a80000 ---p 00000000 00:00 0 
63a80000-63b00000 rw-p 00000000 00:00 0 
63b00000-63bff000 rw-p 00000000 00:00 0 
63bff000-63c00000 ---p 00000000 00:00 0 
63c31000-63c80000 rw-p 00000000 00:00 0 
63c80000-63e59000 r--s 03d09000 08:08 3674049    /usr/lib/jvm/java-8-oracle/jre/lib/rt.jar
63e59000-6425a000 rw-p 00000000 00:00 0 
6425a000-64300000 ---p 00000000 00:00 0 
64300000-66700000 rw-p 00000000 00:00 0 
66700000-667fa000 rw-p 00000000 00:00 0 
667fa000-66800000 ---p 00000000 00:00 0 
6682e000-66831000 ---p 00000000 00:00 0 
66831000-6687f000 rw-p 00000000 00:00 0 
6687f000-66880000 ---p 00000000 00:00 0 
66880000-66900000 rw-p 00000000 00:00 0 
66900000-66921000 rw-p 00000000 00:00 0 
66921000-66a00000 ---p 00000000 00:00 0 
66a00000-66afc000 rw-p 00000000 00:00 0 
66afc000-66b00000 ---p 00000000 00:00 0 
66b00000-66b21000 rw-p 00000000 00:00 0 
66b21000-66c00000 ---p 00000000 00:00 0 
66c28000-66c29000 ---p 00000000 00:00 0 
66c29000-66cb9000 rw-p 00000000 00:00 0 
66cb9000-66dff000 ---p 00000000 00:00 0 
66dff000-66e0f000 rw-p 00000000 00:00 0 
66e0f000-66f54000 ---p 00000000 00:00 0 
66f54000-66f5d000 rw-p 00000000 00:00 0 
66f5d000-66fff000 ---p 00000000 00:00 0 
66fff000-69000000 rw-p 00000000 00:00 0 
69000000-91ac0000 ---p 00000000 00:00 0 
91ac0000-92ac0000 rw-p 00000000 00:00 0 
936c0000-a7000000 ---p 00000000 00:00 0 
a703e000-a703f000 ---p 00000000 00:00 0 
a703f000-a70bf000 rw-p 00000000 00:00 0 
a70bf000-a70c0000 ---p 00000000 00:00 0 
a70c0000-a7149000 rw-p 00000000 00:00 0 
a7149000-a7500000 ---p 00000000 00:00 0 
a7500000-a7740000 rwxp 00000000 00:00 0 
a7740000-b6500000 ---p 00000000 00:00 0 
b6500000-b65fb000 rw-p 00000000 00:00 0 
b65fb000-b6600000 ---p 00000000 00:00 0 
b6635000-b6647000 r--s 000c6000 08:07 1329454    /home/terry/Desktop/foodsearch/app/build/intermediates/exploded-aar/com.android.support/support-v4/22.2.0/jars/classes.jar
b6647000-b665f000 rw-p 00000000 00:00 0 
b665f000-b6678000 r-xp 00000000 08:08 3674077    /usr/lib/jvm/java-8-oracle/jre/lib/i386/libzip.so
b6678000-b6679000 rw-p 00018000 08:08 3674077    /usr/lib/jvm/java-8-oracle/jre/lib/i386/libzip.so
b6679000-b6684000 r-xp 00000000 08:08 1573072    /lib/i386-linux-gnu/libnss_files-2.15.so
b6684000-b6685000 r--p 0000a000 08:08 1573072    /lib/i386-linux-gnu/libnss_files-2.15.so
b6685000-b6686000 rw-p 0000b000 08:08 1573072    /lib/i386-linux-gnu/libnss_files-2.15.so
b6686000-b6690000 r-xp 00000000 08:08 1572926    /lib/i386-linux-gnu/libnss_nis-2.15.so
b6690000-b6691000 r--p 00009000 08:08 1572926    /lib/i386-linux-gnu/libnss_nis-2.15.so
b6691000-b6692000 rw-p 0000a000 08:08 1572926    /lib/i386-linux-gnu/libnss_nis-2.15.so
b6692000-b66a8000 r-xp 00000000 08:08 1573082    /lib/i386-linux-gnu/libnsl-2.15.so
b66a8000-b66a9000 r--p 00015000 08:08 1573082    /lib/i386-linux-gnu/libnsl-2.15.so
b66a9000-b66aa000 rw-p 00016000 08:08 1573082    /lib/i386-linux-gnu/libnsl-2.15.so
b66aa000-b66ac000 rw-p 00000000 00:00 0 
b66ac000-b66b3000 r-xp 00000000 08:08 1573086    /lib/i386-linux-gnu/libnss_compat-2.15.so
b66b3000-b66b4000 r--p 00006000 08:08 1573086    /lib/i386-linux-gnu/libnss_compat-2.15.so
b66b4000-b66b5000 rw-p 00007000 08:08 1573086    /lib/i386-linux-gnu/libnss_compat-2.15.so
b66bd000-b66cc000 r--s 000df000 08:07 2104235    /home/terry/android-sdk-linux/build-tools/23.0.0_rc2/lib/dx.jar
b66cc000-b66f0000 r-xp 00000000 08:08 3674109    /usr/lib/jvm/java-8-oracle/jre/lib/i386/libjava.so
b66f0000-b66f1000 rw-p 00023000 08:08 3674109    /usr/lib/jvm/java-8-oracle/jre/lib/i386/libjava.so
b66f1000-b66f8000 r-xp 00000000 08:08 1573074    /lib/i386-linux-gnu/librt-2.15.so
b66f8000-b66f9000 r--p 00006000 08:08 1573074    /lib/i386-linux-gnu/librt-2.15.so
b66f9000-b66fa000 rw-p 00007000 08:08 1573074    /lib/i386-linux-gnu/librt-2.15.so
b66fa000-b66fd000 ---p 00000000 00:00 0 
b66fd000-b674b000 rw-p 00000000 00:00 0 
b674b000-b6775000 r-xp 00000000 08:08 1573083    /lib/i386-linux-gnu/libm-2.15.so
b6775000-b6776000 r--p 00029000 08:08 1573083    /lib/i386-linux-gnu/libm-2.15.so
b6776000-b6777000 rw-p 0002a000 08:08 1573083    /lib/i386-linux-gnu/libm-2.15.so
b6777000-b70ea000 r-xp 00000000 08:08 3674089    /usr/lib/jvm/java-8-oracle/jre/lib/i386/server/libjvm.so
b70ea000-b7156000 rw-p 00972000 08:08 3674089    /usr/lib/jvm/java-8-oracle/jre/lib/i386/server/libjvm.so
b7156000-b757c000 rw-p 00000000 00:00 0 
b757c000-b771f000 r-xp 00000000 08:08 1573087    /lib/i386-linux-gnu/libc-2.15.so
b771f000-b7721000 r--p 001a3000 08:08 1573087    /lib/i386-linux-gnu/libc-2.15.so
b7721000-b7722000 rw-p 001a5000 08:08 1573087    /lib/i386-linux-gnu/libc-2.15.so
b7722000-b7725000 rw-p 00000000 00:00 0 
b7725000-b7728000 r-xp 00000000 08:08 1573085    /lib/i386-linux-gnu/libdl-2.15.so
b7728000-b7729000 r--p 00002000 08:08 1573085    /lib/i386-linux-gnu/libdl-2.15.so
b7729000-b772a000 rw-p 00003000 08:08 1573085    /lib/i386-linux-gnu/libdl-2.15.so
b772a000-b773e000 r-xp 00000000 08:08 3557613    /usr/lib/jvm/java-8-oracle/lib/i386/jli/libjli.so
b773e000-b773f000 rw-p 00014000 08:08 3557613    /usr/lib/jvm/java-8-oracle/lib/i386/jli/libjli.so
b773f000-b7740000 rw-p 00000000 00:00 0 
b7740000-b7757000 r-xp 00000000 08:08 1573070    /lib/i386-linux-gnu/libpthread-2.15.so
b7757000-b7758000 r--p 00016000 08:08 1573070    /lib/i386-linux-gnu/libpthread-2.15.so
b7758000-b7759000 rw-p 00017000 08:08 1573070    /lib/i386-linux-gnu/libpthread-2.15.so
b7759000-b775b000 rw-p 00000000 00:00 0 
b775b000-b775c000 r--p 005e0000 08:08 3546503    /usr/lib/locale/locale-archive
b775c000-b7764000 rw-s 00000000 08:08 921852     /tmp/hsperfdata_terry/7150
b7764000-b7765000 rw-p 00000000 00:00 0 
b7765000-b7766000 ---p 00000000 00:00 0 
b7766000-b7771000 r-xp 00000000 08:08 3674103    /usr/lib/jvm/java-8-oracle/jre/lib/i386/libverify.so
b7771000-b7772000 rw-p 0000b000 08:08 3674103    /usr/lib/jvm/java-8-oracle/jre/lib/i386/libverify.so
b7772000-b7774000 rw-p 00000000 00:00 0 
b7774000-b7775000 r-xp 00000000 00:00 0          [vdso]
b7775000-b7795000 r-xp 00000000 08:08 1573075    /lib/i386-linux-gnu/ld-2.15.so
b7795000-b7796000 r--p 0001f000 08:08 1573075    /lib/i386-linux-gnu/ld-2.15.so
b7796000-b7797000 rw-p 00020000 08:08 1573075    /lib/i386-linux-gnu/ld-2.15.so
bfcea000-bfceb000 rwxp 00000000 00:00 0 
bfd1d000-bfd3e000 rw-p 00000000 00:00 0          [stack]

VM Arguments:
jvm_args: -Xmx1024M -Dfile.encoding=UTF-8 -Duser.country=US -Duser.language=en -Duser.variant 
java_command: com.android.dx.command.Main --dex --num-threads=4 --output /home/terry/Desktop/foodsearch/app/build/intermediates/pre-dexed/debug/classes-d8afaf110838d4a7342763a84582492b0ec74fa4.jar /home/terry/Desktop/foodsearch/app/build/intermediates/exploded-aar/com.android.support/support-v4/22.2.0/jars/classes.jar
java_class_path (initial): /home/terry/android-sdk-linux/build-tools/23.0.0_rc2/lib/dx.jar
Launcher Type: SUN_STANDARD

Environment Variables:
CLASSPATH=/home/terry/android-studio/bin/../lib/bootstrap.jar:/home/terry/android-studio/bin/../lib/extensions.jar:/home/terry/android-studio/bin/../lib/util.jar:/home/terry/android-studio/bin/../lib/jdom.jar:/home/terry/android-studio/bin/../lib/log4j.jar:/home/terry/android-studio/bin/../lib/trove4j.jar:/home/terry/android-studio/bin/../lib/jna.jar:/usr/lib/jvm/java-8-oracle/lib/tools.jar
PATH=/usr/lib/lightdm/lightdm:/usr/local/sbin:/usr/local/bin:/usr/sbin:/usr/bin:/sbin:/bin:/usr/games
LD_LIBRARY_PATH=/home/terry/android-studio/bin:
SHELL=/bin/bash
DISPLAY=:0.0

Signal Handlers:
SIGSEGV: [libjvm.so+0x8c29a0], sa_mask[0]=11111111011111111101111111111110, sa_flags=SA_RESTART|SA_SIGINFO
SIGBUS: [libjvm.so+0x8c29a0], sa_mask[0]=11111111011111111101111111111110, sa_flags=SA_RESTART|SA_SIGINFO
SIGFPE: [libjvm.so+0x7432d0], sa_mask[0]=11111111011111111101111111111110, sa_flags=SA_RESTART|SA_SIGINFO
SIGPIPE: [libjvm.so+0x7432d0], sa_mask[0]=11111111011111111101111111111110, sa_flags=SA_RESTART|SA_SIGINFO
SIGXFSZ: [libjvm.so+0x7432d0], sa_mask[0]=11111111011111111101111111111110, sa_flags=SA_RESTART|SA_SIGINFO
SIGILL: [libjvm.so+0x7432d0], sa_mask[0]=11111111011111111101111111111110, sa_flags=SA_RESTART|SA_SIGINFO
SIGUSR1: SIG_DFL, sa_mask[0]=00000000000000000000000000000000, sa_flags=none
SIGUSR2: [libjvm.so+0x744860], sa_mask[0]=00100000000000000000000000000000, sa_flags=SA_RESTART|SA_SIGINFO
SIGHUP: [libjvm.so+0x745d10], sa_mask[0]=11111111011111111101111111111110, sa_flags=SA_RESTART|SA_SIGINFO
SIGINT: SIG_IGN, sa_mask[0]=00000000000000000000000000000000, sa_flags=none
SIGTERM: [libjvm.so+0x745d10], sa_mask[0]=11111111011111111101111111111110, sa_flags=SA_RESTART|SA_SIGINFO
SIGQUIT: [libjvm.so+0x745d10], sa_mask[0]=11111111011111111101111111111110, sa_flags=SA_RESTART|SA_SIGINFO


---------------  S Y S T E M  ---------------

OS:DISTRIB_ID=Ubuntu
DISTRIB_RELEASE=12.04
DISTRIB_CODENAME=precise
DISTRIB_DESCRIPTION="Ubuntu 12.04.5 LTS"

uname:Linux 3.2.0-24-generic-pae #39-Ubuntu SMP Mon May 21 18:54:21 UTC 2012 i686
libc:glibc 2.15 NPTL 2.15 
rlimit: STACK 8192k, CORE 0k, NPROC 23509, NOFILE 4096, AS infinity
load average:6.56 2.93 2.09

/proc/meminfo:
MemTotal:        3023804 kB
MemFree:          124628 kB
Buffers:             224 kB
Cached:           201164 kB
SwapCached:            0 kB
Active:          2587844 kB
Inactive:         181172 kB
Active(anon):    2568852 kB
Inactive(anon):   161952 kB
Active(file):      18992 kB
Inactive(file):    19220 kB
Unevictable:          16 kB
Mlocked:              16 kB
HighTotal:       2157824 kB
HighFree:            888 kB
LowTotal:         865980 kB
LowFree:          123740 kB
SwapTotal:             0 kB
SwapFree:              0 kB
Dirty:              3804 kB
Writeback:            60 kB
AnonPages:       2567788 kB
Mapped:           183544 kB
Shmem:            163072 kB
Slab:              43716 kB
SReclaimable:      18692 kB
SUnreclaim:        25024 kB
KernelStack:        5792 kB
PageTables:        20108 kB
NFS_Unstable:          0 kB
Bounce:                0 kB
WritebackTmp:          0 kB
CommitLimit:     1511900 kB
Committed_AS:    8499148 kB
VmallocTotal:     122880 kB
VmallocUsed:       54324 kB
VmallocChunk:      58528 kB
HardwareCorrupted:     0 kB
AnonHugePages:         0 kB
HugePages_Total:       0
HugePages_Free:        0
HugePages_Rsvd:        0
HugePages_Surp:        0
Hugepagesize:       2048 kB
DirectMap4k:       51192 kB
DirectMap2M:      862208 kB


CPU:total 4 (2 cores per cpu, 2 threads per core) family 6 model 37 stepping 5, cmov, cx8, fxsr, mmx, sse, sse2, sse3, ssse3, sse4.1, sse4.2, popcnt, ht, tsc, tscinvbit

/proc/cpuinfo:
processor	: 0
vendor_id	: GenuineIntel
cpu family	: 6
model		: 37
model name	: Intel(R) Core(TM) i3 CPU       M 380  @ 2.53GHz
stepping	: 5
microcode	: 0x2
cpu MHz		: 2533.000
cache size	: 3072 KB
physical id	: 0
siblings	: 4
core id		: 0
cpu cores	: 2
apicid		: 0
initial apicid	: 0
fdiv_bug	: no
hlt_bug		: no
f00f_bug	: no
coma_bug	: no
fpu		: yes
fpu_exception	: yes
cpuid level	: 11
wp		: yes
flags		: fpu vme de pse tsc msr pae mce cx8 apic sep mtrr pge mca cmov pat pse36 clflush dts acpi mmx fxsr sse sse2 ss ht tm pbe nx rdtscp lm constant_tsc arch_perfmon pebs bts xtopology nonstop_tsc aperfmperf pni dtes64 monitor ds_cpl vmx est tm2 ssse3 cx16 xtpr pdcm pcid sse4_1 sse4_2 popcnt lahf_lm arat dts tpr_shadow vnmi flexpriority ept vpid
bogomips	: 5054.52
clflush size	: 64
cache_alignment	: 64
address sizes	: 36 bits physical, 48 bits virtual
power management:

processor	: 1
vendor_id	: GenuineIntel
cpu family	: 6
model		: 37
model name	: Intel(R) Core(TM) i3 CPU       M 380  @ 2.53GHz
stepping	: 5
microcode	: 0x2
cpu MHz		: 2533.000
cache size	: 3072 KB
physical id	: 0
siblings	: 4
core id		: 0
cpu cores	: 2
apicid		: 1
initial apicid	: 1
fdiv_bug	: no
hlt_bug		: no
f00f_bug	: no
coma_bug	: no
fpu		: yes
fpu_exception	: yes
cpuid level	: 11
wp		: yes
flags		: fpu vme de pse tsc msr pae mce cx8 apic sep mtrr pge mca cmov pat pse36 clflush dts acpi mmx fxsr sse sse2 ss ht tm pbe nx rdtscp lm constant_tsc arch_perfmon pebs bts xtopology nonstop_tsc aperfmperf pni dtes64 monitor ds_cpl vmx est tm2 ssse3 cx16 xtpr pdcm pcid sse4_1 sse4_2 popcnt lahf_lm arat dts tpr_shadow vnmi flexpriority ept vpid
bogomips	: 5053.86
clflush size	: 64
cache_alignment	: 64
address sizes	: 36 bits physical, 48 bits virtual
power management:

processor	: 2
vendor_id	: GenuineIntel
cpu family	: 6
model		: 37
model name	: Intel(R) Core(TM) i3 CPU       M 380  @ 2.53GHz
stepping	: 5
microcode	: 0x2
cpu MHz		: 2533.000
cache size	: 3072 KB
physical id	: 0
siblings	: 4
core id		: 2
cpu cores	: 2
apicid		: 4
initial apicid	: 4
fdiv_bug	: no
hlt_bug		: no
f00f_bug	: no
coma_bug	: no
fpu		: yes
fpu_exception	: yes
cpuid level	: 11
wp		: yes
flags		: fpu vme de pse tsc msr pae mce cx8 apic sep mtrr pge mca cmov pat pse36 clflush dts acpi mmx fxsr sse sse2 ss ht tm pbe nx rdtscp lm constant_tsc arch_perfmon pebs bts xtopology nonstop_tsc aperfmperf pni dtes64 monitor ds_cpl vmx est tm2 ssse3 cx16 xtpr pdcm pcid sse4_1 sse4_2 popcnt lahf_lm arat dts tpr_shadow vnmi flexpriority ept vpid
bogomips	: 5053.89
clflush size	: 64
cache_alignment	: 64
address sizes	: 36 bits physical, 48 bits virtual
power management:

processor	: 3
vendor_id	: GenuineIntel
cpu family	: 6
model		: 37
model name	: Intel(R) Core(TM) i3 CPU       M 380  @ 2.53GHz
stepping	: 5
microcode	: 0x2
cpu MHz		: 2533.000
cache size	: 3072 KB
physical id	: 0
siblings	: 4
core id		: 2
cpu cores	: 2
apicid		: 5
initial apicid	: 5
fdiv_bug	: no
hlt_bug		: no
f00f_bug	: no
coma_bug	: no
fpu		: yes
fpu_exception	: yes
cpuid level	: 11
wp		: yes
flags		: fpu vme de pse tsc msr pae mce cx8 apic sep mtrr pge mca cmov pat pse36 clflush dts acpi mmx fxsr sse sse2 ss ht tm pbe nx rdtscp lm constant_tsc arch_perfmon pebs bts xtopology nonstop_tsc aperfmperf pni dtes64 monitor ds_cpl vmx est tm2 ssse3 cx16 xtpr pdcm pcid sse4_1 sse4_2 popcnt lahf_lm arat dts tpr_shadow vnmi flexpriority ept vpid
bogomips	: 5053.89
clflush size	: 64
cache_alignment	: 64
address sizes	: 36 bits physical, 48 bits virtual
power management:



Memory: 4k page, physical 3023804k(124504k free), swap 0k(0k free)

vm_info: Java HotSpot(TM) Server VM (25.45-b02) for linux-x86 JRE (1.8.0_45-b14), built on Apr 10 2015 10:38:30 by "java_re" with gcc 4.3.0 20080428 (Red Hat 4.3.0-8)

time: Tue Dec 15 23:16:59 2015
elapsed time: 21 seconds (0d 0h 0m 21s)

