#
# There is insufficient memory for the Java Runtime Environment to continue.
# Native memory allocation (mmap) failed to map 12582912 bytes for committing reserved memory.
# Possible reasons:
#   The system is out of physical RAM or swap space
#   In 32 bit mode, the process size limit was hit
# Possible solutions:
#   Reduce memory load on the system
#   Increase physical memory or swap space
#   Check if swap backing store is full
#   Use 64 bit Java on a 64 bit OS
#   Decrease Java heap size (-Xmx/-Xms)
#   Decrease number of Java threads
#   Decrease Java thread stack sizes (-Xss)
#   Set larger code cache with -XX:ReservedCodeCacheSize=
# This output file may be truncated or incomplete.
#
#  Out of Memory Error (os_linux.cpp:2673), pid=18929, tid=1671428928
#
# JRE version: Java(TM) SE Runtime Environment (8.0_45-b14) (build 1.8.0_45-b14)
# Java VM: Java HotSpot(TM) Server VM (25.45-b02 mixed mode linux-x86 )
# Failed to write core dump. Core dumps have been disabled. To enable core dumping, try "ulimit -c unlimited" before starting Java again
#

---------------  T H R E A D  ---------------

Current thread (0x63a80800):  VMThread [stack: 0x6397f000,0x63a00000] [id=18939]

Stack: [0x6397f000,0x63a00000],  sp=0x639fe7b0,  free space=509k
Native frames: (J=compiled Java code, j=interpreted, Vv=VM code, C=native code)
V  [libjvm.so+0x8c1ecf]  VMError::report_and_die()+0x16f
V  [libjvm.so+0x386495]  report_vm_out_of_memory(char const*, int, unsigned int, VMErrorType, char const*)+0x55
V  [libjvm.so+0x7467a6]  os::Linux::commit_memory_impl(char*, unsigned int, bool)+0xe6
V  [libjvm.so+0x746bc8]  os::pd_commit_memory(char*, unsigned int, unsigned int, bool)+0x28
V  [libjvm.so+0x7402ec]  os::commit_memory(char*, unsigned int, unsigned int, bool)+0x2c
V  [libjvm.so+0x7aa598]  PSVirtualSpace::expand_by(unsigned int)+0x48
V  [libjvm.so+0x7ab69a]  PSYoungGen::resize_generation(unsigned int, unsigned int)+0xda
V  [libjvm.so+0x7aa9c9]  PSYoungGen::resize(unsigned int, unsigned int)+0x19
V  [libjvm.so+0x7a82ed]  PSScavenge::invoke_no_policy()+0xd4d
V  [libjvm.so+0x7a8ab8]  PSScavenge::invoke()+0x28
V  [libjvm.so+0x767d8a]  ParallelScavengeHeap::failed_mem_allocate(unsigned int)+0x5a
V  [libjvm.so+0x8c379a]  VM_ParallelGCFailedAllocation::doit()+0x7a
V  [libjvm.so+0x8cc9b7]  VM_Operation::evaluate()+0x47
V  [libjvm.so+0x8caa93]  VMThread::evaluate_operation(VM_Operation*)+0xb3
V  [libjvm.so+0x8cae30]  VMThread::loop()+0x1b0
V  [libjvm.so+0x8cb295]  VMThread::run()+0x85
V  [libjvm.so+0x749049]  java_start(Thread*)+0x119
C  [libpthread.so.0+0x6d4c]  start_thread+0xcc

VM_Operation (0xb6786a54): ParallelGCFailedAllocation, mode: safepoint, requested by thread 0xb6607c00


---------------  P R O C E S S  ---------------

Java Threads: ( => current thread )
  0x63aaa000 JavaThread "Service Thread" daemon [_thread_blocked, id=18946, stack(0x6692e000,0x6697f000)]
  0x63aa6c00 JavaThread "C1 CompilerThread2" daemon [_thread_blocked, id=18945, stack(0x632fe000,0x6337f000)]
  0x63aa5400 JavaThread "C2 CompilerThread1" daemon [_thread_blocked, id=18944, stack(0x6337f000,0x63400000)]
  0x63aa3400 JavaThread "C2 CompilerThread0" daemon [_thread_blocked, id=18943, stack(0x6377f000,0x63800000)]
  0x63aa2000 JavaThread "Signal Dispatcher" daemon [_thread_blocked, id=18942, stack(0x66b2e000,0x66b7f000)]
  0x63a85000 JavaThread "Finalizer" daemon [_thread_blocked, id=18941, stack(0x66d2d000,0x66d7e000)]
  0x63a83800 JavaThread "Reference Handler" daemon [_thread_blocked, id=18940, stack(0x6392e000,0x6397f000)]
  0xb6607c00 JavaThread "main" [_thread_blocked, id=18934, stack(0xb6737000,0xb6788000)]

Other Threads:
=>0x63a80800 VMThread [stack: 0x6397f000,0x63a00000] [id=18939]
  0x63aad000 WatcherThread [stack: 0x6327d000,0x632fe000] [id=18947]

VM state:at safepoint (normal execution)

VM Mutex/Monitor currently owned by a thread:  ([mutex/lock_event])
[0xb66052e8] Threads_lock - owner thread: 0x63a80800
[0xb66056f8] Heap_lock - owner thread: 0xb6607c00

Heap:
 PSYoungGen      total 14336K, used 2038K [0x91ac0000, 0x92ac0000, 0xa7000000)
  eden space 12288K, 0% used [0x91ac0000,0x91ac0000,0x926c0000)
  from space 2048K, 99% used [0x926c0000,0x928bdab0,0x928c0000)
  to   space 2048K, 0% used [0x928c0000,0x928c0000,0x92ac0000)
 ParOldGen       total 32768K, used 8550K [0x67000000, 0x69000000, 0x91ac0000)
  object space 32768K, 26% used [0x67000000,0x67859ac0,0x69000000)
 Metaspace       used 4554K, capacity 4582K, committed 4632K, reserved 5424K

Card table byte_map: [0x66dff000,0x67000000] byte_map_base: 0x66ac7000

Marking Bits: (ParMarkBitMap*) 0xb71a4960
 Begin Bits: [0x64600000, 0x65600000)
 End Bits:   [0x65600000, 0x66600000)

Polling page: 0xb77a3000

CodeCache: size=245760Kb used=3380Kb max_used=3381Kb free=242379Kb
 bounds [0xa7592000, 0xa78e2000, 0xb6592000]
 total_blobs=1647 nmethods=1472 adapters=90
 compilation: enabled

Compilation events (10 events):
Event: 3.716 Thread 0x63aa5400 nmethod 1442 0xa78d9508 code [0xa78d9620, 0xa78d98b0]
Event: 3.716 Thread 0x63aa5400 1477 %     4       com.android.dex.Dex$Section::write @ 8 (33 bytes)
Event: 3.717 Thread 0x63aa6c00 1481       3       com.android.dx.io.instructions.FourRegisterDecodedInstruction::<init> (38 bytes)
Event: 3.717 Thread 0x63aa6c00 nmethod 1481 0xa78d91c8 code [0xa78d92e0, 0xa78d942c]
Event: 3.717 Thread 0x63aa6c00 1482       3       com.android.dx.io.instructions.InstructionCodec$15::decode (54 bytes)
Event: 3.718 Thread 0x63aa6c00 nmethod 1482 0xa78e0bc8 code [0xa78e0d80, 0xa78e1478]
Event: 3.718 Thread 0x63aa6c00 1483       3       com.android.dx.io.instructions.InstructionCodec$15::encode (29 bytes)
Event: 3.719 Thread 0x63aa6c00 nmethod 1483 0xa78dfd48 code [0xa78dfee0, 0xa78e077c]
Event: 3.719 Thread 0x63aa6c00 1484       3       com.android.dx.io.instructions.DecodedInstruction::getLiteralByte (58 bytes)
Event: 3.720 Thread 0x63aa6c00 nmethod 1484 0xa78df148 code [0xa78df300, 0xa78df9bc]

GC Heap History (5 events):
Event: 1.500 GC heap before
{Heap before GC invocations=1 (full 0):
 PSYoungGen      total 14336K, used 12288K [0x91ac0000, 0x92ac0000, 0xa7000000)
  eden space 12288K, 100% used [0x91ac0000,0x926c0000,0x926c0000)
  from space 2048K, 0% used [0x928c0000,0x928c0000,0x92ac0000)
  to   space 2048K, 0% used [0x926c0000,0x926c0000,0x928c0000)
 ParOldGen       total 32768K, used 0K [0x67000000, 0x69000000, 0x91ac0000)
  object space 32768K, 0% used [0x67000000,0x67000000,0x69000000)
 Metaspace       used 3508K, capacity 3582K, committed 3608K, reserved 4400K
Event: 1.509 GC heap after
Heap after GC invocations=1 (full 0):
 PSYoungGen      total 14336K, used 2047K [0x91ac0000, 0x92ac0000, 0xa7000000)
  eden space 12288K, 0% used [0x91ac0000,0x91ac0000,0x926c0000)
  from space 2048K, 99% used [0x926c0000,0x928bfe98,0x928c0000)
  to   space 2048K, 0% used [0x928c0000,0x928c0000,0x92ac0000)
 ParOldGen       total 32768K, used 1743K [0x67000000, 0x69000000, 0x91ac0000)
  object space 32768K, 5% used [0x67000000,0x671b3c70,0x69000000)
 Metaspace       used 3508K, capacity 3582K, committed 3608K, reserved 4400K
}
Event: 3.538 GC heap before
{Heap before GC invocations=2 (full 0):
 PSYoungGen      total 14336K, used 14335K [0x91ac0000, 0x92ac0000, 0xa7000000)
  eden space 12288K, 100% used [0x91ac0000,0x926c0000,0x926c0000)
  from space 2048K, 99% used [0x926c0000,0x928bfe98,0x928c0000)
  to   space 2048K, 0% used [0x928c0000,0x928c0000,0x92ac0000)
 ParOldGen       total 32768K, used 1743K [0x67000000, 0x69000000, 0x91ac0000)
  object space 32768K, 5% used [0x67000000,0x671b3c70,0x69000000)
 Metaspace       used 4475K, capacity 4518K, committed 4632K, reserved 5424K
Event: 3.544 GC heap after
Heap after GC invocations=2 (full 0):
 PSYoungGen      total 14336K, used 2042K [0x91ac0000, 0x92ac0000, 0xa7000000)
  eden space 12288K, 0% used [0x91ac0000,0x91ac0000,0x926c0000)
  from space 2048K, 99% used [0x928c0000,0x92abeba0,0x92ac0000)
  to   space 2048K, 0% used [0x926c0000,0x926c0000,0x928c0000)
 ParOldGen       total 32768K, used 5246K [0x67000000, 0x69000000, 0x91ac0000)
  object space 32768K, 16% used [0x67000000,0x6751fb70,0x69000000)
 Metaspace       used 4475K, capacity 4518K, committed 4632K, reserved 5424K
}
Event: 3.722 GC heap before
{Heap before GC invocations=3 (full 0):
 PSYoungGen      total 14336K, used 14330K [0x91ac0000, 0x92ac0000, 0xa7000000)
  eden space 12288K, 100% used [0x91ac0000,0x926c0000,0x926c0000)
  from space 2048K, 99% used [0x928c0000,0x92abeba0,0x92ac0000)
  to   space 2048K, 0% used [0x926c0000,0x926c0000,0x928c0000)
 ParOldGen       total 32768K, used 5246K [0x67000000, 0x69000000, 0x91ac0000)
  object space 32768K, 16% used [0x67000000,0x6751fb70,0x69000000)
 Metaspace       used 4554K, capacity 4582K, committed 4632K, reserved 5424K

Deoptimization events (10 events):
Event: 2.095 Thread 0xb6607c00 Uncommon trap: reason=bimorphic action=maybe_recompile pc=0xa772235c method=java.util.HashMap.getNode(ILjava/lang/Object;)Ljava/util/HashMap$Node; @ 126
Event: 2.095 Thread 0xb6607c00 Uncommon trap: reason=bimorphic action=maybe_recompile pc=0xa772235c method=java.util.HashMap.getNode(ILjava/lang/Object;)Ljava/util/HashMap$Node; @ 126
Event: 2.096 Thread 0xb6607c00 Uncommon trap: reason=unstable_if action=reinterpret pc=0xa770b548 method=java.util.HashMap.getNode(ILjava/lang/Object;)Ljava/util/HashMap$Node; @ 62
Event: 2.425 Thread 0xb6607c00 Uncommon trap: reason=unstable_if action=reinterpret pc=0xa77b18a8 method=com.android.dx.util.ByteArrayAnnotatedOutput.writeByte(I)V @ 13
Event: 2.444 Thread 0xb6607c00 Uncommon trap: reason=unstable_if action=reinterpret pc=0xa77c0db8 method=com.android.dx.util.ByteArrayAnnotatedOutput.writeByte(I)V @ 13
Event: 3.232 Thread 0xb6607c00 Uncommon trap: reason=unstable_if action=reinterpret pc=0xa77dae7c method=java.util.HashMap.putVal(ILjava/lang/Object;Ljava/lang/Object;ZZ)Ljava/lang/Object; @ 162
Event: 3.232 Thread 0xb6607c00 Uncommon trap: reason=unstable_if action=reinterpret pc=0xa77dbec0 method=java.util.HashMap.putVal(ILjava/lang/Object;Ljava/lang/Object;ZZ)Ljava/lang/Object; @ 162
Event: 3.567 Thread 0xb6607c00 Uncommon trap: reason=predicate action=maybe_recompile pc=0xa783cd20 method=com.android.dex.Leb128.readUnsignedLeb128(Lcom/android/dex/util/ByteInput;)I @ 41
Event: 3.579 Thread 0xb6607c00 Uncommon trap: reason=unstable_if action=reinterpret pc=0xa778b790 method=java.util.HashMap.getNode(ILjava/lang/Object;)Ljava/util/HashMap$Node; @ 84
Event: 3.580 Thread 0xb6607c00 Uncommon trap: reason=unstable_if action=reinterpret pc=0xa77dc7bc method=java.util.HashMap.getNode(ILjava/lang/Object;)Ljava/util/HashMap$Node; @ 84

Internal exceptions (2 events):
Event: 0.494 Thread 0xb6607c00 Exception <a 'java/lang/NoSuchMethodError': Method sun.misc.Unsafe.defineClass(Ljava/lang/String;[BII)Ljava/lang/Class; name or signature does not match> (0x91ad0400) thrown at [/HUDSON/workspace/8-2-build-linux-i586/jdk8u45/3457/hotspot/src/share/vm/prim
Event: 0.495 Thread 0xb6607c00 Exception <a 'java/lang/NoSuchMethodError': Method sun.misc.Unsafe.prefetchRead(Ljava/lang/Object;J)V name or signature does not match> (0x91ad0680) thrown at [/HUDSON/workspace/8-2-build-linux-i586/jdk8u45/3457/hotspot/src/share/vm/prims/jni.cpp, line 39

Events (10 events):
Event: 3.567 Thread 0xb6607c00 Uncommon trap: trap_request=0xffffff86 fr.pc=0xa783cd20
Event: 3.567 Thread 0xb6607c00 DEOPT PACKING pc=0xa783cd20 sp=0xb6786a50
Event: 3.567 Thread 0xb6607c00 DEOPT UNPACKING pc=0xa75cce55 sp=0xb6786a3c mode 2
Event: 3.579 Thread 0xb6607c00 Uncommon trap: trap_request=0xffffff65 fr.pc=0xa778b790
Event: 3.579 Thread 0xb6607c00 DEOPT PACKING pc=0xa778b790 sp=0xb6786c90
Event: 3.579 Thread 0xb6607c00 DEOPT UNPACKING pc=0xa75cce55 sp=0xb6786c28 mode 2
Event: 3.580 Thread 0xb6607c00 Uncommon trap: trap_request=0xffffff65 fr.pc=0xa77dc7bc
Event: 3.580 Thread 0xb6607c00 DEOPT PACKING pc=0xa77dc7bc sp=0xb6786c50
Event: 3.580 Thread 0xb6607c00 DEOPT UNPACKING pc=0xa75cce55 sp=0xb6786c20 mode 2
Event: 3.722 Executing VM operation: ParallelGCFailedAllocation


Dynamic libraries:
08048000-08049000 r-xp 00000000 08:08 3557484    /usr/lib/jvm/java-8-oracle/bin/java
08049000-0804a000 rw-p 00000000 08:08 3557484    /usr/lib/jvm/java-8-oracle/bin/java
0805f000-08080000 rw-p 00000000 00:00 0          [heap]
62a00000-62a21000 rw-p 00000000 00:00 0 
62a21000-62b00000 ---p 00000000 00:00 0 
62c00000-62c40000 rw-p 00000000 00:00 0 
62c40000-62d00000 ---p 00000000 00:00 0 
62d00000-62db0000 rw-p 00000000 00:00 0 
62db0000-62e00000 ---p 00000000 00:00 0 
62e00000-62e99000 rw-p 00000000 00:00 0 
62e99000-62f00000 ---p 00000000 00:00 0 
62f00000-63000000 rw-p 00000000 00:00 0 
630af000-630b2000 ---p 00000000 00:00 0 
630b2000-63100000 rw-p 00000000 00:00 0 
63100000-63160000 rw-p 00000000 00:00 0 
63160000-63200000 ---p 00000000 00:00 0 
6322c000-6322f000 ---p 00000000 00:00 0 
6322f000-6327d000 rw-p 00000000 00:00 0 
6327d000-6327e000 ---p 00000000 00:00 0 
6327e000-632fe000 rw-p 00000000 00:00 0 
632fe000-63301000 ---p 00000000 00:00 0 
63301000-6337f000 rw-p 00000000 00:00 0 
6337f000-63382000 ---p 00000000 00:00 0 
63382000-63400000 rw-p 00000000 00:00 0 
63400000-63600000 r--p 00000000 08:08 3546503    /usr/lib/locale/locale-archive
63600000-63631000 rw-p 00000000 00:00 0 
63631000-63700000 ---p 00000000 00:00 0 
6372e000-63731000 ---p 00000000 00:00 0 
63731000-6377f000 rw-p 00000000 00:00 0 
6377f000-63782000 ---p 00000000 00:00 0 
63782000-63800000 rw-p 00000000 00:00 0 
63800000-638ff000 rw-p 00000000 00:00 0 
638ff000-63900000 ---p 00000000 00:00 0 
6392e000-63931000 ---p 00000000 00:00 0 
63931000-6397f000 rw-p 00000000 00:00 0 
6397f000-63980000 ---p 00000000 00:00 0 
63980000-63a00000 rw-p 00000000 00:00 0 
63a00000-63af9000 rw-p 00000000 00:00 0 
63af9000-63b00000 ---p 00000000 00:00 0 
63b2f000-63b32000 ---p 00000000 00:00 0 
63b32000-63b80000 rw-p 00000000 00:00 0 
63b80000-63d59000 r--s 03d09000 08:08 3674049    /usr/lib/jvm/java-8-oracle/jre/lib/rt.jar
63d59000-641fa000 rw-p 00000000 00:00 0 
641fa000-64200000 ---p 00000000 00:00 0 
64200000-66600000 rw-p 00000000 00:00 0 
66600000-666ff000 rw-p 00000000 00:00 0 
666ff000-66700000 ---p 00000000 00:00 0 
6672e000-66731000 ---p 00000000 00:00 0 
66731000-6677f000 rw-p 00000000 00:00 0 
6677f000-66780000 ---p 00000000 00:00 0 
66780000-66800000 rw-p 00000000 00:00 0 
66800000-668fa000 rw-p 00000000 00:00 0 
668fa000-66900000 ---p 00000000 00:00 0 
6692e000-66931000 ---p 00000000 00:00 0 
66931000-6697f000 rw-p 00000000 00:00 0 
6697f000-66980000 ---p 00000000 00:00 0 
66980000-66a00000 rw-p 00000000 00:00 0 
66a00000-66a21000 rw-p 00000000 00:00 0 
66a21000-66b00000 ---p 00000000 00:00 0 
66b2e000-66b31000 ---p 00000000 00:00 0 
66b31000-66b7f000 rw-p 00000000 00:00 0 
66b7f000-66b80000 ---p 00000000 00:00 0 
66b80000-66c00000 rw-p 00000000 00:00 0 
66c00000-66c21000 rw-p 00000000 00:00 0 
66c21000-66d00000 ---p 00000000 00:00 0 
66d2d000-66d30000 ---p 00000000 00:00 0 
66d30000-66d7e000 rw-p 00000000 00:00 0 
66d7e000-66d7f000 ---p 00000000 00:00 0 
66d7f000-66e0f000 rw-p 00000000 00:00 0 
66e0f000-66f54000 ---p 00000000 00:00 0 
66f54000-66f5d000 rw-p 00000000 00:00 0 
66f5d000-66fff000 ---p 00000000 00:00 0 
66fff000-69000000 rw-p 00000000 00:00 0 
69000000-91ac0000 ---p 00000000 00:00 0 
91ac0000-92ac0000 rw-p 00000000 00:00 0 
9346f000-936c0000 rw-p 00000000 00:00 0 
936c0000-a7000000 ---p 00000000 00:00 0 
a701e000-a702d000 r--s 000df000 08:07 2104235    /home/terry/android-sdk-linux/build-tools/23.0.0_rc2/lib/dx.jar
a702d000-a708c000 rw-p 00000000 00:00 0 
a708c000-a71d2000 ---p 00000000 00:00 0 
a71d2000-a71e0000 rw-p 00000000 00:00 0 
a71e0000-a7592000 ---p 00000000 00:00 0 
a7592000-a78e2000 rwxp 00000000 00:00 0 
a78e2000-b6592000 ---p 00000000 00:00 0 
b6592000-b65ab000 r-xp 00000000 08:08 3674077    /usr/lib/jvm/java-8-oracle/jre/lib/i386/libzip.so
b65ab000-b65ac000 rw-p 00018000 08:08 3674077    /usr/lib/jvm/java-8-oracle/jre/lib/i386/libzip.so
b65ac000-b65b7000 r-xp 00000000 08:08 1573072    /lib/i386-linux-gnu/libnss_files-2.15.so
b65b7000-b65b8000 r--p 0000a000 08:08 1573072    /lib/i386-linux-gnu/libnss_files-2.15.so
b65b8000-b65b9000 rw-p 0000b000 08:08 1573072    /lib/i386-linux-gnu/libnss_files-2.15.so
b65b9000-b65c3000 r-xp 00000000 08:08 1572926    /lib/i386-linux-gnu/libnss_nis-2.15.so
b65c3000-b65c4000 r--p 00009000 08:08 1572926    /lib/i386-linux-gnu/libnss_nis-2.15.so
b65c4000-b65c5000 rw-p 0000a000 08:08 1572926    /lib/i386-linux-gnu/libnss_nis-2.15.so
b65c5000-b65db000 r-xp 00000000 08:08 1573082    /lib/i386-linux-gnu/libnsl-2.15.so
b65db000-b65dc000 r--p 00015000 08:08 1573082    /lib/i386-linux-gnu/libnsl-2.15.so
b65dc000-b65dd000 rw-p 00016000 08:08 1573082    /lib/i386-linux-gnu/libnsl-2.15.so
b65dd000-b65df000 rw-p 00000000 00:00 0 
b65df000-b65e6000 r-xp 00000000 08:08 1573086    /lib/i386-linux-gnu/libnss_compat-2.15.so
b65e6000-b65e7000 r--p 00006000 08:08 1573086    /lib/i386-linux-gnu/libnss_compat-2.15.so
b65e7000-b65e8000 rw-p 00007000 08:08 1573086    /lib/i386-linux-gnu/libnss_compat-2.15.so
b65e8000-b6600000 rw-p 00000000 00:00 0 
b6600000-b66fc000 rw-p 00000000 00:00 0 
b66fc000-b6700000 ---p 00000000 00:00 0 
b6704000-b6709000 r--s 00094000 08:08 3673956    /usr/lib/jvm/java-8-oracle/jre/lib/jsse.jar
b6709000-b672d000 r-xp 00000000 08:08 3674109    /usr/lib/jvm/java-8-oracle/jre/lib/i386/libjava.so
b672d000-b672e000 rw-p 00023000 08:08 3674109    /usr/lib/jvm/java-8-oracle/jre/lib/i386/libjava.so
b672e000-b6735000 r-xp 00000000 08:08 1573074    /lib/i386-linux-gnu/librt-2.15.so
b6735000-b6736000 r--p 00006000 08:08 1573074    /lib/i386-linux-gnu/librt-2.15.so
b6736000-b6737000 rw-p 00007000 08:08 1573074    /lib/i386-linux-gnu/librt-2.15.so
b6737000-b673a000 ---p 00000000 00:00 0 
b673a000-b6788000 rw-p 00000000 00:00 0 
b6788000-b67b2000 r-xp 00000000 08:08 1573083    /lib/i386-linux-gnu/libm-2.15.so
b67b2000-b67b3000 r--p 00029000 08:08 1573083    /lib/i386-linux-gnu/libm-2.15.so
b67b3000-b67b4000 rw-p 0002a000 08:08 1573083    /lib/i386-linux-gnu/libm-2.15.so
b67b4000-b7127000 r-xp 00000000 08:08 3674089    /usr/lib/jvm/java-8-oracle/jre/lib/i386/server/libjvm.so
b7127000-b7193000 rw-p 00972000 08:08 3674089    /usr/lib/jvm/java-8-oracle/jre/lib/i386/server/libjvm.so
b7193000-b75b9000 rw-p 00000000 00:00 0 
b75b9000-b775c000 r-xp 00000000 08:08 1573087    /lib/i386-linux-gnu/libc-2.15.so
b775c000-b775e000 r--p 001a3000 08:08 1573087    /lib/i386-linux-gnu/libc-2.15.so
b775e000-b775f000 rw-p 001a5000 08:08 1573087    /lib/i386-linux-gnu/libc-2.15.so
b775f000-b7762000 rw-p 00000000 00:00 0 
b7762000-b7765000 r-xp 00000000 08:08 1573085    /lib/i386-linux-gnu/libdl-2.15.so
b7765000-b7766000 r--p 00002000 08:08 1573085    /lib/i386-linux-gnu/libdl-2.15.so
b7766000-b7767000 rw-p 00003000 08:08 1573085    /lib/i386-linux-gnu/libdl-2.15.so
b7767000-b777b000 r-xp 00000000 08:08 3557613    /usr/lib/jvm/java-8-oracle/lib/i386/jli/libjli.so
b777b000-b777c000 rw-p 00014000 08:08 3557613    /usr/lib/jvm/java-8-oracle/lib/i386/jli/libjli.so
b777c000-b777d000 rw-p 00000000 00:00 0 
b777d000-b7794000 r-xp 00000000 08:08 1573070    /lib/i386-linux-gnu/libpthread-2.15.so
b7794000-b7795000 r--p 00016000 08:08 1573070    /lib/i386-linux-gnu/libpthread-2.15.so
b7795000-b7796000 rw-p 00017000 08:08 1573070    /lib/i386-linux-gnu/libpthread-2.15.so
b7796000-b7799000 rw-p 00000000 00:00 0 
b7799000-b779a000 r--p 005e0000 08:08 3546503    /usr/lib/locale/locale-archive
b779a000-b77a2000 rw-s 00000000 08:08 921675     /tmp/hsperfdata_terry/18929
b77a2000-b77a3000 rw-p 00000000 00:00 0 
b77a3000-b77a4000 ---p 00000000 00:00 0 
b77a4000-b77af000 r-xp 00000000 08:08 3674103    /usr/lib/jvm/java-8-oracle/jre/lib/i386/libverify.so
b77af000-b77b0000 rw-p 0000b000 08:08 3674103    /usr/lib/jvm/java-8-oracle/jre/lib/i386/libverify.so
b77b0000-b77b2000 rw-p 00000000 00:00 0 
b77b2000-b77b3000 r-xp 00000000 00:00 0          [vdso]
b77b3000-b77d3000 r-xp 00000000 08:08 1573075    /lib/i386-linux-gnu/ld-2.15.so
b77d3000-b77d4000 r--p 0001f000 08:08 1573075    /lib/i386-linux-gnu/ld-2.15.so
b77d4000-b77d5000 rw-p 00020000 08:08 1573075    /lib/i386-linux-gnu/ld-2.15.so
bfb04000-bfb05000 rwxp 00000000 00:00 0 
bfb36000-bfb58000 rw-p 00000000 00:00 0          [stack]

VM Arguments:
jvm_args: -Xmx1024M -Dfile.encoding=UTF-8 -Duser.country=US -Duser.language=en -Duser.variant 
java_command: com.android.dx.command.Main --dex --num-threads=4 --output /home/terry/Desktop/foodsearch/app/build/intermediates/dex/debug /home/terry/Desktop/foodsearch/app/build/intermediates/classes/debug /home/terry/Desktop/foodsearch/app/build/intermediates/pre-dexed/debug/support-annotations-22.2.0-25af2d6c49047be0514a6f5fd88ffadcae55b0b1.jar /home/terry/Desktop/foodsearch/app/build/intermediates/pre-dexed/debug/internal_impl-22.2.0-65952008de33416c7556f0c7824ac8ef1f1d0882.jar /home/terry/Desktop/foodsearch/app/build/intermediates/pre-dexed/debug/classes-8934d306b00d0d7826c30c7e75ac7fc87b671900.jar /home/terry/Desktop/foodsearch/app/build/intermediates/pre-dexed/debug/classes-d8afaf110838d4a7342763a84582492b0ec74fa4.jar
java_class_path (initial): /home/terry/android-sdk-linux/build-tools/23.0.0_rc2/lib/dx.jar
Launcher Type: SUN_STANDARD

Environment Variables:
CLASSPATH=/home/terry/android-studio/bin/../lib/bootstrap.jar:/home/terry/android-studio/bin/../lib/extensions.jar:/home/terry/android-studio/bin/../lib/util.jar:/home/terry/android-studio/bin/../lib/jdom.jar:/home/terry/android-studio/bin/../lib/log4j.jar:/home/terry/android-studio/bin/../lib/trove4j.jar:/home/terry/android-studio/bin/../lib/jna.jar:/usr/lib/jvm/java-8-oracle/lib/tools.jar
PATH=/usr/lib/lightdm/lightdm:/usr/local/sbin:/usr/local/bin:/usr/sbin:/usr/bin:/sbin:/bin:/usr/games
LD_LIBRARY_PATH=/home/terry/android-studio/bin:
SHELL=/bin/bash
DISPLAY=:0.0

Signal Handlers:
SIGSEGV: [libjvm.so+0x8c29a0], sa_mask[0]=11111111011111111101111111111110, sa_flags=SA_RESTART|SA_SIGINFO
SIGBUS: [libjvm.so+0x8c29a0], sa_mask[0]=11111111011111111101111111111110, sa_flags=SA_RESTART|SA_SIGINFO
SIGFPE: [libjvm.so+0x7432d0], sa_mask[0]=11111111011111111101111111111110, sa_flags=SA_RESTART|SA_SIGINFO
SIGPIPE: [libjvm.so+0x7432d0], sa_mask[0]=11111111011111111101111111111110, sa_flags=SA_RESTART|SA_SIGINFO
SIGXFSZ: [libjvm.so+0x7432d0], sa_mask[0]=11111111011111111101111111111110, sa_flags=SA_RESTART|SA_SIGINFO
SIGILL: [libjvm.so+0x7432d0], sa_mask[0]=11111111011111111101111111111110, sa_flags=SA_RESTART|SA_SIGINFO
SIGUSR1: SIG_DFL, sa_mask[0]=00000000000000000000000000000000, sa_flags=none
SIGUSR2: [libjvm.so+0x744860], sa_mask[0]=00100000000000000000000000000000, sa_flags=SA_RESTART|SA_SIGINFO
SIGHUP: [libjvm.so+0x745d10], sa_mask[0]=11111111011111111101111111111110, sa_flags=SA_RESTART|SA_SIGINFO
SIGINT: SIG_IGN, sa_mask[0]=00000000000000000000000000000000, sa_flags=none
SIGTERM: [libjvm.so+0x745d10], sa_mask[0]=11111111011111111101111111111110, sa_flags=SA_RESTART|SA_SIGINFO
SIGQUIT: [libjvm.so+0x745d10], sa_mask[0]=11111111011111111101111111111110, sa_flags=SA_RESTART|SA_SIGINFO


---------------  S Y S T E M  ---------------

OS:DISTRIB_ID=Ubuntu
DISTRIB_RELEASE=12.04
DISTRIB_CODENAME=precise
DISTRIB_DESCRIPTION="Ubuntu 12.04.5 LTS"

uname:Linux 3.2.0-24-generic-pae #39-Ubuntu SMP Mon May 21 18:54:21 UTC 2012 i686
libc:glibc 2.15 NPTL 2.15 
rlimit: STACK 8192k, CORE 0k, NPROC 23509, NOFILE 4096, AS infinity
load average:2.21 1.97 1.72

/proc/meminfo:
MemTotal:        3023804 kB
MemFree:          155396 kB
Buffers:             528 kB
Cached:           114492 kB
SwapCached:            0 kB
Active:          2645568 kB
Inactive:          95416 kB
Active(anon):    2627304 kB
Inactive(anon):    88072 kB
Active(file):      18264 kB
Inactive(file):     7344 kB
Unevictable:          48 kB
Mlocked:              48 kB
HighTotal:       2157824 kB
HighFree:          18452 kB
LowTotal:         865980 kB
LowFree:          136944 kB
SwapTotal:             0 kB
SwapFree:              0 kB
Dirty:              2808 kB
Writeback:             0 kB
AnonPages:       2626620 kB
Mapped:           105984 kB
Shmem:             89012 kB
Slab:              47292 kB
SReclaimable:      20708 kB
SUnreclaim:        26584 kB
KernelStack:        5640 kB
PageTables:        21360 kB
NFS_Unstable:          0 kB
Bounce:                0 kB
WritebackTmp:          0 kB
CommitLimit:     1511900 kB
Committed_AS:    8957968 kB
VmallocTotal:     122880 kB
VmallocUsed:       54264 kB
VmallocChunk:      62440 kB
HardwareCorrupted:     0 kB
AnonHugePages:         0 kB
HugePages_Total:       0
HugePages_Free:        0
HugePages_Rsvd:        0
HugePages_Surp:        0
Hugepagesize:       2048 kB
DirectMap4k:        8184 kB
DirectMap2M:      905216 kB


CPU:total 4 (2 cores per cpu, 2 threads per core) family 6 model 37 stepping 5, cmov, cx8, fxsr, mmx, sse, sse2, sse3, ssse3, sse4.1, sse4.2, popcnt, ht, tsc, tscinvbit

/proc/cpuinfo:
processor	: 0
vendor_id	: GenuineIntel
cpu family	: 6
model		: 37
model name	: Intel(R) Core(TM) i3 CPU       M 380  @ 2.53GHz
stepping	: 5
microcode	: 0x2
cpu MHz		: 2533.000
cache size	: 3072 KB
physical id	: 0
siblings	: 4
core id		: 0
cpu cores	: 2
apicid		: 0
initial apicid	: 0
fdiv_bug	: no
hlt_bug		: no
f00f_bug	: no
coma_bug	: no
fpu		: yes
fpu_exception	: yes
cpuid level	: 11
wp		: yes
flags		: fpu vme de pse tsc msr pae mce cx8 apic sep mtrr pge mca cmov pat pse36 clflush dts acpi mmx fxsr sse sse2 ss ht tm pbe nx rdtscp lm constant_tsc arch_perfmon pebs bts xtopology nonstop_tsc aperfmperf pni dtes64 monitor ds_cpl vmx est tm2 ssse3 cx16 xtpr pdcm pcid sse4_1 sse4_2 popcnt lahf_lm arat dts tpr_shadow vnmi flexpriority ept vpid
bogomips	: 5054.14
clflush size	: 64
cache_alignment	: 64
address sizes	: 36 bits physical, 48 bits virtual
power management:

processor	: 1
vendor_id	: GenuineIntel
cpu family	: 6
model		: 37
model name	: Intel(R) Core(TM) i3 CPU       M 380  @ 2.53GHz
stepping	: 5
microcode	: 0x2
cpu MHz		: 933.000
cache size	: 3072 KB
physical id	: 0
siblings	: 4
core id		: 0
cpu cores	: 2
apicid		: 1
initial apicid	: 1
fdiv_bug	: no
hlt_bug		: no
f00f_bug	: no
coma_bug	: no
fpu		: yes
fpu_exception	: yes
cpuid level	: 11
wp		: yes
flags		: fpu vme de pse tsc msr pae mce cx8 apic sep mtrr pge mca cmov pat pse36 clflush dts acpi mmx fxsr sse sse2 ss ht tm pbe nx rdtscp lm constant_tsc arch_perfmon pebs bts xtopology nonstop_tsc aperfmperf pni dtes64 monitor ds_cpl vmx est tm2 ssse3 cx16 xtpr pdcm pcid sse4_1 sse4_2 popcnt lahf_lm arat dts tpr_shadow vnmi flexpriority ept vpid
bogomips	: 5053.86
clflush size	: 64
cache_alignment	: 64
address sizes	: 36 bits physical, 48 bits virtual
power management:

processor	: 2
vendor_id	: GenuineIntel
cpu family	: 6
model		: 37
model name	: Intel(R) Core(TM) i3 CPU       M 380  @ 2.53GHz
stepping	: 5
microcode	: 0x2
cpu MHz		: 933.000
cache size	: 3072 KB
physical id	: 0
siblings	: 4
core id		: 2
cpu cores	: 2
apicid		: 4
initial apicid	: 4
fdiv_bug	: no
hlt_bug		: no
f00f_bug	: no
coma_bug	: no
fpu		: yes
fpu_exception	: yes
cpuid level	: 11
wp		: yes
flags		: fpu vme de pse tsc msr pae mce cx8 apic sep mtrr pge mca cmov pat pse36 clflush dts acpi mmx fxsr sse sse2 ss ht tm pbe nx rdtscp lm constant_tsc arch_perfmon pebs bts xtopology nonstop_tsc aperfmperf pni dtes64 monitor ds_cpl vmx est tm2 ssse3 cx16 xtpr pdcm pcid sse4_1 sse4_2 popcnt lahf_lm arat dts tpr_shadow vnmi flexpriority ept vpid
bogomips	: 5053.89
clflush size	: 64
cache_alignment	: 64
address sizes	: 36 bits physical, 48 bits virtual
power management:

processor	: 3
vendor_id	: GenuineIntel
cpu family	: 6
model		: 37
model name	: Intel(R) Core(TM) i3 CPU       M 380  @ 2.53GHz
stepping	: 5
microcode	: 0x2
cpu MHz		: 1066.000
cache size	: 3072 KB
physical id	: 0
siblings	: 4
core id		: 2
cpu cores	: 2
apicid		: 5
initial apicid	: 5
fdiv_bug	: no
hlt_bug		: no
f00f_bug	: no
coma_bug	: no
fpu		: yes
fpu_exception	: yes
cpuid level	: 11
wp		: yes
flags		: fpu vme de pse tsc msr pae mce cx8 apic sep mtrr pge mca cmov pat pse36 clflush dts acpi mmx fxsr sse sse2 ss ht tm pbe nx rdtscp lm constant_tsc arch_perfmon pebs bts xtopology nonstop_tsc aperfmperf pni dtes64 monitor ds_cpl vmx est tm2 ssse3 cx16 xtpr pdcm pcid sse4_1 sse4_2 popcnt lahf_lm arat dts tpr_shadow vnmi flexpriority ept vpid
bogomips	: 5053.88
clflush size	: 64
cache_alignment	: 64
address sizes	: 36 bits physical, 48 bits virtual
power management:



Memory: 4k page, physical 3023804k(155396k free), swap 0k(0k free)

vm_info: Java HotSpot(TM) Server VM (25.45-b02) for linux-x86 JRE (1.8.0_45-b14), built on Apr 10 2015 10:38:30 by "java_re" with gcc 4.3.0 20080428 (Red Hat 4.3.0-8)

time: Thu Dec 17 18:10:13 2015
elapsed time: 4 seconds (0d 0h 0m 4s)

