#
# There is insufficient memory for the Java Runtime Environment to continue.
# Native memory allocation (mmap) failed to map 32768 bytes for committing reserved memory.
# Possible reasons:
#   The system is out of physical RAM or swap space
#   In 32 bit mode, the process size limit was hit
# Possible solutions:
#   Reduce memory load on the system
#   Increase physical memory or swap space
#   Check if swap backing store is full
#   Use 64 bit Java on a 64 bit OS
#   Decrease Java heap size (-Xmx/-Xms)
#   Decrease number of Java threads
#   Decrease Java thread stack sizes (-Xss)
#   Set larger code cache with -XX:ReservedCodeCacheSize=
# This output file may be truncated or incomplete.
#
#  Out of Memory Error (os_linux.cpp:2673), pid=7870, tid=1670380352
#
# JRE version: Java(TM) SE Runtime Environment (8.0_45-b14) (build 1.8.0_45-b14)
# Java VM: Java HotSpot(TM) Server VM (25.45-b02 mixed mode linux-x86 )
# Failed to write core dump. Core dumps have been disabled. To enable core dumping, try "ulimit -c unlimited" before starting Java again
#

---------------  T H R E A D  ---------------

Current thread (0x63ba3000):  JavaThread "C2 CompilerThread0" daemon [_thread_in_vm, id=7926, stack(0x6387f000,0x63900000)]

Stack: [0x6387f000,0x63900000],  sp=0x638fdb90,  free space=506k
Native frames: (J=compiled Java code, j=interpreted, Vv=VM code, C=native code)
V  [libjvm.so+0x8c1ecf]  VMError::report_and_die()+0x16f
V  [libjvm.so+0x386495]  report_vm_out_of_memory(char const*, int, unsigned int, VMErrorType, char const*)+0x55
V  [libjvm.so+0x7467a6]  os::Linux::commit_memory_impl(char*, unsigned int, bool)+0xe6
V  [libjvm.so+0x746bc8]  os::pd_commit_memory(char*, unsigned int, unsigned int, bool)+0x28
V  [libjvm.so+0x7402ec]  os::commit_memory(char*, unsigned int, unsigned int, bool)+0x2c
V  [libjvm.so+0x8bde6c]  VirtualSpace::expand_by(unsigned int, bool)+0x20c
V  [libjvm.so+0x498cf5]  CodeHeap::expand_by(unsigned int)+0x65
V  [libjvm.so+0x319d42]  CodeCache::allocate(int, bool)+0x72
V  [libjvm.so+0x71976e]  nmethod::new_nmethod(methodHandle, int, int, CodeOffsets*, int, DebugInformationRecorder*, Dependencies*, CodeBuffer*, int, OopMapSet*, ExceptionHandlerTable*, ImplicitExceptionTable*, AbstractCompiler*, int)+0x1ae
V  [libjvm.so+0x2b0edb]  ciEnv::register_method(ciMethod*, int, CodeOffsets*, int, CodeBuffer*, int, OopMapSet*, ExceptionHandlerTable*, ImplicitExceptionTable*, AbstractCompiler*, int, bool, bool, RTMState)+0x37b
V  [libjvm.so+0x339515]  Compile::Compile(ciEnv*, C2Compiler*, ciMethod*, int, bool, bool, bool)+0x13c5
V  [libjvm.so+0x28fe74]  C2Compiler::compile_method(ciEnv*, ciMethod*, int)+0x1b4
V  [libjvm.so+0x343b51]  CompileBroker::invoke_compiler_on_method(CompileTask*)+0xda1
V  [libjvm.so+0x344967]  CompileBroker::compiler_thread_loop()+0x567
V  [libjvm.so+0x86b548]  compiler_thread_entry(JavaThread*, Thread*)+0x18
V  [libjvm.so+0x876229]  JavaThread::thread_main_inner()+0x109
V  [libjvm.so+0x8763ab]  JavaThread::run()+0x14b
V  [libjvm.so+0x749049]  java_start(Thread*)+0x119
C  [libpthread.so.0+0x6d4c]  start_thread+0xcc
C  [libc.so.6+0xeeb8e]  clone+0x5e


Current CompileTask:
C2:   3914  890       4       java.util.HashMap::getNode (148 bytes)


---------------  P R O C E S S  ---------------

Java Threads: ( => current thread )
  0x63219800 JavaThread "pool-1-thread-4" [_thread_blocked, id=7967, stack(0x6310d000,0x6315e000)]
  0x63217400 JavaThread "pool-1-thread-3" [_thread_blocked, id=7966, stack(0x6315e000,0x631af000)]
  0x6320bc00 JavaThread "pool-1-thread-2" [_thread_blocked, id=7963, stack(0x631af000,0x63200000)]
  0x63204400 JavaThread "pool-2-thread-1" [_thread_blocked, id=7961, stack(0x6332c000,0x6337d000)]
  0x63203400 JavaThread "pool-1-thread-1" [_thread_blocked, id=7960, stack(0x6382e000,0x6387f000)]
  0x63ba9800 JavaThread "Service Thread" daemon [_thread_blocked, id=7940, stack(0x6682e000,0x6687f000)]
  0x63ba6400 JavaThread "C1 CompilerThread2" daemon [_thread_blocked, id=7933, stack(0x633fe000,0x6347f000)]
  0x63ba5000 JavaThread "C2 CompilerThread1" daemon [_thread_in_vm, id=7929, stack(0x6347f000,0x63500000)]
=>0x63ba3000 JavaThread "C2 CompilerThread0" daemon [_thread_in_vm, id=7926, stack(0x6387f000,0x63900000)]
  0x63ba1c00 JavaThread "Signal Dispatcher" daemon [_thread_blocked, id=7925, stack(0x66b2e000,0x66b7f000)]
  0x63b86000 JavaThread "Finalizer" daemon [_thread_blocked, id=7922, stack(0x66d2d000,0x66d7e000)]
  0x63b84800 JavaThread "Reference Handler" daemon [_thread_blocked, id=7916, stack(0x63a2e000,0x63a7f000)]
  0xb6607800 JavaThread "main" [_thread_blocked, id=7892, stack(0xb6753000,0xb67a4000)]

Other Threads:
  0x63b81400 VMThread [stack: 0x63a7f000,0x63b00000] [id=7913]
  0x63bab400 WatcherThread [stack: 0x6337d000,0x633fe000] [id=7945]

VM state:not at safepoint (normal execution)

VM Mutex/Monitor currently owned by a thread:  ([mutex/lock_event])
[0xb6604578] CodeCache_lock - owner thread: 0x63ba3000
[0xb66057c0] Compile_lock - owner thread: 0x63ba3000
[0xb6605890] MethodCompileQueue_lock - owner thread: 0x63ba3000

Heap:
 PSYoungGen      total 26624K, used 3836K [0x91ac0000, 0x936c0000, 0xa7000000)
  eden space 24576K, 7% used [0x91ac0000,0x91c800c8,0x932c0000)
  from space 2048K, 99% used [0x934c0000,0x936bef38,0x936c0000)
  to   space 2048K, 0% used [0x932c0000,0x932c0000,0x934c0000)
 ParOldGen       total 32768K, used 3024K [0x67000000, 0x69000000, 0x91ac0000)
  object space 32768K, 9% used [0x67000000,0x672f4238,0x69000000)
 Metaspace       used 3689K, capacity 3718K, committed 3736K, reserved 4400K

Card table byte_map: [0x66dff000,0x67000000] byte_map_base: 0x66ac7000

Marking Bits: (ParMarkBitMap*) 0xb71c0960
 Begin Bits: [0x64700000, 0x65700000)
 End Bits:   [0x65700000, 0x66700000)

Polling page: 0xb77be000

CodeCache: size=245760Kb used=2299Kb max_used=2299Kb free=243460Kb
 bounds [0xa75b3000, 0xa77f3000, 0xb65b3000]
 total_blobs=972 nmethods=809 adapters=75
 compilation: enabled

Compilation events (10 events):
Event: 3.641 Thread 0x63ba6400 nmethod 692 0xa77deac8 code [0xa77debe0, 0xa77ded00]
Event: 3.641 Thread 0x63ba6400  694       3       com.android.dx.ssa.Dominators$DFSInfo::<init> (16 bytes)
Event: 3.641 Thread 0x63ba6400 nmethod 694 0xa77ded88 code [0xa77deec0, 0xa77df180]
Event: 3.641 Thread 0x63ba6400  696       3       com.android.dx.ssa.SsaBasicBlock::addDomChild (10 bytes)
Event: 3.642 Thread 0x63ba6400 nmethod 696 0xa77df308 code [0xa77df460, 0xa77df86c]
Event: 3.642 Thread 0x63ba6400  697       3       com.android.dx.ssa.SetFactory::makeDomFrontSet (26 bytes)
Event: 3.642 Thread 0x63ba6400 nmethod 697 0xa77dfb48 code [0xa77dfca0, 0xa77dffac]
Event: 3.642 Thread 0x63ba6400  893   !   2       com.android.dx.cf.code.RopperMachine::run (1550 bytes)
Event: 3.665 Thread 0x63ba6400 nmethod 893 0xa77e35c8 code [0xa77e41e0, 0xa77e845c]
Event: 3.666 Thread 0x63ba6400  904       2       java.util.TreeMap::getEntry (84 bytes)

GC Heap History (4 events):
Event: 2.390 GC heap before
{Heap before GC invocations=1 (full 0):
 PSYoungGen      total 14336K, used 12288K [0x91ac0000, 0x92ac0000, 0xa7000000)
  eden space 12288K, 100% used [0x91ac0000,0x926c0000,0x926c0000)
  from space 2048K, 0% used [0x928c0000,0x928c0000,0x92ac0000)
  to   space 2048K, 0% used [0x926c0000,0x926c0000,0x928c0000)
 ParOldGen       total 32768K, used 0K [0x67000000, 0x69000000, 0x91ac0000)
  object space 32768K, 0% used [0x67000000,0x67000000,0x69000000)
 Metaspace       used 3520K, capacity 3550K, committed 3608K, reserved 4400K
Event: 2.431 GC heap after
Heap after GC invocations=1 (full 0):
 PSYoungGen      total 14336K, used 2040K [0x91ac0000, 0x936c0000, 0xa7000000)
  eden space 12288K, 0% used [0x91ac0000,0x91ac0000,0x926c0000)
  from space 2048K, 99% used [0x926c0000,0x928be178,0x928c0000)
  to   space 2048K, 0% used [0x934c0000,0x934c0000,0x936c0000)
 ParOldGen       total 32768K, used 1340K [0x67000000, 0x69000000, 0x91ac0000)
  object space 32768K, 4% used [0x67000000,0x6714f3b8,0x69000000)
 Metaspace       used 3520K, capacity 3550K, committed 3608K, reserved 4400K
}
Event: 3.340 GC heap before
{Heap before GC invocations=2 (full 0):
 PSYoungGen      total 14336K, used 14328K [0x91ac0000, 0x936c0000, 0xa7000000)
  eden space 12288K, 100% used [0x91ac0000,0x926c0000,0x926c0000)
  from space 2048K, 99% used [0x926c0000,0x928be178,0x928c0000)
  to   space 2048K, 0% used [0x934c0000,0x934c0000,0x936c0000)
 ParOldGen       total 32768K, used 1340K [0x67000000, 0x69000000, 0x91ac0000)
  object space 32768K, 4% used [0x67000000,0x6714f3b8,0x69000000)
 Metaspace       used 3677K, capacity 3718K, committed 3736K, reserved 4400K
Event: 3.361 GC heap after
Heap after GC invocations=2 (full 0):
 PSYoungGen      total 26624K, used 2043K [0x91ac0000, 0x936c0000, 0xa7000000)
  eden space 24576K, 0% used [0x91ac0000,0x91ac0000,0x932c0000)
  from space 2048K, 99% used [0x934c0000,0x936bef38,0x936c0000)
  to   space 2048K, 0% used [0x932c0000,0x932c0000,0x934c0000)
 ParOldGen       total 32768K, used 3024K [0x67000000, 0x69000000, 0x91ac0000)
  object space 32768K, 9% used [0x67000000,0x672f4238,0x69000000)
 Metaspace       used 3677K, capacity 3718K, committed 3736K, reserved 4400K
}

Deoptimization events (9 events):
Event: 1.140 Thread 0xb6607800 Uncommon trap: reason=unstable_if action=reinterpret pc=0xa76a99b8 method=java.lang.String.indexOf(II)I @ 49
Event: 2.292 Thread 0x63219800 Uncommon trap: reason=unstable_if action=reinterpret pc=0xa7728208 method=java.util.BitSet.nextSetBit(I)I @ 87
Event: 2.522 Thread 0x63203400 Uncommon trap: reason=unstable_if action=reinterpret pc=0xa771bc40 method=java.util.HashMap.getNode(ILjava/lang/Object;)Ljava/util/HashMap$Node; @ 129
Event: 2.526 Thread 0x63203400 Uncommon trap: reason=class_check action=maybe_recompile pc=0xa773d14c method=com.android.dx.ssa.NormalSsaInsn.accept(Lcom/android/dx/ssa/SsaInsn$Visitor;)V @ 9
Event: 2.535 Thread 0x63219800 Uncommon trap: reason=unstable_if action=reinterpret pc=0xa7704734 method=java.lang.String.replace(CC)Ljava/lang/String; @ 26
Event: 2.626 Thread 0x63203400 Uncommon trap: reason=class_check action=maybe_recompile pc=0xa773d14c method=com.android.dx.ssa.NormalSsaInsn.accept(Lcom/android/dx/ssa/SsaInsn$Visitor;)V @ 9
Event: 2.626 Thread 0x63203400 Uncommon trap: reason=class_check action=maybe_recompile pc=0xa773d14c method=com.android.dx.ssa.NormalSsaInsn.accept(Lcom/android/dx/ssa/SsaInsn$Visitor;)V @ 9
Event: 2.626 Thread 0x63203400 Uncommon trap: reason=class_check action=maybe_recompile pc=0xa773d14c method=com.android.dx.ssa.NormalSsaInsn.accept(Lcom/android/dx/ssa/SsaInsn$Visitor;)V @ 9
Event: 2.711 Thread 0x63217400 Uncommon trap: reason=unstable_if action=reinterpret pc=0xa7729850 method=java.util.HashMap.getNode(ILjava/lang/Object;)Ljava/util/HashMap$Node; @ 62

Internal exceptions (2 events):
Event: 0.440 Thread 0xb6607800 Exception <a 'java/lang/NoSuchMethodError': Method sun.misc.Unsafe.defineClass(Ljava/lang/String;[BII)Ljava/lang/Class; name or signature does not match> (0x91ad0400) thrown at [/HUDSON/workspace/8-2-build-linux-i586/jdk8u45/3457/hotspot/src/share/vm/prim
Event: 0.440 Thread 0xb6607800 Exception <a 'java/lang/NoSuchMethodError': Method sun.misc.Unsafe.prefetchRead(Ljava/lang/Object;J)V name or signature does not match> (0x91ad0680) thrown at [/HUDSON/workspace/8-2-build-linux-i586/jdk8u45/3457/hotspot/src/share/vm/prims/jni.cpp, line 39

Events (10 events):
Event: 2.626 Thread 0x63203400 Uncommon trap: trap_request=0xffffffde fr.pc=0xa773d14c
Event: 2.626 Thread 0x63203400 DEOPT PACKING pc=0xa773d14c sp=0x6387d7e0
Event: 2.626 Thread 0x63203400 DEOPT UNPACKING pc=0xa75ede55 sp=0x6387d7b8 mode 2
Event: 2.666 loading class com/android/dx/cf/code/BytecodeArray$ConstantParserVisitor
Event: 2.666 loading class com/android/dx/cf/code/BytecodeArray$ConstantParserVisitor done
Event: 2.711 Thread 0x63217400 Uncommon trap: trap_request=0xffffff65 fr.pc=0xa7729850
Event: 2.711 Thread 0x63217400 DEOPT PACKING pc=0xa7729850 sp=0x631ad750
Event: 2.711 Thread 0x63217400 DEOPT UNPACKING pc=0xa75ede55 sp=0x631ad6f8 mode 2
Event: 3.321 Executing VM operation: ParallelGCFailedAllocation
Event: 3.361 Executing VM operation: ParallelGCFailedAllocation done


Dynamic libraries:
08048000-08049000 r-xp 00000000 08:08 3557484    /usr/lib/jvm/java-8-oracle/bin/java
08049000-0804a000 rw-p 00000000 08:08 3557484    /usr/lib/jvm/java-8-oracle/bin/java
08340000-08361000 rw-p 00000000 00:00 0          [heap]
62400000-624fc000 rw-p 00000000 00:00 0 
624fc000-62500000 ---p 00000000 00:00 0 
62600000-626e6000 rw-p 00000000 00:00 0 
626e6000-62700000 ---p 00000000 00:00 0 
62700000-62746000 rw-p 00000000 00:00 0 
62746000-62800000 ---p 00000000 00:00 0 
62800000-628ea000 rw-p 00000000 00:00 0 
628ea000-62900000 ---p 00000000 00:00 0 
62900000-62a00000 rw-p 00000000 00:00 0 
62a00000-62aff000 rw-p 00000000 00:00 0 
62aff000-62b00000 ---p 00000000 00:00 0 
62c00000-62cf9000 rw-p 00000000 00:00 0 
62cf9000-62d00000 ---p 00000000 00:00 0 
62e00000-62efa000 rw-p 00000000 00:00 0 
62efa000-62f00000 ---p 00000000 00:00 0 
62f00000-62ffe000 rw-p 00000000 00:00 0 
62ffe000-63000000 ---p 00000000 00:00 0 
63000000-630ff000 rw-p 00000000 00:00 0 
630ff000-63100000 ---p 00000000 00:00 0 
6310d000-63110000 ---p 00000000 00:00 0 
63110000-6315e000 rw-p 00000000 00:00 0 
6315e000-63161000 ---p 00000000 00:00 0 
63161000-631af000 rw-p 00000000 00:00 0 
631af000-631b2000 ---p 00000000 00:00 0 
631b2000-63200000 rw-p 00000000 00:00 0 
63200000-63261000 rw-p 00000000 00:00 0 
63261000-63300000 ---p 00000000 00:00 0 
6332c000-6332f000 ---p 00000000 00:00 0 
6332f000-6337d000 rw-p 00000000 00:00 0 
6337d000-6337e000 ---p 00000000 00:00 0 
6337e000-633fe000 rw-p 00000000 00:00 0 
633fe000-63401000 ---p 00000000 00:00 0 
63401000-6347f000 rw-p 00000000 00:00 0 
6347f000-63482000 ---p 00000000 00:00 0 
63482000-63500000 rw-p 00000000 00:00 0 
63500000-63700000 r--p 00000000 08:08 3546503    /usr/lib/locale/locale-archive
63700000-63721000 rw-p 00000000 00:00 0 
63721000-63800000 ---p 00000000 00:00 0 
6382e000-63831000 ---p 00000000 00:00 0 
63831000-6387f000 rw-p 00000000 00:00 0 
6387f000-63882000 ---p 00000000 00:00 0 
63882000-63900000 rw-p 00000000 00:00 0 
63900000-639f9000 rw-p 00000000 00:00 0 
639f9000-63a00000 ---p 00000000 00:00 0 
63a2e000-63a31000 ---p 00000000 00:00 0 
63a31000-63a7f000 rw-p 00000000 00:00 0 
63a7f000-63a80000 ---p 00000000 00:00 0 
63a80000-63b00000 rw-p 00000000 00:00 0 
63b00000-63bff000 rw-p 00000000 00:00 0 
63bff000-63c00000 ---p 00000000 00:00 0 
63c31000-63c80000 rw-p 00000000 00:00 0 
63c80000-63e59000 r--s 03d09000 08:08 3674049    /usr/lib/jvm/java-8-oracle/jre/lib/rt.jar
63e59000-6425a000 rw-p 00000000 00:00 0 
6425a000-64300000 ---p 00000000 00:00 0 
64300000-66700000 rw-p 00000000 00:00 0 
66700000-667fb000 rw-p 00000000 00:00 0 
667fb000-66800000 ---p 00000000 00:00 0 
6682e000-66831000 ---p 00000000 00:00 0 
66831000-6687f000 rw-p 00000000 00:00 0 
6687f000-66880000 ---p 00000000 00:00 0 
66880000-66900000 rw-p 00000000 00:00 0 
66900000-669ff000 rw-p 00000000 00:00 0 
669ff000-66a00000 ---p 00000000 00:00 0 
66a00000-66a21000 rw-p 00000000 00:00 0 
66a21000-66b00000 ---p 00000000 00:00 0 
66b2e000-66b31000 ---p 00000000 00:00 0 
66b31000-66b7f000 rw-p 00000000 00:00 0 
66b7f000-66b80000 ---p 00000000 00:00 0 
66b80000-66c00000 rw-p 00000000 00:00 0 
66c00000-66c21000 rw-p 00000000 00:00 0 
66c21000-66d00000 ---p 00000000 00:00 0 
66d1b000-66d2d000 r--s 000c6000 08:07 1329454    /home/terry/Desktop/foodsearch/app/build/intermediates/exploded-aar/com.android.support/support-v4/22.2.0/jars/classes.jar
66d2d000-66d30000 ---p 00000000 00:00 0 
66d30000-66d7e000 rw-p 00000000 00:00 0 
66d7e000-66d7f000 ---p 00000000 00:00 0 
66d7f000-66e0f000 rw-p 00000000 00:00 0 
66e0f000-66f54000 ---p 00000000 00:00 0 
66f54000-66f63000 rw-p 00000000 00:00 0 
66f63000-66fff000 ---p 00000000 00:00 0 
66fff000-69000000 rw-p 00000000 00:00 0 
69000000-91ac0000 ---p 00000000 00:00 0 
91ac0000-936c0000 rw-p 00000000 00:00 0 
936c0000-a7000000 ---p 00000000 00:00 0 
a7004000-a701c000 rw-p 00000000 00:00 0 
a701c000-a701d000 ---p 00000000 00:00 0 
a701d000-a70ad000 rw-p 00000000 00:00 0 
a70ad000-a71f3000 ---p 00000000 00:00 0 
a71f3000-a71fc000 rw-p 00000000 00:00 0 
a71fc000-a75b3000 ---p 00000000 00:00 0 
a75b3000-a77f3000 rwxp 00000000 00:00 0 
a77fb000-b65b3000 ---p 00000000 00:00 0 
b65b3000-b65cc000 r-xp 00000000 08:08 3674077    /usr/lib/jvm/java-8-oracle/jre/lib/i386/libzip.so
b65cc000-b65cd000 rw-p 00018000 08:08 3674077    /usr/lib/jvm/java-8-oracle/jre/lib/i386/libzip.so
b65cd000-b65d8000 r-xp 00000000 08:08 1573072    /lib/i386-linux-gnu/libnss_files-2.15.so
b65d8000-b65d9000 r--p 0000a000 08:08 1573072    /lib/i386-linux-gnu/libnss_files-2.15.so
b65d9000-b65da000 rw-p 0000b000 08:08 1573072    /lib/i386-linux-gnu/libnss_files-2.15.so
b65da000-b65e4000 r-xp 00000000 08:08 1572926    /lib/i386-linux-gnu/libnss_nis-2.15.so
b65e4000-b65e5000 r--p 00009000 08:08 1572926    /lib/i386-linux-gnu/libnss_nis-2.15.so
b65e5000-b65e6000 rw-p 0000a000 08:08 1572926    /lib/i386-linux-gnu/libnss_nis-2.15.so
b65e6000-b65fc000 r-xp 00000000 08:08 1573082    /lib/i386-linux-gnu/libnsl-2.15.so
b65fc000-b65fd000 r--p 00015000 08:08 1573082    /lib/i386-linux-gnu/libnsl-2.15.so
b65fd000-b65fe000 rw-p 00016000 08:08 1573082    /lib/i386-linux-gnu/libnsl-2.15.so
b65fe000-b6600000 rw-p 00000000 00:00 0 
b6600000-b66fb000 rw-p 00000000 00:00 0 
b66fb000-b6700000 ---p 00000000 00:00 0 
b6705000-b670c000 r-xp 00000000 08:08 1573086    /lib/i386-linux-gnu/libnss_compat-2.15.so
b670c000-b670d000 r--p 00006000 08:08 1573086    /lib/i386-linux-gnu/libnss_compat-2.15.so
b670d000-b670e000 rw-p 00007000 08:08 1573086    /lib/i386-linux-gnu/libnss_compat-2.15.so
b6716000-b6725000 r--s 000df000 08:07 2104235    /home/terry/android-sdk-linux/build-tools/23.0.0_rc2/lib/dx.jar
b6725000-b6749000 r-xp 00000000 08:08 3674109    /usr/lib/jvm/java-8-oracle/jre/lib/i386/libjava.so
b6749000-b674a000 rw-p 00023000 08:08 3674109    /usr/lib/jvm/java-8-oracle/jre/lib/i386/libjava.so
b674a000-b6751000 r-xp 00000000 08:08 1573074    /lib/i386-linux-gnu/librt-2.15.so
b6751000-b6752000 r--p 00006000 08:08 1573074    /lib/i386-linux-gnu/librt-2.15.so
b6752000-b6753000 rw-p 00007000 08:08 1573074    /lib/i386-linux-gnu/librt-2.15.so
b6753000-b6756000 ---p 00000000 00:00 0 
b6756000-b67a4000 rw-p 00000000 00:00 0 
b67a4000-b67ce000 r-xp 00000000 08:08 1573083    /lib/i386-linux-gnu/libm-2.15.so
b67ce000-b67cf000 r--p 00029000 08:08 1573083    /lib/i386-linux-gnu/libm-2.15.so
b67cf000-b67d0000 rw-p 0002a000 08:08 1573083    /lib/i386-linux-gnu/libm-2.15.so
b67d0000-b7143000 r-xp 00000000 08:08 3674089    /usr/lib/jvm/java-8-oracle/jre/lib/i386/server/libjvm.so
b7143000-b71af000 rw-p 00972000 08:08 3674089    /usr/lib/jvm/java-8-oracle/jre/lib/i386/server/libjvm.so
b71af000-b75d5000 rw-p 00000000 00:00 0 
b75d5000-b7778000 r-xp 00000000 08:08 1573087    /lib/i386-linux-gnu/libc-2.15.so
b7778000-b777a000 r--p 001a3000 08:08 1573087    /lib/i386-linux-gnu/libc-2.15.so
b777a000-b777b000 rw-p 001a5000 08:08 1573087    /lib/i386-linux-gnu/libc-2.15.so
b777b000-b777e000 rw-p 00000000 00:00 0 
b777e000-b7781000 r-xp 00000000 08:08 1573085    /lib/i386-linux-gnu/libdl-2.15.so
b7781000-b7782000 r--p 00002000 08:08 1573085    /lib/i386-linux-gnu/libdl-2.15.so
b7782000-b7783000 rw-p 00003000 08:08 1573085    /lib/i386-linux-gnu/libdl-2.15.so
b7783000-b7797000 r-xp 00000000 08:08 3557613    /usr/lib/jvm/java-8-oracle/lib/i386/jli/libjli.so
b7797000-b7798000 rw-p 00014000 08:08 3557613    /usr/lib/jvm/java-8-oracle/lib/i386/jli/libjli.so
b7798000-b7799000 rw-p 00000000 00:00 0 
b7799000-b77b0000 r-xp 00000000 08:08 1573070    /lib/i386-linux-gnu/libpthread-2.15.so
b77b0000-b77b1000 r--p 00016000 08:08 1573070    /lib/i386-linux-gnu/libpthread-2.15.so
b77b1000-b77b2000 rw-p 00017000 08:08 1573070    /lib/i386-linux-gnu/libpthread-2.15.so
b77b2000-b77b4000 rw-p 00000000 00:00 0 
b77b4000-b77b5000 r--p 005e0000 08:08 3546503    /usr/lib/locale/locale-archive
b77b5000-b77bd000 rw-s 00000000 08:08 921852     /tmp/hsperfdata_terry/7870
b77bd000-b77be000 rw-p 00000000 00:00 0 
b77be000-b77bf000 r--p 00000000 00:00 0 
b77bf000-b77ca000 r-xp 00000000 08:08 3674103    /usr/lib/jvm/java-8-oracle/jre/lib/i386/libverify.so
b77ca000-b77cb000 rw-p 0000b000 08:08 3674103    /usr/lib/jvm/java-8-oracle/jre/lib/i386/libverify.so
b77cb000-b77cd000 rw-p 00000000 00:00 0 
b77cd000-b77ce000 r-xp 00000000 00:00 0          [vdso]
b77ce000-b77ee000 r-xp 00000000 08:08 1573075    /lib/i386-linux-gnu/ld-2.15.so
b77ee000-b77ef000 r--p 0001f000 08:08 1573075    /lib/i386-linux-gnu/ld-2.15.so
b77ef000-b77f0000 rw-p 00020000 08:08 1573075    /lib/i386-linux-gnu/ld-2.15.so
bff16000-bff17000 rwxp 00000000 00:00 0 
bff49000-bff6a000 rw-p 00000000 00:00 0          [stack]

VM Arguments:
jvm_args: -Xmx1024M -Dfile.encoding=UTF-8 -Duser.country=US -Duser.language=en -Duser.variant 
java_command: com.android.dx.command.Main --dex --num-threads=4 --output /home/terry/Desktop/foodsearch/app/build/intermediates/pre-dexed/debug/classes-d8afaf110838d4a7342763a84582492b0ec74fa4.jar /home/terry/Desktop/foodsearch/app/build/intermediates/exploded-aar/com.android.support/support-v4/22.2.0/jars/classes.jar
java_class_path (initial): /home/terry/android-sdk-linux/build-tools/23.0.0_rc2/lib/dx.jar
Launcher Type: SUN_STANDARD

Environment Variables:
CLASSPATH=/home/terry/android-studio/bin/../lib/bootstrap.jar:/home/terry/android-studio/bin/../lib/extensions.jar:/home/terry/android-studio/bin/../lib/util.jar:/home/terry/android-studio/bin/../lib/jdom.jar:/home/terry/android-studio/bin/../lib/log4j.jar:/home/terry/android-studio/bin/../lib/trove4j.jar:/home/terry/android-studio/bin/../lib/jna.jar:/usr/lib/jvm/java-8-oracle/lib/tools.jar
PATH=/usr/lib/lightdm/lightdm:/usr/local/sbin:/usr/local/bin:/usr/sbin:/usr/bin:/sbin:/bin:/usr/games
LD_LIBRARY_PATH=/home/terry/android-studio/bin:
SHELL=/bin/bash
DISPLAY=:0.0

Signal Handlers:
SIGSEGV: [libjvm.so+0x8c29a0], sa_mask[0]=11111111011111111101111111111110, sa_flags=SA_RESTART|SA_SIGINFO
SIGBUS: [libjvm.so+0x8c29a0], sa_mask[0]=11111111011111111101111111111110, sa_flags=SA_RESTART|SA_SIGINFO
SIGFPE: [libjvm.so+0x7432d0], sa_mask[0]=11111111011111111101111111111110, sa_flags=SA_RESTART|SA_SIGINFO
SIGPIPE: [libjvm.so+0x7432d0], sa_mask[0]=11111111011111111101111111111110, sa_flags=SA_RESTART|SA_SIGINFO
SIGXFSZ: [libjvm.so+0x7432d0], sa_mask[0]=11111111011111111101111111111110, sa_flags=SA_RESTART|SA_SIGINFO
SIGILL: [libjvm.so+0x7432d0], sa_mask[0]=11111111011111111101111111111110, sa_flags=SA_RESTART|SA_SIGINFO
SIGUSR1: SIG_DFL, sa_mask[0]=00000000000000000000000000000000, sa_flags=none
SIGUSR2: [libjvm.so+0x744860], sa_mask[0]=00100000000000000000000000000000, sa_flags=SA_RESTART|SA_SIGINFO
SIGHUP: [libjvm.so+0x745d10], sa_mask[0]=11111111011111111101111111111110, sa_flags=SA_RESTART|SA_SIGINFO
SIGINT: SIG_IGN, sa_mask[0]=00000000000000000000000000000000, sa_flags=none
SIGTERM: [libjvm.so+0x745d10], sa_mask[0]=11111111011111111101111111111110, sa_flags=SA_RESTART|SA_SIGINFO
SIGQUIT: [libjvm.so+0x745d10], sa_mask[0]=11111111011111111101111111111110, sa_flags=SA_RESTART|SA_SIGINFO


---------------  S Y S T E M  ---------------

OS:DISTRIB_ID=Ubuntu
DISTRIB_RELEASE=12.04
DISTRIB_CODENAME=precise
DISTRIB_DESCRIPTION="Ubuntu 12.04.5 LTS"

uname:Linux 3.2.0-24-generic-pae #39-Ubuntu SMP Mon May 21 18:54:21 UTC 2012 i686
libc:glibc 2.15 NPTL 2.15 
rlimit: STACK 8192k, CORE 0k, NPROC 23509, NOFILE 4096, AS infinity
load average:3.24 2.86 2.80

/proc/meminfo:
MemTotal:        3023804 kB
MemFree:          131200 kB
Buffers:             176 kB
Cached:           160584 kB
SwapCached:            0 kB
Active:          2622624 kB
Inactive:         137628 kB
Active(anon):    2600928 kB
Inactive(anon):   134832 kB
Active(file):      21696 kB
Inactive(file):     2796 kB
Unevictable:          16 kB
Mlocked:              16 kB
HighTotal:       2157824 kB
HighFree:           8124 kB
LowTotal:         865980 kB
LowFree:          123076 kB
SwapTotal:             0 kB
SwapFree:              0 kB
Dirty:               228 kB
Writeback:             0 kB
AnonPages:       2599824 kB
Mapped:           155980 kB
Shmem:            135952 kB
Slab:              43396 kB
SReclaimable:      18048 kB
SUnreclaim:        25348 kB
KernelStack:        5856 kB
PageTables:        20136 kB
NFS_Unstable:          0 kB
Bounce:                0 kB
WritebackTmp:          0 kB
CommitLimit:     1511900 kB
Committed_AS:    8506096 kB
VmallocTotal:     122880 kB
VmallocUsed:       54324 kB
VmallocChunk:      58528 kB
HardwareCorrupted:     0 kB
AnonHugePages:         0 kB
HugePages_Total:       0
HugePages_Free:        0
HugePages_Rsvd:        0
HugePages_Surp:        0
Hugepagesize:       2048 kB
DirectMap4k:       51192 kB
DirectMap2M:      862208 kB


CPU:total 4 (2 cores per cpu, 2 threads per core) family 6 model 37 stepping 5, cmov, cx8, fxsr, mmx, sse, sse2, sse3, ssse3, sse4.1, sse4.2, popcnt, ht, tsc, tscinvbit

/proc/cpuinfo:
processor	: 0
vendor_id	: GenuineIntel
cpu family	: 6
model		: 37
model name	: Intel(R) Core(TM) i3 CPU       M 380  @ 2.53GHz
stepping	: 5
microcode	: 0x2
cpu MHz		: 1199.000
cache size	: 3072 KB
physical id	: 0
siblings	: 4
core id		: 0
cpu cores	: 2
apicid		: 0
initial apicid	: 0
fdiv_bug	: no
hlt_bug		: no
f00f_bug	: no
coma_bug	: no
fpu		: yes
fpu_exception	: yes
cpuid level	: 11
wp		: yes
flags		: fpu vme de pse tsc msr pae mce cx8 apic sep mtrr pge mca cmov pat pse36 clflush dts acpi mmx fxsr sse sse2 ss ht tm pbe nx rdtscp lm constant_tsc arch_perfmon pebs bts xtopology nonstop_tsc aperfmperf pni dtes64 monitor ds_cpl vmx est tm2 ssse3 cx16 xtpr pdcm pcid sse4_1 sse4_2 popcnt lahf_lm arat dts tpr_shadow vnmi flexpriority ept vpid
bogomips	: 5054.52
clflush size	: 64
cache_alignment	: 64
address sizes	: 36 bits physical, 48 bits virtual
power management:

processor	: 1
vendor_id	: GenuineIntel
cpu family	: 6
model		: 37
model name	: Intel(R) Core(TM) i3 CPU       M 380  @ 2.53GHz
stepping	: 5
microcode	: 0x2
cpu MHz		: 1199.000
cache size	: 3072 KB
physical id	: 0
siblings	: 4
core id		: 0
cpu cores	: 2
apicid		: 1
initial apicid	: 1
fdiv_bug	: no
hlt_bug		: no
f00f_bug	: no
coma_bug	: no
fpu		: yes
fpu_exception	: yes
cpuid level	: 11
wp		: yes
flags		: fpu vme de pse tsc msr pae mce cx8 apic sep mtrr pge mca cmov pat pse36 clflush dts acpi mmx fxsr sse sse2 ss ht tm pbe nx rdtscp lm constant_tsc arch_perfmon pebs bts xtopology nonstop_tsc aperfmperf pni dtes64 monitor ds_cpl vmx est tm2 ssse3 cx16 xtpr pdcm pcid sse4_1 sse4_2 popcnt lahf_lm arat dts tpr_shadow vnmi flexpriority ept vpid
bogomips	: 5053.86
clflush size	: 64
cache_alignment	: 64
address sizes	: 36 bits physical, 48 bits virtual
power management:

processor	: 2
vendor_id	: GenuineIntel
cpu family	: 6
model		: 37
model name	: Intel(R) Core(TM) i3 CPU       M 380  @ 2.53GHz
stepping	: 5
microcode	: 0x2
cpu MHz		: 1199.000
cache size	: 3072 KB
physical id	: 0
siblings	: 4
core id		: 2
cpu cores	: 2
apicid		: 4
initial apicid	: 4
fdiv_bug	: no
hlt_bug		: no
f00f_bug	: no
coma_bug	: no
fpu		: yes
fpu_exception	: yes
cpuid level	: 11
wp		: yes
flags		: fpu vme de pse tsc msr pae mce cx8 apic sep mtrr pge mca cmov pat pse36 clflush dts acpi mmx fxsr sse sse2 ss ht tm pbe nx rdtscp lm constant_tsc arch_perfmon pebs bts xtopology nonstop_tsc aperfmperf pni dtes64 monitor ds_cpl vmx est tm2 ssse3 cx16 xtpr pdcm pcid sse4_1 sse4_2 popcnt lahf_lm arat dts tpr_shadow vnmi flexpriority ept vpid
bogomips	: 5053.89
clflush size	: 64
cache_alignment	: 64
address sizes	: 36 bits physical, 48 bits virtual
power management:

processor	: 3
vendor_id	: GenuineIntel
cpu family	: 6
model		: 37
model name	: Intel(R) Core(TM) i3 CPU       M 380  @ 2.53GHz
stepping	: 5
microcode	: 0x2
cpu MHz		: 2533.000
cache size	: 3072 KB
physical id	: 0
siblings	: 4
core id		: 2
cpu cores	: 2
apicid		: 5
initial apicid	: 5
fdiv_bug	: no
hlt_bug		: no
f00f_bug	: no
coma_bug	: no
fpu		: yes
fpu_exception	: yes
cpuid level	: 11
wp		: yes
flags		: fpu vme de pse tsc msr pae mce cx8 apic sep mtrr pge mca cmov pat pse36 clflush dts acpi mmx fxsr sse sse2 ss ht tm pbe nx rdtscp lm constant_tsc arch_perfmon pebs bts xtopology nonstop_tsc aperfmperf pni dtes64 monitor ds_cpl vmx est tm2 ssse3 cx16 xtpr pdcm pcid sse4_1 sse4_2 popcnt lahf_lm arat dts tpr_shadow vnmi flexpriority ept vpid
bogomips	: 5053.89
clflush size	: 64
cache_alignment	: 64
address sizes	: 36 bits physical, 48 bits virtual
power management:



Memory: 4k page, physical 3023804k(130208k free), swap 0k(0k free)

vm_info: Java HotSpot(TM) Server VM (25.45-b02) for linux-x86 JRE (1.8.0_45-b14), built on Apr 10 2015 10:38:30 by "java_re" with gcc 4.3.0 20080428 (Red Hat 4.3.0-8)

time: Tue Dec 15 23:31:52 2015
elapsed time: 5 seconds (0d 0h 0m 5s)

