#
# There is insufficient memory for the Java Runtime Environment to continue.
# Native memory allocation (mmap) failed to map 32768 bytes for committing reserved memory.
# Possible reasons:
#   The system is out of physical RAM or swap space
#   In 32 bit mode, the process size limit was hit
# Possible solutions:
#   Reduce memory load on the system
#   Increase physical memory or swap space
#   Check if swap backing store is full
#   Use 64 bit Java on a 64 bit OS
#   Decrease Java heap size (-Xmx/-Xms)
#   Decrease number of Java threads
#   Decrease Java thread stack sizes (-Xss)
#   Set larger code cache with -XX:ReservedCodeCacheSize=
# This output file may be truncated or incomplete.
#
#  Out of Memory Error (os_linux.cpp:2673), pid=7886, tid=1665657664
#
# JRE version: Java(TM) SE Runtime Environment (8.0_45-b14) (build 1.8.0_45-b14)
# Java VM: Java HotSpot(TM) Server VM (25.45-b02 mixed mode linux-x86 )
# Failed to write core dump. Core dumps have been disabled. To enable core dumping, try "ulimit -c unlimited" before starting Java again
#

---------------  T H R E A D  ---------------

Current thread (0x63ba6800):  JavaThread "C1 CompilerThread2" daemon [_thread_in_vm, id=7938, stack(0x633fe000,0x6347f000)]

Stack: [0x633fe000,0x6347f000],  sp=0x6347d430,  free space=509k
Native frames: (J=compiled Java code, j=interpreted, Vv=VM code, C=native code)
V  [libjvm.so+0x8c1ecf]  VMError::report_and_die()+0x16f
V  [libjvm.so+0x386495]  report_vm_out_of_memory(char const*, int, unsigned int, VMErrorType, char const*)+0x55
V  [libjvm.so+0x7467a6]  os::Linux::commit_memory_impl(char*, unsigned int, bool)+0xe6
V  [libjvm.so+0x746bc8]  os::pd_commit_memory(char*, unsigned int, unsigned int, bool)+0x28
V  [libjvm.so+0x7402ec]  os::commit_memory(char*, unsigned int, unsigned int, bool)+0x2c
V  [libjvm.so+0x8bde6c]  VirtualSpace::expand_by(unsigned int, bool)+0x20c
V  [libjvm.so+0x498cf5]  CodeHeap::expand_by(unsigned int)+0x65
V  [libjvm.so+0x319d42]  CodeCache::allocate(int, bool)+0x72
V  [libjvm.so+0x71976e]  nmethod::new_nmethod(methodHandle, int, int, CodeOffsets*, int, DebugInformationRecorder*, Dependencies*, CodeBuffer*, int, OopMapSet*, ExceptionHandlerTable*, ImplicitExceptionTable*, AbstractCompiler*, int)+0x1ae
V  [libjvm.so+0x2b0edb]  ciEnv::register_method(ciMethod*, int, CodeOffsets*, int, CodeBuffer*, int, OopMapSet*, ExceptionHandlerTable*, ImplicitExceptionTable*, AbstractCompiler*, int, bool, bool, RTMState)+0x37b
V  [libjvm.so+0x207f30]  Compilation::install_code(int)+0xa0
V  [libjvm.so+0x2092f1]  Compilation::compile_method()+0xc1
V  [libjvm.so+0x209567]  Compilation::Compilation(AbstractCompiler*, ciEnv*, ciMethod*, int, BufferBlob*)+0x207
V  [libjvm.so+0x20a32b]  Compiler::compile_method(ciEnv*, ciMethod*, int)+0x7b
V  [libjvm.so+0x343b51]  CompileBroker::invoke_compiler_on_method(CompileTask*)+0xda1
V  [libjvm.so+0x344967]  CompileBroker::compiler_thread_loop()+0x567
V  [libjvm.so+0x86b548]  compiler_thread_entry(JavaThread*, Thread*)+0x18
V  [libjvm.so+0x876229]  JavaThread::thread_main_inner()+0x109
V  [libjvm.so+0x8763ab]  JavaThread::run()+0x14b
V  [libjvm.so+0x749049]  java_start(Thread*)+0x119
C  [libpthread.so.0+0x6d4c]  start_thread+0xcc
C  [libc.so.6+0xeeb8e]  clone+0x5e


Current CompileTask:
C1:   3937  766       2       com.android.dx.cf.code.BaseMachine::getLocalTarget (151 bytes)


---------------  P R O C E S S  ---------------

Java Threads: ( => current thread )
  0x63239400 JavaThread "pool-1-thread-4" [_thread_blocked, id=7957, stack(0x6306b000,0x630bc000)]
  0x63235c00 JavaThread "pool-1-thread-3" [_thread_blocked, id=7956, stack(0x630bc000,0x6310d000)]
  0x63220400 JavaThread "pool-1-thread-2" [_thread_blocked, id=7952, stack(0x6310d000,0x6315e000)]
  0x6321ec00 JavaThread "pool-2-thread-1" [_thread_blocked, id=7950, stack(0x6315e000,0x631af000)]
  0x6321d800 JavaThread "pool-1-thread-1" [_thread_blocked, id=7949, stack(0x631af000,0x63200000)]
  0x63ba9c00 JavaThread "Service Thread" daemon [_thread_blocked, id=7941, stack(0x633ad000,0x633fe000)]
=>0x63ba6800 JavaThread "C1 CompilerThread2" daemon [_thread_in_vm, id=7938, stack(0x633fe000,0x6347f000)]
  0x63ba5000 JavaThread "C2 CompilerThread1" daemon [_thread_in_vm, id=7937, stack(0x6347f000,0x63500000)]
  0x63ba3400 JavaThread "C2 CompilerThread0" daemon [_thread_blocked, id=7936, stack(0x6382e000,0x638af000)]
  0x63ba1c00 JavaThread "Signal Dispatcher" daemon [_thread_blocked, id=7928, stack(0x638af000,0x63900000)]
  0x63b86000 JavaThread "Finalizer" daemon [_thread_blocked, id=7921, stack(0x6682e000,0x6687f000)]
  0x63b84800 JavaThread "Reference Handler" daemon [_thread_blocked, id=7917, stack(0x63a2e000,0x63a7f000)]
  0xb6507800 JavaThread "main" [_thread_blocked, id=7895, stack(0xb66b2000,0xb6703000)]

Other Threads:
  0x63b81400 VMThread [stack: 0x63a7f000,0x63b00000] [id=7914]
  0x63bb4c00 WatcherThread [stack: 0x6332c000,0x633ad000] [id=7943]

VM state:not at safepoint (normal execution)

VM Mutex/Monitor currently owned by a thread:  ([mutex/lock_event])
[0xb6504578] CodeCache_lock - owner thread: 0x63ba6800
[0xb65057c0] Compile_lock - owner thread: 0x63ba6800
[0xb6505890] MethodCompileQueue_lock - owner thread: 0x63ba6800

Heap:
 PSYoungGen      total 26624K, used 12859K [0x91ac0000, 0x936c0000, 0xa7000000)
  eden space 24576K, 44% used [0x91ac0000,0x9254fae8,0x932c0000)
  from space 2048K, 99% used [0x934c0000,0x936bf338,0x936c0000)
  to   space 2048K, 0% used [0x932c0000,0x932c0000,0x934c0000)
 ParOldGen       total 32768K, used 3721K [0x67000000, 0x69000000, 0x91ac0000)
  object space 32768K, 11% used [0x67000000,0x673a2480,0x69000000)
 Metaspace       used 3663K, capacity 3678K, committed 3736K, reserved 4400K

Card table byte_map: [0x66dff000,0x67000000] byte_map_base: 0x66ac7000

Marking Bits: (ParMarkBitMap*) 0xb711f960
 Begin Bits: [0x64700000, 0x65700000)
 End Bits:   [0x65700000, 0x66700000)

Polling page: 0xb771d000

CodeCache: size=245760Kb used=2296Kb max_used=2296Kb free=243463Kb
 bounds [0xa7500000, 0xa7740000, 0xb6500000]
 total_blobs=940 nmethods=779 adapters=75
 compilation: enabled

Compilation events (10 events):
Event: 3.614 Thread 0x63ba6800 nmethod 873 0xa773cf08 code [0xa773d000, 0xa773d0c0]
Event: 3.614 Thread 0x63ba6800  874       2       com.android.dx.dex.code.RopTranslator$TranslationVisitor::visitPlainInsn (161 bytes)
Event: 3.625 Thread 0x63ba6800 nmethod 874 0xa773d148 code [0xa773d320, 0xa773d7b8]
Event: 3.625 Thread 0x63ba6800  907       2       com.android.dx.ssa.SCCP::addUsersToWorklist (103 bytes)
Event: 3.627 Thread 0x63ba6800 nmethod 907 0xa773df08 code [0xa773e0e0, 0xa773e5f8]
Event: 3.627 Thread 0x63ba6800  902       2       com.android.dx.ssa.back.IdenticalBlockCombiner::combineBlocks (102 bytes)
Event: 3.627 Thread 0x63ba6800 nmethod 902 0xa773edc8 code [0xa773ef40, 0xa773f1c8]
Event: 3.627 Thread 0x63ba6800  768       2       com.android.dx.cf.code.BaseMachine::clearArgs (56 bytes)
Event: 3.628 Thread 0x63ba6800 nmethod 768 0xa773f588 code [0xa773f680, 0xa773f7e0]
Event: 3.628 Thread 0x63ba6800  766       2       com.android.dx.cf.code.BaseMachine::getLocalTarget (151 bytes)

GC Heap History (4 events):
Event: 2.425 GC heap before
{Heap before GC invocations=1 (full 0):
 PSYoungGen      total 14336K, used 12288K [0x91ac0000, 0x92ac0000, 0xa7000000)
  eden space 12288K, 100% used [0x91ac0000,0x926c0000,0x926c0000)
  from space 2048K, 0% used [0x928c0000,0x928c0000,0x92ac0000)
  to   space 2048K, 0% used [0x926c0000,0x926c0000,0x928c0000)
 ParOldGen       total 32768K, used 0K [0x67000000, 0x69000000, 0x91ac0000)
  object space 32768K, 0% used [0x67000000,0x67000000,0x69000000)
 Metaspace       used 3540K, capacity 3582K, committed 3608K, reserved 4400K
Event: 2.455 GC heap after
Heap after GC invocations=1 (full 0):
 PSYoungGen      total 14336K, used 2039K [0x91ac0000, 0x936c0000, 0xa7000000)
  eden space 12288K, 0% used [0x91ac0000,0x91ac0000,0x926c0000)
  from space 2048K, 99% used [0x926c0000,0x928bddb8,0x928c0000)
  to   space 2048K, 0% used [0x934c0000,0x934c0000,0x936c0000)
 ParOldGen       total 32768K, used 1786K [0x67000000, 0x69000000, 0x91ac0000)
  object space 32768K, 5% used [0x67000000,0x671be900,0x69000000)
 Metaspace       used 3540K, capacity 3582K, committed 3608K, reserved 4400K
}
Event: 3.321 GC heap before
{Heap before GC invocations=2 (full 0):
 PSYoungGen      total 14336K, used 14327K [0x91ac0000, 0x936c0000, 0xa7000000)
  eden space 12288K, 100% used [0x91ac0000,0x926c0000,0x926c0000)
  from space 2048K, 99% used [0x926c0000,0x928bddb8,0x928c0000)
  to   space 2048K, 0% used [0x934c0000,0x934c0000,0x936c0000)
 ParOldGen       total 32768K, used 1786K [0x67000000, 0x69000000, 0x91ac0000)
  object space 32768K, 5% used [0x67000000,0x671be900,0x69000000)
 Metaspace       used 3641K, capacity 3646K, committed 3736K, reserved 4400K
Event: 3.375 GC heap after
Heap after GC invocations=2 (full 0):
 PSYoungGen      total 26624K, used 2044K [0x91ac0000, 0x936c0000, 0xa7000000)
  eden space 24576K, 0% used [0x91ac0000,0x91ac0000,0x932c0000)
  from space 2048K, 99% used [0x934c0000,0x936bf338,0x936c0000)
  to   space 2048K, 0% used [0x932c0000,0x932c0000,0x934c0000)
 ParOldGen       total 32768K, used 3721K [0x67000000, 0x69000000, 0x91ac0000)
  object space 32768K, 11% used [0x67000000,0x673a2480,0x69000000)
 Metaspace       used 3641K, capacity 3646K, committed 3736K, reserved 4400K
}

Deoptimization events (6 events):
Event: 0.991 Thread 0xb6507800 Uncommon trap: reason=unstable_if action=reinterpret pc=0xa75e50b8 method=java.lang.String.indexOf(II)I @ 49
Event: 2.160 Thread 0x6321d800 Uncommon trap: reason=unstable_if action=reinterpret pc=0xa765a798 method=java.util.HashMap.getNode(ILjava/lang/Object;)Ljava/util/HashMap$Node; @ 129
Event: 2.377 Thread 0x6321d800 Uncommon trap: reason=class_check action=maybe_recompile pc=0xa7667e0c method=com.android.dx.ssa.NormalSsaInsn.accept(Lcom/android/dx/ssa/SsaInsn$Visitor;)V @ 9
Event: 2.377 Thread 0x6321d800 Uncommon trap: reason=class_check action=maybe_recompile pc=0xa7667e0c method=com.android.dx.ssa.NormalSsaInsn.accept(Lcom/android/dx/ssa/SsaInsn$Visitor;)V @ 9
Event: 2.378 Thread 0x6321d800 Uncommon trap: reason=class_check action=maybe_recompile pc=0xa7667e0c method=com.android.dx.ssa.NormalSsaInsn.accept(Lcom/android/dx/ssa/SsaInsn$Visitor;)V @ 9
Event: 2.380 Thread 0x6321d800 Uncommon trap: reason=class_check action=maybe_recompile pc=0xa7667e0c method=com.android.dx.ssa.NormalSsaInsn.accept(Lcom/android/dx/ssa/SsaInsn$Visitor;)V @ 9

Internal exceptions (2 events):
Event: 0.440 Thread 0xb6507800 Exception <a 'java/lang/NoSuchMethodError': Method sun.misc.Unsafe.defineClass(Ljava/lang/String;[BII)Ljava/lang/Class; name or signature does not match> (0x91ad0400) thrown at [/HUDSON/workspace/8-2-build-linux-i586/jdk8u45/3457/hotspot/src/share/vm/prim
Event: 0.440 Thread 0xb6507800 Exception <a 'java/lang/NoSuchMethodError': Method sun.misc.Unsafe.prefetchRead(Ljava/lang/Object;J)V name or signature does not match> (0x91ad0680) thrown at [/HUDSON/workspace/8-2-build-linux-i586/jdk8u45/3457/hotspot/src/share/vm/prims/jni.cpp, line 39

Events (10 events):
Event: 2.616 loading class com/android/dx/cf/code/BytecodeArray$ConstantParserVisitor
Event: 2.616 loading class com/android/dx/cf/code/BytecodeArray$ConstantParserVisitor done
Event: 3.260 loading class java/util/TreeMap$EntrySet
Event: 3.261 loading class java/util/TreeMap$EntrySet done
Event: 3.261 loading class java/util/TreeMap$EntryIterator
Event: 3.261 loading class java/util/TreeMap$EntryIterator done
Event: 3.309 Executing VM operation: ParallelGCFailedAllocation
Event: 3.375 Executing VM operation: ParallelGCFailedAllocation done
Event: 3.377 loading class com/android/dx/rop/code/RegOps
Event: 3.377 loading class com/android/dx/rop/code/RegOps done


Dynamic libraries:
08048000-08049000 r-xp 00000000 08:08 3557484    /usr/lib/jvm/java-8-oracle/bin/java
08049000-0804a000 rw-p 00000000 08:08 3557484    /usr/lib/jvm/java-8-oracle/bin/java
08a22000-08a43000 rw-p 00000000 00:00 0          [heap]
62500000-625c3000 rw-p 00000000 00:00 0 
625c3000-62600000 ---p 00000000 00:00 0 
62700000-627fe000 rw-p 00000000 00:00 0 
627fe000-62800000 ---p 00000000 00:00 0 
62900000-629f9000 rw-p 00000000 00:00 0 
629f9000-62a00000 ---p 00000000 00:00 0 
62a00000-62ae9000 rw-p 00000000 00:00 0 
62ae9000-62b00000 ---p 00000000 00:00 0 
62b00000-62d00000 rw-p 00000000 00:00 0 
62d00000-62df6000 rw-p 00000000 00:00 0 
62df6000-62e00000 ---p 00000000 00:00 0 
62e00000-62f00000 rw-p 00000000 00:00 0 
62f00000-62ffb000 rw-p 00000000 00:00 0 
62ffb000-63000000 ---p 00000000 00:00 0 
6306b000-6306e000 ---p 00000000 00:00 0 
6306e000-630bc000 rw-p 00000000 00:00 0 
630bc000-630bf000 ---p 00000000 00:00 0 
630bf000-6310d000 rw-p 00000000 00:00 0 
6310d000-63110000 ---p 00000000 00:00 0 
63110000-6315e000 rw-p 00000000 00:00 0 
6315e000-63161000 ---p 00000000 00:00 0 
63161000-631af000 rw-p 00000000 00:00 0 
631af000-631b2000 ---p 00000000 00:00 0 
631b2000-63200000 rw-p 00000000 00:00 0 
63200000-63258000 rw-p 00000000 00:00 0 
63258000-63300000 ---p 00000000 00:00 0 
6332c000-6332d000 ---p 00000000 00:00 0 
6332d000-633ad000 rw-p 00000000 00:00 0 
633ad000-633b0000 ---p 00000000 00:00 0 
633b0000-633fe000 rw-p 00000000 00:00 0 
633fe000-63401000 ---p 00000000 00:00 0 
63401000-6347f000 rw-p 00000000 00:00 0 
6347f000-63482000 ---p 00000000 00:00 0 
63482000-63500000 rw-p 00000000 00:00 0 
63500000-63700000 r--p 00000000 08:08 3546503    /usr/lib/locale/locale-archive
63700000-63721000 rw-p 00000000 00:00 0 
63721000-63800000 ---p 00000000 00:00 0 
6382e000-63831000 ---p 00000000 00:00 0 
63831000-638af000 rw-p 00000000 00:00 0 
638af000-638b2000 ---p 00000000 00:00 0 
638b2000-63900000 rw-p 00000000 00:00 0 
63900000-63a00000 rw-p 00000000 00:00 0 
63a2e000-63a31000 ---p 00000000 00:00 0 
63a31000-63a7f000 rw-p 00000000 00:00 0 
63a7f000-63a80000 ---p 00000000 00:00 0 
63a80000-63b00000 rw-p 00000000 00:00 0 
63b00000-63c00000 rw-p 00000000 00:00 0 
63c31000-63c80000 rw-p 00000000 00:00 0 
63c80000-63e59000 r--s 03d09000 08:08 3674049    /usr/lib/jvm/java-8-oracle/jre/lib/rt.jar
63e59000-6425a000 rw-p 00000000 00:00 0 
6425a000-64300000 ---p 00000000 00:00 0 
64300000-66700000 rw-p 00000000 00:00 0 
66700000-667fd000 rw-p 00000000 00:00 0 
667fd000-66800000 ---p 00000000 00:00 0 
6682e000-66831000 ---p 00000000 00:00 0 
66831000-6687f000 rw-p 00000000 00:00 0 
6687f000-66880000 ---p 00000000 00:00 0 
66880000-66900000 rw-p 00000000 00:00 0 
66900000-66921000 rw-p 00000000 00:00 0 
66921000-66a00000 ---p 00000000 00:00 0 
66a00000-66afd000 rw-p 00000000 00:00 0 
66afd000-66b00000 ---p 00000000 00:00 0 
66b00000-66b21000 rw-p 00000000 00:00 0 
66b21000-66c00000 ---p 00000000 00:00 0 
66c28000-66c29000 ---p 00000000 00:00 0 
66c29000-66cb9000 rw-p 00000000 00:00 0 
66cb9000-66dff000 ---p 00000000 00:00 0 
66dff000-66e0f000 rw-p 00000000 00:00 0 
66e0f000-66f54000 ---p 00000000 00:00 0 
66f54000-66f63000 rw-p 00000000 00:00 0 
66f63000-66fff000 ---p 00000000 00:00 0 
66fff000-69000000 rw-p 00000000 00:00 0 
69000000-91ac0000 ---p 00000000 00:00 0 
91ac0000-936c0000 rw-p 00000000 00:00 0 
936c0000-a7000000 ---p 00000000 00:00 0 
a7026000-a703e000 rw-p 00000000 00:00 0 
a703e000-a703f000 ---p 00000000 00:00 0 
a703f000-a70bf000 rw-p 00000000 00:00 0 
a70bf000-a70c0000 ---p 00000000 00:00 0 
a70c0000-a7149000 rw-p 00000000 00:00 0 
a7149000-a7500000 ---p 00000000 00:00 0 
a7500000-a7740000 rwxp 00000000 00:00 0 
a7748000-b6500000 ---p 00000000 00:00 0 
b6500000-b65fb000 rw-p 00000000 00:00 0 
b65fb000-b6600000 ---p 00000000 00:00 0 
b660d000-b6617000 r--s 00085000 08:07 1329077    /home/terry/Desktop/foodsearch/app/build/intermediates/exploded-aar/com.android.support/appcompat-v7/22.2.0/jars/classes.jar
b6617000-b6630000 r-xp 00000000 08:08 3674077    /usr/lib/jvm/java-8-oracle/jre/lib/i386/libzip.so
b6630000-b6631000 rw-p 00018000 08:08 3674077    /usr/lib/jvm/java-8-oracle/jre/lib/i386/libzip.so
b6631000-b663c000 r-xp 00000000 08:08 1573072    /lib/i386-linux-gnu/libnss_files-2.15.so
b663c000-b663d000 r--p 0000a000 08:08 1573072    /lib/i386-linux-gnu/libnss_files-2.15.so
b663d000-b663e000 rw-p 0000b000 08:08 1573072    /lib/i386-linux-gnu/libnss_files-2.15.so
b663e000-b6648000 r-xp 00000000 08:08 1572926    /lib/i386-linux-gnu/libnss_nis-2.15.so
b6648000-b6649000 r--p 00009000 08:08 1572926    /lib/i386-linux-gnu/libnss_nis-2.15.so
b6649000-b664a000 rw-p 0000a000 08:08 1572926    /lib/i386-linux-gnu/libnss_nis-2.15.so
b664a000-b6660000 r-xp 00000000 08:08 1573082    /lib/i386-linux-gnu/libnsl-2.15.so
b6660000-b6661000 r--p 00015000 08:08 1573082    /lib/i386-linux-gnu/libnsl-2.15.so
b6661000-b6662000 rw-p 00016000 08:08 1573082    /lib/i386-linux-gnu/libnsl-2.15.so
b6662000-b6664000 rw-p 00000000 00:00 0 
b6664000-b666b000 r-xp 00000000 08:08 1573086    /lib/i386-linux-gnu/libnss_compat-2.15.so
b666b000-b666c000 r--p 00006000 08:08 1573086    /lib/i386-linux-gnu/libnss_compat-2.15.so
b666c000-b666d000 rw-p 00007000 08:08 1573086    /lib/i386-linux-gnu/libnss_compat-2.15.so
b6675000-b6684000 r--s 000df000 08:07 2104235    /home/terry/android-sdk-linux/build-tools/23.0.0_rc2/lib/dx.jar
b6684000-b66a8000 r-xp 00000000 08:08 3674109    /usr/lib/jvm/java-8-oracle/jre/lib/i386/libjava.so
b66a8000-b66a9000 rw-p 00023000 08:08 3674109    /usr/lib/jvm/java-8-oracle/jre/lib/i386/libjava.so
b66a9000-b66b0000 r-xp 00000000 08:08 1573074    /lib/i386-linux-gnu/librt-2.15.so
b66b0000-b66b1000 r--p 00006000 08:08 1573074    /lib/i386-linux-gnu/librt-2.15.so
b66b1000-b66b2000 rw-p 00007000 08:08 1573074    /lib/i386-linux-gnu/librt-2.15.so
b66b2000-b66b5000 ---p 00000000 00:00 0 
b66b5000-b6703000 rw-p 00000000 00:00 0 
b6703000-b672d000 r-xp 00000000 08:08 1573083    /lib/i386-linux-gnu/libm-2.15.so
b672d000-b672e000 r--p 00029000 08:08 1573083    /lib/i386-linux-gnu/libm-2.15.so
b672e000-b672f000 rw-p 0002a000 08:08 1573083    /lib/i386-linux-gnu/libm-2.15.so
b672f000-b70a2000 r-xp 00000000 08:08 3674089    /usr/lib/jvm/java-8-oracle/jre/lib/i386/server/libjvm.so
b70a2000-b710e000 rw-p 00972000 08:08 3674089    /usr/lib/jvm/java-8-oracle/jre/lib/i386/server/libjvm.so
b710e000-b7534000 rw-p 00000000 00:00 0 
b7534000-b76d7000 r-xp 00000000 08:08 1573087    /lib/i386-linux-gnu/libc-2.15.so
b76d7000-b76d9000 r--p 001a3000 08:08 1573087    /lib/i386-linux-gnu/libc-2.15.so
b76d9000-b76da000 rw-p 001a5000 08:08 1573087    /lib/i386-linux-gnu/libc-2.15.so
b76da000-b76dd000 rw-p 00000000 00:00 0 
b76dd000-b76e0000 r-xp 00000000 08:08 1573085    /lib/i386-linux-gnu/libdl-2.15.so
b76e0000-b76e1000 r--p 00002000 08:08 1573085    /lib/i386-linux-gnu/libdl-2.15.so
b76e1000-b76e2000 rw-p 00003000 08:08 1573085    /lib/i386-linux-gnu/libdl-2.15.so
b76e2000-b76f6000 r-xp 00000000 08:08 3557613    /usr/lib/jvm/java-8-oracle/lib/i386/jli/libjli.so
b76f6000-b76f7000 rw-p 00014000 08:08 3557613    /usr/lib/jvm/java-8-oracle/lib/i386/jli/libjli.so
b76f7000-b76f8000 rw-p 00000000 00:00 0 
b76f8000-b770f000 r-xp 00000000 08:08 1573070    /lib/i386-linux-gnu/libpthread-2.15.so
b770f000-b7710000 r--p 00016000 08:08 1573070    /lib/i386-linux-gnu/libpthread-2.15.so
b7710000-b7711000 rw-p 00017000 08:08 1573070    /lib/i386-linux-gnu/libpthread-2.15.so
b7711000-b7713000 rw-p 00000000 00:00 0 
b7713000-b7714000 r--p 005e0000 08:08 3546503    /usr/lib/locale/locale-archive
b7714000-b771c000 rw-s 00000000 08:08 921856     /tmp/hsperfdata_terry/7886
b771c000-b771d000 rw-p 00000000 00:00 0 
b771d000-b771e000 r--p 00000000 00:00 0 
b771e000-b7729000 r-xp 00000000 08:08 3674103    /usr/lib/jvm/java-8-oracle/jre/lib/i386/libverify.so
b7729000-b772a000 rw-p 0000b000 08:08 3674103    /usr/lib/jvm/java-8-oracle/jre/lib/i386/libverify.so
b772a000-b772c000 rw-p 00000000 00:00 0 
b772c000-b772d000 r-xp 00000000 00:00 0          [vdso]
b772d000-b774d000 r-xp 00000000 08:08 1573075    /lib/i386-linux-gnu/ld-2.15.so
b774d000-b774e000 r--p 0001f000 08:08 1573075    /lib/i386-linux-gnu/ld-2.15.so
b774e000-b774f000 rw-p 00020000 08:08 1573075    /lib/i386-linux-gnu/ld-2.15.so
bf853000-bf854000 rwxp 00000000 00:00 0 
bf886000-bf8a7000 rw-p 00000000 00:00 0          [stack]

VM Arguments:
jvm_args: -Xmx1024M -Dfile.encoding=UTF-8 -Duser.country=US -Duser.language=en -Duser.variant 
java_command: com.android.dx.command.Main --dex --num-threads=4 --output /home/terry/Desktop/foodsearch/app/build/intermediates/pre-dexed/debug/classes-8934d306b00d0d7826c30c7e75ac7fc87b671900.jar /home/terry/Desktop/foodsearch/app/build/intermediates/exploded-aar/com.android.support/appcompat-v7/22.2.0/jars/classes.jar
java_class_path (initial): /home/terry/android-sdk-linux/build-tools/23.0.0_rc2/lib/dx.jar
Launcher Type: SUN_STANDARD

Environment Variables:
CLASSPATH=/home/terry/android-studio/bin/../lib/bootstrap.jar:/home/terry/android-studio/bin/../lib/extensions.jar:/home/terry/android-studio/bin/../lib/util.jar:/home/terry/android-studio/bin/../lib/jdom.jar:/home/terry/android-studio/bin/../lib/log4j.jar:/home/terry/android-studio/bin/../lib/trove4j.jar:/home/terry/android-studio/bin/../lib/jna.jar:/usr/lib/jvm/java-8-oracle/lib/tools.jar
PATH=/usr/lib/lightdm/lightdm:/usr/local/sbin:/usr/local/bin:/usr/sbin:/usr/bin:/sbin:/bin:/usr/games
LD_LIBRARY_PATH=/home/terry/android-studio/bin:
SHELL=/bin/bash
DISPLAY=:0.0

Signal Handlers:
SIGSEGV: [libjvm.so+0x8c29a0], sa_mask[0]=11111111011111111101111111111110, sa_flags=SA_RESTART|SA_SIGINFO
SIGBUS: [libjvm.so+0x8c29a0], sa_mask[0]=11111111011111111101111111111110, sa_flags=SA_RESTART|SA_SIGINFO
SIGFPE: [libjvm.so+0x7432d0], sa_mask[0]=11111111011111111101111111111110, sa_flags=SA_RESTART|SA_SIGINFO
SIGPIPE: [libjvm.so+0x7432d0], sa_mask[0]=11111111011111111101111111111110, sa_flags=SA_RESTART|SA_SIGINFO
SIGXFSZ: [libjvm.so+0x7432d0], sa_mask[0]=11111111011111111101111111111110, sa_flags=SA_RESTART|SA_SIGINFO
SIGILL: [libjvm.so+0x7432d0], sa_mask[0]=11111111011111111101111111111110, sa_flags=SA_RESTART|SA_SIGINFO
SIGUSR1: SIG_DFL, sa_mask[0]=00000000000000000000000000000000, sa_flags=none
SIGUSR2: [libjvm.so+0x744860], sa_mask[0]=00100000000000000000000000000000, sa_flags=SA_RESTART|SA_SIGINFO
SIGHUP: [libjvm.so+0x745d10], sa_mask[0]=11111111011111111101111111111110, sa_flags=SA_RESTART|SA_SIGINFO
SIGINT: SIG_IGN, sa_mask[0]=00000000000000000000000000000000, sa_flags=none
SIGTERM: [libjvm.so+0x745d10], sa_mask[0]=11111111011111111101111111111110, sa_flags=SA_RESTART|SA_SIGINFO
SIGQUIT: [libjvm.so+0x745d10], sa_mask[0]=11111111011111111101111111111110, sa_flags=SA_RESTART|SA_SIGINFO


---------------  S Y S T E M  ---------------

OS:DISTRIB_ID=Ubuntu
DISTRIB_RELEASE=12.04
DISTRIB_CODENAME=precise
DISTRIB_DESCRIPTION="Ubuntu 12.04.5 LTS"

uname:Linux 3.2.0-24-generic-pae #39-Ubuntu SMP Mon May 21 18:54:21 UTC 2012 i686
libc:glibc 2.15 NPTL 2.15 
rlimit: STACK 8192k, CORE 0k, NPROC 23509, NOFILE 4096, AS infinity
load average:3.24 2.86 2.80

/proc/meminfo:
MemTotal:        3023804 kB
MemFree:          131200 kB
Buffers:             176 kB
Cached:           160584 kB
SwapCached:            0 kB
Active:          2622624 kB
Inactive:         137628 kB
Active(anon):    2600928 kB
Inactive(anon):   134832 kB
Active(file):      21696 kB
Inactive(file):     2796 kB
Unevictable:          16 kB
Mlocked:              16 kB
HighTotal:       2157824 kB
HighFree:           8124 kB
LowTotal:         865980 kB
LowFree:          123076 kB
SwapTotal:             0 kB
SwapFree:              0 kB
Dirty:               228 kB
Writeback:             0 kB
AnonPages:       2599824 kB
Mapped:           155980 kB
Shmem:            135952 kB
Slab:              43396 kB
SReclaimable:      18048 kB
SUnreclaim:        25348 kB
KernelStack:        5856 kB
PageTables:        20136 kB
NFS_Unstable:          0 kB
Bounce:                0 kB
WritebackTmp:          0 kB
CommitLimit:     1511900 kB
Committed_AS:    8506096 kB
VmallocTotal:     122880 kB
VmallocUsed:       54324 kB
VmallocChunk:      58528 kB
HardwareCorrupted:     0 kB
AnonHugePages:         0 kB
HugePages_Total:       0
HugePages_Free:        0
HugePages_Rsvd:        0
HugePages_Surp:        0
Hugepagesize:       2048 kB
DirectMap4k:       51192 kB
DirectMap2M:      862208 kB


CPU:total 4 (2 cores per cpu, 2 threads per core) family 6 model 37 stepping 5, cmov, cx8, fxsr, mmx, sse, sse2, sse3, ssse3, sse4.1, sse4.2, popcnt, ht, tsc, tscinvbit

/proc/cpuinfo:
processor	: 0
vendor_id	: GenuineIntel
cpu family	: 6
model		: 37
model name	: Intel(R) Core(TM) i3 CPU       M 380  @ 2.53GHz
stepping	: 5
microcode	: 0x2
cpu MHz		: 1199.000
cache size	: 3072 KB
physical id	: 0
siblings	: 4
core id		: 0
cpu cores	: 2
apicid		: 0
initial apicid	: 0
fdiv_bug	: no
hlt_bug		: no
f00f_bug	: no
coma_bug	: no
fpu		: yes
fpu_exception	: yes
cpuid level	: 11
wp		: yes
flags		: fpu vme de pse tsc msr pae mce cx8 apic sep mtrr pge mca cmov pat pse36 clflush dts acpi mmx fxsr sse sse2 ss ht tm pbe nx rdtscp lm constant_tsc arch_perfmon pebs bts xtopology nonstop_tsc aperfmperf pni dtes64 monitor ds_cpl vmx est tm2 ssse3 cx16 xtpr pdcm pcid sse4_1 sse4_2 popcnt lahf_lm arat dts tpr_shadow vnmi flexpriority ept vpid
bogomips	: 5054.52
clflush size	: 64
cache_alignment	: 64
address sizes	: 36 bits physical, 48 bits virtual
power management:

processor	: 1
vendor_id	: GenuineIntel
cpu family	: 6
model		: 37
model name	: Intel(R) Core(TM) i3 CPU       M 380  @ 2.53GHz
stepping	: 5
microcode	: 0x2
cpu MHz		: 1199.000
cache size	: 3072 KB
physical id	: 0
siblings	: 4
core id		: 0
cpu cores	: 2
apicid		: 1
initial apicid	: 1
fdiv_bug	: no
hlt_bug		: no
f00f_bug	: no
coma_bug	: no
fpu		: yes
fpu_exception	: yes
cpuid level	: 11
wp		: yes
flags		: fpu vme de pse tsc msr pae mce cx8 apic sep mtrr pge mca cmov pat pse36 clflush dts acpi mmx fxsr sse sse2 ss ht tm pbe nx rdtscp lm constant_tsc arch_perfmon pebs bts xtopology nonstop_tsc aperfmperf pni dtes64 monitor ds_cpl vmx est tm2 ssse3 cx16 xtpr pdcm pcid sse4_1 sse4_2 popcnt lahf_lm arat dts tpr_shadow vnmi flexpriority ept vpid
bogomips	: 5053.86
clflush size	: 64
cache_alignment	: 64
address sizes	: 36 bits physical, 48 bits virtual
power management:

processor	: 2
vendor_id	: GenuineIntel
cpu family	: 6
model		: 37
model name	: Intel(R) Core(TM) i3 CPU       M 380  @ 2.53GHz
stepping	: 5
microcode	: 0x2
cpu MHz		: 1199.000
cache size	: 3072 KB
physical id	: 0
siblings	: 4
core id		: 2
cpu cores	: 2
apicid		: 4
initial apicid	: 4
fdiv_bug	: no
hlt_bug		: no
f00f_bug	: no
coma_bug	: no
fpu		: yes
fpu_exception	: yes
cpuid level	: 11
wp		: yes
flags		: fpu vme de pse tsc msr pae mce cx8 apic sep mtrr pge mca cmov pat pse36 clflush dts acpi mmx fxsr sse sse2 ss ht tm pbe nx rdtscp lm constant_tsc arch_perfmon pebs bts xtopology nonstop_tsc aperfmperf pni dtes64 monitor ds_cpl vmx est tm2 ssse3 cx16 xtpr pdcm pcid sse4_1 sse4_2 popcnt lahf_lm arat dts tpr_shadow vnmi flexpriority ept vpid
bogomips	: 5053.89
clflush size	: 64
cache_alignment	: 64
address sizes	: 36 bits physical, 48 bits virtual
power management:

processor	: 3
vendor_id	: GenuineIntel
cpu family	: 6
model		: 37
model name	: Intel(R) Core(TM) i3 CPU       M 380  @ 2.53GHz
stepping	: 5
microcode	: 0x2
cpu MHz		: 2533.000
cache size	: 3072 KB
physical id	: 0
siblings	: 4
core id		: 2
cpu cores	: 2
apicid		: 5
initial apicid	: 5
fdiv_bug	: no
hlt_bug		: no
f00f_bug	: no
coma_bug	: no
fpu		: yes
fpu_exception	: yes
cpuid level	: 11
wp		: yes
flags		: fpu vme de pse tsc msr pae mce cx8 apic sep mtrr pge mca cmov pat pse36 clflush dts acpi mmx fxsr sse sse2 ss ht tm pbe nx rdtscp lm constant_tsc arch_perfmon pebs bts xtopology nonstop_tsc aperfmperf pni dtes64 monitor ds_cpl vmx est tm2 ssse3 cx16 xtpr pdcm pcid sse4_1 sse4_2 popcnt lahf_lm arat dts tpr_shadow vnmi flexpriority ept vpid
bogomips	: 5053.89
clflush size	: 64
cache_alignment	: 64
address sizes	: 36 bits physical, 48 bits virtual
power management:



Memory: 4k page, physical 3023804k(130208k free), swap 0k(0k free)

vm_info: Java HotSpot(TM) Server VM (25.45-b02) for linux-x86 JRE (1.8.0_45-b14), built on Apr 10 2015 10:38:30 by "java_re" with gcc 4.3.0 20080428 (Red Hat 4.3.0-8)

time: Tue Dec 15 23:31:52 2015
elapsed time: 5 seconds (0d 0h 0m 5s)

