#
# There is insufficient memory for the Java Runtime Environment to continue.
# Native memory allocation (mmap) failed to map 31981568 bytes for committing reserved memory.
# Possible reasons:
#   The system is out of physical RAM or swap space
#   In 32 bit mode, the process size limit was hit
# Possible solutions:
#   Reduce memory load on the system
#   Increase physical memory or swap space
#   Check if swap backing store is full
#   Use 64 bit Java on a 64 bit OS
#   Decrease Java heap size (-Xmx/-Xms)
#   Decrease number of Java threads
#   Decrease Java thread stack sizes (-Xss)
#   Set larger code cache with -XX:ReservedCodeCacheSize=
# This output file may be truncated or incomplete.
#
#  Out of Memory Error (os_linux.cpp:2673), pid=12079, tid=1672477504
#
# JRE version: Java(TM) SE Runtime Environment (8.0_45-b14) (build 1.8.0_45-b14)
# Java VM: Java HotSpot(TM) Server VM (25.45-b02 mixed mode linux-x86 )
# Failed to write core dump. Core dumps have been disabled. To enable core dumping, try "ulimit -c unlimited" before starting Java again
#

---------------  T H R E A D  ---------------

Current thread (0x63b80800):  VMThread [stack: 0x63a7f000,0x63b00000] [id=12089]

Stack: [0x63a7f000,0x63b00000],  sp=0x63afe8b0,  free space=510k
Native frames: (J=compiled Java code, j=interpreted, Vv=VM code, C=native code)
V  [libjvm.so+0x8c1ecf]  VMError::report_and_die()+0x16f
V  [libjvm.so+0x386495]  report_vm_out_of_memory(char const*, int, unsigned int, VMErrorType, char const*)+0x55
V  [libjvm.so+0x7467a6]  os::Linux::commit_memory_impl(char*, unsigned int, bool)+0xe6
V  [libjvm.so+0x746bc8]  os::pd_commit_memory(char*, unsigned int, unsigned int, bool)+0x28
V  [libjvm.so+0x7402ec]  os::commit_memory(char*, unsigned int, unsigned int, bool)+0x2c
V  [libjvm.so+0x7aa598]  PSVirtualSpace::expand_by(unsigned int)+0x48
V  [libjvm.so+0x7ab69a]  PSYoungGen::resize_generation(unsigned int, unsigned int)+0xda
V  [libjvm.so+0x7aa9c9]  PSYoungGen::resize(unsigned int, unsigned int)+0x19
V  [libjvm.so+0x7a82ed]  PSScavenge::invoke_no_policy()+0xd4d
V  [libjvm.so+0x7a8ab8]  PSScavenge::invoke()+0x28
V  [libjvm.so+0x767d8a]  ParallelScavengeHeap::failed_mem_allocate(unsigned int)+0x5a
V  [libjvm.so+0x8c379a]  VM_ParallelGCFailedAllocation::doit()+0x7a
V  [libjvm.so+0x8cc9b7]  VM_Operation::evaluate()+0x47
V  [libjvm.so+0x8caa93]  VMThread::evaluate_operation(VM_Operation*)+0xb3
V  [libjvm.so+0x8cae30]  VMThread::loop()+0x1b0
V  [libjvm.so+0x8cb295]  VMThread::run()+0x85
V  [libjvm.so+0x749049]  java_start(Thread*)+0x119
C  [libpthread.so.0+0x6d4c]  start_thread+0xcc

VM_Operation (0xb6717cc4): ParallelGCFailedAllocation, mode: safepoint, requested by thread 0xb6507c00


---------------  P R O C E S S  ---------------

Java Threads: ( => current thread )
  0x63baa000 JavaThread "Service Thread" daemon [_thread_blocked, id=12096, stack(0x633ad000,0x633fe000)]
  0x63ba6c00 JavaThread "C1 CompilerThread2" daemon [_thread_blocked, id=12095, stack(0x633fe000,0x6347f000)]
  0x63ba5400 JavaThread "C2 CompilerThread1" daemon [_thread_blocked, id=12094, stack(0x6347f000,0x63500000)]
  0x63ba3400 JavaThread "C2 CompilerThread0" daemon [_thread_blocked, id=12093, stack(0x6382e000,0x638af000)]
  0x63ba2000 JavaThread "Signal Dispatcher" daemon [_thread_blocked, id=12092, stack(0x638af000,0x63900000)]
  0x63b85000 JavaThread "Finalizer" daemon [_thread_blocked, id=12091, stack(0x6682e000,0x6687f000)]
  0x63b83800 JavaThread "Reference Handler" daemon [_thread_blocked, id=12090, stack(0x63a2e000,0x63a7f000)]
  0xb6507c00 JavaThread "main" [_thread_blocked, id=12084, stack(0xb66c8000,0xb6719000)]

Other Threads:
=>0x63b80800 VMThread [stack: 0x63a7f000,0x63b00000] [id=12089]
  0x63bab800 WatcherThread [stack: 0x6332c000,0x633ad000] [id=12097]

VM state:at safepoint (normal execution)

VM Mutex/Monitor currently owned by a thread:  ([mutex/lock_event])
[0xb65052e8] Threads_lock - owner thread: 0x63b80800
[0xb65056f8] Heap_lock - owner thread: 0xb6507c00

Heap:
 PSYoungGen      total 26624K, used 1655K [0x91ac0000, 0x936c0000, 0xa7000000)
  eden space 24576K, 0% used [0x91ac0000,0x91ac0000,0x932c0000)
  from space 2048K, 80% used [0x932c0000,0x9345de70,0x934c0000)
  to   space 2048K, 0% used [0x934c0000,0x934c0000,0x936c0000)
 ParOldGen       total 32768K, used 13483K [0x67000000, 0x69000000, 0x91ac0000)
  object space 32768K, 41% used [0x67000000,0x67d2aea0,0x69000000)
 Metaspace       used 4684K, capacity 4710K, committed 4760K, reserved 5424K

Card table byte_map: [0x66dff000,0x67000000] byte_map_base: 0x66ac7000

Marking Bits: (ParMarkBitMap*) 0xb7135960
 Begin Bits: [0x64700000, 0x65700000)
 End Bits:   [0x65700000, 0x66700000)

Polling page: 0xb7734000

CodeCache: size=245760Kb used=3814Kb max_used=3814Kb free=241945Kb
 bounds [0xa7500000, 0xa78c0000, 0xb6500000]
 total_blobs=1909 nmethods=1734 adapters=90
 compilation: enabled

Compilation events (10 events):
Event: 3.052 Thread 0x63ba6c00 nmethod 1779 0xa78b9a88 code [0xa78b9c00, 0xa78ba0c8]
Event: 3.052 Thread 0x63ba6c00 1780       2       java.security.MessageDigest::update (45 bytes)
Event: 3.053 Thread 0x63ba6c00 nmethod 1780 0xa78ba348 code [0xa78ba4a0, 0xa78ba6c4]
Event: 3.059 Thread 0x63ba6c00 1781       2       java.security.MessageDigest$Delegate::engineUpdate (11 bytes)
Event: 3.060 Thread 0x63ba6c00 nmethod 1781 0xa78ba848 code [0xa78ba960, 0xa78baa4c]
Event: 3.060 Thread 0x63ba6c00 1782       3       sun.security.provider.DigestBase::engineUpdate (189 bytes)
Event: 3.062 Thread 0x63ba6c00 nmethod 1782 0xa78baac8 code [0xa78bac80, 0xa78bb608]
Event: 3.070 Thread 0x63ba6c00 1783       2       java.util.zip.Adler32::update (51 bytes)
Event: 3.071 Thread 0x63ba6c00 nmethod 1783 0xa78bbbc8 code [0xa78bbd20, 0xa78bbf64]
Event: 3.077 Thread 0x63ba6c00 1785       2       java.util.Formatter$Flags::contains (22 bytes)

GC Heap History (9 events):
Event: 1.821 GC heap before
{Heap before GC invocations=1 (full 0):
 PSYoungGen      total 14336K, used 12288K [0x91ac0000, 0x92ac0000, 0xa7000000)
  eden space 12288K, 100% used [0x91ac0000,0x926c0000,0x926c0000)
  from space 2048K, 0% used [0x928c0000,0x928c0000,0x92ac0000)
  to   space 2048K, 0% used [0x926c0000,0x926c0000,0x928c0000)
 ParOldGen       total 32768K, used 0K [0x67000000, 0x69000000, 0x91ac0000)
  object space 32768K, 0% used [0x67000000,0x67000000,0x69000000)
 Metaspace       used 3532K, capacity 3582K, committed 3608K, reserved 4400K
Event: 1.829 GC heap after
Heap after GC invocations=1 (full 0):
 PSYoungGen      total 14336K, used 2046K [0x91ac0000, 0x92ac0000, 0xa7000000)
  eden space 12288K, 0% used [0x91ac0000,0x91ac0000,0x926c0000)
  from space 2048K, 99% used [0x926c0000,0x928bfa98,0x928c0000)
  to   space 2048K, 0% used [0x928c0000,0x928c0000,0x92ac0000)
 ParOldGen       total 32768K, used 1721K [0x67000000, 0x69000000, 0x91ac0000)
  object space 32768K, 5% used [0x67000000,0x671ae458,0x69000000)
 Metaspace       used 3532K, capacity 3582K, committed 3608K, reserved 4400K
}
Event: 2.046 GC heap before
{Heap before GC invocations=2 (full 0):
 PSYoungGen      total 14336K, used 13176K [0x91ac0000, 0x92ac0000, 0xa7000000)
  eden space 12288K, 90% used [0x91ac0000,0x9259e940,0x926c0000)
  from space 2048K, 99% used [0x926c0000,0x928bfa98,0x928c0000)
  to   space 2048K, 0% used [0x928c0000,0x928c0000,0x92ac0000)
 ParOldGen       total 32768K, used 1721K [0x67000000, 0x69000000, 0x91ac0000)
  object space 32768K, 5% used [0x67000000,0x671ae458,0x69000000)
 Metaspace       used 3637K, capacity 3646K, committed 3736K, reserved 4400K
Event: 2.061 GC heap after
Heap after GC invocations=2 (full 0):
 PSYoungGen      total 14336K, used 2044K [0x91ac0000, 0x936c0000, 0xa7000000)
  eden space 12288K, 0% used [0x91ac0000,0x91ac0000,0x926c0000)
  from space 2048K, 99% used [0x928c0000,0x92abf388,0x92ac0000)
  to   space 2048K, 0% used [0x926c0000,0x926c0000,0x928c0000)
 ParOldGen       total 32768K, used 4158K [0x67000000, 0x69000000, 0x91ac0000)
  object space 32768K, 12% used [0x67000000,0x6740fa98,0x69000000)
 Metaspace       used 3637K, capacity 3646K, committed 3736K, reserved 4400K
}
Event: 2.778 GC heap before
{Heap before GC invocations=3 (full 0):
 PSYoungGen      total 14336K, used 13504K [0x91ac0000, 0x936c0000, 0xa7000000)
  eden space 12288K, 93% used [0x91ac0000,0x925f1010,0x926c0000)
  from space 2048K, 99% used [0x928c0000,0x92abf388,0x92ac0000)
  to   space 2048K, 0% used [0x926c0000,0x926c0000,0x928c0000)
 ParOldGen       total 32768K, used 4158K [0x67000000, 0x69000000, 0x91ac0000)
  object space 32768K, 12% used [0x67000000,0x6740fa98,0x69000000)
 Metaspace       used 4639K, capacity 4678K, committed 4760K, reserved 5424K
Event: 2.785 GC heap after
Heap after GC invocations=3 (full 0):
 PSYoungGen      total 14336K, used 2043K [0x91ac0000, 0x936c0000, 0xa7000000)
  eden space 12288K, 0% used [0x91ac0000,0x91ac0000,0x926c0000)
  from space 2048K, 99% used [0x926c0000,0x928bed70,0x928c0000)
  to   space 2048K, 0% used [0x934c0000,0x934c0000,0x936c0000)
 ParOldGen       total 32768K, used 6097K [0x67000000, 0x69000000, 0x91ac0000)
  object space 32768K, 18% used [0x67000000,0x675f47d0,0x69000000)
 Metaspace       used 4639K, capacity 4678K, committed 4760K, reserved 5424K
}
Event: 2.893 GC heap before
{Heap before GC invocations=4 (full 0):
 PSYoungGen      total 14336K, used 13344K [0x91ac0000, 0x936c0000, 0xa7000000)
  eden space 12288K, 91% used [0x91ac0000,0x925c93b8,0x926c0000)
  from space 2048K, 99% used [0x926c0000,0x928bed70,0x928c0000)
  to   space 2048K, 0% used [0x934c0000,0x934c0000,0x936c0000)
 ParOldGen       total 32768K, used 6097K [0x67000000, 0x69000000, 0x91ac0000)
  object space 32768K, 18% used [0x67000000,0x675f47d0,0x69000000)
 Metaspace       used 4666K, capacity 4710K, committed 4760K, reserved 5424K
Event: 2.901 GC heap after
Heap after GC invocations=4 (full 0):
 PSYoungGen      total 26624K, used 2034K [0x91ac0000, 0x936c0000, 0xa7000000)
  eden space 24576K, 0% used [0x91ac0000,0x91ac0000,0x932c0000)
  from space 2048K, 99% used [0x934c0000,0x936bcb60,0x936c0000)
  to   space 2048K, 0% used [0x932c0000,0x932c0000,0x934c0000)
 ParOldGen       total 32768K, used 7269K [0x67000000, 0x69000000, 0x91ac0000)
  object space 32768K, 22% used [0x67000000,0x67719740,0x69000000)
 Metaspace       used 4666K, capacity 4710K, committed 4760K, reserved 5424K
}
Event: 3.077 GC heap before
{Heap before GC invocations=5 (full 0):
 PSYoungGen      total 26624K, used 25720K [0x91ac0000, 0x936c0000, 0xa7000000)
  eden space 24576K, 96% used [0x91ac0000,0x931e15e0,0x932c0000)
  from space 2048K, 99% used [0x934c0000,0x936bcb60,0x936c0000)
  to   space 2048K, 0% used [0x932c0000,0x932c0000,0x934c0000)
 ParOldGen       total 32768K, used 7269K [0x67000000, 0x69000000, 0x91ac0000)
  object space 32768K, 22% used [0x67000000,0x67719740,0x69000000)
 Metaspace       used 4684K, capacity 4710K, committed 4760K, reserved 5424K

Deoptimization events (10 events):
Event: 2.483 Thread 0xb6507c00 Uncommon trap: reason=class_check action=maybe_recompile pc=0xa77194e4 method=java.util.HashMap.putVal(ILjava/lang/Object;Ljava/lang/Object;ZZ)Ljava/lang/Object; @ 56
Event: 2.483 Thread 0xb6507c00 Uncommon trap: reason=class_check action=maybe_recompile pc=0xa77194e4 method=java.util.HashMap.putVal(ILjava/lang/Object;Ljava/lang/Object;ZZ)Ljava/lang/Object; @ 56
Event: 2.483 Thread 0xb6507c00 Uncommon trap: reason=class_check action=maybe_recompile pc=0xa77194e4 method=java.util.HashMap.putVal(ILjava/lang/Object;Ljava/lang/Object;ZZ)Ljava/lang/Object; @ 56
Event: 2.483 Thread 0xb6507c00 Uncommon trap: reason=class_check action=maybe_recompile pc=0xa77194e4 method=java.util.HashMap.putVal(ILjava/lang/Object;Ljava/lang/Object;ZZ)Ljava/lang/Object; @ 56
Event: 2.573 Thread 0xb6507c00 Uncommon trap: reason=unstable_if action=reinterpret pc=0xa779a9a0 method=java.util.HashMap.putVal(ILjava/lang/Object;Ljava/lang/Object;ZZ)Ljava/lang/Object; @ 162
Event: 2.573 Thread 0xb6507c00 Uncommon trap: reason=unstable_if action=reinterpret pc=0xa7787ba0 method=java.util.HashMap.putVal(ILjava/lang/Object;Ljava/lang/Object;ZZ)Ljava/lang/Object; @ 162
Event: 2.583 Thread 0xb6507c00 Uncommon trap: reason=predicate action=maybe_recompile pc=0xa77c6b24 method=com.android.dex.Leb128.writeUnsignedLeb128(Lcom/android/dex/util/ByteOutput;I)V @ 9
Event: 2.694 Thread 0xb6507c00 Uncommon trap: reason=unstable_if action=reinterpret pc=0xa77d0850 method=com.android.dex.Mutf8.decode(Lcom/android/dex/util/ByteInput;[C)Ljava/lang/String; @ 37
Event: 2.713 Thread 0xb6507c00 Uncommon trap: reason=predicate action=maybe_recompile pc=0xa77fd020 method=com.android.dex.Leb128.readUnsignedLeb128(Lcom/android/dex/util/ByteInput;)I @ 41
Event: 2.728 Thread 0xb6507c00 Uncommon trap: reason=unstable_if action=reinterpret pc=0xa7753350 method=java.util.HashMap.getNode(ILjava/lang/Object;)Ljava/util/HashMap$Node; @ 84

Internal exceptions (2 events):
Event: 0.640 Thread 0xb6507c00 Exception <a 'java/lang/NoSuchMethodError': Method sun.misc.Unsafe.defineClass(Ljava/lang/String;[BII)Ljava/lang/Class; name or signature does not match> (0x91ad0400) thrown at [/HUDSON/workspace/8-2-build-linux-i586/jdk8u45/3457/hotspot/src/share/vm/prim
Event: 0.640 Thread 0xb6507c00 Exception <a 'java/lang/NoSuchMethodError': Method sun.misc.Unsafe.prefetchRead(Ljava/lang/Object;J)V name or signature does not match> (0x91ad0680) thrown at [/HUDSON/workspace/8-2-build-linux-i586/jdk8u45/3457/hotspot/src/share/vm/prims/jni.cpp, line 39

Events (10 events):
Event: 2.979 Thread 0xb6507c00 DEOPT UNPACKING pc=0xa753c590 sp=0xb67179e8 mode 0
Event: 2.980 Thread 0xb6507c00 DEOPT PACKING pc=0xa783fa7a sp=0xb6717b60
Event: 2.980 Thread 0xb6507c00 DEOPT UNPACKING pc=0xa753c590 sp=0xb6717a0c mode 0
Event: 2.983 Thread 0xb6507c00 DEOPT PACKING pc=0xa782ea6b sp=0xb6717b50
Event: 2.983 Thread 0xb6507c00 DEOPT UNPACKING pc=0xa753c590 sp=0xb67179e8 mode 0
Event: 3.050 Thread 0xb6507c00 DEOPT PACKING pc=0xa7897f93 sp=0xb6717c20
Event: 3.050 Thread 0xb6507c00 DEOPT UNPACKING pc=0xa753c590 sp=0xb6717ac0 mode 0
Event: 3.060 Thread 0xb6507c00 DEOPT PACKING pc=0xa78b9fe5 sp=0xb6717c20
Event: 3.060 Thread 0xb6507c00 DEOPT UNPACKING pc=0xa753c590 sp=0xb6717ab4 mode 0
Event: 3.077 Executing VM operation: ParallelGCFailedAllocation


Dynamic libraries:
08048000-08049000 r-xp 00000000 08:08 3557484    /usr/lib/jvm/java-8-oracle/bin/java
08049000-0804a000 rw-p 00000000 08:08 3557484    /usr/lib/jvm/java-8-oracle/bin/java
08346000-083c7000 rw-p 00000000 00:00 0          [heap]
62400000-624bb000 rw-p 00000000 00:00 0 
624bb000-62500000 ---p 00000000 00:00 0 
62600000-626fc000 rw-p 00000000 00:00 0 
626fc000-62700000 ---p 00000000 00:00 0 
62800000-62830000 rw-p 00000000 00:00 0 
62830000-62900000 ---p 00000000 00:00 0 
62a00000-62afe000 rw-p 00000000 00:00 0 
62afe000-62b00000 ---p 00000000 00:00 0 
62c00000-62cff000 rw-p 00000000 00:00 0 
62cff000-62d00000 ---p 00000000 00:00 0 
62d00000-62d60000 rw-p 00000000 00:00 0 
62d60000-62e00000 ---p 00000000 00:00 0 
62e00000-62f00000 rw-p 00000000 00:00 0 
62f00000-62ffb000 rw-p 00000000 00:00 0 
62ffb000-63000000 ---p 00000000 00:00 0 
63000000-63065000 rw-p 00000000 00:00 0 
63065000-63100000 ---p 00000000 00:00 0 
63197000-6319a000 ---p 00000000 00:00 0 
6319a000-631e8000 rw-p 00000000 00:00 0 
631e8000-631eb000 ---p 00000000 00:00 0 
631eb000-63239000 rw-p 00000000 00:00 0 
63239000-6323c000 ---p 00000000 00:00 0 
6323c000-6328a000 rw-p 00000000 00:00 0 
6328a000-6328d000 ---p 00000000 00:00 0 
6328d000-632db000 rw-p 00000000 00:00 0 
632db000-632de000 ---p 00000000 00:00 0 
632de000-6332c000 rw-p 00000000 00:00 0 
6332c000-6332d000 ---p 00000000 00:00 0 
6332d000-633ad000 rw-p 00000000 00:00 0 
633ad000-633b0000 ---p 00000000 00:00 0 
633b0000-633fe000 rw-p 00000000 00:00 0 
633fe000-63401000 ---p 00000000 00:00 0 
63401000-6347f000 rw-p 00000000 00:00 0 
6347f000-63482000 ---p 00000000 00:00 0 
63482000-63500000 rw-p 00000000 00:00 0 
63500000-63700000 r--p 00000000 08:08 3546503    /usr/lib/locale/locale-archive
63700000-6372d000 rw-p 00000000 00:00 0 
6372d000-63800000 ---p 00000000 00:00 0 
6382e000-63831000 ---p 00000000 00:00 0 
63831000-638af000 rw-p 00000000 00:00 0 
638af000-638b2000 ---p 00000000 00:00 0 
638b2000-63900000 rw-p 00000000 00:00 0 
63900000-639fd000 rw-p 00000000 00:00 0 
639fd000-63a00000 ---p 00000000 00:00 0 
63a2e000-63a31000 ---p 00000000 00:00 0 
63a31000-63a7f000 rw-p 00000000 00:00 0 
63a7f000-63a80000 ---p 00000000 00:00 0 
63a80000-63b00000 rw-p 00000000 00:00 0 
63b00000-63c00000 rw-p 00000000 00:00 0 
63c31000-63c80000 rw-p 00000000 00:00 0 
63c80000-63e59000 r--s 03d09000 08:08 3674049    /usr/lib/jvm/java-8-oracle/jre/lib/rt.jar
63e59000-642fa000 rw-p 00000000 00:00 0 
642fa000-64300000 ---p 00000000 00:00 0 
64300000-66700000 rw-p 00000000 00:00 0 
66700000-66800000 rw-p 00000000 00:00 0 
6682e000-66831000 ---p 00000000 00:00 0 
66831000-6687f000 rw-p 00000000 00:00 0 
6687f000-66880000 ---p 00000000 00:00 0 
66880000-66900000 rw-p 00000000 00:00 0 
66900000-66921000 rw-p 00000000 00:00 0 
66921000-66a00000 ---p 00000000 00:00 0 
66a00000-66aff000 rw-p 00000000 00:00 0 
66aff000-66b00000 ---p 00000000 00:00 0 
66b00000-66b21000 rw-p 00000000 00:00 0 
66b21000-66c00000 ---p 00000000 00:00 0 
66c28000-66c29000 ---p 00000000 00:00 0 
66c29000-66cb9000 rw-p 00000000 00:00 0 
66cb9000-66dff000 ---p 00000000 00:00 0 
66dff000-66e0f000 rw-p 00000000 00:00 0 
66e0f000-66f54000 ---p 00000000 00:00 0 
66f54000-66f63000 rw-p 00000000 00:00 0 
66f63000-66fff000 ---p 00000000 00:00 0 
66fff000-69000000 rw-p 00000000 00:00 0 
69000000-91ac0000 ---p 00000000 00:00 0 
91ac0000-936c0000 rw-p 00000000 00:00 0 
95300000-953d6000 rw-p 00000000 00:00 0 
953d6000-95400000 ---p 00000000 00:00 0 
95540000-a7000000 ---p 00000000 00:00 0 
a703e000-a703f000 ---p 00000000 00:00 0 
a703f000-a70bf000 rw-p 00000000 00:00 0 
a70bf000-a70c0000 ---p 00000000 00:00 0 
a70c0000-a714f000 rw-p 00000000 00:00 0 
a714f000-a7500000 ---p 00000000 00:00 0 
a7500000-a78c0000 rwxp 00000000 00:00 0 
a78c0000-b6500000 ---p 00000000 00:00 0 
b6500000-b65fc000 rw-p 00000000 00:00 0 
b65fc000-b6600000 ---p 00000000 00:00 0 
b6618000-b661d000 r--s 00094000 08:08 3673956    /usr/lib/jvm/java-8-oracle/jre/lib/jsse.jar
b661d000-b662c000 r--s 000df000 08:07 2104235    /home/terry/android-sdk-linux/build-tools/23.0.0_rc2/lib/dx.jar
b662c000-b6645000 r-xp 00000000 08:08 3674077    /usr/lib/jvm/java-8-oracle/jre/lib/i386/libzip.so
b6645000-b6646000 rw-p 00018000 08:08 3674077    /usr/lib/jvm/java-8-oracle/jre/lib/i386/libzip.so
b6646000-b6651000 r-xp 00000000 08:08 1573072    /lib/i386-linux-gnu/libnss_files-2.15.so
b6651000-b6652000 r--p 0000a000 08:08 1573072    /lib/i386-linux-gnu/libnss_files-2.15.so
b6652000-b6653000 rw-p 0000b000 08:08 1573072    /lib/i386-linux-gnu/libnss_files-2.15.so
b6653000-b665d000 r-xp 00000000 08:08 1572926    /lib/i386-linux-gnu/libnss_nis-2.15.so
b665d000-b665e000 r--p 00009000 08:08 1572926    /lib/i386-linux-gnu/libnss_nis-2.15.so
b665e000-b665f000 rw-p 0000a000 08:08 1572926    /lib/i386-linux-gnu/libnss_nis-2.15.so
b665f000-b6675000 r-xp 00000000 08:08 1573082    /lib/i386-linux-gnu/libnsl-2.15.so
b6675000-b6676000 r--p 00015000 08:08 1573082    /lib/i386-linux-gnu/libnsl-2.15.so
b6676000-b6677000 rw-p 00016000 08:08 1573082    /lib/i386-linux-gnu/libnsl-2.15.so
b6677000-b6679000 rw-p 00000000 00:00 0 
b6679000-b6680000 r-xp 00000000 08:08 1573086    /lib/i386-linux-gnu/libnss_compat-2.15.so
b6680000-b6681000 r--p 00006000 08:08 1573086    /lib/i386-linux-gnu/libnss_compat-2.15.so
b6681000-b6682000 rw-p 00007000 08:08 1573086    /lib/i386-linux-gnu/libnss_compat-2.15.so
b6682000-b669a000 rw-p 00000000 00:00 0 
b669a000-b66be000 r-xp 00000000 08:08 3674109    /usr/lib/jvm/java-8-oracle/jre/lib/i386/libjava.so
b66be000-b66bf000 rw-p 00023000 08:08 3674109    /usr/lib/jvm/java-8-oracle/jre/lib/i386/libjava.so
b66bf000-b66c6000 r-xp 00000000 08:08 1573074    /lib/i386-linux-gnu/librt-2.15.so
b66c6000-b66c7000 r--p 00006000 08:08 1573074    /lib/i386-linux-gnu/librt-2.15.so
b66c7000-b66c8000 rw-p 00007000 08:08 1573074    /lib/i386-linux-gnu/librt-2.15.so
b66c8000-b66cb000 ---p 00000000 00:00 0 
b66cb000-b6719000 rw-p 00000000 00:00 0 
b6719000-b6743000 r-xp 00000000 08:08 1573083    /lib/i386-linux-gnu/libm-2.15.so
b6743000-b6744000 r--p 00029000 08:08 1573083    /lib/i386-linux-gnu/libm-2.15.so
b6744000-b6745000 rw-p 0002a000 08:08 1573083    /lib/i386-linux-gnu/libm-2.15.so
b6745000-b70b8000 r-xp 00000000 08:08 3674089    /usr/lib/jvm/java-8-oracle/jre/lib/i386/server/libjvm.so
b70b8000-b7124000 rw-p 00972000 08:08 3674089    /usr/lib/jvm/java-8-oracle/jre/lib/i386/server/libjvm.so
b7124000-b754a000 rw-p 00000000 00:00 0 
b754a000-b76ed000 r-xp 00000000 08:08 1573087    /lib/i386-linux-gnu/libc-2.15.so
b76ed000-b76ef000 r--p 001a3000 08:08 1573087    /lib/i386-linux-gnu/libc-2.15.so
b76ef000-b76f0000 rw-p 001a5000 08:08 1573087    /lib/i386-linux-gnu/libc-2.15.so
b76f0000-b76f3000 rw-p 00000000 00:00 0 
b76f3000-b76f6000 r-xp 00000000 08:08 1573085    /lib/i386-linux-gnu/libdl-2.15.so
b76f6000-b76f7000 r--p 00002000 08:08 1573085    /lib/i386-linux-gnu/libdl-2.15.so
b76f7000-b76f8000 rw-p 00003000 08:08 1573085    /lib/i386-linux-gnu/libdl-2.15.so
b76f8000-b770c000 r-xp 00000000 08:08 3557613    /usr/lib/jvm/java-8-oracle/lib/i386/jli/libjli.so
b770c000-b770d000 rw-p 00014000 08:08 3557613    /usr/lib/jvm/java-8-oracle/lib/i386/jli/libjli.so
b770d000-b770e000 rw-p 00000000 00:00 0 
b770e000-b7725000 r-xp 00000000 08:08 1573070    /lib/i386-linux-gnu/libpthread-2.15.so
b7725000-b7726000 r--p 00016000 08:08 1573070    /lib/i386-linux-gnu/libpthread-2.15.so
b7726000-b7727000 rw-p 00017000 08:08 1573070    /lib/i386-linux-gnu/libpthread-2.15.so
b7727000-b7729000 rw-p 00000000 00:00 0 
b772a000-b772b000 r--p 005e0000 08:08 3546503    /usr/lib/locale/locale-archive
b772b000-b7733000 rw-s 00000000 08:08 921983     /tmp/hsperfdata_terry/12079
b7733000-b7734000 rw-p 00000000 00:00 0 
b7734000-b7735000 ---p 00000000 00:00 0 
b7735000-b7740000 r-xp 00000000 08:08 3674103    /usr/lib/jvm/java-8-oracle/jre/lib/i386/libverify.so
b7740000-b7741000 rw-p 0000b000 08:08 3674103    /usr/lib/jvm/java-8-oracle/jre/lib/i386/libverify.so
b7741000-b7743000 rw-p 00000000 00:00 0 
b7743000-b7744000 r-xp 00000000 00:00 0          [vdso]
b7744000-b7764000 r-xp 00000000 08:08 1573075    /lib/i386-linux-gnu/ld-2.15.so
b7764000-b7765000 r--p 0001f000 08:08 1573075    /lib/i386-linux-gnu/ld-2.15.so
b7765000-b7766000 rw-p 00020000 08:08 1573075    /lib/i386-linux-gnu/ld-2.15.so
bf9d8000-bf9d9000 rwxp 00000000 00:00 0 
bfa0a000-bfa2c000 rw-p 00000000 00:00 0          [stack]

VM Arguments:
jvm_args: -Xmx1024M -Dfile.encoding=UTF-8 -Duser.country=US -Duser.language=en -Duser.variant 
java_command: com.android.dx.command.Main --dex --num-threads=4 --output /home/terry/Desktop/foodsearch/app/build/intermediates/dex/debug /home/terry/Desktop/foodsearch/app/build/intermediates/classes/debug /home/terry/Desktop/foodsearch/app/build/intermediates/pre-dexed/debug/support-annotations-22.2.0-25af2d6c49047be0514a6f5fd88ffadcae55b0b1.jar /home/terry/Desktop/foodsearch/app/build/intermediates/pre-dexed/debug/internal_impl-22.2.0-65952008de33416c7556f0c7824ac8ef1f1d0882.jar /home/terry/Desktop/foodsearch/app/build/intermediates/pre-dexed/debug/classes-8934d306b00d0d7826c30c7e75ac7fc87b671900.jar /home/terry/Desktop/foodsearch/app/build/intermediates/pre-dexed/debug/classes-d8afaf110838d4a7342763a84582492b0ec74fa4.jar
java_class_path (initial): /home/terry/android-sdk-linux/build-tools/23.0.0_rc2/lib/dx.jar
Launcher Type: SUN_STANDARD

Environment Variables:
CLASSPATH=/home/terry/android-studio/bin/../lib/bootstrap.jar:/home/terry/android-studio/bin/../lib/extensions.jar:/home/terry/android-studio/bin/../lib/util.jar:/home/terry/android-studio/bin/../lib/jdom.jar:/home/terry/android-studio/bin/../lib/log4j.jar:/home/terry/android-studio/bin/../lib/trove4j.jar:/home/terry/android-studio/bin/../lib/jna.jar:/usr/lib/jvm/java-8-oracle/lib/tools.jar
PATH=/usr/lib/lightdm/lightdm:/usr/local/sbin:/usr/local/bin:/usr/sbin:/usr/bin:/sbin:/bin:/usr/games
LD_LIBRARY_PATH=/home/terry/android-studio/bin:
SHELL=/bin/bash
DISPLAY=:0.0

Signal Handlers:
SIGSEGV: [libjvm.so+0x8c29a0], sa_mask[0]=11111111011111111101111111111110, sa_flags=SA_RESTART|SA_SIGINFO
SIGBUS: [libjvm.so+0x8c29a0], sa_mask[0]=11111111011111111101111111111110, sa_flags=SA_RESTART|SA_SIGINFO
SIGFPE: [libjvm.so+0x7432d0], sa_mask[0]=11111111011111111101111111111110, sa_flags=SA_RESTART|SA_SIGINFO
SIGPIPE: [libjvm.so+0x7432d0], sa_mask[0]=11111111011111111101111111111110, sa_flags=SA_RESTART|SA_SIGINFO
SIGXFSZ: [libjvm.so+0x7432d0], sa_mask[0]=11111111011111111101111111111110, sa_flags=SA_RESTART|SA_SIGINFO
SIGILL: [libjvm.so+0x7432d0], sa_mask[0]=11111111011111111101111111111110, sa_flags=SA_RESTART|SA_SIGINFO
SIGUSR1: SIG_DFL, sa_mask[0]=00000000000000000000000000000000, sa_flags=none
SIGUSR2: [libjvm.so+0x744860], sa_mask[0]=00100000000000000000000000000000, sa_flags=SA_RESTART|SA_SIGINFO
SIGHUP: [libjvm.so+0x745d10], sa_mask[0]=11111111011111111101111111111110, sa_flags=SA_RESTART|SA_SIGINFO
SIGINT: SIG_IGN, sa_mask[0]=00000000000000000000000000000000, sa_flags=none
SIGTERM: [libjvm.so+0x745d10], sa_mask[0]=11111111011111111101111111111110, sa_flags=SA_RESTART|SA_SIGINFO
SIGQUIT: [libjvm.so+0x745d10], sa_mask[0]=11111111011111111101111111111110, sa_flags=SA_RESTART|SA_SIGINFO


---------------  S Y S T E M  ---------------

OS:DISTRIB_ID=Ubuntu
DISTRIB_RELEASE=12.04
DISTRIB_CODENAME=precise
DISTRIB_DESCRIPTION="Ubuntu 12.04.5 LTS"

uname:Linux 3.2.0-24-generic-pae #39-Ubuntu SMP Mon May 21 18:54:21 UTC 2012 i686
libc:glibc 2.15 NPTL 2.15 
rlimit: STACK 8192k, CORE 0k, NPROC 23509, NOFILE 4096, AS infinity
load average:1.39 1.29 1.28

/proc/meminfo:
MemTotal:        3023804 kB
MemFree:          124336 kB
Buffers:             268 kB
Cached:           167704 kB
SwapCached:            0 kB
Active:          2588604 kB
Inactive:         139936 kB
Active(anon):    2561312 kB
Inactive(anon):   112468 kB
Active(file):      27292 kB
Inactive(file):    27468 kB
Unevictable:          16 kB
Mlocked:              16 kB
HighTotal:       2157824 kB
HighFree:            800 kB
LowTotal:         865980 kB
LowFree:          123536 kB
SwapTotal:             0 kB
SwapFree:              0 kB
Dirty:                36 kB
Writeback:             0 kB
AnonPages:       2560732 kB
Mapped:           146852 kB
Shmem:            113280 kB
Slab:              45408 kB
SReclaimable:      19868 kB
SUnreclaim:        25540 kB
KernelStack:        5400 kB
PageTables:        19944 kB
NFS_Unstable:          0 kB
Bounce:                0 kB
WritebackTmp:          0 kB
CommitLimit:     1511900 kB
Committed_AS:    8429352 kB
VmallocTotal:     122880 kB
VmallocUsed:       54432 kB
VmallocChunk:      47048 kB
HardwareCorrupted:     0 kB
AnonHugePages:         0 kB
HugePages_Total:       0
HugePages_Free:        0
HugePages_Rsvd:        0
HugePages_Surp:        0
Hugepagesize:       2048 kB
DirectMap4k:        8184 kB
DirectMap2M:      905216 kB


CPU:total 4 (2 cores per cpu, 2 threads per core) family 6 model 37 stepping 5, cmov, cx8, fxsr, mmx, sse, sse2, sse3, ssse3, sse4.1, sse4.2, popcnt, ht, tsc, tscinvbit

/proc/cpuinfo:
processor	: 0
vendor_id	: GenuineIntel
cpu family	: 6
model		: 37
model name	: Intel(R) Core(TM) i3 CPU       M 380  @ 2.53GHz
stepping	: 5
microcode	: 0x2
cpu MHz		: 1066.000
cache size	: 3072 KB
physical id	: 0
siblings	: 4
core id		: 0
cpu cores	: 2
apicid		: 0
initial apicid	: 0
fdiv_bug	: no
hlt_bug		: no
f00f_bug	: no
coma_bug	: no
fpu		: yes
fpu_exception	: yes
cpuid level	: 11
wp		: yes
flags		: fpu vme de pse tsc msr pae mce cx8 apic sep mtrr pge mca cmov pat pse36 clflush dts acpi mmx fxsr sse sse2 ss ht tm pbe nx rdtscp lm constant_tsc arch_perfmon pebs bts xtopology nonstop_tsc aperfmperf pni dtes64 monitor ds_cpl vmx est tm2 ssse3 cx16 xtpr pdcm pcid sse4_1 sse4_2 popcnt lahf_lm arat dts tpr_shadow vnmi flexpriority ept vpid
bogomips	: 5054.50
clflush size	: 64
cache_alignment	: 64
address sizes	: 36 bits physical, 48 bits virtual
power management:

processor	: 1
vendor_id	: GenuineIntel
cpu family	: 6
model		: 37
model name	: Intel(R) Core(TM) i3 CPU       M 380  @ 2.53GHz
stepping	: 5
microcode	: 0x2
cpu MHz		: 933.000
cache size	: 3072 KB
physical id	: 0
siblings	: 4
core id		: 0
cpu cores	: 2
apicid		: 1
initial apicid	: 1
fdiv_bug	: no
hlt_bug		: no
f00f_bug	: no
coma_bug	: no
fpu		: yes
fpu_exception	: yes
cpuid level	: 11
wp		: yes
flags		: fpu vme de pse tsc msr pae mce cx8 apic sep mtrr pge mca cmov pat pse36 clflush dts acpi mmx fxsr sse sse2 ss ht tm pbe nx rdtscp lm constant_tsc arch_perfmon pebs bts xtopology nonstop_tsc aperfmperf pni dtes64 monitor ds_cpl vmx est tm2 ssse3 cx16 xtpr pdcm pcid sse4_1 sse4_2 popcnt lahf_lm arat dts tpr_shadow vnmi flexpriority ept vpid
bogomips	: 5053.86
clflush size	: 64
cache_alignment	: 64
address sizes	: 36 bits physical, 48 bits virtual
power management:

processor	: 2
vendor_id	: GenuineIntel
cpu family	: 6
model		: 37
model name	: Intel(R) Core(TM) i3 CPU       M 380  @ 2.53GHz
stepping	: 5
microcode	: 0x2
cpu MHz		: 1199.000
cache size	: 3072 KB
physical id	: 0
siblings	: 4
core id		: 2
cpu cores	: 2
apicid		: 4
initial apicid	: 4
fdiv_bug	: no
hlt_bug		: no
f00f_bug	: no
coma_bug	: no
fpu		: yes
fpu_exception	: yes
cpuid level	: 11
wp		: yes
flags		: fpu vme de pse tsc msr pae mce cx8 apic sep mtrr pge mca cmov pat pse36 clflush dts acpi mmx fxsr sse sse2 ss ht tm pbe nx rdtscp lm constant_tsc arch_perfmon pebs bts xtopology nonstop_tsc aperfmperf pni dtes64 monitor ds_cpl vmx est tm2 ssse3 cx16 xtpr pdcm pcid sse4_1 sse4_2 popcnt lahf_lm arat dts tpr_shadow vnmi flexpriority ept vpid
bogomips	: 5053.88
clflush size	: 64
cache_alignment	: 64
address sizes	: 36 bits physical, 48 bits virtual
power management:

processor	: 3
vendor_id	: GenuineIntel
cpu family	: 6
model		: 37
model name	: Intel(R) Core(TM) i3 CPU       M 380  @ 2.53GHz
stepping	: 5
microcode	: 0x2
cpu MHz		: 933.000
cache size	: 3072 KB
physical id	: 0
siblings	: 4
core id		: 2
cpu cores	: 2
apicid		: 5
initial apicid	: 5
fdiv_bug	: no
hlt_bug		: no
f00f_bug	: no
coma_bug	: no
fpu		: yes
fpu_exception	: yes
cpuid level	: 11
wp		: yes
flags		: fpu vme de pse tsc msr pae mce cx8 apic sep mtrr pge mca cmov pat pse36 clflush dts acpi mmx fxsr sse sse2 ss ht tm pbe nx rdtscp lm constant_tsc arch_perfmon pebs bts xtopology nonstop_tsc aperfmperf pni dtes64 monitor ds_cpl vmx est tm2 ssse3 cx16 xtpr pdcm pcid sse4_1 sse4_2 popcnt lahf_lm arat dts tpr_shadow vnmi flexpriority ept vpid
bogomips	: 5053.89
clflush size	: 64
cache_alignment	: 64
address sizes	: 36 bits physical, 48 bits virtual
power management:



Memory: 4k page, physical 3023804k(124336k free), swap 0k(0k free)

vm_info: Java HotSpot(TM) Server VM (25.45-b02) for linux-x86 JRE (1.8.0_45-b14), built on Apr 10 2015 10:38:30 by "java_re" with gcc 4.3.0 20080428 (Red Hat 4.3.0-8)

time: Sun Dec 20 03:59:26 2015
elapsed time: 3 seconds (0d 0h 0m 3s)

