#
# There is insufficient memory for the Java Runtime Environment to continue.
# Native memory allocation (mmap) failed to map 12582912 bytes for committing reserved memory.
# Possible reasons:
#   The system is out of physical RAM or swap space
#   In 32 bit mode, the process size limit was hit
# Possible solutions:
#   Reduce memory load on the system
#   Increase physical memory or swap space
#   Check if swap backing store is full
#   Use 64 bit Java on a 64 bit OS
#   Decrease Java heap size (-Xmx/-Xms)
#   Decrease number of Java threads
#   Decrease Java thread stack sizes (-Xss)
#   Set larger code cache with -XX:ReservedCodeCacheSize=
# This output file may be truncated or incomplete.
#
#  Out of Memory Error (os_linux.cpp:2673), pid=7689, tid=1671428928
#
# JRE version: Java(TM) SE Runtime Environment (8.0_45-b14) (build 1.8.0_45-b14)
# Java VM: Java HotSpot(TM) Server VM (25.45-b02 mixed mode linux-x86 )
# Failed to write core dump. Core dumps have been disabled. To enable core dumping, try "ulimit -c unlimited" before starting Java again
#

---------------  T H R E A D  ---------------

Current thread (0x63a81400):  VMThread [stack: 0x6397f000,0x63a00000] [id=7732]

Stack: [0x6397f000,0x63a00000],  sp=0x639fe7b0,  free space=509k
Native frames: (J=compiled Java code, j=interpreted, Vv=VM code, C=native code)
V  [libjvm.so+0x8c1ecf]  VMError::report_and_die()+0x16f
V  [libjvm.so+0x386495]  report_vm_out_of_memory(char const*, int, unsigned int, VMErrorType, char const*)+0x55
V  [libjvm.so+0x7467a6]  os::Linux::commit_memory_impl(char*, unsigned int, bool)+0xe6
V  [libjvm.so+0x746bc8]  os::pd_commit_memory(char*, unsigned int, unsigned int, bool)+0x28
V  [libjvm.so+0x7402ec]  os::commit_memory(char*, unsigned int, unsigned int, bool)+0x2c
V  [libjvm.so+0x7aa598]  PSVirtualSpace::expand_by(unsigned int)+0x48
V  [libjvm.so+0x7ab69a]  PSYoungGen::resize_generation(unsigned int, unsigned int)+0xda
V  [libjvm.so+0x7aa9c9]  PSYoungGen::resize(unsigned int, unsigned int)+0x19
V  [libjvm.so+0x7a82ed]  PSScavenge::invoke_no_policy()+0xd4d
V  [libjvm.so+0x7a8ab8]  PSScavenge::invoke()+0x28
V  [libjvm.so+0x767d8a]  ParallelScavengeHeap::failed_mem_allocate(unsigned int)+0x5a
V  [libjvm.so+0x8c379a]  VM_ParallelGCFailedAllocation::doit()+0x7a
V  [libjvm.so+0x8cc9b7]  VM_Operation::evaluate()+0x47
V  [libjvm.so+0x8caa93]  VMThread::evaluate_operation(VM_Operation*)+0xb3
V  [libjvm.so+0x8cae30]  VMThread::loop()+0x1b0
V  [libjvm.so+0x8cb295]  VMThread::run()+0x85
V  [libjvm.so+0x749049]  java_start(Thread*)+0x119
C  [libpthread.so.0+0x6d4c]  start_thread+0xcc

VM_Operation (0xb6780880): ParallelGCFailedAllocation, mode: safepoint, requested by thread 0xb6607800


---------------  P R O C E S S  ---------------

Java Threads: ( => current thread )
  0x63128000 JavaThread "pool-1-thread-4" [_thread_blocked, id=7780, stack(0x630af000,0x63100000)]
  0x63129400 JavaThread "pool-1-thread-3" [_thread_blocked, id=7778, stack(0x6322c000,0x6327d000)]
  0x63124400 JavaThread "pool-1-thread-2" [_thread_blocked, id=7775, stack(0x6372e000,0x6377f000)]
  0x6311cc00 JavaThread "pool-2-thread-1" [_thread_blocked, id=7770, stack(0x63b2f000,0x63b80000)]
  0x6311bc00 JavaThread "pool-1-thread-1" [_thread_blocked, id=7767, stack(0x6672e000,0x6677f000)]
  0x63aaac00 JavaThread "Service Thread" daemon [_thread_blocked, id=7757, stack(0x6692e000,0x6697f000)]
  0x63aa7800 JavaThread "C1 CompilerThread2" daemon [_thread_blocked, id=7754, stack(0x632fe000,0x6337f000)]
  0x63aa6000 JavaThread "C2 CompilerThread1" daemon [_thread_blocked, id=7752, stack(0x6337f000,0x63400000)]
  0x63aa4400 JavaThread "C2 CompilerThread0" daemon [_thread_blocked, id=7748, stack(0x6377f000,0x63800000)]
  0x63aa2c00 JavaThread "Signal Dispatcher" daemon [_thread_blocked, id=7744, stack(0x66b2e000,0x66b7f000)]
  0x63a86000 JavaThread "Finalizer" daemon [_thread_blocked, id=7736, stack(0x66d2d000,0x66d7e000)]
  0x63a84800 JavaThread "Reference Handler" daemon [_thread_blocked, id=7734, stack(0x6392e000,0x6397f000)]
  0xb6607800 JavaThread "main" [_thread_blocked, id=7709, stack(0xb6731000,0xb6782000)]

Other Threads:
=>0x63a81400 VMThread [stack: 0x6397f000,0x63a00000] [id=7732]
  0x63ab5c00 WatcherThread [stack: 0x6327d000,0x632fe000] [id=7761]

VM state:at safepoint (normal execution)

VM Mutex/Monitor currently owned by a thread:  ([mutex/lock_event])
[0xb6604fa0] Threads_lock - owner thread: 0x63a81400
[0xb66053b0] Heap_lock - owner thread: 0xb6607800

Heap:
 PSYoungGen      total 14336K, used 2035K [0x91ac0000, 0x92ac0000, 0xa7000000)
  eden space 12288K, 0% used [0x91ac0000,0x91ac0000,0x926c0000)
  from space 2048K, 99% used [0x928c0000,0x92abcf28,0x92ac0000)
  to   space 2048K, 0% used [0x926c0000,0x926c0000,0x928c0000)
 ParOldGen       total 32768K, used 3280K [0x67000000, 0x69000000, 0x91ac0000)
  object space 32768K, 10% used [0x67000000,0x673342c0,0x69000000)
 Metaspace       used 3649K, capacity 3686K, committed 3736K, reserved 4400K

Card table byte_map: [0x66dff000,0x67000000] byte_map_base: 0x66ac7000

Marking Bits: (ParMarkBitMap*) 0xb719e960
 Begin Bits: [0x64600000, 0x65600000)
 End Bits:   [0x65600000, 0x66600000)

Polling page: 0xb779c000

CodeCache: size=245760Kb used=2070Kb max_used=2070Kb free=243689Kb
 bounds [0xa7593000, 0xa77d3000, 0xb6593000]
 total_blobs=912 nmethods=751 adapters=75
 compilation: enabled

Compilation events (10 events):
Event: 3.472 Thread 0x63aa7800 nmethod 811 0xa778bd88 code [0xa778bfc0, 0xa778c7a4]
Event: 3.472 Thread 0x63aa7800  800       2       com.android.dx.ssa.SsaMethod::forEachInsn (36 bytes)
Event: 3.478 Thread 0x63aa7800 nmethod 800 0xa7786f48 code [0xa7787080, 0xa7787278]
Event: 3.478 Thread 0x63aa7800  790       3       java.util.TreeMap::getEntry (84 bytes)
Event: 3.479 Thread 0x63aa7800 nmethod 790 0xa7786708 code [0xa7786880, 0xa7786d64]
Event: 3.479 Thread 0x63aa7800  803       3       com.android.dx.rop.code.LocalVariableExtractor::processBlock (327 bytes)
Event: 3.484 Thread 0x63aa4400 nmethod 686 0xa7792548 code [0xa77929a0, 0xa7794d78]
Event: 3.484 Thread 0x63aa4400  755       4       java.util.HashMap::getNode (148 bytes)
Event: 3.485 Thread 0x63aa7800 nmethod 803 0xa7799908 code [0xa7799da0, 0xa779cdc8]
Event: 3.485 Thread 0x63aa7800  788       3       java.util.TreeMap::put (247 bytes)

GC Heap History (3 events):
Event: 3.104 GC heap before
{Heap before GC invocations=1 (full 0):
 PSYoungGen      total 14336K, used 12288K [0x91ac0000, 0x92ac0000, 0xa7000000)
  eden space 12288K, 100% used [0x91ac0000,0x926c0000,0x926c0000)
  from space 2048K, 0% used [0x928c0000,0x928c0000,0x92ac0000)
  to   space 2048K, 0% used [0x926c0000,0x926c0000,0x928c0000)
 ParOldGen       total 32768K, used 0K [0x67000000, 0x69000000, 0x91ac0000)
  object space 32768K, 0% used [0x67000000,0x67000000,0x69000000)
 Metaspace       used 3500K, capacity 3550K, committed 3608K, reserved 4400K
Event: 3.117 GC heap after
Heap after GC invocations=1 (full 0):
 PSYoungGen      total 14336K, used 2034K [0x91ac0000, 0x92ac0000, 0xa7000000)
  eden space 12288K, 0% used [0x91ac0000,0x91ac0000,0x926c0000)
  from space 2048K, 99% used [0x926c0000,0x928bcaf0,0x928c0000)
  to   space 2048K, 0% used [0x928c0000,0x928c0000,0x92ac0000)
 ParOldGen       total 32768K, used 1536K [0x67000000, 0x69000000, 0x91ac0000)
  object space 32768K, 4% used [0x67000000,0x67180178,0x69000000)
 Metaspace       used 3500K, capacity 3550K, committed 3608K, reserved 4400K
}
Event: 3.485 GC heap before
{Heap before GC invocations=2 (full 0):
 PSYoungGen      total 14336K, used 14322K [0x91ac0000, 0x92ac0000, 0xa7000000)
  eden space 12288K, 100% used [0x91ac0000,0x926c0000,0x926c0000)
  from space 2048K, 99% used [0x926c0000,0x928bcaf0,0x928c0000)
  to   space 2048K, 0% used [0x928c0000,0x928c0000,0x92ac0000)
 ParOldGen       total 32768K, used 1536K [0x67000000, 0x69000000, 0x91ac0000)
  object space 32768K, 4% used [0x67000000,0x67180178,0x69000000)
 Metaspace       used 3649K, capacity 3686K, committed 3736K, reserved 4400K

Deoptimization events (9 events):
Event: 1.812 Thread 0xb6607800 Uncommon trap: reason=unstable_if action=reinterpret pc=0xa7680c38 method=java.lang.String.indexOf(II)I @ 49
Event: 3.003 Thread 0x63124400 Uncommon trap: reason=unstable_if action=reinterpret pc=0xa76fb908 method=java.util.BitSet.nextSetBit(I)I @ 87
Event: 3.157 Thread 0x63124400 Uncommon trap: reason=unstable_if action=reinterpret pc=0xa76d5134 method=java.lang.String.replace(CC)Ljava/lang/String; @ 26
Event: 3.181 Thread 0x6311bc00 Uncommon trap: reason=unstable_if action=reinterpret pc=0xa76f18c0 method=java.util.HashMap.getNode(ILjava/lang/Object;)Ljava/util/HashMap$Node; @ 129
Event: 3.300 Thread 0x63129400 Uncommon trap: reason=unstable_if action=reinterpret pc=0xa770bda4 method=java.util.HashMap.getNode(ILjava/lang/Object;)Ljava/util/HashMap$Node; @ 62
Event: 3.482 Thread 0x63124400 Uncommon trap: reason=class_check action=maybe_recompile pc=0xa7776070 method=com.android.dx.ssa.NormalSsaInsn.accept(Lcom/android/dx/ssa/SsaInsn$Visitor;)V @ 9
Event: 3.482 Thread 0x63124400 Uncommon trap: reason=class_check action=maybe_recompile pc=0xa7776070 method=com.android.dx.ssa.NormalSsaInsn.accept(Lcom/android/dx/ssa/SsaInsn$Visitor;)V @ 9
Event: 3.482 Thread 0x63124400 Uncommon trap: reason=class_check action=maybe_recompile pc=0xa7776070 method=com.android.dx.ssa.NormalSsaInsn.accept(Lcom/android/dx/ssa/SsaInsn$Visitor;)V @ 9
Event: 3.482 Thread 0x63124400 Uncommon trap: reason=class_check action=maybe_recompile pc=0xa7776070 method=com.android.dx.ssa.NormalSsaInsn.accept(Lcom/android/dx/ssa/SsaInsn$Visitor;)V @ 9

Internal exceptions (2 events):
Event: 0.841 Thread 0xb6607800 Exception <a 'java/lang/NoSuchMethodError': Method sun.misc.Unsafe.defineClass(Ljava/lang/String;[BII)Ljava/lang/Class; name or signature does not match> (0x91ad0400) thrown at [/HUDSON/workspace/8-2-build-linux-i586/jdk8u45/3457/hotspot/src/share/vm/prim
Event: 0.841 Thread 0xb6607800 Exception <a 'java/lang/NoSuchMethodError': Method sun.misc.Unsafe.prefetchRead(Ljava/lang/Object;J)V name or signature does not match> (0x91ad0680) thrown at [/HUDSON/workspace/8-2-build-linux-i586/jdk8u45/3457/hotspot/src/share/vm/prims/jni.cpp, line 39

Events (10 events):
Event: 3.482 Thread 0x63124400 Uncommon trap: trap_request=0xffffffde fr.pc=0xa7776070
Event: 3.482 Thread 0x63124400 DEOPT PACKING pc=0xa7776070 sp=0x6377d610
Event: 3.482 Thread 0x63124400 DEOPT UNPACKING pc=0xa75cde55 sp=0x6377d648 mode 2
Event: 3.482 Thread 0x63124400 Uncommon trap: trap_request=0xffffffde fr.pc=0xa7776070
Event: 3.482 Thread 0x63124400 DEOPT PACKING pc=0xa7776070 sp=0x6377d610
Event: 3.482 Thread 0x63124400 DEOPT UNPACKING pc=0xa75cde55 sp=0x6377d648 mode 2
Event: 3.482 Thread 0x63124400 Uncommon trap: trap_request=0xffffffde fr.pc=0xa7776070
Event: 3.482 Thread 0x63124400 DEOPT PACKING pc=0xa7776070 sp=0x6377d610
Event: 3.482 Thread 0x63124400 DEOPT UNPACKING pc=0xa75cde55 sp=0x6377d648 mode 2
Event: 3.485 Executing VM operation: ParallelGCFailedAllocation


Dynamic libraries:
08048000-08049000 r-xp 00000000 08:08 3557484    /usr/lib/jvm/java-8-oracle/bin/java
08049000-0804a000 rw-p 00000000 08:08 3557484    /usr/lib/jvm/java-8-oracle/bin/java
085c2000-085e3000 rw-p 00000000 00:00 0          [heap]
62700000-6273f000 rw-p 00000000 00:00 0 
6273f000-62800000 ---p 00000000 00:00 0 
62800000-628f3000 rw-p 00000000 00:00 0 
628f3000-62900000 ---p 00000000 00:00 0 
62900000-629ae000 rw-p 00000000 00:00 0 
629ae000-62a00000 ---p 00000000 00:00 0 
62b00000-62be8000 rw-p 00000000 00:00 0 
62be8000-62c00000 ---p 00000000 00:00 0 
62c00000-62d00000 rw-p 00000000 00:00 0 
62d00000-62df8000 rw-p 00000000 00:00 0 
62df8000-62e00000 ---p 00000000 00:00 0 
62e00000-62ef9000 rw-p 00000000 00:00 0 
62ef9000-62f00000 ---p 00000000 00:00 0 
62f00000-63000000 rw-p 00000000 00:00 0 
630af000-630b2000 ---p 00000000 00:00 0 
630b2000-63100000 rw-p 00000000 00:00 0 
63100000-63162000 rw-p 00000000 00:00 0 
63162000-63200000 ---p 00000000 00:00 0 
6322c000-6322f000 ---p 00000000 00:00 0 
6322f000-6327d000 rw-p 00000000 00:00 0 
6327d000-6327e000 ---p 00000000 00:00 0 
6327e000-632fe000 rw-p 00000000 00:00 0 
632fe000-63301000 ---p 00000000 00:00 0 
63301000-6337f000 rw-p 00000000 00:00 0 
6337f000-63382000 ---p 00000000 00:00 0 
63382000-63400000 rw-p 00000000 00:00 0 
63400000-63600000 r--p 00000000 08:08 3546503    /usr/lib/locale/locale-archive
63600000-6362d000 rw-p 00000000 00:00 0 
6362d000-63700000 ---p 00000000 00:00 0 
6372e000-63731000 ---p 00000000 00:00 0 
63731000-6377f000 rw-p 00000000 00:00 0 
6377f000-63782000 ---p 00000000 00:00 0 
63782000-63800000 rw-p 00000000 00:00 0 
63800000-63900000 rw-p 00000000 00:00 0 
6392e000-63931000 ---p 00000000 00:00 0 
63931000-6397f000 rw-p 00000000 00:00 0 
6397f000-63980000 ---p 00000000 00:00 0 
63980000-63a00000 rw-p 00000000 00:00 0 
63a00000-63b00000 rw-p 00000000 00:00 0 
63b2f000-63b32000 ---p 00000000 00:00 0 
63b32000-63b80000 rw-p 00000000 00:00 0 
63b80000-63d59000 r--s 03d09000 08:08 3674049    /usr/lib/jvm/java-8-oracle/jre/lib/rt.jar
63d59000-6415a000 rw-p 00000000 00:00 0 
6415a000-64200000 ---p 00000000 00:00 0 
64200000-66600000 rw-p 00000000 00:00 0 
66600000-666fd000 rw-p 00000000 00:00 0 
666fd000-66700000 ---p 00000000 00:00 0 
6672e000-66731000 ---p 00000000 00:00 0 
66731000-6677f000 rw-p 00000000 00:00 0 
6677f000-66780000 ---p 00000000 00:00 0 
66780000-66800000 rw-p 00000000 00:00 0 
66800000-668ff000 rw-p 00000000 00:00 0 
668ff000-66900000 ---p 00000000 00:00 0 
6692e000-66931000 ---p 00000000 00:00 0 
66931000-6697f000 rw-p 00000000 00:00 0 
6697f000-66980000 ---p 00000000 00:00 0 
66980000-66a00000 rw-p 00000000 00:00 0 
66a00000-66a21000 rw-p 00000000 00:00 0 
66a21000-66b00000 ---p 00000000 00:00 0 
66b2e000-66b31000 ---p 00000000 00:00 0 
66b31000-66b7f000 rw-p 00000000 00:00 0 
66b7f000-66b80000 ---p 00000000 00:00 0 
66b80000-66c00000 rw-p 00000000 00:00 0 
66c00000-66c21000 rw-p 00000000 00:00 0 
66c21000-66d00000 ---p 00000000 00:00 0 
66d2d000-66d30000 ---p 00000000 00:00 0 
66d30000-66d7e000 rw-p 00000000 00:00 0 
66d7e000-66d7f000 ---p 00000000 00:00 0 
66d7f000-66e0f000 rw-p 00000000 00:00 0 
66e0f000-66f54000 ---p 00000000 00:00 0 
66f54000-66f5d000 rw-p 00000000 00:00 0 
66f5d000-66fff000 ---p 00000000 00:00 0 
66fff000-69000000 rw-p 00000000 00:00 0 
69000000-91ac0000 ---p 00000000 00:00 0 
91ac0000-92ac0000 rw-p 00000000 00:00 0 
936c0000-a7000000 ---p 00000000 00:00 0 
a7004000-a7016000 r--s 000c6000 08:07 1329454    /home/terry/Desktop/foodsearch/app/build/intermediates/exploded-aar/com.android.support/support-v4/22.2.0/jars/classes.jar
a7016000-a708d000 rw-p 00000000 00:00 0 
a708d000-a71d3000 ---p 00000000 00:00 0 
a71d3000-a71dc000 rw-p 00000000 00:00 0 
a71dc000-a7593000 ---p 00000000 00:00 0 
a7593000-a77d3000 rwxp 00000000 00:00 0 
a77d3000-b6593000 ---p 00000000 00:00 0 
b6593000-b65ac000 r-xp 00000000 08:08 3674077    /usr/lib/jvm/java-8-oracle/jre/lib/i386/libzip.so
b65ac000-b65ad000 rw-p 00018000 08:08 3674077    /usr/lib/jvm/java-8-oracle/jre/lib/i386/libzip.so
b65ad000-b65b8000 r-xp 00000000 08:08 1573072    /lib/i386-linux-gnu/libnss_files-2.15.so
b65b8000-b65b9000 r--p 0000a000 08:08 1573072    /lib/i386-linux-gnu/libnss_files-2.15.so
b65b9000-b65ba000 rw-p 0000b000 08:08 1573072    /lib/i386-linux-gnu/libnss_files-2.15.so
b65ba000-b65c4000 r-xp 00000000 08:08 1572926    /lib/i386-linux-gnu/libnss_nis-2.15.so
b65c4000-b65c5000 r--p 00009000 08:08 1572926    /lib/i386-linux-gnu/libnss_nis-2.15.so
b65c5000-b65c6000 rw-p 0000a000 08:08 1572926    /lib/i386-linux-gnu/libnss_nis-2.15.so
b65c6000-b65dc000 r-xp 00000000 08:08 1573082    /lib/i386-linux-gnu/libnsl-2.15.so
b65dc000-b65dd000 r--p 00015000 08:08 1573082    /lib/i386-linux-gnu/libnsl-2.15.so
b65dd000-b65de000 rw-p 00016000 08:08 1573082    /lib/i386-linux-gnu/libnsl-2.15.so
b65de000-b65e0000 rw-p 00000000 00:00 0 
b65e0000-b65e7000 r-xp 00000000 08:08 1573086    /lib/i386-linux-gnu/libnss_compat-2.15.so
b65e7000-b65e8000 r--p 00006000 08:08 1573086    /lib/i386-linux-gnu/libnss_compat-2.15.so
b65e8000-b65e9000 rw-p 00007000 08:08 1573086    /lib/i386-linux-gnu/libnss_compat-2.15.so
b65f1000-b6600000 r--s 000df000 08:07 2104235    /home/terry/android-sdk-linux/build-tools/23.0.0_rc2/lib/dx.jar
b6600000-b66fb000 rw-p 00000000 00:00 0 
b66fb000-b6700000 ---p 00000000 00:00 0 
b6703000-b6727000 r-xp 00000000 08:08 3674109    /usr/lib/jvm/java-8-oracle/jre/lib/i386/libjava.so
b6727000-b6728000 rw-p 00023000 08:08 3674109    /usr/lib/jvm/java-8-oracle/jre/lib/i386/libjava.so
b6728000-b672f000 r-xp 00000000 08:08 1573074    /lib/i386-linux-gnu/librt-2.15.so
b672f000-b6730000 r--p 00006000 08:08 1573074    /lib/i386-linux-gnu/librt-2.15.so
b6730000-b6731000 rw-p 00007000 08:08 1573074    /lib/i386-linux-gnu/librt-2.15.so
b6731000-b6734000 ---p 00000000 00:00 0 
b6734000-b6782000 rw-p 00000000 00:00 0 
b6782000-b67ac000 r-xp 00000000 08:08 1573083    /lib/i386-linux-gnu/libm-2.15.so
b67ac000-b67ad000 r--p 00029000 08:08 1573083    /lib/i386-linux-gnu/libm-2.15.so
b67ad000-b67ae000 rw-p 0002a000 08:08 1573083    /lib/i386-linux-gnu/libm-2.15.so
b67ae000-b7121000 r-xp 00000000 08:08 3674089    /usr/lib/jvm/java-8-oracle/jre/lib/i386/server/libjvm.so
b7121000-b718d000 rw-p 00972000 08:08 3674089    /usr/lib/jvm/java-8-oracle/jre/lib/i386/server/libjvm.so
b718d000-b75b3000 rw-p 00000000 00:00 0 
b75b3000-b7756000 r-xp 00000000 08:08 1573087    /lib/i386-linux-gnu/libc-2.15.so
b7756000-b7758000 r--p 001a3000 08:08 1573087    /lib/i386-linux-gnu/libc-2.15.so
b7758000-b7759000 rw-p 001a5000 08:08 1573087    /lib/i386-linux-gnu/libc-2.15.so
b7759000-b775c000 rw-p 00000000 00:00 0 
b775c000-b775f000 r-xp 00000000 08:08 1573085    /lib/i386-linux-gnu/libdl-2.15.so
b775f000-b7760000 r--p 00002000 08:08 1573085    /lib/i386-linux-gnu/libdl-2.15.so
b7760000-b7761000 rw-p 00003000 08:08 1573085    /lib/i386-linux-gnu/libdl-2.15.so
b7761000-b7775000 r-xp 00000000 08:08 3557613    /usr/lib/jvm/java-8-oracle/lib/i386/jli/libjli.so
b7775000-b7776000 rw-p 00014000 08:08 3557613    /usr/lib/jvm/java-8-oracle/lib/i386/jli/libjli.so
b7776000-b7777000 rw-p 00000000 00:00 0 
b7777000-b778e000 r-xp 00000000 08:08 1573070    /lib/i386-linux-gnu/libpthread-2.15.so
b778e000-b778f000 r--p 00016000 08:08 1573070    /lib/i386-linux-gnu/libpthread-2.15.so
b778f000-b7790000 rw-p 00017000 08:08 1573070    /lib/i386-linux-gnu/libpthread-2.15.so
b7790000-b7792000 rw-p 00000000 00:00 0 
b7792000-b7793000 r--p 005e0000 08:08 3546503    /usr/lib/locale/locale-archive
b7793000-b779b000 rw-s 00000000 08:08 921856     /tmp/hsperfdata_terry/7689
b779b000-b779c000 rw-p 00000000 00:00 0 
b779c000-b779d000 ---p 00000000 00:00 0 
b779d000-b77a8000 r-xp 00000000 08:08 3674103    /usr/lib/jvm/java-8-oracle/jre/lib/i386/libverify.so
b77a8000-b77a9000 rw-p 0000b000 08:08 3674103    /usr/lib/jvm/java-8-oracle/jre/lib/i386/libverify.so
b77a9000-b77ab000 rw-p 00000000 00:00 0 
b77ab000-b77ac000 r-xp 00000000 00:00 0          [vdso]
b77ac000-b77cc000 r-xp 00000000 08:08 1573075    /lib/i386-linux-gnu/ld-2.15.so
b77cc000-b77cd000 r--p 0001f000 08:08 1573075    /lib/i386-linux-gnu/ld-2.15.so
b77cd000-b77ce000 rw-p 00020000 08:08 1573075    /lib/i386-linux-gnu/ld-2.15.so
bfe1a000-bfe1b000 rwxp 00000000 00:00 0 
bfe4d000-bfe6e000 rw-p 00000000 00:00 0          [stack]

VM Arguments:
jvm_args: -Xmx1024M -Dfile.encoding=UTF-8 -Duser.country=US -Duser.language=en -Duser.variant 
java_command: com.android.dx.command.Main --dex --num-threads=4 --output /home/terry/Desktop/foodsearch/app/build/intermediates/pre-dexed/debug/classes-d8afaf110838d4a7342763a84582492b0ec74fa4.jar /home/terry/Desktop/foodsearch/app/build/intermediates/exploded-aar/com.android.support/support-v4/22.2.0/jars/classes.jar
java_class_path (initial): /home/terry/android-sdk-linux/build-tools/23.0.0_rc2/lib/dx.jar
Launcher Type: SUN_STANDARD

Environment Variables:
CLASSPATH=/home/terry/android-studio/bin/../lib/bootstrap.jar:/home/terry/android-studio/bin/../lib/extensions.jar:/home/terry/android-studio/bin/../lib/util.jar:/home/terry/android-studio/bin/../lib/jdom.jar:/home/terry/android-studio/bin/../lib/log4j.jar:/home/terry/android-studio/bin/../lib/trove4j.jar:/home/terry/android-studio/bin/../lib/jna.jar:/usr/lib/jvm/java-8-oracle/lib/tools.jar
PATH=/usr/lib/lightdm/lightdm:/usr/local/sbin:/usr/local/bin:/usr/sbin:/usr/bin:/sbin:/bin:/usr/games
LD_LIBRARY_PATH=/home/terry/android-studio/bin:
SHELL=/bin/bash
DISPLAY=:0.0

Signal Handlers:
SIGSEGV: [libjvm.so+0x8c29a0], sa_mask[0]=11111111011111111101111111111110, sa_flags=SA_RESTART|SA_SIGINFO
SIGBUS: [libjvm.so+0x8c29a0], sa_mask[0]=11111111011111111101111111111110, sa_flags=SA_RESTART|SA_SIGINFO
SIGFPE: [libjvm.so+0x7432d0], sa_mask[0]=11111111011111111101111111111110, sa_flags=SA_RESTART|SA_SIGINFO
SIGPIPE: [libjvm.so+0x7432d0], sa_mask[0]=11111111011111111101111111111110, sa_flags=SA_RESTART|SA_SIGINFO
SIGXFSZ: [libjvm.so+0x7432d0], sa_mask[0]=11111111011111111101111111111110, sa_flags=SA_RESTART|SA_SIGINFO
SIGILL: [libjvm.so+0x7432d0], sa_mask[0]=11111111011111111101111111111110, sa_flags=SA_RESTART|SA_SIGINFO
SIGUSR1: SIG_DFL, sa_mask[0]=00000000000000000000000000000000, sa_flags=none
SIGUSR2: [libjvm.so+0x744860], sa_mask[0]=00100000000000000000000000000000, sa_flags=SA_RESTART|SA_SIGINFO
SIGHUP: [libjvm.so+0x745d10], sa_mask[0]=11111111011111111101111111111110, sa_flags=SA_RESTART|SA_SIGINFO
SIGINT: SIG_IGN, sa_mask[0]=00000000000000000000000000000000, sa_flags=none
SIGTERM: [libjvm.so+0x745d10], sa_mask[0]=11111111011111111101111111111110, sa_flags=SA_RESTART|SA_SIGINFO
SIGQUIT: [libjvm.so+0x745d10], sa_mask[0]=11111111011111111101111111111110, sa_flags=SA_RESTART|SA_SIGINFO


---------------  S Y S T E M  ---------------

OS:DISTRIB_ID=Ubuntu
DISTRIB_RELEASE=12.04
DISTRIB_CODENAME=precise
DISTRIB_DESCRIPTION="Ubuntu 12.04.5 LTS"

uname:Linux 3.2.0-24-generic-pae #39-Ubuntu SMP Mon May 21 18:54:21 UTC 2012 i686
libc:glibc 2.15 NPTL 2.15 
rlimit: STACK 8192k, CORE 0k, NPROC 23509, NOFILE 4096, AS infinity
load average:3.24 2.77 2.77

/proc/meminfo:
MemTotal:        3023804 kB
MemFree:          125076 kB
Buffers:             240 kB
Cached:           199864 kB
SwapCached:            0 kB
Active:          2593132 kB
Inactive:         175084 kB
Active(anon):    2568976 kB
Inactive(anon):   150836 kB
Active(file):      24156 kB
Inactive(file):    24248 kB
Unevictable:          16 kB
Mlocked:              16 kB
HighTotal:       2157824 kB
HighFree:           1468 kB
LowTotal:         865980 kB
LowFree:          123608 kB
SwapTotal:             0 kB
SwapFree:              0 kB
Dirty:              5200 kB
Writeback:          1100 kB
AnonPages:       2567856 kB
Mapped:           181788 kB
Shmem:            151956 kB
Slab:              43624 kB
SReclaimable:      18120 kB
SUnreclaim:        25504 kB
KernelStack:        5848 kB
PageTables:        20016 kB
NFS_Unstable:          0 kB
Bounce:                0 kB
WritebackTmp:          0 kB
CommitLimit:     1511900 kB
Committed_AS:    8487368 kB
VmallocTotal:     122880 kB
VmallocUsed:       54324 kB
VmallocChunk:      58528 kB
HardwareCorrupted:     0 kB
AnonHugePages:         0 kB
HugePages_Total:       0
HugePages_Free:        0
HugePages_Rsvd:        0
HugePages_Surp:        0
Hugepagesize:       2048 kB
DirectMap4k:       51192 kB
DirectMap2M:      862208 kB


CPU:total 4 (2 cores per cpu, 2 threads per core) family 6 model 37 stepping 5, cmov, cx8, fxsr, mmx, sse, sse2, sse3, ssse3, sse4.1, sse4.2, popcnt, ht, tsc, tscinvbit

/proc/cpuinfo:
processor	: 0
vendor_id	: GenuineIntel
cpu family	: 6
model		: 37
model name	: Intel(R) Core(TM) i3 CPU       M 380  @ 2.53GHz
stepping	: 5
microcode	: 0x2
cpu MHz		: 1999.000
cache size	: 3072 KB
physical id	: 0
siblings	: 4
core id		: 0
cpu cores	: 2
apicid		: 0
initial apicid	: 0
fdiv_bug	: no
hlt_bug		: no
f00f_bug	: no
coma_bug	: no
fpu		: yes
fpu_exception	: yes
cpuid level	: 11
wp		: yes
flags		: fpu vme de pse tsc msr pae mce cx8 apic sep mtrr pge mca cmov pat pse36 clflush dts acpi mmx fxsr sse sse2 ss ht tm pbe nx rdtscp lm constant_tsc arch_perfmon pebs bts xtopology nonstop_tsc aperfmperf pni dtes64 monitor ds_cpl vmx est tm2 ssse3 cx16 xtpr pdcm pcid sse4_1 sse4_2 popcnt lahf_lm arat dts tpr_shadow vnmi flexpriority ept vpid
bogomips	: 5054.52
clflush size	: 64
cache_alignment	: 64
address sizes	: 36 bits physical, 48 bits virtual
power management:

processor	: 1
vendor_id	: GenuineIntel
cpu family	: 6
model		: 37
model name	: Intel(R) Core(TM) i3 CPU       M 380  @ 2.53GHz
stepping	: 5
microcode	: 0x2
cpu MHz		: 1199.000
cache size	: 3072 KB
physical id	: 0
siblings	: 4
core id		: 0
cpu cores	: 2
apicid		: 1
initial apicid	: 1
fdiv_bug	: no
hlt_bug		: no
f00f_bug	: no
coma_bug	: no
fpu		: yes
fpu_exception	: yes
cpuid level	: 11
wp		: yes
flags		: fpu vme de pse tsc msr pae mce cx8 apic sep mtrr pge mca cmov pat pse36 clflush dts acpi mmx fxsr sse sse2 ss ht tm pbe nx rdtscp lm constant_tsc arch_perfmon pebs bts xtopology nonstop_tsc aperfmperf pni dtes64 monitor ds_cpl vmx est tm2 ssse3 cx16 xtpr pdcm pcid sse4_1 sse4_2 popcnt lahf_lm arat dts tpr_shadow vnmi flexpriority ept vpid
bogomips	: 5053.86
clflush size	: 64
cache_alignment	: 64
address sizes	: 36 bits physical, 48 bits virtual
power management:

processor	: 2
vendor_id	: GenuineIntel
cpu family	: 6
model		: 37
model name	: Intel(R) Core(TM) i3 CPU       M 380  @ 2.53GHz
stepping	: 5
microcode	: 0x2
cpu MHz		: 1199.000
cache size	: 3072 KB
physical id	: 0
siblings	: 4
core id		: 2
cpu cores	: 2
apicid		: 4
initial apicid	: 4
fdiv_bug	: no
hlt_bug		: no
f00f_bug	: no
coma_bug	: no
fpu		: yes
fpu_exception	: yes
cpuid level	: 11
wp		: yes
flags		: fpu vme de pse tsc msr pae mce cx8 apic sep mtrr pge mca cmov pat pse36 clflush dts acpi mmx fxsr sse sse2 ss ht tm pbe nx rdtscp lm constant_tsc arch_perfmon pebs bts xtopology nonstop_tsc aperfmperf pni dtes64 monitor ds_cpl vmx est tm2 ssse3 cx16 xtpr pdcm pcid sse4_1 sse4_2 popcnt lahf_lm arat dts tpr_shadow vnmi flexpriority ept vpid
bogomips	: 5053.89
clflush size	: 64
cache_alignment	: 64
address sizes	: 36 bits physical, 48 bits virtual
power management:

processor	: 3
vendor_id	: GenuineIntel
cpu family	: 6
model		: 37
model name	: Intel(R) Core(TM) i3 CPU       M 380  @ 2.53GHz
stepping	: 5
microcode	: 0x2
cpu MHz		: 2533.000
cache size	: 3072 KB
physical id	: 0
siblings	: 4
core id		: 2
cpu cores	: 2
apicid		: 5
initial apicid	: 5
fdiv_bug	: no
hlt_bug		: no
f00f_bug	: no
coma_bug	: no
fpu		: yes
fpu_exception	: yes
cpuid level	: 11
wp		: yes
flags		: fpu vme de pse tsc msr pae mce cx8 apic sep mtrr pge mca cmov pat pse36 clflush dts acpi mmx fxsr sse sse2 ss ht tm pbe nx rdtscp lm constant_tsc arch_perfmon pebs bts xtopology nonstop_tsc aperfmperf pni dtes64 monitor ds_cpl vmx est tm2 ssse3 cx16 xtpr pdcm pcid sse4_1 sse4_2 popcnt lahf_lm arat dts tpr_shadow vnmi flexpriority ept vpid
bogomips	: 5053.89
clflush size	: 64
cache_alignment	: 64
address sizes	: 36 bits physical, 48 bits virtual
power management:



Memory: 4k page, physical 3023804k(125076k free), swap 0k(0k free)

vm_info: Java HotSpot(TM) Server VM (25.45-b02) for linux-x86 JRE (1.8.0_45-b14), built on Apr 10 2015 10:38:30 by "java_re" with gcc 4.3.0 20080428 (Red Hat 4.3.0-8)

time: Tue Dec 15 23:30:12 2015
elapsed time: 3 seconds (0d 0h 0m 3s)

