#
# There is insufficient memory for the Java Runtime Environment to continue.
# Native memory allocation (malloc) failed to allocate 398344 bytes for Chunk::new
# Possible reasons:
#   The system is out of physical RAM or swap space
#   In 32 bit mode, the process size limit was hit
# Possible solutions:
#   Reduce memory load on the system
#   Increase physical memory or swap space
#   Check if swap backing store is full
#   Use 64 bit Java on a 64 bit OS
#   Decrease Java heap size (-Xmx/-Xms)
#   Decrease number of Java threads
#   Decrease Java thread stack sizes (-Xss)
#   Set larger code cache with -XX:ReservedCodeCacheSize=
# This output file may be truncated or incomplete.
#
#  Out of Memory Error (allocation.cpp:390), pid=7876, tid=1666186048
#
# JRE version: Java(TM) SE Runtime Environment (8.0_45-b14) (build 1.8.0_45-b14)
# Java VM: Java HotSpot(TM) Server VM (25.45-b02 mixed mode linux-x86 )
# Failed to write core dump. Core dumps have been disabled. To enable core dumping, try "ulimit -c unlimited" before starting Java again
#

---------------  T H R E A D  ---------------

Current thread (0x63ba5000):  JavaThread "C2 CompilerThread1" daemon [_thread_in_native, id=7930, stack(0x6347f000,0x63500000)]

Stack: [0x6347f000,0x63500000],  sp=0x634fd200,  free space=504k
Native frames: (J=compiled Java code, j=interpreted, Vv=VM code, C=native code)
V  [libjvm.so+0x8c1ecf]  VMError::report_and_die()+0x16f
V  [libjvm.so+0x386495]  report_vm_out_of_memory(char const*, int, unsigned int, VMErrorType, char const*)+0x55
V  [libjvm.so+0x1a9cb4]  Chunk::operator new(unsigned int, AllocFailStrategy::AllocFailEnum, unsigned int)+0xe4
V  [libjvm.so+0x1aa23c]  Arena::grow(unsigned int, AllocFailStrategy::AllocFailEnum)+0x2c
V  [libjvm.so+0x7c4544]  resource_allocate_bytes(unsigned int, AllocFailStrategy::AllocFailEnum)+0x64
V  [libjvm.so+0x3fd1ee]  PhaseIdealLoop::Dominators()+0x6e
V  [libjvm.so+0x66a18e]  PhaseIdealLoop::build_and_optimize(bool, bool)+0x41e
V  [libjvm.so+0x33b8ed]  PhaseIdealLoop::PhaseIdealLoop(PhaseIterGVN&, bool, bool)+0x15d
V  [libjvm.so+0x3380b3]  Compile::Optimize()+0x863
V  [libjvm.so+0x339380]  Compile::Compile(ciEnv*, C2Compiler*, ciMethod*, int, bool, bool, bool)+0x1230
V  [libjvm.so+0x28fe74]  C2Compiler::compile_method(ciEnv*, ciMethod*, int)+0x1b4
V  [libjvm.so+0x343b51]  CompileBroker::invoke_compiler_on_method(CompileTask*)+0xda1
V  [libjvm.so+0x344967]  CompileBroker::compiler_thread_loop()+0x567
V  [libjvm.so+0x86b548]  compiler_thread_entry(JavaThread*, Thread*)+0x18
V  [libjvm.so+0x876229]  JavaThread::thread_main_inner()+0x109
V  [libjvm.so+0x8763ab]  JavaThread::run()+0x14b
V  [libjvm.so+0x749049]  java_start(Thread*)+0x119
C  [libpthread.so.0+0x6d4c]  start_thread+0xcc
C  [libc.so.6+0xeeb8e]  clone+0x5e


Current CompileTask:
C2:   4006  568       4       com.android.dx.ssa.NormalSsaInsn::accept (25 bytes)


---------------  P R O C E S S  ---------------

Java Threads: ( => current thread )
  0x6321d800 JavaThread "pool-1-thread-4" [_thread_blocked, id=7965, stack(0x6310d000,0x6315e000)]
  0x6321ac00 JavaThread "pool-1-thread-3" [_thread_blocked, id=7964, stack(0x6315e000,0x631af000)]
  0x6320d800 JavaThread "pool-1-thread-2" [_thread_blocked, id=7962, stack(0x631af000,0x63200000)]
  0x63209c00 JavaThread "pool-2-thread-1" [_thread_blocked, id=7959, stack(0x6332c000,0x6337d000)]
  0x63208c00 JavaThread "pool-1-thread-1" [_thread_blocked, id=7958, stack(0x6382e000,0x6387f000)]
  0x63ba9c00 JavaThread "Service Thread" daemon [_thread_blocked, id=7946, stack(0x6682e000,0x6687f000)]
  0x63ba6800 JavaThread "C1 CompilerThread2" daemon [_thread_blocked, id=7931, stack(0x633fe000,0x6347f000)]
=>0x63ba5000 JavaThread "C2 CompilerThread1" daemon [_thread_in_native, id=7930, stack(0x6347f000,0x63500000)]
  0x63ba3400 JavaThread "C2 CompilerThread0" daemon [_thread_blocked, id=7927, stack(0x6387f000,0x63900000)]
  0x63ba1c00 JavaThread "Signal Dispatcher" daemon [_thread_blocked, id=7924, stack(0x66b2e000,0x66b7f000)]
  0x63b86000 JavaThread "Finalizer" daemon [_thread_blocked, id=7923, stack(0x66d15000,0x66d66000)]
  0x63b84800 JavaThread "Reference Handler" daemon [_thread_blocked, id=7919, stack(0x63a2e000,0x63a7f000)]
  0xb6607800 JavaThread "main" [_thread_blocked, id=7894, stack(0xb673a000,0xb678b000)]

Other Threads:
  0x63b81400 VMThread [stack: 0x63a7f000,0x63b00000] [id=7915]
  0x63bab400 WatcherThread [stack: 0x6337d000,0x633fe000] [id=7947]

VM state:at safepoint (normal execution)

VM Mutex/Monitor currently owned by a thread:  ([mutex/lock_event])
[0xb6604fc0] Threads_lock - owner thread: 0x63b81400
[0xb66053d0] Heap_lock - owner thread: 0x6321d800

Heap:
 PSYoungGen      total 14336K, used 2034K [0x91ac0000, 0x92ac0000, 0xa7000000)
  eden space 12288K, 0% used [0x91ac0000,0x91ac0000,0x926c0000)
  from space 2048K, 99% used [0x928c0000,0x92abcb00,0x92ac0000)
  to   space 2048K, 0% used [0x926c0000,0x926c0000,0x928c0000)
 ParOldGen       total 32768K, used 3201K [0x67000000, 0x69000000, 0x91ac0000)
  object space 32768K, 9% used [0x67000000,0x67320420,0x69000000)
 Metaspace       used 3656K, capacity 3686K, committed 3736K, reserved 4400K

Card table byte_map: [0x66dff000,0x67000000] byte_map_base: 0x66ac7000

Marking Bits: (ParMarkBitMap*) 0xb71a7960
 Begin Bits: [0x64700000, 0x65700000)
 End Bits:   [0x65700000, 0x66700000)

Polling page: 0xb77a5000

CodeCache: size=245760Kb used=1873Kb max_used=1873Kb free=243886Kb
 bounds [0xa759f000, 0xa77df000, 0xb659f000]
 total_blobs=819 nmethods=659 adapters=75
 compilation: enabled

Compilation events (10 events):
Event: 2.888 Thread 0x63ba6800 nmethod 675 0xa7747688 code [0xa77477a0, 0xa77478c0]
Event: 2.889 Thread 0x63ba6800  532       3       com.android.dx.rop.code.LocalItem::compareTo (32 bytes)
Event: 2.889 Thread 0x63ba6800 nmethod 532 0xa7747948 code [0xa7747aa0, 0xa7747eb8]
Event: 2.889 Thread 0x63ba6800  604       3       com.android.dx.ssa.back.LivenessAnalyzer::liveOutAtStatement (61 bytes)
Event: 2.890 Thread 0x63ba6800 nmethod 604 0xa7748048 code [0xa77481e0, 0xa7748944]
Event: 2.890 Thread 0x63ba6800  612       3       com.android.dx.ssa.SsaInsn::isResultReg (24 bytes)
Event: 2.891 Thread 0x63ba6800 nmethod 612 0xa7748dc8 code [0xa7748ee0, 0xa77490a0]
Event: 2.891 Thread 0x63ba6800  690       2       com.android.dx.cf.code.ByteOps::opInfo (6 bytes)
Event: 2.891 Thread 0x63ba6800 nmethod 690 0xa7749148 code [0xa7749260, 0xa7749320]
Event: 2.891 Thread 0x63ba6800  691   !   2       com.android.dx.cf.code.BytecodeArray::parseInstruction (2764 bytes)

GC Heap History (2 events):
Event: 2.545 GC heap before
{Heap before GC invocations=1 (full 0):
 PSYoungGen      total 14336K, used 12288K [0x91ac0000, 0x92ac0000, 0xa7000000)
  eden space 12288K, 100% used [0x91ac0000,0x926c0000,0x926c0000)
  from space 2048K, 0% used [0x928c0000,0x928c0000,0x92ac0000)
  to   space 2048K, 0% used [0x926c0000,0x926c0000,0x928c0000)
 ParOldGen       total 32768K, used 0K [0x67000000, 0x69000000, 0x91ac0000)
  object space 32768K, 0% used [0x67000000,0x67000000,0x69000000)
 Metaspace       used 3565K, capacity 3582K, committed 3608K, reserved 4400K
Event: 2.557 GC heap after
Heap after GC invocations=1 (full 0):
 PSYoungGen      total 14336K, used 2044K [0x91ac0000, 0x92ac0000, 0xa7000000)
  eden space 12288K, 0% used [0x91ac0000,0x91ac0000,0x926c0000)
  from space 2048K, 99% used [0x926c0000,0x928bf3c0,0x928c0000)
  to   space 2048K, 0% used [0x928c0000,0x928c0000,0x92ac0000)
 ParOldGen       total 32768K, used 1475K [0x67000000, 0x69000000, 0x91ac0000)
  object space 32768K, 4% used [0x67000000,0x67170f98,0x69000000)
 Metaspace       used 3565K, capacity 3582K, committed 3608K, reserved 4400K
}

Deoptimization events (4 events):
Event: 2.242 Thread 0x63208c00 Uncommon trap: reason=unstable_if action=reinterpret pc=0xa76f1218 method=java.util.HashMap.getNode(ILjava/lang/Object;)Ljava/util/HashMap$Node; @ 129
Event: 2.407 Thread 0x63208c00 Uncommon trap: reason=unstable_if action=reinterpret pc=0xa76f8d08 method=java.util.BitSet.nextSetBit(I)I @ 87
Event: 2.873 Thread 0xb6607800 Uncommon trap: reason=unstable_if action=reinterpret pc=0xa770888c method=java.util.BitSet.ensureCapacity(I)V @ 6
Event: 2.874 Thread 0xb6607800 Uncommon trap: reason=unstable_if action=reinterpret pc=0xa770a010 method=java.util.BitSet.ensureCapacity(I)V @ 6

Internal exceptions (2 events):
Event: 0.440 Thread 0xb6607800 Exception <a 'java/lang/NoSuchMethodError': Method sun.misc.Unsafe.defineClass(Ljava/lang/String;[BII)Ljava/lang/Class; name or signature does not match> (0x91ad0400) thrown at [/HUDSON/workspace/8-2-build-linux-i586/jdk8u45/3457/hotspot/src/share/vm/prim
Event: 0.440 Thread 0xb6607800 Exception <a 'java/lang/NoSuchMethodError': Method sun.misc.Unsafe.prefetchRead(Ljava/lang/Object;J)V name or signature does not match> (0x91ad0680) thrown at [/HUDSON/workspace/8-2-build-linux-i586/jdk8u45/3457/hotspot/src/share/vm/prims/jni.cpp, line 39

Events (10 events):
Event: 2.655 loading class java/util/TreeMap$EntryIterator
Event: 2.655 loading class java/util/TreeMap$EntryIterator done
Event: 2.834 loading class com/android/dx/cf/attrib/AttLocalVariableTypeTable
Event: 2.834 loading class com/android/dx/cf/attrib/AttLocalVariableTypeTable done
Event: 2.873 Thread 0xb6607800 Uncommon trap: trap_request=0xffffff65 fr.pc=0xa770888c
Event: 2.873 Thread 0xb6607800 DEOPT PACKING pc=0xa770888c sp=0xb67896b0
Event: 2.873 Thread 0xb6607800 DEOPT UNPACKING pc=0xa75d9e55 sp=0xb6789634 mode 2
Event: 2.874 Thread 0xb6607800 Uncommon trap: trap_request=0xffffff65 fr.pc=0xa770a010
Event: 2.874 Thread 0xb6607800 DEOPT PACKING pc=0xa770a010 sp=0xb6789680
Event: 2.874 Thread 0xb6607800 DEOPT UNPACKING pc=0xa75d9e55 sp=0xb6789638 mode 2


Dynamic libraries:
08048000-08049000 r-xp 00000000 08:08 3557484    /usr/lib/jvm/java-8-oracle/bin/java
08049000-0804a000 rw-p 00000000 08:08 3557484    /usr/lib/jvm/java-8-oracle/bin/java
09fd3000-09ff4000 rw-p 00000000 00:00 0          [heap]
62600000-62646000 rw-p 00000000 00:00 0 
62646000-62700000 ---p 00000000 00:00 0 
62700000-627a3000 rw-p 00000000 00:00 0 
627a3000-62800000 ---p 00000000 00:00 0 
62800000-628ea000 rw-p 00000000 00:00 0 
628ea000-62900000 ---p 00000000 00:00 0 
62a00000-62af9000 rw-p 00000000 00:00 0 
62af9000-62b00000 ---p 00000000 00:00 0 
62b00000-62c00000 rw-p 00000000 00:00 0 
62c00000-62cfb000 rw-p 00000000 00:00 0 
62cfb000-62d00000 ---p 00000000 00:00 0 
62e00000-62eb0000 rw-p 00000000 00:00 0 
62eb0000-62f00000 ---p 00000000 00:00 0 
62f00000-62ffb000 rw-p 00000000 00:00 0 
62ffb000-63000000 ---p 00000000 00:00 0 
63000000-630fb000 rw-p 00000000 00:00 0 
630fb000-63100000 ---p 00000000 00:00 0 
6310d000-63110000 ---p 00000000 00:00 0 
63110000-6315e000 rw-p 00000000 00:00 0 
6315e000-63161000 ---p 00000000 00:00 0 
63161000-631af000 rw-p 00000000 00:00 0 
631af000-631b2000 ---p 00000000 00:00 0 
631b2000-63200000 rw-p 00000000 00:00 0 
63200000-63256000 rw-p 00000000 00:00 0 
63256000-63300000 ---p 00000000 00:00 0 
6332c000-6332f000 ---p 00000000 00:00 0 
6332f000-6337d000 rw-p 00000000 00:00 0 
6337d000-6337e000 ---p 00000000 00:00 0 
6337e000-633fe000 rw-p 00000000 00:00 0 
633fe000-63401000 ---p 00000000 00:00 0 
63401000-6347f000 rw-p 00000000 00:00 0 
6347f000-63482000 ---p 00000000 00:00 0 
63482000-63500000 rw-p 00000000 00:00 0 
63500000-63700000 r--p 00000000 08:08 3546503    /usr/lib/locale/locale-archive
63700000-63728000 rw-p 00000000 00:00 0 
63728000-63800000 ---p 00000000 00:00 0 
6382e000-63831000 ---p 00000000 00:00 0 
63831000-6387f000 rw-p 00000000 00:00 0 
6387f000-63882000 ---p 00000000 00:00 0 
63882000-63900000 rw-p 00000000 00:00 0 
63900000-639fc000 rw-p 00000000 00:00 0 
639fc000-63a00000 ---p 00000000 00:00 0 
63a2e000-63a31000 ---p 00000000 00:00 0 
63a31000-63a7f000 rw-p 00000000 00:00 0 
63a7f000-63a80000 ---p 00000000 00:00 0 
63a80000-63b00000 rw-p 00000000 00:00 0 
63b00000-63c00000 rw-p 00000000 00:00 0 
63c31000-63c80000 rw-p 00000000 00:00 0 
63c80000-63e59000 r--s 03d09000 08:08 3674049    /usr/lib/jvm/java-8-oracle/jre/lib/rt.jar
63e59000-6425a000 rw-p 00000000 00:00 0 
6425a000-64300000 ---p 00000000 00:00 0 
64300000-66700000 rw-p 00000000 00:00 0 
66700000-667fb000 rw-p 00000000 00:00 0 
667fb000-66800000 ---p 00000000 00:00 0 
6682e000-66831000 ---p 00000000 00:00 0 
66831000-6687f000 rw-p 00000000 00:00 0 
6687f000-66880000 ---p 00000000 00:00 0 
66880000-66900000 rw-p 00000000 00:00 0 
66900000-669f9000 rw-p 00000000 00:00 0 
669f9000-66a00000 ---p 00000000 00:00 0 
66a00000-66a21000 rw-p 00000000 00:00 0 
66a21000-66b00000 ---p 00000000 00:00 0 
66b2e000-66b31000 ---p 00000000 00:00 0 
66b31000-66b7f000 rw-p 00000000 00:00 0 
66b7f000-66b80000 ---p 00000000 00:00 0 
66b80000-66c00000 rw-p 00000000 00:00 0 
66c00000-66c21000 rw-p 00000000 00:00 0 
66c21000-66d00000 ---p 00000000 00:00 0 
66d0c000-66d15000 r--s 00039000 08:07 1329455    /home/terry/Desktop/foodsearch/app/build/intermediates/exploded-aar/com.android.support/support-v4/22.2.0/jars/libs/internal_impl-22.2.0.jar
66d15000-66d18000 ---p 00000000 00:00 0 
66d18000-66d7e000 rw-p 00000000 00:00 0 
66d7e000-66d7f000 ---p 00000000 00:00 0 
66d7f000-66e0f000 rw-p 00000000 00:00 0 
66e0f000-66f54000 ---p 00000000 00:00 0 
66f54000-66f5d000 rw-p 00000000 00:00 0 
66f5d000-66fff000 ---p 00000000 00:00 0 
66fff000-69000000 rw-p 00000000 00:00 0 
69000000-91ac0000 ---p 00000000 00:00 0 
91ac0000-92ac0000 rw-p 00000000 00:00 0 
936c0000-a7000000 ---p 00000000 00:00 0 
a7008000-a7009000 ---p 00000000 00:00 0 
a7009000-a7099000 rw-p 00000000 00:00 0 
a7099000-a71df000 ---p 00000000 00:00 0 
a71df000-a71e8000 rw-p 00000000 00:00 0 
a71e8000-a759f000 ---p 00000000 00:00 0 
a759f000-a77df000 rwxp 00000000 00:00 0 
a77df000-b659f000 ---p 00000000 00:00 0 
b659f000-b65b8000 r-xp 00000000 08:08 3674077    /usr/lib/jvm/java-8-oracle/jre/lib/i386/libzip.so
b65b8000-b65b9000 rw-p 00018000 08:08 3674077    /usr/lib/jvm/java-8-oracle/jre/lib/i386/libzip.so
b65b9000-b65c4000 r-xp 00000000 08:08 1573072    /lib/i386-linux-gnu/libnss_files-2.15.so
b65c4000-b65c5000 r--p 0000a000 08:08 1573072    /lib/i386-linux-gnu/libnss_files-2.15.so
b65c5000-b65c6000 rw-p 0000b000 08:08 1573072    /lib/i386-linux-gnu/libnss_files-2.15.so
b65c6000-b65dc000 r-xp 00000000 08:08 1573082    /lib/i386-linux-gnu/libnsl-2.15.so
b65dc000-b65dd000 r--p 00015000 08:08 1573082    /lib/i386-linux-gnu/libnsl-2.15.so
b65dd000-b65de000 rw-p 00016000 08:08 1573082    /lib/i386-linux-gnu/libnsl-2.15.so
b65de000-b65e0000 rw-p 00000000 00:00 0 
b65e0000-b65e7000 r-xp 00000000 08:08 1573086    /lib/i386-linux-gnu/libnss_compat-2.15.so
b65e7000-b65e8000 r--p 00006000 08:08 1573086    /lib/i386-linux-gnu/libnss_compat-2.15.so
b65e8000-b65e9000 rw-p 00007000 08:08 1573086    /lib/i386-linux-gnu/libnss_compat-2.15.so
b65f1000-b6600000 r--s 000df000 08:07 2104235    /home/terry/android-sdk-linux/build-tools/23.0.0_rc2/lib/dx.jar
b6600000-b66fb000 rw-p 00000000 00:00 0 
b66fb000-b6700000 ---p 00000000 00:00 0 
b6700000-b670a000 r-xp 00000000 08:08 1572926    /lib/i386-linux-gnu/libnss_nis-2.15.so
b670a000-b670b000 r--p 00009000 08:08 1572926    /lib/i386-linux-gnu/libnss_nis-2.15.so
b670b000-b670c000 rw-p 0000a000 08:08 1572926    /lib/i386-linux-gnu/libnss_nis-2.15.so
b670c000-b6730000 r-xp 00000000 08:08 3674109    /usr/lib/jvm/java-8-oracle/jre/lib/i386/libjava.so
b6730000-b6731000 rw-p 00023000 08:08 3674109    /usr/lib/jvm/java-8-oracle/jre/lib/i386/libjava.so
b6731000-b6738000 r-xp 00000000 08:08 1573074    /lib/i386-linux-gnu/librt-2.15.so
b6738000-b6739000 r--p 00006000 08:08 1573074    /lib/i386-linux-gnu/librt-2.15.so
b6739000-b673a000 rw-p 00007000 08:08 1573074    /lib/i386-linux-gnu/librt-2.15.so
b673a000-b673d000 ---p 00000000 00:00 0 
b673d000-b678b000 rw-p 00000000 00:00 0 
b678b000-b67b5000 r-xp 00000000 08:08 1573083    /lib/i386-linux-gnu/libm-2.15.so
b67b5000-b67b6000 r--p 00029000 08:08 1573083    /lib/i386-linux-gnu/libm-2.15.so
b67b6000-b67b7000 rw-p 0002a000 08:08 1573083    /lib/i386-linux-gnu/libm-2.15.so
b67b7000-b712a000 r-xp 00000000 08:08 3674089    /usr/lib/jvm/java-8-oracle/jre/lib/i386/server/libjvm.so
b712a000-b7196000 rw-p 00972000 08:08 3674089    /usr/lib/jvm/java-8-oracle/jre/lib/i386/server/libjvm.so
b7196000-b75bc000 rw-p 00000000 00:00 0 
b75bc000-b775f000 r-xp 00000000 08:08 1573087    /lib/i386-linux-gnu/libc-2.15.so
b775f000-b7761000 r--p 001a3000 08:08 1573087    /lib/i386-linux-gnu/libc-2.15.so
b7761000-b7762000 rw-p 001a5000 08:08 1573087    /lib/i386-linux-gnu/libc-2.15.so
b7762000-b7765000 rw-p 00000000 00:00 0 
b7765000-b7768000 r-xp 00000000 08:08 1573085    /lib/i386-linux-gnu/libdl-2.15.so
b7768000-b7769000 r--p 00002000 08:08 1573085    /lib/i386-linux-gnu/libdl-2.15.so
b7769000-b776a000 rw-p 00003000 08:08 1573085    /lib/i386-linux-gnu/libdl-2.15.so
b776a000-b777e000 r-xp 00000000 08:08 3557613    /usr/lib/jvm/java-8-oracle/lib/i386/jli/libjli.so
b777e000-b777f000 rw-p 00014000 08:08 3557613    /usr/lib/jvm/java-8-oracle/lib/i386/jli/libjli.so
b777f000-b7780000 rw-p 00000000 00:00 0 
b7780000-b7797000 r-xp 00000000 08:08 1573070    /lib/i386-linux-gnu/libpthread-2.15.so
b7797000-b7798000 r--p 00016000 08:08 1573070    /lib/i386-linux-gnu/libpthread-2.15.so
b7798000-b7799000 rw-p 00017000 08:08 1573070    /lib/i386-linux-gnu/libpthread-2.15.so
b7799000-b779b000 rw-p 00000000 00:00 0 
b779b000-b779c000 r--p 005e0000 08:08 3546503    /usr/lib/locale/locale-archive
b779c000-b77a4000 rw-s 00000000 08:08 921860     /tmp/hsperfdata_terry/7876
b77a4000-b77a5000 rw-p 00000000 00:00 0 
b77a5000-b77a6000 ---p 00000000 00:00 0 
b77a6000-b77b1000 r-xp 00000000 08:08 3674103    /usr/lib/jvm/java-8-oracle/jre/lib/i386/libverify.so
b77b1000-b77b2000 rw-p 0000b000 08:08 3674103    /usr/lib/jvm/java-8-oracle/jre/lib/i386/libverify.so
b77b2000-b77b4000 rw-p 00000000 00:00 0 
b77b4000-b77b5000 r-xp 00000000 00:00 0          [vdso]
b77b5000-b77d5000 r-xp 00000000 08:08 1573075    /lib/i386-linux-gnu/ld-2.15.so
b77d5000-b77d6000 r--p 0001f000 08:08 1573075    /lib/i386-linux-gnu/ld-2.15.so
b77d6000-b77d7000 rw-p 00020000 08:08 1573075    /lib/i386-linux-gnu/ld-2.15.so
bf891000-bf892000 rwxp 00000000 00:00 0 
bf8c4000-bf8e5000 rw-p 00000000 00:00 0          [stack]

VM Arguments:
jvm_args: -Xmx1024M -Dfile.encoding=UTF-8 -Duser.country=US -Duser.language=en -Duser.variant 
java_command: com.android.dx.command.Main --dex --num-threads=4 --output /home/terry/Desktop/foodsearch/app/build/intermediates/pre-dexed/debug/internal_impl-22.2.0-65952008de33416c7556f0c7824ac8ef1f1d0882.jar /home/terry/Desktop/foodsearch/app/build/intermediates/exploded-aar/com.android.support/support-v4/22.2.0/jars/libs/internal_impl-22.2.0.jar
java_class_path (initial): /home/terry/android-sdk-linux/build-tools/23.0.0_rc2/lib/dx.jar
Launcher Type: SUN_STANDARD

Environment Variables:
CLASSPATH=/home/terry/android-studio/bin/../lib/bootstrap.jar:/home/terry/android-studio/bin/../lib/extensions.jar:/home/terry/android-studio/bin/../lib/util.jar:/home/terry/android-studio/bin/../lib/jdom.jar:/home/terry/android-studio/bin/../lib/log4j.jar:/home/terry/android-studio/bin/../lib/trove4j.jar:/home/terry/android-studio/bin/../lib/jna.jar:/usr/lib/jvm/java-8-oracle/lib/tools.jar
PATH=/usr/lib/lightdm/lightdm:/usr/local/sbin:/usr/local/bin:/usr/sbin:/usr/bin:/sbin:/bin:/usr/games
LD_LIBRARY_PATH=/home/terry/android-studio/bin:
SHELL=/bin/bash
DISPLAY=:0.0

Signal Handlers:
SIGSEGV: [libjvm.so+0x8c29a0], sa_mask[0]=11111111011111111101111111111110, sa_flags=SA_RESTART|SA_SIGINFO
SIGBUS: [libjvm.so+0x8c29a0], sa_mask[0]=11111111011111111101111111111110, sa_flags=SA_RESTART|SA_SIGINFO
SIGFPE: [libjvm.so+0x7432d0], sa_mask[0]=11111111011111111101111111111110, sa_flags=SA_RESTART|SA_SIGINFO
SIGPIPE: [libjvm.so+0x7432d0], sa_mask[0]=11111111011111111101111111111110, sa_flags=SA_RESTART|SA_SIGINFO
SIGXFSZ: [libjvm.so+0x7432d0], sa_mask[0]=11111111011111111101111111111110, sa_flags=SA_RESTART|SA_SIGINFO
SIGILL: [libjvm.so+0x7432d0], sa_mask[0]=11111111011111111101111111111110, sa_flags=SA_RESTART|SA_SIGINFO
SIGUSR1: SIG_DFL, sa_mask[0]=00000000000000000000000000000000, sa_flags=none
SIGUSR2: [libjvm.so+0x744860], sa_mask[0]=00100000000000000000000000000000, sa_flags=SA_RESTART|SA_SIGINFO
SIGHUP: [libjvm.so+0x745d10], sa_mask[0]=11111111011111111101111111111110, sa_flags=SA_RESTART|SA_SIGINFO
SIGINT: SIG_IGN, sa_mask[0]=00000000000000000000000000000000, sa_flags=none
SIGTERM: [libjvm.so+0x745d10], sa_mask[0]=11111111011111111101111111111110, sa_flags=SA_RESTART|SA_SIGINFO
SIGQUIT: [libjvm.so+0x745d10], sa_mask[0]=11111111011111111101111111111110, sa_flags=SA_RESTART|SA_SIGINFO


---------------  S Y S T E M  ---------------

OS:DISTRIB_ID=Ubuntu
DISTRIB_RELEASE=12.04
DISTRIB_CODENAME=precise
DISTRIB_DESCRIPTION="Ubuntu 12.04.5 LTS"

uname:Linux 3.2.0-24-generic-pae #39-Ubuntu SMP Mon May 21 18:54:21 UTC 2012 i686
libc:glibc 2.15 NPTL 2.15 
rlimit: STACK 8192k, CORE 0k, NPROC 23509, NOFILE 4096, AS infinity
load average:3.24 2.86 2.80

/proc/meminfo:
MemTotal:        3023804 kB
MemFree:          131200 kB
Buffers:             176 kB
Cached:           160584 kB
SwapCached:            0 kB
Active:          2622624 kB
Inactive:         137628 kB
Active(anon):    2600928 kB
Inactive(anon):   134832 kB
Active(file):      21696 kB
Inactive(file):     2796 kB
Unevictable:          16 kB
Mlocked:              16 kB
HighTotal:       2157824 kB
HighFree:           8124 kB
LowTotal:         865980 kB
LowFree:          123076 kB
SwapTotal:             0 kB
SwapFree:              0 kB
Dirty:               228 kB
Writeback:             0 kB
AnonPages:       2599824 kB
Mapped:           155980 kB
Shmem:            135952 kB
Slab:              43396 kB
SReclaimable:      18048 kB
SUnreclaim:        25348 kB
KernelStack:        5856 kB
PageTables:        20136 kB
NFS_Unstable:          0 kB
Bounce:                0 kB
WritebackTmp:          0 kB
CommitLimit:     1511900 kB
Committed_AS:    8506096 kB
VmallocTotal:     122880 kB
VmallocUsed:       54324 kB
VmallocChunk:      58528 kB
HardwareCorrupted:     0 kB
AnonHugePages:         0 kB
HugePages_Total:       0
HugePages_Free:        0
HugePages_Rsvd:        0
HugePages_Surp:        0
Hugepagesize:       2048 kB
DirectMap4k:       51192 kB
DirectMap2M:      862208 kB


CPU:total 4 (2 cores per cpu, 2 threads per core) family 6 model 37 stepping 5, cmov, cx8, fxsr, mmx, sse, sse2, sse3, ssse3, sse4.1, sse4.2, popcnt, ht, tsc, tscinvbit

/proc/cpuinfo:
processor	: 0
vendor_id	: GenuineIntel
cpu family	: 6
model		: 37
model name	: Intel(R) Core(TM) i3 CPU       M 380  @ 2.53GHz
stepping	: 5
microcode	: 0x2
cpu MHz		: 1199.000
cache size	: 3072 KB
physical id	: 0
siblings	: 4
core id		: 0
cpu cores	: 2
apicid		: 0
initial apicid	: 0
fdiv_bug	: no
hlt_bug		: no
f00f_bug	: no
coma_bug	: no
fpu		: yes
fpu_exception	: yes
cpuid level	: 11
wp		: yes
flags		: fpu vme de pse tsc msr pae mce cx8 apic sep mtrr pge mca cmov pat pse36 clflush dts acpi mmx fxsr sse sse2 ss ht tm pbe nx rdtscp lm constant_tsc arch_perfmon pebs bts xtopology nonstop_tsc aperfmperf pni dtes64 monitor ds_cpl vmx est tm2 ssse3 cx16 xtpr pdcm pcid sse4_1 sse4_2 popcnt lahf_lm arat dts tpr_shadow vnmi flexpriority ept vpid
bogomips	: 5054.52
clflush size	: 64
cache_alignment	: 64
address sizes	: 36 bits physical, 48 bits virtual
power management:

processor	: 1
vendor_id	: GenuineIntel
cpu family	: 6
model		: 37
model name	: Intel(R) Core(TM) i3 CPU       M 380  @ 2.53GHz
stepping	: 5
microcode	: 0x2
cpu MHz		: 1199.000
cache size	: 3072 KB
physical id	: 0
siblings	: 4
core id		: 0
cpu cores	: 2
apicid		: 1
initial apicid	: 1
fdiv_bug	: no
hlt_bug		: no
f00f_bug	: no
coma_bug	: no
fpu		: yes
fpu_exception	: yes
cpuid level	: 11
wp		: yes
flags		: fpu vme de pse tsc msr pae mce cx8 apic sep mtrr pge mca cmov pat pse36 clflush dts acpi mmx fxsr sse sse2 ss ht tm pbe nx rdtscp lm constant_tsc arch_perfmon pebs bts xtopology nonstop_tsc aperfmperf pni dtes64 monitor ds_cpl vmx est tm2 ssse3 cx16 xtpr pdcm pcid sse4_1 sse4_2 popcnt lahf_lm arat dts tpr_shadow vnmi flexpriority ept vpid
bogomips	: 5053.86
clflush size	: 64
cache_alignment	: 64
address sizes	: 36 bits physical, 48 bits virtual
power management:

processor	: 2
vendor_id	: GenuineIntel
cpu family	: 6
model		: 37
model name	: Intel(R) Core(TM) i3 CPU       M 380  @ 2.53GHz
stepping	: 5
microcode	: 0x2
cpu MHz		: 1199.000
cache size	: 3072 KB
physical id	: 0
siblings	: 4
core id		: 2
cpu cores	: 2
apicid		: 4
initial apicid	: 4
fdiv_bug	: no
hlt_bug		: no
f00f_bug	: no
coma_bug	: no
fpu		: yes
fpu_exception	: yes
cpuid level	: 11
wp		: yes
flags		: fpu vme de pse tsc msr pae mce cx8 apic sep mtrr pge mca cmov pat pse36 clflush dts acpi mmx fxsr sse sse2 ss ht tm pbe nx rdtscp lm constant_tsc arch_perfmon pebs bts xtopology nonstop_tsc aperfmperf pni dtes64 monitor ds_cpl vmx est tm2 ssse3 cx16 xtpr pdcm pcid sse4_1 sse4_2 popcnt lahf_lm arat dts tpr_shadow vnmi flexpriority ept vpid
bogomips	: 5053.89
clflush size	: 64
cache_alignment	: 64
address sizes	: 36 bits physical, 48 bits virtual
power management:

processor	: 3
vendor_id	: GenuineIntel
cpu family	: 6
model		: 37
model name	: Intel(R) Core(TM) i3 CPU       M 380  @ 2.53GHz
stepping	: 5
microcode	: 0x2
cpu MHz		: 2533.000
cache size	: 3072 KB
physical id	: 0
siblings	: 4
core id		: 2
cpu cores	: 2
apicid		: 5
initial apicid	: 5
fdiv_bug	: no
hlt_bug		: no
f00f_bug	: no
coma_bug	: no
fpu		: yes
fpu_exception	: yes
cpuid level	: 11
wp		: yes
flags		: fpu vme de pse tsc msr pae mce cx8 apic sep mtrr pge mca cmov pat pse36 clflush dts acpi mmx fxsr sse sse2 ss ht tm pbe nx rdtscp lm constant_tsc arch_perfmon pebs bts xtopology nonstop_tsc aperfmperf pni dtes64 monitor ds_cpl vmx est tm2 ssse3 cx16 xtpr pdcm pcid sse4_1 sse4_2 popcnt lahf_lm arat dts tpr_shadow vnmi flexpriority ept vpid
bogomips	: 5053.89
clflush size	: 64
cache_alignment	: 64
address sizes	: 36 bits physical, 48 bits virtual
power management:



Memory: 4k page, physical 3023804k(130208k free), swap 0k(0k free)

vm_info: Java HotSpot(TM) Server VM (25.45-b02) for linux-x86 JRE (1.8.0_45-b14), built on Apr 10 2015 10:38:30 by "java_re" with gcc 4.3.0 20080428 (Red Hat 4.3.0-8)

time: Tue Dec 15 23:31:52 2015
elapsed time: 5 seconds (0d 0h 0m 5s)

